#                                                                            --- full sequence --- -------------- this domain -------------   hmm coord   ali coord   env coord
# target name        accession   tlen query name           accession   qlen   E-value  score  bias   #  of  c-Evalue  i-Evalue  score  bias  from    to  from    to  from    to  acc description of target
#------------------- ---------- ----- -------------------- ---------- ----- --------- ------ ----- --- --- --------- --------- ------ ----- ----- ----- ----- ----- ----- ----- ---- ---------------------
g10.t1               -            314 164767at33208        -            703   8.5e-19   62.9  11.4   1   5    0.0063       1.5    2.6   0.0   286   322    12    48     2    58 0.61 -
g10.t1               -            314 164767at33208        -            703   8.5e-19   62.9  11.4   2   5   4.2e-07    0.0001   16.4   0.2   482   521    57    96    49    98 0.91 -
g10.t1               -            314 164767at33208        -            703   8.5e-19   62.9  11.4   3   5   2.7e-08   6.5e-06   20.4   0.6   478   517    95   134    93   160 0.87 -
g10.t1               -            314 164767at33208        -            703   8.5e-19   62.9  11.4   4   5   0.00013     0.031    8.2   0.1   487   550   147   213   139   229 0.67 -
g10.t1               -            314 164767at33208        -            703   8.5e-19   62.9  11.4   5   5   1.9e-08   4.6e-06   20.8   0.1   490   552   235   303   228   309 0.82 -
g323.t1              -            425 164767at33208        -            703   2.8e-11   38.1   0.1   1   2   3.7e-07   9.2e-05   16.6   0.1   487   557    18    86    11    90 0.86 -
g323.t1              -            425 164767at33208        -            703   2.8e-11   38.1   0.1   2   2   2.4e-08   5.9e-06   20.5   0.0   469   521    82   135    77   149 0.88 -
g95.t1               -           2253 164767at33208        -            703   0.00061   13.8   1.9   1   3     0.012         3    1.7   0.0   467   519  1694  1746  1655  1751 0.78 -
g95.t1               -           2253 164767at33208        -            703   0.00061   13.8   1.9   2   3   0.00034     0.083    6.8   0.1   200   271  1767  1836  1759  1842 0.80 -
g95.t1               -           2253 164767at33208        -            703   0.00061   13.8   1.9   3   3    0.0095       2.3    2.0   0.1   208   231  1864  1887  1856  1897 0.87 -
g95.t2               -           2261 164767at33208        -            703   0.00062   13.8   1.9   1   3     0.012         3    1.7   0.0   467   519  1702  1754  1663  1759 0.78 -
g95.t2               -           2261 164767at33208        -            703   0.00062   13.8   1.9   2   3   0.00034     0.083    6.8   0.1   200   271  1775  1844  1767  1850 0.80 -
g95.t2               -           2261 164767at33208        -            703   0.00062   13.8   1.9   3   3    0.0095       2.3    2.0   0.1   208   231  1872  1895  1864  1905 0.87 -
#
# Program:         hmmsearch
# Version:         3.3.2 (Nov 2020)
# Pipeline mode:   SEARCH
# Query file:      mb_downloads/metazoa_odb10/hmms/164767at33208.hmm
# Target file:     /workspace/BGA24/BRAKER3/augustus.hints.aa
# Option settings: /opt/compleasm_kit/hmmsearch --domtblout /workspace/BGA24/BRAKER3/bbc/augustus/metazoa_odb10_hmmsearch_output/164767at33208.out --cpu 1 mb_downloads/metazoa_odb10/hmms/164767at33208.hmm /workspace/BGA24/BRAKER3/augustus.hints.aa 
# Current dir:     /workspace/BGA24/BRAKER3
# Date:            Fri Oct  4 09:46:13 2024
# [ok]
