#                                                                            --- full sequence --- -------------- this domain -------------   hmm coord   ali coord   env coord
# target name        accession   tlen query name           accession   qlen   E-value  score  bias   #  of  c-Evalue  i-Evalue  score  bias  from    to  from    to  from    to  acc description of target
#------------------- ---------- ----- -------------------- ---------- ----- --------- ------ ----- --- --- --------- --------- ------ ----- ----- ----- ----- ----- ----- ----- ---- ---------------------
g10.t1               -            314 179485at33208        -            501   8.1e-24   80.0   3.5   1   5     0.028       5.6    1.4   0.0   219   252    14    48     6    54 0.61 -
g10.t1               -            314 179485at33208        -            501   8.1e-24   80.0   3.5   2   5   7.2e-12   1.4e-09   33.0   0.2   169   248    55   133    48   137 0.92 -
g10.t1               -            314 179485at33208        -            501   8.1e-24   80.0   3.5   3   5   0.00082      0.16    6.4   0.0   215   250   143   180   137   189 0.51 -
g10.t1               -            314 179485at33208        -            501   8.1e-24   80.0   3.5   4   5   1.3e-11   2.6e-09   32.2   0.0   172   260   187   272   182   285 0.83 -
g10.t1               -            314 179485at33208        -            501   8.1e-24   80.0   3.5   5   5    0.0042      0.83    4.1   0.0   225   252   285   312   276   313 0.88 -
g323.t1              -            425 179485at33208        -            501   9.2e-14   46.8   1.1   1   2   1.6e-14   3.1e-12   41.8   0.3   216   357    15   157     6   203 0.81 -
g323.t1              -            425 179485at33208        -            501   9.2e-14   46.8   1.1   2   2      0.01         2    2.9   0.0    16    74   282   339   277   350 0.84 -
g18.t1               -            746 179485at33208        -            501   1.1e-05   20.2   0.1   1   2    0.0097       1.9    2.9   0.0   185   230   424   475   390   521 0.56 -
g18.t1               -            746 179485at33208        -            501   1.1e-05   20.2   0.1   2   2   3.4e-06   0.00068   14.3   0.0   188   264   541   618   524   714 0.78 -
g95.t1               -           2253 179485at33208        -            501   2.5e-05   19.0   1.0   1   3     0.014       2.8    2.3   0.0   150   250  1647  1745  1637  1752 0.77 -
g95.t1               -           2253 179485at33208        -            501   2.5e-05   19.0   1.0   2   3   8.2e-06    0.0016   13.0   0.4   218   338  1765  1888  1755  1902 0.69 -
g95.t1               -           2253 179485at33208        -            501   2.5e-05   19.0   1.0   3   3      0.26        51   -1.8   0.0   308   337  2146  2174  2139  2192 0.84 -
g95.t2               -           2261 179485at33208        -            501   2.5e-05   19.0   1.0   1   3     0.015       2.9    2.3   0.0   150   250  1655  1753  1645  1760 0.77 -
g95.t2               -           2261 179485at33208        -            501   2.5e-05   19.0   1.0   2   3   8.2e-06    0.0016   13.0   0.5   218   338  1773  1896  1763  1910 0.69 -
g95.t2               -           2261 179485at33208        -            501   2.5e-05   19.0   1.0   3   3      0.26        51   -1.8   0.0   308   337  2154  2182  2147  2200 0.84 -
#
# Program:         hmmsearch
# Version:         3.3.2 (Nov 2020)
# Pipeline mode:   SEARCH
# Query file:      mb_downloads/metazoa_odb10/hmms/179485at33208.hmm
# Target file:     /workspace/BGA24/BRAKER3/augustus.hints.aa
# Option settings: /opt/compleasm_kit/hmmsearch --domtblout /workspace/BGA24/BRAKER3/bbc/augustus/metazoa_odb10_hmmsearch_output/179485at33208.out --cpu 1 mb_downloads/metazoa_odb10/hmms/179485at33208.hmm /workspace/BGA24/BRAKER3/augustus.hints.aa 
# Current dir:     /workspace/BGA24/BRAKER3
# Date:            Fri Oct  4 09:46:15 2024
# [ok]
