#                                                                            --- full sequence --- -------------- this domain -------------   hmm coord   ali coord   env coord
# target name        accession   tlen query name           accession   qlen   E-value  score  bias   #  of  c-Evalue  i-Evalue  score  bias  from    to  from    to  from    to  acc description of target
#------------------- ---------- ----- -------------------- ---------- ----- --------- ------ ----- --- --- --------- --------- ------ ----- ----- ----- ----- ----- ----- ----- ---- ---------------------
g10.t1               -            314 197652at33208        -            436   4.1e-24   81.0   5.2   1   5   9.1e-10   2.2e-07   25.9   0.3   278   335    30    92    10    94 0.85 -
g10.t1               -            314 197652at33208        -            436   4.1e-24   81.0   5.2   2   5   1.4e-14   3.4e-12   41.8   0.9   270   335    69   134    60   141 0.89 -
g10.t1               -            314 197652at33208        -            436   4.1e-24   81.0   5.2   3   5   1.7e-09   4.1e-07   25.0   0.0   260   337   143   223   134   227 0.88 -
g10.t1               -            314 197652at33208        -            436   4.1e-24   81.0   5.2   4   5    0.0068       1.7    3.2   0.0   294   340   222   266   220   272 0.75 -
g10.t1               -            314 197652at33208        -            436   4.1e-24   81.0   5.2   5   5     0.013       3.2    2.3   0.0   190   216   281   309   271   312 0.80 -
g323.t1              -            425 197652at33208        -            436   5.2e-07   24.7   2.7   1   4   0.00063      0.16    6.6   0.0   306   339    19    52    14    61 0.85 -
g323.t1              -            425 197652at33208        -            436   5.2e-07   24.7   2.7   2   4   6.6e-07   0.00016   16.5   0.1   295   339    91   135    62   143 0.82 -
g323.t1              -            425 197652at33208        -            436   5.2e-07   24.7   2.7   3   4      0.22        55   -1.8   0.0   193   234   163   205   156   210 0.67 -
g323.t1              -            425 197652at33208        -            436   5.2e-07   24.7   2.7   4   4      0.44   1.1e+02   -2.7   0.0   188   211   394   417   389   420 0.80 -
g95.t1               -           2253 197652at33208        -            436   0.00044   15.0   1.5   1   2   9.1e-05     0.022    9.4   0.2   262   343  1764  1845  1744  1863 0.85 -
g95.t1               -           2253 197652at33208        -            436   0.00044   15.0   1.5   2   2    0.0031      0.76    4.4   0.1   316   338  1867  1889  1857  1899 0.75 -
g95.t2               -           2261 197652at33208        -            436   0.00044   15.0   1.5   1   2   9.1e-05     0.022    9.4   0.2   262   343  1772  1853  1752  1871 0.85 -
g95.t2               -           2261 197652at33208        -            436   0.00044   15.0   1.5   2   2    0.0031      0.76    4.4   0.1   316   338  1875  1897  1865  1907 0.75 -
#
# Program:         hmmsearch
# Version:         3.3.2 (Nov 2020)
# Pipeline mode:   SEARCH
# Query file:      mb_downloads/metazoa_odb10/hmms/197652at33208.hmm
# Target file:     /workspace/BGA24/BRAKER3/augustus.hints.aa
# Option settings: /opt/compleasm_kit/hmmsearch --domtblout /workspace/BGA24/BRAKER3/bbc/augustus/metazoa_odb10_hmmsearch_output/197652at33208.out --cpu 1 mb_downloads/metazoa_odb10/hmms/197652at33208.hmm /workspace/BGA24/BRAKER3/augustus.hints.aa 
# Current dir:     /workspace/BGA24/BRAKER3
# Date:            Fri Oct  4 09:46:15 2024
# [ok]
