#                                                                            --- full sequence --- -------------- this domain -------------   hmm coord   ali coord   env coord
# target name        accession   tlen query name           accession   qlen   E-value  score  bias   #  of  c-Evalue  i-Evalue  score  bias  from    to  from    to  from    to  acc description of target
#------------------- ---------- ----- -------------------- ---------- ----- --------- ------ ----- --- --- --------- --------- ------ ----- ----- ----- ----- ----- ----- ----- ---- ---------------------
g3.t1                -            355 245567at33208        -            417   5.3e-10   34.7   1.6   1   2     0.064         9    1.0   0.8   234   356     7    34     2    65 0.60 -
g3.t1                -            355 245567at33208        -            417   5.3e-10   34.7   1.6   2   2   3.8e-12   5.3e-10   34.7   1.6    11    75   106   170    97   247 0.81 -
g830.t1              -            496 245567at33208        -            417   3.3e-09   32.1   0.2   1   1   4.9e-11   6.9e-09   31.0   0.2    12    77    13    75     4    85 0.87 -
g840.t1              -            965 245567at33208        -            417   9.3e-09   30.6   0.2   1   1   1.2e-10   1.7e-08   29.8   0.2    12    77    13    75     4    85 0.87 -
g874.t1              -           1436 245567at33208        -            417   1.5e-08   29.9   0.2   1   1   1.9e-10   2.7e-08   29.1   0.2    12    77    13    75     4    85 0.87 -
g889.t1              -           1543 245567at33208        -            417   1.6e-08   29.8   0.2   1   1   2.1e-10   2.9e-08   29.0   0.2    12    77    13    75     4    85 0.87 -
g522.t1              -            479 245567at33208        -            417     0.011   10.6  28.9   1   1    0.0002     0.029    9.2  28.9   185   267   362   444   348   464 0.84 -
g546.t1              -            181 245567at33208        -            417      0.16    6.8  28.9   1   1    0.0014       0.2    6.5  28.9   148   262     4   115     1   147 0.70 -
#
# Program:         hmmsearch
# Version:         3.3.2 (Nov 2020)
# Pipeline mode:   SEARCH
# Query file:      mb_downloads/metazoa_odb10/hmms/245567at33208.hmm
# Target file:     /workspace/BGA24/BRAKER3/augustus.hints.aa
# Option settings: /opt/compleasm_kit/hmmsearch --domtblout /workspace/BGA24/BRAKER3/bbc/augustus/metazoa_odb10_hmmsearch_output/245567at33208.out --cpu 1 mb_downloads/metazoa_odb10/hmms/245567at33208.hmm /workspace/BGA24/BRAKER3/augustus.hints.aa 
# Current dir:     /workspace/BGA24/BRAKER3
# Date:            Fri Oct  4 09:46:15 2024
# [ok]
