#                                                                            --- full sequence --- -------------- this domain -------------   hmm coord   ali coord   env coord
# target name        accession   tlen query name           accession   qlen   E-value  score  bias   #  of  c-Evalue  i-Evalue  score  bias  from    to  from    to  from    to  acc description of target
#------------------- ---------- ----- -------------------- ---------- ----- --------- ------ ----- --- --- --------- --------- ------ ----- ----- ----- ----- ----- ----- ----- ---- ---------------------
g10.t1               -            314 261614at33208        -            533   2.9e-19   65.0   5.7   1   6     0.018         6    1.3   0.0   252   286    11    46     8    57 0.84 -
g10.t1               -            314 261614at33208        -            533   2.9e-19   65.0   5.7   2   6   5.5e-09   1.8e-06   22.8   0.1   252   295    59   102    50   102 0.93 -
g10.t1               -            314 261614at33208        -            533   2.9e-19   65.0   5.7   3   6     1e-06   0.00033   15.3   0.3   252   304   101   160    96   166 0.74 -
g10.t1               -            314 261614at33208        -            533   2.9e-19   65.0   5.7   4   6   0.00098      0.32    5.5   0.1   253   289   145   183   138   188 0.84 -
g10.t1               -            314 261614at33208        -            533   2.9e-19   65.0   5.7   5   6   3.8e-06    0.0012   13.4   0.0   253   293   189   229   182   237 0.91 -
g10.t1               -            314 261614at33208        -            533   2.9e-19   65.0   5.7   6   6   0.00029     0.095    7.2   0.0   380   443   239   308   228   312 0.67 -
g95.t1               -           2253 261614at33208        -            533    0.0009   13.9   0.1   1   1   8.4e-06    0.0028   12.3   0.1   251   296  1762  1807  1749  1838 0.82 -
g95.t2               -           2261 261614at33208        -            533   0.00091   13.9   0.1   1   1   8.4e-06    0.0028   12.3   0.1   251   296  1770  1815  1757  1846 0.82 -
#
# Program:         hmmsearch
# Version:         3.3.2 (Nov 2020)
# Pipeline mode:   SEARCH
# Query file:      mb_downloads/metazoa_odb10/hmms/261614at33208.hmm
# Target file:     /workspace/BGA24/BRAKER3/augustus.hints.aa
# Option settings: /opt/compleasm_kit/hmmsearch --domtblout /workspace/BGA24/BRAKER3/bbc/augustus/metazoa_odb10_hmmsearch_output/261614at33208.out --cpu 1 mb_downloads/metazoa_odb10/hmms/261614at33208.hmm /workspace/BGA24/BRAKER3/augustus.hints.aa 
# Current dir:     /workspace/BGA24/BRAKER3
# Date:            Fri Oct  4 09:46:14 2024
# [ok]
