#                                                                            --- full sequence --- -------------- this domain -------------   hmm coord   ali coord   env coord
# target name        accession   tlen query name           accession   qlen   E-value  score  bias   #  of  c-Evalue  i-Evalue  score  bias  from    to  from    to  from    to  acc description of target
#------------------- ---------- ----- -------------------- ---------- ----- --------- ------ ----- --- --- --------- --------- ------ ----- ----- ----- ----- ----- ----- ----- ---- ---------------------
g347.t1              -            348 266469at33208        -            223   6.7e-10   34.7   0.0   1   1     6e-12   1.2e-09   33.9   0.0     1    93    31   126    31   139 0.88 -
g348.t1              -            344 266469at33208        -            223   9.6e-07   24.4   0.0   1   1   7.5e-09   1.5e-06   23.7   0.0    10    87    18    98     9   109 0.77 -
g349.t1              -            344 266469at33208        -            223   2.1e-06   23.2   0.0   1   1   1.7e-08   3.4e-06   22.6   0.0    10    87    18    98     9   109 0.74 -
g470.t1              -           1745 266469at33208        -            223    0.0008   14.8   0.0   1   2       1.4   2.7e+02   -3.3   0.0   157   189   228   260   223   283 0.79 -
g470.t1              -           1745 266469at33208        -            223    0.0008   14.8   0.0   2   2   1.9e-05    0.0038   12.6   0.0     1    25  1017  1041  1017  1065 0.86 -
g454.t1              -            974 266469at33208        -            223    0.0045   12.3   0.0   1   2      0.12        23    0.2   0.0     2    23   130   151   129   153 0.90 -
g454.t1              -            974 266469at33208        -            223    0.0045   12.3   0.0   2   2   0.00024     0.047    9.0   0.1    49   112   199   262   191   298 0.91 -
#
# Program:         hmmsearch
# Version:         3.3.2 (Nov 2020)
# Pipeline mode:   SEARCH
# Query file:      mb_downloads/metazoa_odb10/hmms/266469at33208.hmm
# Target file:     /workspace/BGA24/BRAKER3/augustus.hints.aa
# Option settings: /opt/compleasm_kit/hmmsearch --domtblout /workspace/BGA24/BRAKER3/bbc/augustus/metazoa_odb10_hmmsearch_output/266469at33208.out --cpu 1 mb_downloads/metazoa_odb10/hmms/266469at33208.hmm /workspace/BGA24/BRAKER3/augustus.hints.aa 
# Current dir:     /workspace/BGA24/BRAKER3
# Date:            Fri Oct  4 09:46:15 2024
# [ok]
