#                                                                            --- full sequence --- -------------- this domain -------------   hmm coord   ali coord   env coord
# target name        accession   tlen query name           accession   qlen   E-value  score  bias   #  of  c-Evalue  i-Evalue  score  bias  from    to  from    to  from    to  acc description of target
#------------------- ---------- ----- -------------------- ---------- ----- --------- ------ ----- --- --- --------- --------- ------ ----- ----- ----- ----- ----- ----- ----- ---- ---------------------
g10.t1               -            314 266808at33208        -            354   7.4e-26   86.7   1.1   1   3   2.3e-20   1.2e-17   59.8   0.5   104   267    10   184     6   193 0.81 -
g10.t1               -            314 266808at33208        -            354   7.4e-26   86.7   1.1   2   3   7.4e-08   3.6e-05   18.7   0.0   193   265   196   264   185   270 0.86 -
g10.t1               -            314 266808at33208        -            354   7.4e-26   86.7   1.1   3   3   0.00061       0.3    5.8   0.0    57    90   278   311   267   313 0.82 -
g323.t1              -            425 266808at33208        -            354   6.3e-06   21.2   1.4   1   4   2.5e-06    0.0012   13.7   0.1   194   269    24    96    15   103 0.83 -
g323.t1              -            425 266808at33208        -            354   6.3e-06   21.2   1.4   2   4   1.3e-06   0.00064   14.6   0.1   302   352    80   130    69   132 0.90 -
g323.t1              -            425 266808at33208        -            354   6.3e-06   21.2   1.4   3   4       0.2        97   -2.5   0.0   164   207   292   335   239   343 0.55 -
g323.t1              -            425 266808at33208        -            354   6.3e-06   21.2   1.4   4   4      0.15        75   -2.1   0.0   131   173   372   414   355   421 0.76 -
#
# Program:         hmmsearch
# Version:         3.3.2 (Nov 2020)
# Pipeline mode:   SEARCH
# Query file:      mb_downloads/metazoa_odb10/hmms/266808at33208.hmm
# Target file:     /workspace/BGA24/BRAKER3/augustus.hints.aa
# Option settings: /opt/compleasm_kit/hmmsearch --domtblout /workspace/BGA24/BRAKER3/bbc/augustus/metazoa_odb10_hmmsearch_output/266808at33208.out --cpu 1 mb_downloads/metazoa_odb10/hmms/266808at33208.hmm /workspace/BGA24/BRAKER3/augustus.hints.aa 
# Current dir:     /workspace/BGA24/BRAKER3
# Date:            Fri Oct  4 09:46:15 2024
# [ok]
