#                                                                            --- full sequence --- -------------- this domain -------------   hmm coord   ali coord   env coord
# target name        accession   tlen query name           accession   qlen   E-value  score  bias   #  of  c-Evalue  i-Evalue  score  bias  from    to  from    to  from    to  acc description of target
#------------------- ---------- ----- -------------------- ---------- ----- --------- ------ ----- --- --- --------- --------- ------ ----- ----- ----- ----- ----- ----- ----- ---- ---------------------
g928.t1              -            683 273989at33208        -            450   6.4e-55  182.4   0.0   1   1   5.1e-57     1e-54  181.7   0.0     3   307   244   594   242   631 0.78 -
g353.t1              -            850 273989at33208        -            450     8e-11   37.0   0.0   1   2   9.2e-08   1.8e-05   19.4   0.0    26   133   194   310   189   323 0.71 -
g353.t1              -            850 273989at33208        -            450     8e-11   37.0   0.0   2   2   1.7e-06   0.00034   15.2   0.0   239   298   595   656   583   681 0.80 -
g352.t1              -            842 273989at33208        -            450   1.8e-10   35.9   0.0   1   2   8.7e-07   0.00017   16.2   0.0    26   132   184   297   179   302 0.69 -
g352.t1              -            842 273989at33208        -            450   1.8e-10   35.9   0.0   2   2   4.8e-07   9.5e-05   17.0   0.0   237   295   584   644   569   664 0.84 -
g561.t1              -            803 273989at33208        -            450   3.5e-05   18.4   0.3   1   2     0.013       2.6    2.4   0.1   127   209   523   613   492   642 0.74 -
g561.t1              -            803 273989at33208        -            450   3.5e-05   18.4   0.3   2   2   4.1e-06    0.0008   13.9   0.0   251   295   692   736   669   769 0.80 -
g902.t1              -            132 273989at33208        -            450    0.0056   11.2   0.0   1   1   3.1e-05     0.006   11.1   0.0     4    77    17    93    14   127 0.73 -
#
# Program:         hmmsearch
# Version:         3.3.2 (Nov 2020)
# Pipeline mode:   SEARCH
# Query file:      mb_downloads/metazoa_odb10/hmms/273989at33208.hmm
# Target file:     /workspace/BGA24/BRAKER3/augustus.hints.aa
# Option settings: /opt/compleasm_kit/hmmsearch --domtblout /workspace/BGA24/BRAKER3/bbc/augustus/metazoa_odb10_hmmsearch_output/273989at33208.out --cpu 1 mb_downloads/metazoa_odb10/hmms/273989at33208.hmm /workspace/BGA24/BRAKER3/augustus.hints.aa 
# Current dir:     /workspace/BGA24/BRAKER3
# Date:            Fri Oct  4 09:46:15 2024
# [ok]
