#                                                                            --- full sequence --- -------------- this domain -------------   hmm coord   ali coord   env coord
# target name        accession   tlen query name           accession   qlen   E-value  score  bias   #  of  c-Evalue  i-Evalue  score  bias  from    to  from    to  from    to  acc description of target
#------------------- ---------- ----- -------------------- ---------- ----- --------- ------ ----- --- --- --------- --------- ------ ----- ----- ----- ----- ----- ----- ----- ---- ---------------------
g95.t1               -           2253 334336at33208        -            407   6.1e-15   50.8  15.0   1   2       2.2     3e+02   -4.2   0.0   281   304   950   973   929   981 0.79 -
g95.t1               -           2253 334336at33208        -            407   6.1e-15   50.8  15.0   2   2   4.3e-17   6.1e-15   50.8  15.0   143   200  2191  2249  2182  2252 0.91 -
g95.t2               -           2261 334336at33208        -            407   6.1e-15   50.8  15.0   1   2       2.2     3e+02   -4.2   0.0   281   304   950   973   929   981 0.79 -
g95.t2               -           2261 334336at33208        -            407   6.1e-15   50.8  15.0   2   2   4.4e-17   6.1e-15   50.8  15.0   143   200  2199  2257  2190  2260 0.91 -
g463.t1              -           1067 334336at33208        -            407   4.4e-14   47.9   9.8   1   1   7.9e-16   1.1e-13   46.6   9.8   142   204   995  1058   989  1064 0.90 -
g830.t1              -            496 334336at33208        -            407   0.00072   14.3   4.9   1   1   9.7e-06    0.0014   13.4   4.9   140   197   264   323   255   345 0.76 -
g840.t1              -            965 334336at33208        -            407    0.0011   13.7   5.3   1   2   3.9e-05    0.0055   11.4   5.4   140   196   264   322   255   342 0.77 -
g840.t1              -            965 334336at33208        -            407    0.0011   13.7   5.3   2   2      0.26        37   -1.2   0.0    23    85   691   750   678   764 0.76 -
g889.t1              -           1543 334336at33208        -            407    0.0064   11.2   7.0   1   2   3.5e-05    0.0049   11.6   4.9   140   196   264   322   255   343 0.77 -
g889.t1              -           1543 334336at33208        -            407    0.0064   11.2   7.0   2   2      0.74     1e+02   -2.7   0.0    23    84   722   780   714   793 0.76 -
g874.t1              -           1436 334336at33208        -            407    0.0066   11.2   6.9   1   2   3.6e-05    0.0051   11.5   4.7   142   196   266   322   255   343 0.77 -
g874.t1              -           1436 334336at33208        -            407    0.0066   11.2   6.9   2   2      0.65        91   -2.5   0.0    23    85   722   781   714   794 0.76 -
#
# Program:         hmmsearch
# Version:         3.3.2 (Nov 2020)
# Pipeline mode:   SEARCH
# Query file:      mb_downloads/metazoa_odb10/hmms/334336at33208.hmm
# Target file:     /workspace/BGA24/BRAKER3/augustus.hints.aa
# Option settings: /opt/compleasm_kit/hmmsearch --domtblout /workspace/BGA24/BRAKER3/bbc/augustus/metazoa_odb10_hmmsearch_output/334336at33208.out --cpu 1 mb_downloads/metazoa_odb10/hmms/334336at33208.hmm /workspace/BGA24/BRAKER3/augustus.hints.aa 
# Current dir:     /workspace/BGA24/BRAKER3
# Date:            Fri Oct  4 09:46:13 2024
# [ok]
