#                                                                            --- full sequence --- -------------- this domain -------------   hmm coord   ali coord   env coord
# target name        accession   tlen query name           accession   qlen   E-value  score  bias   #  of  c-Evalue  i-Evalue  score  bias  from    to  from    to  from    to  acc description of target
#------------------- ---------- ----- -------------------- ---------- ----- --------- ------ ----- --- --- --------- --------- ------ ----- ----- ----- ----- ----- ----- ----- ---- ---------------------
g730.t1              -           1673 339319at33208        -            244   6.2e-05   18.4   0.2   1   1   9.6e-07   0.00019   16.8   0.2    99   150  1549  1603  1504  1607 0.84 -
g729.t1              -           2353 339319at33208        -            244    0.0001   17.7   0.1   1   1   1.1e-06   0.00021   16.6   0.1    99   150  2229  2283  2178  2288 0.77 -
g723.t2              -            701 339319at33208        -            244   0.00064   15.1   0.8   1   3    0.0001      0.02   10.2   0.1   101   150   453   503   416   508 0.88 -
g723.t2              -            701 339319at33208        -            244   0.00064   15.1   0.8   2   3       0.3        59   -1.2   0.0    83   112   533   569   516   575 0.63 -
g723.t2              -            701 339319at33208        -            244   0.00064   15.1   0.8   3   3     0.044       8.7    1.5   0.0   129   158   606   635   598   697 0.71 -
g723.t1              -            735 339319at33208        -            244   0.00084   14.7   1.0   1   3   0.00011     0.022   10.0   0.1   101   150   487   537   451   542 0.88 -
g723.t1              -            735 339319at33208        -            244   0.00084   14.7   1.0   2   3      0.34        67   -1.4   0.0    83   112   567   603   551   609 0.64 -
g723.t1              -            735 339319at33208        -            244   0.00084   14.7   1.0   3   3     0.047       9.2    1.5   0.0   129   158   640   669   632   731 0.71 -
g723.t3              -            758 339319at33208        -            244   0.00092   14.6   1.0   1   3   0.00012     0.023   10.0   0.1   101   150   510   560   474   565 0.88 -
g723.t3              -            758 339319at33208        -            244   0.00092   14.6   1.0   2   3      0.36        72   -1.5   0.0    83   112   590   626   574   631 0.63 -
g723.t3              -            758 339319at33208        -            244   0.00092   14.6   1.0   3   3     0.049       9.6    1.4   0.0   129   158   663   692   655   754 0.71 -
#
# Program:         hmmsearch
# Version:         3.3.2 (Nov 2020)
# Pipeline mode:   SEARCH
# Query file:      mb_downloads/metazoa_odb10/hmms/339319at33208.hmm
# Target file:     /workspace/BGA24/BRAKER3/augustus.hints.aa
# Option settings: /opt/compleasm_kit/hmmsearch --domtblout /workspace/BGA24/BRAKER3/bbc/augustus/metazoa_odb10_hmmsearch_output/339319at33208.out --cpu 1 mb_downloads/metazoa_odb10/hmms/339319at33208.hmm /workspace/BGA24/BRAKER3/augustus.hints.aa 
# Current dir:     /workspace/BGA24/BRAKER3
# Date:            Fri Oct  4 09:46:13 2024
# [ok]
