#                                                                            --- full sequence --- -------------- this domain -------------   hmm coord   ali coord   env coord
# target name        accession   tlen query name           accession   qlen   E-value  score  bias   #  of  c-Evalue  i-Evalue  score  bias  from    to  from    to  from    to  acc description of target
#------------------- ---------- ----- -------------------- ---------- ----- --------- ------ ----- --- --- --------- --------- ------ ----- ----- ----- ----- ----- ----- ----- ---- ---------------------
g10.t1               -            314 361100at33208        -            270   3.2e-26   88.2   3.0   1   3   3.1e-09   6.2e-07   24.9   0.2   218   269    61   114    34   115 0.86 -
g10.t1               -            314 361100at33208        -            270   3.2e-26   88.2   3.0   2   3   4.6e-12   9.2e-10   34.2   0.2     4   102   121   222   119   225 0.86 -
g10.t1               -            314 361100at33208        -            270   3.2e-26   88.2   3.0   3   3   8.5e-13   1.7e-10   36.6   0.0     3   103   207   311   205   313 0.94 -
g323.t1              -            425 361100at33208        -            270   4.6e-06   22.1   0.1   1   3   1.9e-06   0.00038   15.8   0.0    58   145     4    93     1    98 0.84 -
g323.t1              -            425 361100at33208        -            270   4.6e-06   22.1   0.1   2   3     3e-05    0.0059   11.9   0.0    38   107    69   137    46   148 0.87 -
g323.t1              -            425 361100at33208        -            270   4.6e-06   22.1   0.1   3   3      0.93   1.8e+02   -2.9   0.0   162   177   170   185   160   205 0.74 -
g18.t1               -            746 361100at33208        -            270   1.2e-05   20.8   0.0   1   2   0.00048     0.095    7.9   0.0    31    70   418   459   386   534 0.57 -
g18.t1               -            746 361100at33208        -            270   1.2e-05   20.8   0.0   2   2   0.00096      0.19    6.9   0.0     2    78   588   666   587   687 0.82 -
g95.t1               -           2253 361100at33208        -            270   7.6e-05   18.1   1.2   1   3      0.76   1.5e+02   -2.6   0.0   191   216  1719  1744  1690  1750 0.70 -
g95.t1               -           2253 361100at33208        -            270   7.6e-05   18.1   1.2   2   3   7.9e-06    0.0016   13.8   0.2     2   103  1781  1888  1780  1897 0.82 -
g95.t1               -           2253 361100at33208        -            270   7.6e-05   18.1   1.2   3   3     0.033       6.5    1.9   0.0   107   142  2138  2175  2087  2191 0.74 -
g95.t2               -           2261 361100at33208        -            270   7.6e-05   18.1   1.2   1   3      0.76   1.5e+02   -2.6   0.0   191   216  1727  1752  1698  1758 0.70 -
g95.t2               -           2261 361100at33208        -            270   7.6e-05   18.1   1.2   2   3   7.9e-06    0.0016   13.8   0.2     2   103  1789  1896  1788  1905 0.82 -
g95.t2               -           2261 361100at33208        -            270   7.6e-05   18.1   1.2   3   3     0.033       6.5    1.9   0.0   107   142  2146  2183  2095  2199 0.74 -
#
# Program:         hmmsearch
# Version:         3.3.2 (Nov 2020)
# Pipeline mode:   SEARCH
# Query file:      mb_downloads/metazoa_odb10/hmms/361100at33208.hmm
# Target file:     /workspace/BGA24/BRAKER3/augustus.hints.aa
# Option settings: /opt/compleasm_kit/hmmsearch --domtblout /workspace/BGA24/BRAKER3/bbc/augustus/metazoa_odb10_hmmsearch_output/361100at33208.out --cpu 1 mb_downloads/metazoa_odb10/hmms/361100at33208.hmm /workspace/BGA24/BRAKER3/augustus.hints.aa 
# Current dir:     /workspace/BGA24/BRAKER3
# Date:            Fri Oct  4 09:46:14 2024
# [ok]
