#                                                                            --- full sequence --- -------------- this domain -------------   hmm coord   ali coord   env coord
# target name        accession   tlen query name           accession   qlen   E-value  score  bias   #  of  c-Evalue  i-Evalue  score  bias  from    to  from    to  from    to  acc description of target
#------------------- ---------- ----- -------------------- ---------- ----- --------- ------ ----- --- --- --------- --------- ------ ----- ----- ----- ----- ----- ----- ----- ---- ---------------------
g89.t1               -            365 366936at33208        -            236   6.7e-39  129.6   0.1   1   1   1.2e-40   9.1e-39  129.1   0.1     2   217    22   247    21   257 0.87 -
g27.t1               -            402 366936at33208        -            236   3.4e-20   68.4   0.0   1   2   8.5e-22   6.4e-20   67.4   0.0     2   193    83   278    82   297 0.82 -
g27.t1               -            402 366936at33208        -            236   3.4e-20   68.4   0.0   2   2       7.1   5.4e+02   -4.3   0.0    50    60   347   357   339   373 0.71 -
g117.t1              -            292 366936at33208        -            236   1.2e-16   56.8   0.1   1   1   2.3e-18   1.8e-16   56.2   0.1     8   187    17   223    11   258 0.76 -
g127.t1              -           1184 366936at33208        -            236   8.1e-14   47.5   0.0   1   2   9.2e-05     0.007   11.7   0.0     7    91   858   941   853   954 0.76 -
g127.t1              -           1184 366936at33208        -            236   8.1e-14   47.5   0.0   2   2   1.9e-11   1.4e-09   33.6   0.0    96   207   969  1084   944  1105 0.84 -
g657.t1              -            648 366936at33208        -            236   3.3e-13   45.5   0.0   1   1   6.5e-15   4.9e-13   44.9   0.0     4   185    17   215    14   243 0.74 -
g319.t1              -            510 366936at33208        -            236   1.5e-11   40.1   0.1   1   1   8.2e-12   6.2e-10   34.8   0.1     7   163    18   206    12   215 0.58 -
g321.t1              -            741 366936at33208        -            236   1.9e-11   39.7   0.0   1   1   5.5e-13   4.1e-11   38.6   0.0    85   182   114   217    13   226 0.83 -
g659.t1              -            758 366936at33208        -            236   3.1e-11   39.0   0.5   1   1   1.5e-12   1.2e-10   37.1   0.5    48   190   534   702   483   733 0.75 -
g91.t1               -           1253 366936at33208        -            236   3.8e-09   32.2   0.0   1   1   9.4e-11   7.1e-09   31.3   0.0    92   192   932  1038   834  1045 0.80 -
g363.t1              -            542 366936at33208        -            236   1.5e-08   30.3   0.5   1   2   2.9e-09   2.2e-07   26.4   0.1     8   189    47   256    40   265 0.66 -
g363.t1              -            542 366936at33208        -            236   1.5e-08   30.3   0.5   2   2       3.4   2.6e+02   -3.3   0.0   198   222   349   371   338   376 0.74 -
g492.t1              -           1276 366936at33208        -            236   1.9e-08   29.9   0.0   1   1   4.3e-10   3.2e-08   29.1   0.0     9   141   578   727   570   736 0.73 -
g72.t1               -            499 366936at33208        -            236   2.5e-08   29.5   0.0   1   1     6e-10   4.5e-08   28.7   0.0     4   142   247   396   244   451 0.72 -
g292.t1              -            132 366936at33208        -            236    0.0036   12.6   0.1   1   1   5.6e-05    0.0042   12.4   0.1    27    88    27    89     5    97 0.80 -
#
# Program:         hmmsearch
# Version:         3.3.2 (Nov 2020)
# Pipeline mode:   SEARCH
# Query file:      mb_downloads/metazoa_odb10/hmms/366936at33208.hmm
# Target file:     /workspace/BGA24/BRAKER3/augustus.hints.aa
# Option settings: /opt/compleasm_kit/hmmsearch --domtblout /workspace/BGA24/BRAKER3/bbc/augustus/metazoa_odb10_hmmsearch_output/366936at33208.out --cpu 1 mb_downloads/metazoa_odb10/hmms/366936at33208.hmm /workspace/BGA24/BRAKER3/augustus.hints.aa 
# Current dir:     /workspace/BGA24/BRAKER3
# Date:            Fri Oct  4 09:46:14 2024
# [ok]
