#                                                                            --- full sequence --- -------------- this domain -------------   hmm coord   ali coord   env coord
# target name        accession   tlen query name           accession   qlen   E-value  score  bias   #  of  c-Evalue  i-Evalue  score  bias  from    to  from    to  from    to  acc description of target
#------------------- ---------- ----- -------------------- ---------- ----- --------- ------ ----- --- --- --------- --------- ------ ----- ----- ----- ----- ----- ----- ----- ---- ---------------------
g3.t1                -            355 445031at33208        -            313   4.4e-12   41.7   0.4   1   1   5.3e-14   8.7e-12   40.7   0.4   244   308   107   168    90   171 0.91 -
g830.t1              -            496 445031at33208        -            313   2.4e-11   39.3   0.3   1   2   1.4e-13   2.4e-11   39.3   0.3   245   310    14    76     3    79 0.84 -
g830.t1              -            496 445031at33208        -            313   2.4e-11   39.3   0.3   2   2         1   1.6e+02   -2.9   0.0   255   271   457   473   442   479 0.83 -
g840.t1              -            965 445031at33208        -            313   2.7e-11   39.1   0.3   1   1   3.5e-13   5.8e-11   38.0   0.3   245   310    14    76     4    79 0.84 -
g874.t1              -           1436 445031at33208        -            313   4.7e-11   38.3   0.3   1   1   5.7e-13   9.3e-11   37.3   0.3   245   310    14    76     4    79 0.84 -
g889.t1              -           1543 445031at33208        -            313     5e-11   38.2   0.3   1   1   6.2e-13     1e-10   37.2   0.3   245   310    14    76     4    79 0.84 -
g739.t1              -            406 445031at33208        -            313     0.004   12.2   4.1   1   3     0.044       7.2    1.5   0.4   104   190    87   174    65   183 0.74 -
g739.t1              -            406 445031at33208        -            313     0.004   12.2   4.1   2   3      0.24        40   -0.9   0.1    91   118   203   229   188   241 0.82 -
g739.t1              -            406 445031at33208        -            313     0.004   12.2   4.1   3   3   6.4e-05     0.011   10.9   0.1    47   102   234   291   221   311 0.80 -
#
# Program:         hmmsearch
# Version:         3.3.2 (Nov 2020)
# Pipeline mode:   SEARCH
# Query file:      mb_downloads/metazoa_odb10/hmms/445031at33208.hmm
# Target file:     /workspace/BGA24/BRAKER3/augustus.hints.aa
# Option settings: /opt/compleasm_kit/hmmsearch --domtblout /workspace/BGA24/BRAKER3/bbc/augustus/metazoa_odb10_hmmsearch_output/445031at33208.out --cpu 1 mb_downloads/metazoa_odb10/hmms/445031at33208.hmm /workspace/BGA24/BRAKER3/augustus.hints.aa 
# Current dir:     /workspace/BGA24/BRAKER3
# Date:            Fri Oct  4 09:46:13 2024
# [ok]
