#                                                                            --- full sequence --- -------------- this domain -------------   hmm coord   ali coord   env coord
# target name        accession   tlen query name           accession   qlen   E-value  score  bias   #  of  c-Evalue  i-Evalue  score  bias  from    to  from    to  from    to  acc description of target
#------------------- ---------- ----- -------------------- ---------- ----- --------- ------ ----- --- --- --------- --------- ------ ----- ----- ----- ----- ----- ----- ----- ---- ---------------------
g323.t1              -            425 448514at33208        -            271   1.3e-32  109.2   6.1   1   5     0.028         9    1.5   0.0   198   217    15    34     9    41 0.77 -
g323.t1              -            425 448514at33208        -            271   1.3e-32  109.2   6.1   2   5   2.8e-22   9.2e-20   67.0   0.5     3   156    34   203    32   225 0.82 -
g323.t1              -            425 448514at33208        -            271   1.3e-32  109.2   6.1   3   5     0.067        22    0.2   0.1   158   181   236   259   212   293 0.71 -
g323.t1              -            425 448514at33208        -            271   1.3e-32  109.2   6.1   4   5     2e-10   6.7e-08   28.1   0.0   181   236   296   351   261   355 0.83 -
g323.t1              -            425 448514at33208        -            271   1.3e-32  109.2   6.1   5   5   2.3e-05    0.0075   11.6   0.0   240   270   393   423   383   424 0.92 -
g10.t1               -            314 448514at33208        -            271   2.3e-17   59.2   2.5   1   3   9.7e-05     0.032    9.5   0.0    64   100     8    48     3    60 0.81 -
g10.t1               -            314 448514at33208        -            271   2.3e-17   59.2   2.5   2   3   3.5e-07   0.00011   17.5   0.2   201   267    62   132    51   136 0.64 -
g10.t1               -            314 448514at33208        -            271   2.3e-17   59.2   2.5   3   3   5.2e-11   1.7e-08   30.1   0.1    25   159   143   280   137   309 0.75 -
g18.t1               -            746 448514at33208        -            271   0.00098   14.5   0.1   1   3       0.4   1.3e+02   -2.3   0.0    82   102   431   451   423   464 0.72 -
g18.t1               -            746 448514at33208        -            271   0.00098   14.5   0.1   2   3      0.05        17    0.6   0.0   196   218   473   495   464   501 0.84 -
g18.t1               -            746 448514at33208        -            271   0.00098   14.5   0.1   3   3   5.9e-05     0.019   10.2   0.0    15   102   558   650   544   690 0.64 -
#
# Program:         hmmsearch
# Version:         3.3.2 (Nov 2020)
# Pipeline mode:   SEARCH
# Query file:      mb_downloads/metazoa_odb10/hmms/448514at33208.hmm
# Target file:     /workspace/BGA24/BRAKER3/augustus.hints.aa
# Option settings: /opt/compleasm_kit/hmmsearch --domtblout /workspace/BGA24/BRAKER3/bbc/augustus/metazoa_odb10_hmmsearch_output/448514at33208.out --cpu 1 mb_downloads/metazoa_odb10/hmms/448514at33208.hmm /workspace/BGA24/BRAKER3/augustus.hints.aa 
# Current dir:     /workspace/BGA24/BRAKER3
# Date:            Fri Oct  4 09:46:14 2024
# [ok]
