#                                                                            --- full sequence --- -------------- this domain -------------   hmm coord   ali coord   env coord
# target name        accession   tlen query name           accession   qlen   E-value  score  bias   #  of  c-Evalue  i-Evalue  score  bias  from    to  from    to  from    to  acc description of target
#------------------- ---------- ----- -------------------- ---------- ----- --------- ------ ----- --- --- --------- --------- ------ ----- ----- ----- ----- ----- ----- ----- ---- ---------------------
g18.t1               -            746 472352at33208        -            215   1.4e-07   26.9   0.1   1   3    0.0052         1    4.5   0.0    86   156   315   389   298   391 0.67 -
g18.t1               -            746 472352at33208        -            215   1.4e-07   26.9   0.1   2   3   2.1e-05    0.0042   12.3   0.0   134   172   416   455   412   485 0.80 -
g18.t1               -            746 472352at33208        -            215   1.4e-07   26.9   0.1   3   3    0.0018      0.35    6.0   0.0   131   193   570   635   560   651 0.72 -
g10.t1               -            314 472352at33208        -            215   1.3e-05   20.5   4.4   1   4   1.8e-05    0.0035   12.6   0.9    91   164    56   134    17   147 0.71 -
g10.t1               -            314 472352at33208        -            215   1.3e-05   20.5   4.4   2   4   0.00023     0.045    8.9   0.2    94   173   101   188    92   198 0.74 -
g10.t1               -            314 472352at33208        -            215   1.3e-05   20.5   4.4   3   4    0.0016      0.31    6.2   0.1   107   169   159   226   140   258 0.73 -
g10.t1               -            314 472352at33208        -            215   1.3e-05   20.5   4.4   4   4     0.074        15    0.7   0.0   111   132   205   226   191   276 0.75 -
g323.t1              -            425 472352at33208        -            215   5.1e-05   18.6   2.2   1   3   1.4e-06   0.00027   16.2   0.2    64   164    25   131    23   142 0.72 -
g323.t1              -            425 472352at33208        -            215   5.1e-05   18.6   2.2   2   3       2.1   4.2e+02   -4.0   0.0    68    88   165   186   163   194 0.66 -
g323.t1              -            425 472352at33208        -            215   5.1e-05   18.6   2.2   3   3      0.35        68   -1.5   0.0    76   110   245   280   235   289 0.71 -
g95.t1               -           2253 472352at33208        -            215    0.0045   12.2   0.4   1   2   0.00014     0.027    9.7   0.1   130   189  1763  1821  1737  1838 0.85 -
g95.t1               -           2253 472352at33208        -            215    0.0045   12.2   0.4   2   2      0.17        34   -0.5   0.0   144   164  1866  1886  1855  1903 0.77 -
g95.t2               -           2261 472352at33208        -            215    0.0046   12.2   0.4   1   2   0.00014     0.027    9.7   0.1   130   189  1771  1829  1745  1846 0.85 -
g95.t2               -           2261 472352at33208        -            215    0.0046   12.2   0.4   2   2      0.17        34   -0.5   0.0   144   164  1874  1894  1863  1911 0.77 -
#
# Program:         hmmsearch
# Version:         3.3.2 (Nov 2020)
# Pipeline mode:   SEARCH
# Query file:      mb_downloads/metazoa_odb10/hmms/472352at33208.hmm
# Target file:     /workspace/BGA24/BRAKER3/augustus.hints.aa
# Option settings: /opt/compleasm_kit/hmmsearch --domtblout /workspace/BGA24/BRAKER3/bbc/augustus/metazoa_odb10_hmmsearch_output/472352at33208.out --cpu 1 mb_downloads/metazoa_odb10/hmms/472352at33208.hmm /workspace/BGA24/BRAKER3/augustus.hints.aa 
# Current dir:     /workspace/BGA24/BRAKER3
# Date:            Fri Oct  4 09:46:13 2024
# [ok]
