#                                                                            --- full sequence --- -------------- this domain -------------   hmm coord   ali coord   env coord
# target name        accession   tlen query name           accession   qlen   E-value  score  bias   #  of  c-Evalue  i-Evalue  score  bias  from    to  from    to  from    to  acc description of target
#------------------- ---------- ----- -------------------- ---------- ----- --------- ------ ----- --- --- --------- --------- ------ ----- ----- ----- ----- ----- ----- ----- ---- ---------------------
g10.t1               -            314 502128at33208        -            250     2e-22   75.6   5.5   1   2   5.1e-20   1.3e-17   59.9   3.6    49   245     9   226     9   231 0.76 -
g10.t1               -            314 502128at33208        -            250     2e-22   75.6   5.5   2   2   0.00042       0.1    7.8   0.0    97   126   282   311   248   313 0.73 -
g95.t1               -           2253 502128at33208        -            250   6.6e-06   21.5   0.8   1   2       1.3   3.2e+02   -3.7   0.0   210   240  1715  1744  1689  1751 0.59 -
g95.t1               -           2253 502128at33208        -            250   6.6e-06   21.5   0.8   2   2   8.8e-08   2.2e-05   19.8   0.4     7   131  1762  1893  1755  1907 0.72 -
g95.t2               -           2261 502128at33208        -            250   6.7e-06   21.5   0.8   1   2       1.3   3.2e+02   -3.7   0.0   210   240  1723  1752  1697  1759 0.59 -
g95.t2               -           2261 502128at33208        -            250   6.7e-06   21.5   0.8   2   2   8.8e-08   2.2e-05   19.8   0.4     7   131  1770  1901  1763  1915 0.72 -
g323.t1              -            425 502128at33208        -            250   6.9e-05   18.2   0.2   1   3     0.035       8.7    1.5   0.0   100   125    24    49    15    69 0.85 -
g323.t1              -            425 502128at33208        -            250   6.9e-05   18.2   0.2   2   3   1.1e-05    0.0028   12.9   0.1    73   135    77   142    63   202 0.63 -
g323.t1              -            425 502128at33208        -            250   6.9e-05   18.2   0.2   3   3      0.83   2.1e+02   -3.0   0.0   213   238   395   420   384   422 0.80 -
#
# Program:         hmmsearch
# Version:         3.3.2 (Nov 2020)
# Pipeline mode:   SEARCH
# Query file:      mb_downloads/metazoa_odb10/hmms/502128at33208.hmm
# Target file:     /workspace/BGA24/BRAKER3/augustus.hints.aa
# Option settings: /opt/compleasm_kit/hmmsearch --domtblout /workspace/BGA24/BRAKER3/bbc/augustus/metazoa_odb10_hmmsearch_output/502128at33208.out --cpu 1 mb_downloads/metazoa_odb10/hmms/502128at33208.hmm /workspace/BGA24/BRAKER3/augustus.hints.aa 
# Current dir:     /workspace/BGA24/BRAKER3
# Date:            Fri Oct  4 09:46:13 2024
# [ok]
