#                                                                            --- full sequence --- -------------- this domain -------------   hmm coord   ali coord   env coord
# target name        accession   tlen query name           accession   qlen   E-value  score  bias   #  of  c-Evalue  i-Evalue  score  bias  from    to  from    to  from    to  acc description of target
#------------------- ---------- ----- -------------------- ---------- ----- --------- ------ ----- --- --- --------- --------- ------ ----- ----- ----- ----- ----- ----- ----- ---- ---------------------
g3.t1                -            355 510522at33208        -            200   2.4e-15   52.6   0.3   1   2      0.27        53   -0.7   0.7   159   195    16    52     4    55 0.70 -
g3.t1                -            355 510522at33208        -            200   2.4e-15   52.6   0.3   2   2   1.2e-17   2.4e-15   52.6   0.3     6    75   100   173    96   176 0.89 -
g830.t1              -            496 510522at33208        -            200   1.3e-10   37.2   1.4   1   2   3.1e-12     6e-10   35.0   0.1    16    79    16    83     9    91 0.87 -
g830.t1              -            496 510522at33208        -            200   1.3e-10   37.2   1.4   2   2      0.13        25    0.3   0.1   141   179   446   481   426   494 0.69 -
g840.t1              -            965 510522at33208        -            200   2.3e-10   36.3   1.4   1   3   7.6e-12   1.5e-09   33.7   0.2    16    79    16    83     9    90 0.87 -
g840.t1              -            965 510522at33208        -            200   2.3e-10   36.3   1.4   2   3      0.24        47   -0.5   0.1   141   181   446   483   427   500 0.69 -
g840.t1              -            965 510522at33208        -            200   2.3e-10   36.3   1.4   3   3      0.53   1.1e+02   -1.7   0.0    27    60   696   729   694   761 0.74 -
g874.t1              -           1436 510522at33208        -            200   9.6e-10   34.3   2.2   1   3   1.2e-11   2.4e-09   33.1   0.1    16    79    16    83     9    91 0.87 -
g874.t1              -           1436 510522at33208        -            200   9.6e-10   34.3   2.2   2   3      0.41        80   -1.3   0.1   142   181   447   483   428   499 0.69 -
g874.t1              -           1436 510522at33208        -            200   9.6e-10   34.3   2.2   3   3      0.95   1.9e+02   -2.5   0.0    27    60   727   760   725   786 0.83 -
g889.t1              -           1543 510522at33208        -            200   1.6e-09   33.7   2.7   1   3   1.3e-11   2.6e-09   32.9   0.2    16    79    16    83     9    90 0.87 -
g889.t1              -           1543 510522at33208        -            200   1.6e-09   33.7   2.7   2   3      0.44        87   -1.4   0.1   142   181   447   483   428   499 0.69 -
g889.t1              -           1543 510522at33208        -            200   1.6e-09   33.7   2.7   3   3       1.1   2.1e+02   -2.7   0.0    27    60   727   760   725   784 0.84 -
#
# Program:         hmmsearch
# Version:         3.3.2 (Nov 2020)
# Pipeline mode:   SEARCH
# Query file:      mb_downloads/metazoa_odb10/hmms/510522at33208.hmm
# Target file:     /workspace/BGA24/BRAKER3/augustus.hints.aa
# Option settings: /opt/compleasm_kit/hmmsearch --domtblout /workspace/BGA24/BRAKER3/bbc/augustus/metazoa_odb10_hmmsearch_output/510522at33208.out --cpu 1 mb_downloads/metazoa_odb10/hmms/510522at33208.hmm /workspace/BGA24/BRAKER3/augustus.hints.aa 
# Current dir:     /workspace/BGA24/BRAKER3
# Date:            Fri Oct  4 09:46:13 2024
# [ok]
