#                                                                            --- full sequence --- -------------- this domain -------------   hmm coord   ali coord   env coord
# target name        accession   tlen query name           accession   qlen   E-value  score  bias   #  of  c-Evalue  i-Evalue  score  bias  from    to  from    to  from    to  acc description of target
#------------------- ---------- ----- -------------------- ---------- ----- --------- ------ ----- --- --- --------- --------- ------ ----- ----- ----- ----- ----- ----- ----- ---- ---------------------
g89.t1               -            365 517525at33208        -            296   1.2e-26   89.3   0.4   1   2   2.3e-26   1.6e-24   82.3   0.1    21   232    20   226    12   251 0.84 -
g89.t1               -            365 517525at33208        -            296   1.2e-26   89.3   0.4   2   2    0.0078      0.55    5.1   0.0   250   279   292   321   285   328 0.85 -
g117.t1              -            292 517525at33208        -            296   3.6e-22   74.6   0.1   1   1   6.2e-24   4.3e-22   74.4   0.1    65   278    61   277    14   290 0.83 -
g657.t1              -            648 517525at33208        -            296   1.3e-20   69.5   0.0   1   1   2.9e-22     2e-20   68.9   0.0    32   266    24   266    18   278 0.76 -
g321.t1              -            741 517525at33208        -            296   1.4e-19   66.2   0.0   1   1   4.4e-21   3.1e-19   65.0   0.0    70   222    44   222    34   227 0.74 -
g27.t1               -            402 517525at33208        -            296   3.4e-19   64.9   0.1   1   2      0.94        66   -1.8   0.0    42    79    53    90    47   117 0.78 -
g27.t1               -            402 517525at33208        -            296   3.4e-19   64.9   0.1   2   2   1.1e-20   7.4e-19   63.7   0.1    30   228    90   278    68   281 0.83 -
g91.t1               -           1253 517525at33208        -            296   4.6e-19   64.4   0.0   1   2   3.2e-20   2.3e-18   62.2   0.0    30   228   840  1039   800  1048 0.77 -
g91.t1               -           1253 517525at33208        -            296   4.6e-19   64.4   0.0   2   2      0.46        32   -0.7   0.0   248   275  1082  1109  1065  1117 0.86 -
g319.t1              -            510 517525at33208        -            296   4.1e-16   54.7   0.0   1   1   1.4e-17   9.5e-16   53.5   0.0    23   197    13   206     6   213 0.72 -
g492.t1              -           1276 517525at33208        -            296   6.2e-14   47.6   0.0   1   1   1.5e-15   1.1e-13   46.8   0.0    26   239   574   801   568   816 0.74 -
g127.t1              -           1184 517525at33208        -            296   9.1e-14   47.0   0.1   1   1   5.8e-15   4.1e-13   44.9   0.1    27   245   857  1088   836  1129 0.73 -
g72.t1               -            499 517525at33208        -            296   9.2e-12   40.5   0.0   1   2       1.9   1.3e+02   -2.7   0.6    52   114   163   227   135   238 0.59 -
g72.t1               -            499 517525at33208        -            296   9.2e-12   40.5   0.0   2   2   1.3e-13   9.2e-12   40.5   0.0    67   271   286   490   253   495 0.87 -
g659.t1              -            758 517525at33208        -            296   4.8e-11   38.1   0.0   1   1   1.3e-12   9.1e-11   37.2   0.0    28   178   483   655   459   750 0.69 -
g363.t1              -            542 517525at33208        -            296   2.4e-10   35.8   0.0   1   1   5.1e-12   3.6e-10   35.2   0.0    26   272    44   307    30   314 0.69 -
g67.t1               -            177 517525at33208        -            296   2.4e-07   25.9   0.0   1   1     4e-09   2.8e-07   25.7   0.0    78   227     3   155     1   168 0.74 -
g641.t1              -           1304 517525at33208        -            296   7.9e-05   17.7   0.1   1   2       4.9   3.4e+02   -4.1   0.2    77   120   199   243   196   246 0.78 -
g641.t1              -           1304 517525at33208        -            296   7.9e-05   17.7   0.1   2   2   2.5e-06   0.00017   16.6   0.0   151   232  1025  1109  1013  1158 0.71 -
#
# Program:         hmmsearch
# Version:         3.3.2 (Nov 2020)
# Pipeline mode:   SEARCH
# Query file:      mb_downloads/metazoa_odb10/hmms/517525at33208.hmm
# Target file:     /workspace/BGA24/BRAKER3/augustus.hints.aa
# Option settings: /opt/compleasm_kit/hmmsearch --domtblout /workspace/BGA24/BRAKER3/bbc/augustus/metazoa_odb10_hmmsearch_output/517525at33208.out --cpu 1 mb_downloads/metazoa_odb10/hmms/517525at33208.hmm /workspace/BGA24/BRAKER3/augustus.hints.aa 
# Current dir:     /workspace/BGA24/BRAKER3
# Date:            Fri Oct  4 09:46:15 2024
# [ok]
