#                                                                            --- full sequence --- -------------- this domain -------------   hmm coord   ali coord   env coord
# target name        accession   tlen query name           accession   qlen   E-value  score  bias   #  of  c-Evalue  i-Evalue  score  bias  from    to  from    to  from    to  acc description of target
#------------------- ---------- ----- -------------------- ---------- ----- --------- ------ ----- --- --- --------- --------- ------ ----- ----- ----- ----- ----- ----- ----- ---- ---------------------
g911.t1              -            228 527406at33208        -            237   0.00027   16.3   1.7   1   1   2.2e-06   0.00053   15.4   1.7   179   213    35    69    26    90 0.84 -
g690.t1              -            593 527406at33208        -            237    0.0014   14.0   2.8   1   1     1e-05    0.0026   13.2   2.8   179   213    13    47     4    66 0.84 -
g393.t1              -            729 527406at33208        -            237      0.01   11.2  20.2   1   3   5.6e-06    0.0014   14.0   2.9   179   206    19    46     9    68 0.84 -
g393.t1              -            729 527406at33208        -            237      0.01   11.2  20.2   2   3     0.039       9.5    1.5   3.1   178   211   101   134    94   141 0.89 -
g393.t1              -            729 527406at33208        -            237      0.01   11.2  20.2   3   3    0.0042         1    4.6   0.4     7    55   251   299   246   342 0.85 -
g689.t1              -            702 527406at33208        -            237     0.039    9.3   8.2   1   2   6.5e-05     0.016   10.6   4.8   179   214    13    48     6    72 0.70 -
g689.t1              -            702 527406at33208        -            237     0.039    9.3   8.2   2   2       1.5   3.7e+02   -3.7   0.1    37    77   194   234   183   239 0.77 -
#
# Program:         hmmsearch
# Version:         3.3.2 (Nov 2020)
# Pipeline mode:   SEARCH
# Query file:      mb_downloads/metazoa_odb10/hmms/527406at33208.hmm
# Target file:     /workspace/BGA24/BRAKER3/augustus.hints.aa
# Option settings: /opt/compleasm_kit/hmmsearch --domtblout /workspace/BGA24/BRAKER3/bbc/augustus/metazoa_odb10_hmmsearch_output/527406at33208.out --cpu 1 mb_downloads/metazoa_odb10/hmms/527406at33208.hmm /workspace/BGA24/BRAKER3/augustus.hints.aa 
# Current dir:     /workspace/BGA24/BRAKER3
# Date:            Fri Oct  4 09:46:16 2024
# [ok]
