#                                                                            --- full sequence --- -------------- this domain -------------   hmm coord   ali coord   env coord
# target name        accession   tlen query name           accession   qlen   E-value  score  bias   #  of  c-Evalue  i-Evalue  score  bias  from    to  from    to  from    to  acc description of target
#------------------- ---------- ----- -------------------- ---------- ----- --------- ------ ----- --- --- --------- --------- ------ ----- ----- ----- ----- ----- ----- ----- ---- ---------------------
g928.t1              -            683 530431at33208        -            406   5.1e-54  179.3   0.0   1   1   5.2e-56     1e-53  178.4   0.0    10   363   246   633   240   637 0.78 -
g353.t1              -            850 530431at33208        -            406     8e-14   47.0   0.3   1   2   1.9e-08   3.7e-06   21.7   0.0    22   159   185   323   178   331 0.81 -
g353.t1              -            850 530431at33208        -            406     8e-14   47.0   0.3   2   2   7.6e-09   1.5e-06   23.0   0.2   270   342   609   683   592   740 0.65 -
g352.t1              -            842 530431at33208        -            406     4e-10   34.8   0.1   1   2   1.3e-06   0.00025   15.7   0.0    22   159   175   311   167   318 0.77 -
g352.t1              -            842 530431at33208        -            406     4e-10   34.8   0.1   2   2   6.9e-07   0.00014   16.6   0.0   262   316   588   645   577   730 0.74 -
g561.t1              -            803 530431at33208        -            406   4.6e-07   24.7   0.0   1   2    0.0022      0.42    5.1   0.1   134   209   517   596   487   640 0.75 -
g561.t1              -            803 530431at33208        -            406   4.6e-07   24.7   0.0   2   2   4.1e-07   8.1e-05   17.3   0.0   271   333   692   752   689   761 0.82 -
g902.t1              -            132 530431at33208        -            406    0.0054   11.3   0.0   1   1   2.7e-05    0.0054   11.3   0.0    24   103    31   110    12   131 0.75 -
#
# Program:         hmmsearch
# Version:         3.3.2 (Nov 2020)
# Pipeline mode:   SEARCH
# Query file:      mb_downloads/metazoa_odb10/hmms/530431at33208.hmm
# Target file:     /workspace/BGA24/BRAKER3/augustus.hints.aa
# Option settings: /opt/compleasm_kit/hmmsearch --domtblout /workspace/BGA24/BRAKER3/bbc/augustus/metazoa_odb10_hmmsearch_output/530431at33208.out --cpu 1 mb_downloads/metazoa_odb10/hmms/530431at33208.hmm /workspace/BGA24/BRAKER3/augustus.hints.aa 
# Current dir:     /workspace/BGA24/BRAKER3
# Date:            Fri Oct  4 09:46:14 2024
# [ok]
