#                                                                            --- full sequence --- -------------- this domain -------------   hmm coord   ali coord   env coord
# target name        accession   tlen query name           accession   qlen   E-value  score  bias   #  of  c-Evalue  i-Evalue  score  bias  from    to  from    to  from    to  acc description of target
#------------------- ---------- ----- -------------------- ---------- ----- --------- ------ ----- --- --- --------- --------- ------ ----- ----- ----- ----- ----- ----- ----- ---- ---------------------
g10.t1               -            314 537718at33208        -            243   4.6e-19   64.7   5.0   1   3   4.9e-10   1.2e-07   27.3   0.9    59   147     9   114     5   119 0.73 -
g10.t1               -            314 537718at33208        -            243   4.6e-19   64.7   5.0   2   3   2.3e-13   5.6e-11   38.3   0.2    36   171   118   268    98   301 0.79 -
g10.t1               -            314 537718at33208        -            243   4.6e-19   64.7   5.0   3   3      0.13        33   -0.3   0.0    37    55   294   312   288   313 0.84 -
g323.t1              -            425 537718at33208        -            243   3.6e-07   25.8   0.3   1   3      0.12        30   -0.1   0.0   214   227    34    47    16    57 0.73 -
g323.t1              -            425 537718at33208        -            243   3.6e-07   25.8   0.3   2   3     2e-08   4.9e-06   22.1   0.0    34    96    69   136    60   147 0.84 -
g323.t1              -            425 537718at33208        -            243   3.6e-07   25.8   0.3   3   3      0.52   1.3e+02   -2.2   0.0   104   117   241   254   239   281 0.79 -
g95.t1               -           2253 537718at33208        -            243     1e-05   21.0   0.8   1   2   7.2e-07   0.00018   17.0   0.1    22    89  1761  1835  1755  1840 0.82 -
g95.t1               -           2253 537718at33208        -            243     1e-05   21.0   0.8   2   2     0.039       9.6    1.5   0.1   212   228  1870  1886  1838  1895 0.74 -
g95.t2               -           2261 537718at33208        -            243     1e-05   21.0   0.8   1   2   7.2e-07   0.00018   17.0   0.1    22    89  1769  1843  1763  1848 0.82 -
g95.t2               -           2261 537718at33208        -            243     1e-05   21.0   0.8   2   2     0.039       9.6    1.5   0.1   212   228  1878  1894  1846  1903 0.74 -
#
# Program:         hmmsearch
# Version:         3.3.2 (Nov 2020)
# Pipeline mode:   SEARCH
# Query file:      mb_downloads/metazoa_odb10/hmms/537718at33208.hmm
# Target file:     /workspace/BGA24/BRAKER3/augustus.hints.aa
# Option settings: /opt/compleasm_kit/hmmsearch --domtblout /workspace/BGA24/BRAKER3/bbc/augustus/metazoa_odb10_hmmsearch_output/537718at33208.out --cpu 1 mb_downloads/metazoa_odb10/hmms/537718at33208.hmm /workspace/BGA24/BRAKER3/augustus.hints.aa 
# Current dir:     /workspace/BGA24/BRAKER3
# Date:            Fri Oct  4 09:46:14 2024
# [ok]
