#                                                                            --- full sequence --- -------------- this domain -------------   hmm coord   ali coord   env coord
# target name        accession   tlen query name           accession   qlen   E-value  score  bias   #  of  c-Evalue  i-Evalue  score  bias  from    to  from    to  from    to  acc description of target
#------------------- ---------- ----- -------------------- ---------- ----- --------- ------ ----- --- --- --------- --------- ------ ----- ----- ----- ----- ----- ----- ----- ---- ---------------------
g723.t2              -            701 544849at33208        -            133   2.3e-10   36.8   0.3   1   3   2.2e-06   0.00071   15.7   0.0     4    39   277   312   274   328 0.87 -
g723.t2              -            701 544849at33208        -            133   2.3e-10   36.8   0.3   2   3   1.6e-05    0.0051   13.0   0.1     3    34   331   362   329   377 0.89 -
g723.t2              -            701 544849at33208        -            133   2.3e-10   36.8   0.3   3   3     0.012         4    3.6   0.0    36    86   470   519   447   525 0.73 -
g723.t1              -            735 544849at33208        -            133   2.7e-10   36.5   0.3   1   3   2.3e-06   0.00075   15.7   0.0     4    39   311   346   308   362 0.87 -
g723.t1              -            735 544849at33208        -            133   2.7e-10   36.5   0.3   2   3   1.7e-05    0.0054   12.9   0.1     3    34   365   396   363   411 0.89 -
g723.t1              -            735 544849at33208        -            133   2.7e-10   36.5   0.3   3   3     0.013       4.3    3.5   0.0    36    86   504   553   481   559 0.73 -
g723.t3              -            758 544849at33208        -            133   3.1e-10   36.3   0.3   1   3   2.4e-06   0.00078   15.6   0.0     4    39   334   369   331   385 0.87 -
g723.t3              -            758 544849at33208        -            133   3.1e-10   36.3   0.3   2   3   1.7e-05    0.0056   12.8   0.1     3    34   388   419   386   434 0.89 -
g723.t3              -            758 544849at33208        -            133   3.1e-10   36.3   0.3   3   3     0.013       4.4    3.5   0.0    36    86   527   576   504   582 0.73 -
#
# Program:         hmmsearch
# Version:         3.3.2 (Nov 2020)
# Pipeline mode:   SEARCH
# Query file:      mb_downloads/metazoa_odb10/hmms/544849at33208.hmm
# Target file:     /workspace/BGA24/BRAKER3/augustus.hints.aa
# Option settings: /opt/compleasm_kit/hmmsearch --domtblout /workspace/BGA24/BRAKER3/bbc/augustus/metazoa_odb10_hmmsearch_output/544849at33208.out --cpu 1 mb_downloads/metazoa_odb10/hmms/544849at33208.hmm /workspace/BGA24/BRAKER3/augustus.hints.aa 
# Current dir:     /workspace/BGA24/BRAKER3
# Date:            Fri Oct  4 09:46:15 2024
# [ok]
