#                                                                            --- full sequence --- -------------- this domain -------------   hmm coord   ali coord   env coord
# target name        accession   tlen query name           accession   qlen   E-value  score  bias   #  of  c-Evalue  i-Evalue  score  bias  from    to  from    to  from    to  acc description of target
#------------------- ---------- ----- -------------------- ---------- ----- --------- ------ ----- --- --- --------- --------- ------ ----- ----- ----- ----- ----- ----- ----- ---- ---------------------
g836.t1              -            823 552764at33208        -            179   0.00026   16.6   0.1   1   2    0.0006      0.12    7.9   0.1    10    27    36    53    28    57 0.82 -
g836.t1              -            823 552764at33208        -            179   0.00026   16.6   0.1   2   2    0.0037      0.74    5.3   0.0    55   117   174   238   171   256 0.83 -
g877.t1              -            892 552764at33208        -            179    0.0018   13.9   0.2   1   2   0.00066      0.13    7.8   0.1    10    27    31    48    23    52 0.82 -
g877.t1              -            892 552764at33208        -            179    0.0018   13.9   0.2   2   2     0.015         3    3.3   0.0    55    91   155   191   144   235 0.76 -
g881.t1              -            917 552764at33208        -            179    0.0019   13.7   0.2   1   2   0.00068      0.13    7.8   0.1    10    27    31    48    23    52 0.82 -
g881.t1              -            917 552764at33208        -            179    0.0019   13.7   0.2   2   2     0.016       3.1    3.3   0.0    55    91   155   191   144   235 0.76 -
g844.t1              -            774 552764at33208        -            179    0.0028   13.2   1.3   1   3   0.00058      0.11    8.0   0.1    10    27    57    74    49    78 0.82 -
g844.t1              -            774 552764at33208        -            179    0.0028   13.2   1.3   2   3     0.016       3.1    3.3   0.0    55    91   183   219   175   300 0.81 -
g844.t1              -            774 552764at33208        -            179    0.0028   13.2   1.3   3   3       1.9   3.7e+02   -3.5   0.1   105   140   719   754   703   762 0.65 -
g837.t1              -            886 552764at33208        -            179     0.054    9.0   3.3   1   3     0.021       4.2    2.9   0.2    13    27     1    15     1    19 0.89 -
g837.t1              -            886 552764at33208        -            179     0.054    9.0   3.3   2   3    0.0037      0.74    5.3   0.0    55   117   136   200   133   223 0.82 -
g837.t1              -            886 552764at33208        -            179     0.054    9.0   3.3   3   3      0.49        96   -1.6   0.3   105   155   671   721   642   744 0.72 -
#
# Program:         hmmsearch
# Version:         3.3.2 (Nov 2020)
# Pipeline mode:   SEARCH
# Query file:      mb_downloads/metazoa_odb10/hmms/552764at33208.hmm
# Target file:     /workspace/BGA24/BRAKER3/augustus.hints.aa
# Option settings: /opt/compleasm_kit/hmmsearch --domtblout /workspace/BGA24/BRAKER3/bbc/augustus/metazoa_odb10_hmmsearch_output/552764at33208.out --cpu 1 mb_downloads/metazoa_odb10/hmms/552764at33208.hmm /workspace/BGA24/BRAKER3/augustus.hints.aa 
# Current dir:     /workspace/BGA24/BRAKER3
# Date:            Fri Oct  4 09:46:13 2024
# [ok]
