#                                                                            --- full sequence --- -------------- this domain -------------   hmm coord   ali coord   env coord
# target name        accession   tlen query name           accession   qlen   E-value  score  bias   #  of  c-Evalue  i-Evalue  score  bias  from    to  from    to  from    to  acc description of target
#------------------- ---------- ----- -------------------- ---------- ----- --------- ------ ----- --- --- --------- --------- ------ ----- ----- ----- ----- ----- ----- ----- ---- ---------------------
g871.t1              -            184 552949at33208        -            146   2.8e-08   29.8   0.4   1   1   2.3e-10   4.5e-08   29.2   0.4    70   135    72   138    60   147 0.84 -
g874.t1              -           1436 552949at33208        -            146      0.23    7.4  12.7   1   2     0.093        18    1.3   0.9    32   127    43   142    30   158 0.58 -
g874.t1              -           1436 552949at33208        -            146      0.23    7.4  12.7   2   2   5.8e-05     0.011   11.7   2.6     1    28   272   299   272   315 0.88 -
g889.t1              -           1543 552949at33208        -            146      0.29    7.1  13.5   1   2     0.076        15    1.5   1.3    30   127    41   142    30   159 0.74 -
g889.t1              -           1543 552949at33208        -            146      0.29    7.1  13.5   2   2   6.3e-05     0.012   11.5   2.6     1    28   272   299   272   315 0.88 -
g840.t1              -            965 552949at33208        -            146       1.7    4.6  17.6   1   3     0.042       8.2    2.4   1.3    30   127    41   142    30   159 0.74 -
g840.t1              -            965 552949at33208        -            146       1.7    4.6  17.6   2   3   4.1e-05    0.0081   12.1   2.5     1    28   272   299   272   315 0.88 -
g840.t1              -            965 552949at33208        -            146       1.7    4.6  17.6   3   3       2.5     5e+02   -3.4   0.1    38    64   458   484   448   493 0.75 -
g830.t1              -            496 552949at33208        -            146       4.2    3.3  20.8   1   4     0.088        17    1.3   2.5    32   127    43   142    31   159 0.57 -
g830.t1              -            496 552949at33208        -            146       4.2    3.3  20.8   2   4     2e-05    0.0039   13.1   2.6     1    28   272   299   272   314 0.88 -
g830.t1              -            496 552949at33208        -            146       4.2    3.3  20.8   3   4      0.72   1.4e+02   -1.6   0.1   121   134   312   325   308   334 0.74 -
g830.t1              -            496 552949at33208        -            146       4.2    3.3  20.8   4   4       1.2   2.4e+02   -2.4   0.1    37    63   457   483   442   490 0.75 -
#
# Program:         hmmsearch
# Version:         3.3.2 (Nov 2020)
# Pipeline mode:   SEARCH
# Query file:      mb_downloads/metazoa_odb10/hmms/552949at33208.hmm
# Target file:     /workspace/BGA24/BRAKER3/augustus.hints.aa
# Option settings: /opt/compleasm_kit/hmmsearch --domtblout /workspace/BGA24/BRAKER3/bbc/augustus/metazoa_odb10_hmmsearch_output/552949at33208.out --cpu 1 mb_downloads/metazoa_odb10/hmms/552949at33208.hmm /workspace/BGA24/BRAKER3/augustus.hints.aa 
# Current dir:     /workspace/BGA24/BRAKER3
# Date:            Fri Oct  4 09:46:13 2024
# [ok]
