#                                                                            --- full sequence --- -------------- this domain -------------   hmm coord   ali coord   env coord
# target name        accession   tlen query name           accession   qlen   E-value  score  bias   #  of  c-Evalue  i-Evalue  score  bias  from    to  from    to  from    to  acc description of target
#------------------- ---------- ----- -------------------- ---------- ----- --------- ------ ----- --- --- --------- --------- ------ ----- ----- ----- ----- ----- ----- ----- ---- ---------------------
g470.t1              -           1745 573313at33208        -            258   2.5e-32  108.0   9.1   1   5   5.7e-05    0.0094   11.1   0.1     2    34   460   492   459   493 0.72 -
g470.t1              -           1745 573313at33208        -            258   2.5e-32  108.0   9.1   2   5   1.6e-09   2.6e-07   26.0   0.0     1    64   492   559   492   563 0.86 -
g470.t1              -           1745 573313at33208        -            258   2.5e-32  108.0   9.1   3   5   2.8e-10   4.6e-08   28.5   0.1     4    69   563   632   559   637 0.90 -
g470.t1              -           1745 573313at33208        -            258   2.5e-32  108.0   9.1   4   5   0.00077      0.13    7.4   0.0    22    64   641   686   638   688 0.81 -
g470.t1              -           1745 573313at33208        -            258   2.5e-32  108.0   9.1   5   5   3.3e-13   5.5e-11   38.1   0.6     1    90   686   782   686   789 0.89 -
g126.t1              -           1119 573313at33208        -            258   4.4e-18   61.3   2.4   1   4       1.3   2.2e+02   -3.2   0.0   184   222   314   350   313   376 0.68 -
g126.t1              -           1119 573313at33208        -            258   4.4e-18   61.3   2.4   2   4   1.5e-10   2.5e-08   29.4   0.1     1    89   847   941   847   946 0.84 -
g126.t1              -           1119 573313at33208        -            258   4.4e-18   61.3   2.4   3   4     0.024         4    2.5   0.0    32    75   949   996   946  1019 0.70 -
g126.t1              -           1119 573313at33208        -            258   4.4e-18   61.3   2.4   4   4   9.3e-10   1.5e-07   26.8   0.0     4    87  1020  1111  1017  1113 0.86 -
g443.t1              -           1756 573313at33208        -            258   1.6e-13   46.4   2.6   1   5     2e-06   0.00033   15.9   0.1     7    63    97   161    92   165 0.74 -
g443.t1              -           1756 573313at33208        -            258   1.6e-13   46.4   2.6   2   5   0.00024     0.039    9.1   0.0     9    89   198   280   193   291 0.84 -
g443.t1              -           1756 573313at33208        -            258   1.6e-13   46.4   2.6   3   5   0.00083      0.14    7.3   0.2    21    65   379   423   354   433 0.83 -
g443.t1              -           1756 573313at33208        -            258   1.6e-13   46.4   2.6   4   5    0.0021      0.34    6.0   0.0     2    45   466   512   465   531 0.84 -
g443.t1              -           1756 573313at33208        -            258   1.6e-13   46.4   2.6   5   5      0.15        25   -0.1   0.0    11    39   740   768   735   786 0.77 -
g809.t1              -           1103 573313at33208        -            258   2.8e-13   45.6  14.6   1  15      0.55        90   -2.0   0.0    14    59    74   126    71   136 0.54 -
g809.t1              -           1103 573313at33208        -            258   2.8e-13   45.6  14.6   2  15      0.16        26   -0.2   0.0    10    29   147   166   138   203 0.60 -
g809.t1              -           1103 573313at33208        -            258   2.8e-13   45.6  14.6   3  15     0.018         3    2.9   0.0     5    29   210   234   204   237 0.90 -
g809.t1              -           1103 573313at33208        -            258   2.8e-13   45.6  14.6   4  15     0.013       2.2    3.3   0.0     8    56   247   299   243   302 0.59 -
g809.t1              -           1103 573313at33208        -            258   2.8e-13   45.6  14.6   5  15     0.039       6.4    1.8   0.0     4    29   277   302   272   334 0.87 -
g809.t1              -           1103 573313at33208        -            258   2.8e-13   45.6  14.6   6  15      0.34        55   -1.3   0.0     5    29   346   370   343   375 0.88 -
g809.t1              -           1103 573313at33208        -            258   2.8e-13   45.6  14.6   7  15     0.008       1.3    4.1   0.0     8    57   383   436   375   440 0.66 -
g809.t1              -           1103 573313at33208        -            258   2.8e-13   45.6  14.6   8  15     0.033       5.4    2.1   0.0     4    29   413   438   408   473 0.79 -
g809.t1              -           1103 573313at33208        -            258   2.8e-13   45.6  14.6   9  15      0.15        24   -0.1   0.0     6    30   449   473   444   507 0.55 -
g809.t1              -           1103 573313at33208        -            258   2.8e-13   45.6  14.6  10  15     0.057       9.4    1.3   0.0     5    28   516   539   512   543 0.90 -
g809.t1              -           1103 573313at33208        -            258   2.8e-13   45.6  14.6  11  15    0.0035      0.57    5.3   0.0     4    29   549   574   546   581 0.90 -
g809.t1              -           1103 573313at33208        -            258   2.8e-13   45.6  14.6  12  15      0.11        18    0.4   0.0    10    53   604   647   601   657 0.79 -
g809.t1              -           1103 573313at33208        -            258   2.8e-13   45.6  14.6  13  15   0.00017     0.029    9.5   0.0     2    30   661   689   660   692 0.92 -
g809.t1              -           1103 573313at33208        -            258   2.8e-13   45.6  14.6  14  15    0.0011      0.18    6.9   0.0     2    61   693   756   692   761 0.81 -
g809.t1              -           1103 573313at33208        -            258   2.8e-13   45.6  14.6  15  15      0.15        25   -0.1   0.3   122   191   876   949   861   976 0.68 -
g103.t1              -           4148 573313at33208        -            258   2.9e-13   45.6   0.4   1   4     0.069        11    1.0   0.0    22    60  2380  2421  2377  2429 0.84 -
g103.t1              -           4148 573313at33208        -            258   2.9e-13   45.6   0.4   2   4   4.3e-08   7.1e-06   21.3   0.1     7    66  2431  2493  2424  2496 0.88 -
g103.t1              -           4148 573313at33208        -            258   2.9e-13   45.6   0.4   3   4   1.6e-07   2.6e-05   19.5   0.0     1    66  2491  2564  2491  2566 0.87 -
g103.t1              -           4148 573313at33208        -            258   2.9e-13   45.6   0.4   4   4   2.8e-05    0.0045   12.1   0.0     9    60  2537  2591  2531  2596 0.92 -
g591.t1              -            864 573313at33208        -            258   9.1e-07   24.2   1.0   1   3   2.4e-06   0.00039   15.6   0.0    38    84   580   629   551   636 0.70 -
g591.t1              -            864 573313at33208        -            258   9.1e-07   24.2   1.0   2   3      0.69   1.1e+02   -2.3   0.0     5    30   656   681   654   720 0.69 -
g591.t1              -            864 573313at33208        -            258   9.1e-07   24.2   1.0   3   3    0.0024      0.39    5.8   0.1     9    63   742   801   734   809 0.80 -
#
# Program:         hmmsearch
# Version:         3.3.2 (Nov 2020)
# Pipeline mode:   SEARCH
# Query file:      mb_downloads/metazoa_odb10/hmms/573313at33208.hmm
# Target file:     /workspace/BGA24/BRAKER3/augustus.hints.aa
# Option settings: /opt/compleasm_kit/hmmsearch --domtblout /workspace/BGA24/BRAKER3/bbc/augustus/metazoa_odb10_hmmsearch_output/573313at33208.out --cpu 1 mb_downloads/metazoa_odb10/hmms/573313at33208.hmm /workspace/BGA24/BRAKER3/augustus.hints.aa 
# Current dir:     /workspace/BGA24/BRAKER3
# Date:            Fri Oct  4 09:46:13 2024
# [ok]
