#                                                                            --- full sequence --- -------------- this domain -------------   hmm coord   ali coord   env coord
# target name        accession   tlen query name           accession   qlen   E-value  score  bias   #  of  c-Evalue  i-Evalue  score  bias  from    to  from    to  from    to  acc description of target
#------------------- ---------- ----- -------------------- ---------- ----- --------- ------ ----- --- --- --------- --------- ------ ----- ----- ----- ----- ----- ----- ----- ---- ---------------------
g248.t1              -            511 580896at33208        -            266   0.00017   16.6   0.1   1   2   1.2e-06   0.00017   16.6   0.1    33    68    65    99    57   106 0.80 -
g248.t1              -            511 580896at33208        -            266   0.00017   16.6   0.1   2   2      0.54        76   -1.9   0.3   179   224   458   505   438   507 0.72 -
g253.t1              -           2169 580896at33208        -            266   0.00038   15.5   0.1   1   2      0.51        71   -1.8   2.0   166   241   920   999   897  1018 0.78 -
g253.t1              -           2169 580896at33208        -            266   0.00038   15.5   0.1   2   2   2.7e-06   0.00038   15.5   0.1    31    67  1090  1126  1082  1132 0.76 -
g244.t1              -           1601 580896at33208        -            266   0.00072   14.6   0.1   1   4       0.9   1.3e+02   -2.6   0.1   198   233   620   655   598   669 0.80 -
g244.t1              -           1601 580896at33208        -            266   0.00072   14.6   0.1   2   4      0.93   1.3e+02   -2.7   0.0   110   139  1009  1038  1002  1042 0.82 -
g244.t1              -           1601 580896at33208        -            266   0.00072   14.6   0.1   3   4      0.84   1.2e+02   -2.5   0.6   153   233  1177  1259  1167  1280 0.66 -
g244.t1              -           1601 580896at33208        -            266   0.00072   14.6   0.1   4   4   5.1e-06   0.00072   14.6   0.1    30    67  1352  1388  1346  1394 0.78 -
g241.t1              -           2165 580896at33208        -            266     0.001   14.0   0.1   1   3       2.2   3.1e+02   -3.9   0.1   198   231   342   375   322   379 0.83 -
g241.t1              -           2165 580896at33208        -            266     0.001   14.0   0.1   2   3      0.21        30   -0.6   1.6   165   211   902   950   878  1002 0.68 -
g241.t1              -           2165 580896at33208        -            266     0.001   14.0   0.1   3   3   7.4e-06     0.001   14.0   0.1    31    67  1072  1108  1064  1114 0.76 -
g255.t1              -           1550 580896at33208        -            266    0.0014   13.6   0.1   1   3      0.74     1e+02   -2.3   0.0   110   140   116   146   108   150 0.82 -
g255.t1              -           1550 580896at33208        -            266    0.0014   13.6   0.1   2   3      0.14        20   -0.0   1.6   153   243   284   376   271   393 0.76 -
g255.t1              -           1550 580896at33208        -            266    0.0014   13.6   0.1   3   3     1e-05    0.0014   13.6   0.1    33    67   471   504   462   510 0.77 -
g255.t2              -           2562 580896at33208        -            266    0.0025   12.8   0.1   1   3       1.5   2.1e+02   -3.4   0.0   110   139  1128  1157  1122  1161 0.83 -
g255.t2              -           2562 580896at33208        -            266    0.0025   12.8   0.1   2   3      0.24        34   -0.7   1.4   153   243  1296  1388  1284  1405 0.76 -
g255.t2              -           2562 580896at33208        -            266    0.0025   12.8   0.1   3   3   1.7e-05    0.0025   12.8   0.1    33    67  1483  1516  1474  1522 0.77 -
g320.t1              -           2517 580896at33208        -            266     0.003   12.5   0.1   1   3     0.017       2.4    3.0   0.3   103   165  1106  1171  1095  1197 0.70 -
g320.t1              -           2517 580896at33208        -            266     0.003   12.5   0.1   2   3      0.24        34   -0.8   1.2   147   238  1270  1360  1261  1379 0.79 -
g320.t1              -           2517 580896at33208        -            266     0.003   12.5   0.1   3   3   2.1e-05     0.003   12.5   0.1    40    68  1466  1494  1455  1500 0.87 -
#
# Program:         hmmsearch
# Version:         3.3.2 (Nov 2020)
# Pipeline mode:   SEARCH
# Query file:      mb_downloads/metazoa_odb10/hmms/580896at33208.hmm
# Target file:     /workspace/BGA24/BRAKER3/augustus.hints.aa
# Option settings: /opt/compleasm_kit/hmmsearch --domtblout /workspace/BGA24/BRAKER3/bbc/augustus/metazoa_odb10_hmmsearch_output/580896at33208.out --cpu 1 mb_downloads/metazoa_odb10/hmms/580896at33208.hmm /workspace/BGA24/BRAKER3/augustus.hints.aa 
# Current dir:     /workspace/BGA24/BRAKER3
# Date:            Fri Oct  4 09:46:15 2024
# [ok]
