#                                                                            --- full sequence --- -------------- this domain -------------   hmm coord   ali coord   env coord
# target name        accession   tlen query name           accession   qlen   E-value  score  bias   #  of  c-Evalue  i-Evalue  score  bias  from    to  from    to  from    to  acc description of target
#------------------- ---------- ----- -------------------- ---------- ----- --------- ------ ----- --- --- --------- --------- ------ ----- ----- ----- ----- ----- ----- ----- ---- ---------------------
g362.t1              -            241 623995at33208        -             68   1.1e-06   24.2   0.1   1  13     0.031        10    1.9   0.0    16    33    17    34     8    46 0.50 -
g362.t1              -            241 623995at33208        -             68   1.1e-06   24.2   0.1   2  13     0.046        15    1.4   0.0     8    32    27    51    25    55 0.67 -
g362.t1              -            241 623995at33208        -             68   1.1e-06   24.2   0.1   3  13     0.071        23    0.8   0.0     8    30    36    58    34    64 0.74 -
g362.t1              -            241 623995at33208        -             68   1.1e-06   24.2   0.1   4  13      0.05        16    1.3   0.0     8    31    54    77    45    81 0.76 -
g362.t1              -            241 623995at33208        -             68   1.1e-06   24.2   0.1   5  13     0.043        14    1.5   0.0     8    27    72    91    62   102 0.61 -
g362.t1              -            241 623995at33208        -             68   1.1e-06   24.2   0.1   6  13     0.054        18    1.1   0.0     8    30    81   103    79   110 0.64 -
g362.t1              -            241 623995at33208        -             68   1.1e-06   24.2   0.1   7  13      0.09        30    0.4   0.0     8    29    90   111    88   117 0.70 -
g362.t1              -            241 623995at33208        -             68   1.1e-06   24.2   0.1   8  13     0.035        11    1.8   0.0     8    27   117   136   106   145 0.59 -
g362.t1              -            241 623995at33208        -             68   1.1e-06   24.2   0.1   9  13     0.077        25    0.7   0.0     8    29   135   156   134   163 0.60 -
g362.t1              -            241 623995at33208        -             68   1.1e-06   24.2   0.1  10  13     0.041        13    1.5   0.0     8    24   153   169   141   180 0.53 -
g362.t1              -            241 623995at33208        -             68   1.1e-06   24.2   0.1  11  13     0.097        32    0.3   0.0     8    27   171   190   169   197 0.63 -
g362.t1              -            241 623995at33208        -             68   1.1e-06   24.2   0.1  12  13     0.055        18    1.1   0.0     8    28   180   200   175   212 0.60 -
g362.t1              -            241 623995at33208        -             68   1.1e-06   24.2   0.1  13  13     0.009         3    3.6   0.0     8    35   198   225   189   228 0.82 -
g175.t2              -           1068 623995at33208        -             68   0.00066   15.3   1.4   1   3    0.0091         3    3.6   0.1     6    30   287   311   283   316 0.89 -
g175.t2              -           1068 623995at33208        -             68   0.00066   15.3   1.4   2   3    0.0015       0.5    6.1   0.1     6    31   350   375   345   380 0.90 -
g175.t2              -           1068 623995at33208        -             68   0.00066   15.3   1.4   3   3     0.025       8.2    2.2   0.0    23    46   664   687   655   695 0.81 -
g21.t1               -            632 623995at33208        -             68    0.0061   12.2   0.0   1   1   4.4e-05     0.014   11.0   0.0    17    62   481   527   470   529 0.88 -
#
# Program:         hmmsearch
# Version:         3.3.2 (Nov 2020)
# Pipeline mode:   SEARCH
# Query file:      mb_downloads/metazoa_odb10/hmms/623995at33208.hmm
# Target file:     /workspace/BGA24/BRAKER3/augustus.hints.aa
# Option settings: /opt/compleasm_kit/hmmsearch --domtblout /workspace/BGA24/BRAKER3/bbc/augustus/metazoa_odb10_hmmsearch_output/623995at33208.out --cpu 1 mb_downloads/metazoa_odb10/hmms/623995at33208.hmm /workspace/BGA24/BRAKER3/augustus.hints.aa 
# Current dir:     /workspace/BGA24/BRAKER3
# Date:            Fri Oct  4 09:46:14 2024
# [ok]
