#                                                                            --- full sequence --- -------------- this domain -------------   hmm coord   ali coord   env coord
# target name        accession   tlen query name           accession   qlen   E-value  score  bias   #  of  c-Evalue  i-Evalue  score  bias  from    to  from    to  from    to  acc description of target
#------------------- ---------- ----- -------------------- ---------- ----- --------- ------ ----- --- --- --------- --------- ------ ----- ----- ----- ----- ----- ----- ----- ---- ---------------------
g10.t1               -            314 99987at33208         -            734   9.3e-38  125.7  20.4   1   3   1.8e-10   3.6e-08   27.9   0.2   124   198    11    93     5    98 0.84 -
g10.t1               -            314 99987at33208         -            734   9.3e-38  125.7  20.4   2   3   9.3e-19   1.8e-16   55.3   4.5   455   573    58   181    54   185 0.92 -
g10.t1               -            314 99987at33208         -            734   9.3e-38  125.7  20.4   3   3   4.4e-22   8.6e-20   66.3   2.8   356   570    91   308    91   312 0.84 -
g95.t2               -           2261 99987at33208         -            734   7.6e-10   33.4   4.7   1   3     0.043       8.5    0.2   0.0   526   570  1707  1751  1696  1755 0.81 -
g95.t2               -           2261 99987at33208         -            734   7.6e-10   33.4   4.7   2   3   1.2e-11   2.3e-09   31.8   2.3    79   197  1767  1894  1763  1902 0.58 -
g95.t2               -           2261 99987at33208         -            734   7.6e-10   33.4   4.7   3   3   0.00095      0.19    5.7   0.1   382   408  1877  1903  1859  1916 0.80 -
g95.t1               -           2253 99987at33208         -            734   7.9e-10   33.3   4.7   1   3     0.043       8.4    0.2   0.0   526   570  1699  1743  1688  1747 0.82 -
g95.t1               -           2253 99987at33208         -            734   7.9e-10   33.3   4.7   2   3   1.2e-11   2.3e-09   31.8   2.4    79   197  1759  1886  1754  1894 0.57 -
g95.t1               -           2253 99987at33208         -            734   7.9e-10   33.3   4.7   3   3   0.00094      0.19    5.7   0.1   382   408  1869  1895  1851  1908 0.80 -
g323.t1              -            425 99987at33208         -            734   2.5e-06   21.8   0.1   1   1   4.2e-08   8.3e-06   20.0   0.1    90   155    63   131    39   139 0.76 -
g18.t1               -            746 99987at33208         -            734   6.1e-05   17.2   2.0   1   3    0.0077       1.5    2.6   0.3   224   293   258   324   245   333 0.70 -
g18.t1               -            746 99987at33208         -            734   6.1e-05   17.2   2.0   2   3    0.0057       1.1    3.1   0.0    63    82   430   449   419   508 0.83 -
g18.t1               -            746 99987at33208         -            734   6.1e-05   17.2   2.0   3   3    0.0001      0.02    8.8   0.1   515   572   543   604   533   647 0.65 -
#
# Program:         hmmsearch
# Version:         3.3.2 (Nov 2020)
# Pipeline mode:   SEARCH
# Query file:      mb_downloads/metazoa_odb10/hmms/99987at33208.hmm
# Target file:     /workspace/BGA24/BRAKER3/augustus.hints.aa
# Option settings: /opt/compleasm_kit/hmmsearch --domtblout /workspace/BGA24/BRAKER3/bbc/augustus/metazoa_odb10_hmmsearch_output/99987at33208.out --cpu 1 mb_downloads/metazoa_odb10/hmms/99987at33208.hmm /workspace/BGA24/BRAKER3/augustus.hints.aa 
# Current dir:     /workspace/BGA24/BRAKER3
# Date:            Fri Oct  4 09:46:14 2024
# [ok]
