#                                                                            --- full sequence --- -------------- this domain -------------   hmm coord   ali coord   env coord
# target name        accession   tlen query name           accession   qlen   E-value  score  bias   #  of  c-Evalue  i-Evalue  score  bias  from    to  from    to  from    to  acc description of target
#------------------- ---------- ----- -------------------- ---------- ----- --------- ------ ----- --- --- --------- --------- ------ ----- ----- ----- ----- ----- ----- ----- ---- ---------------------
g8.t1                -            314 111746at33208        -            606   6.9e-24   79.8  12.3   1   3   8.4e-22   1.4e-19   65.5   9.8   281   449    28   225    11   230 0.78 -
g8.t1                -            314 111746at33208        -            606   6.9e-24   79.8  12.3   2   3   5.8e-07    0.0001   16.5   0.0    72   131   188   246   183   268 0.73 -
g8.t1                -            314 111746at33208        -            606   6.9e-24   79.8  12.3   3   3   0.00049     0.084    6.8   0.0    73   108   275   312   262   313 0.79 -
g79.t1               -           2253 111746at33208        -            606   3.5e-08   27.9   2.6   1   3      0.13        22   -1.2   0.0    71   107  1711  1746  1699  1753 0.70 -
g79.t1               -           2253 111746at33208        -            606   3.5e-08   27.9   2.6   2   3   2.6e-08   4.4e-06   21.0   0.2    74   127  1765  1818  1757  1836 0.87 -
g79.t1               -           2253 111746at33208        -            606   3.5e-08   27.9   2.6   3   3    0.0023      0.39    4.6   0.1    79   106  1860  1887  1853  1902 0.75 -
g79.t2               -           2261 111746at33208        -            606   3.6e-08   27.9   2.6   1   3     0.076        13   -0.4   0.0    71   107  1719  1754  1700  1763 0.52 -
g79.t2               -           2261 111746at33208        -            606   3.6e-08   27.9   2.6   2   3   2.6e-08   4.4e-06   20.9   0.2    74   127  1773  1826  1765  1844 0.87 -
g79.t2               -           2261 111746at33208        -            606   3.6e-08   27.9   2.6   3   3    0.0023      0.39    4.6   0.1    79   106  1868  1895  1861  1910 0.75 -
g248.t1              -            425 111746at33208        -            606   2.3e-07   25.2   0.1   1   1   1.9e-08   3.2e-06   21.4   0.1   344   447    27   133    18   148 0.58 -
g16.t1               -            746 111746at33208        -            606     0.009   10.0   3.5   1   4      0.81   1.4e+02   -3.8   0.0   509   559   106   155   105   170 0.73 -
g16.t1               -            746 111746at33208        -            606     0.009   10.0   3.5   2   4      0.15        26   -1.4   0.0    79   108   419   449   415   459 0.79 -
g16.t1               -            746 111746at33208        -            606     0.009   10.0   3.5   3   4     0.018       3.1    1.6   0.2   454   493   461   507   428   513 0.64 -
g16.t1               -            746 111746at33208        -            606     0.009   10.0   3.5   4   4   0.00021     0.036    8.0   0.1    74   134   571   634   536   665 0.73 -
#
# Program:         hmmsearch
# Version:         3.3.2 (Nov 2020)
# Pipeline mode:   SEARCH
# Query file:      mb_downloads/metazoa_odb10/hmms/111746at33208.hmm
# Target file:     /workspace/BGA24/BRAKER3/braker.aa
# Option settings: /opt/compleasm_kit/hmmsearch --domtblout /workspace/BGA24/BRAKER3/bbc/braker/metazoa_odb10_hmmsearch_output/111746at33208.out --cpu 1 mb_downloads/metazoa_odb10/hmms/111746at33208.hmm /workspace/BGA24/BRAKER3/braker.aa 
# Current dir:     /workspace/BGA24/BRAKER3
# Date:            Fri Oct  4 09:46:11 2024
# [ok]
