#                                                                            --- full sequence --- -------------- this domain -------------   hmm coord   ali coord   env coord
# target name        accession   tlen query name           accession   qlen   E-value  score  bias   #  of  c-Evalue  i-Evalue  score  bias  from    to  from    to  from    to  acc description of target
#------------------- ---------- ----- -------------------- ---------- ----- --------- ------ ----- --- --- --------- --------- ------ ----- ----- ----- ----- ----- ----- ----- ---- ---------------------
g740.t1              -            683 255924at33208        -            501   6.3e-63  208.7   0.0   1   1   6.1e-65     1e-62  208.0   0.0    10   355   230   609   225   648 0.84 -
g274.t1              -            842 255924at33208        -            501     1e-09   33.2   0.0   1   2   3.9e-07   6.6e-05   17.3   0.0    42   160   180   297   146   311 0.80 -
g274.t1              -            842 255924at33208        -            501     1e-09   33.2   0.0   2   2   5.4e-06   0.00092   13.6   0.0   275   342   592   657   579   756 0.80 -
g275.t1              -            850 255924at33208        -            501   2.8e-08   28.5   0.0   1   2   1.3e-06   0.00022   15.6   0.0    35   161   183   310   152   328 0.78 -
g275.t1              -            850 255924at33208        -            501   2.8e-08   28.5   0.0   2   2   4.9e-05    0.0085   10.4   0.0   280   340   606   664   594   708 0.88 -
g718.t1              -            132 255924at33208        -            501    0.0022   12.3   0.0   1   1   1.4e-05    0.0023   12.2   0.0    23   114    16   106     9   128 0.69 -
g136.t1              -            137 255924at33208        -            501    0.0036   11.6   0.0   1   1   2.1e-05    0.0036   11.6   0.0    23    85    16    81     9   132 0.70 -
#
# Program:         hmmsearch
# Version:         3.3.2 (Nov 2020)
# Pipeline mode:   SEARCH
# Query file:      mb_downloads/metazoa_odb10/hmms/255924at33208.hmm
# Target file:     /workspace/BGA24/BRAKER3/braker.aa
# Option settings: /opt/compleasm_kit/hmmsearch --domtblout /workspace/BGA24/BRAKER3/bbc/braker/metazoa_odb10_hmmsearch_output/255924at33208.out --cpu 1 mb_downloads/metazoa_odb10/hmms/255924at33208.hmm /workspace/BGA24/BRAKER3/braker.aa 
# Current dir:     /workspace/BGA24/BRAKER3
# Date:            Fri Oct  4 09:46:09 2024
# [ok]
