#                                                                            --- full sequence --- -------------- this domain -------------   hmm coord   ali coord   env coord
# target name        accession   tlen query name           accession   qlen   E-value  score  bias   #  of  c-Evalue  i-Evalue  score  bias  from    to  from    to  from    to  acc description of target
#------------------- ---------- ----- -------------------- ---------- ----- --------- ------ ----- --- --- --------- --------- ------ ----- ----- ----- ----- ----- ----- ----- ---- ---------------------
g8.t1                -            314 361203at33208        -            388   9.1e-13   43.5   9.6   1   4    0.0041       0.7    4.3   0.0    60    98     9    47     7    59 0.90 -
g8.t1                -            314 361203at33208        -            388   9.1e-13   43.5   9.6   2   4   8.3e-11   1.4e-08   29.6   0.4   237   307    60   134    48   143 0.84 -
g8.t1                -            314 361203at33208        -            388   9.1e-13   43.5   9.6   3   4   0.00014     0.024    9.1   0.2    63    97   145   180   139   201 0.80 -
g8.t1                -            314 361203at33208        -            388   9.1e-13   43.5   9.6   4   4    0.0073       1.3    3.5   0.0    64   101   190   226   185   236 0.84 -
g16.t1               -            746 361203at33208        -            388   8.1e-08   27.2   3.8   1   5      0.12        20   -0.5   0.2   331   378   139   187   132   194 0.71 -
g16.t1               -            746 361203at33208        -            388   8.1e-08   27.2   3.8   2   5   0.00025     0.044    8.3   0.0    67    99   417   449   415   460 0.90 -
g16.t1               -            746 361203at33208        -            388   8.1e-08   27.2   3.8   3   5      0.46        79   -2.4   0.0    80    98   482   500   459   511 0.59 -
g16.t1               -            746 361203at33208        -            388   8.1e-08   27.2   3.8   4   5   1.6e-05    0.0027   12.3   0.0   202   272   534   606   529   618 0.89 -
g16.t1               -            746 361203at33208        -            388   8.1e-08   27.2   3.8   5   5    0.0074       1.3    3.5   0.0   203   251   621   674   609   682 0.74 -
g248.t1              -            425 361203at33208        -            388   1.3e-05   19.9   0.1   1   2     0.027       4.7    1.6   0.0   286   312    68    93    22    98 0.80 -
g248.t1              -            425 361203at33208        -            388   1.3e-05   19.9   0.1   2   2   8.6e-07   0.00015   16.4   0.0    58    97    94   132    90   141 0.85 -
g79.t1               -           2253 361203at33208        -            388      0.13    6.8   5.6   1   3      0.22        38   -1.4   0.3   319   361  1042  1084  1030  1094 0.85 -
g79.t1               -           2253 361203at33208        -            388      0.13    6.8   5.6   2   3   0.00086      0.15    6.6   0.5    61   108  1762  1815  1758  1881 0.65 -
g79.t1               -           2253 361203at33208        -            388      0.13    6.8   5.6   3   3     0.032       5.5    1.4   0.0    80   101  1870  1891  1859  1898 0.82 -
g79.t2               -           2261 361203at33208        -            388      0.13    6.8   5.6   1   3      0.22        38   -1.4   0.3   319   361  1042  1084  1030  1094 0.85 -
g79.t2               -           2261 361203at33208        -            388      0.13    6.8   5.6   2   3   0.00087      0.15    6.5   0.5    61   108  1770  1823  1766  1889 0.65 -
g79.t2               -           2261 361203at33208        -            388      0.13    6.8   5.6   3   3     0.032       5.5    1.4   0.0    80   101  1878  1899  1867  1906 0.82 -
#
# Program:         hmmsearch
# Version:         3.3.2 (Nov 2020)
# Pipeline mode:   SEARCH
# Query file:      mb_downloads/metazoa_odb10/hmms/361203at33208.hmm
# Target file:     /workspace/BGA24/BRAKER3/braker.aa
# Option settings: /opt/compleasm_kit/hmmsearch --domtblout /workspace/BGA24/BRAKER3/bbc/braker/metazoa_odb10_hmmsearch_output/361203at33208.out --cpu 1 mb_downloads/metazoa_odb10/hmms/361203at33208.hmm /workspace/BGA24/BRAKER3/braker.aa 
# Current dir:     /workspace/BGA24/BRAKER3
# Date:            Fri Oct  4 09:46:09 2024
# [ok]
