#                                                                            --- full sequence --- -------------- this domain -------------   hmm coord   ali coord   env coord
# target name        accession   tlen query name           accession   qlen   E-value  score  bias   #  of  c-Evalue  i-Evalue  score  bias  from    to  from    to  from    to  acc description of target
#------------------- ---------- ----- -------------------- ---------- ----- --------- ------ ----- --- --- --------- --------- ------ ----- ----- ----- ----- ----- ----- ----- ---- ---------------------
g78.t1               -            348 361216at33208        -            320   1.2e-06   23.3   0.1   1   2     2e-05    0.0056   11.3   0.0    48   131   130   215   117   233 0.66 -
g78.t1               -            348 361216at33208        -            320   1.2e-06   23.3   0.1   2   2     6e-05     0.017    9.7   0.0    47   134   247   334   226   344 0.72 -
g370.t1              -            654 361216at33208        -            320   1.3e-05   19.9   0.1   1   3    0.0012      0.35    5.4   0.0   200   225   341   366   320   373 0.84 -
g370.t1              -            654 361216at33208        -            320   1.3e-05   19.9   0.1   2   3     0.011         3    2.3   0.0   199   223   398   422   375   434 0.87 -
g370.t1              -            654 361216at33208        -            320   1.3e-05   19.9   0.1   3   3   0.00023     0.065    7.8   0.0   180   231   486   538   452   575 0.76 -
g370.t2              -            473 361216at33208        -            320    0.0049   11.5   0.0   1   2   0.00074      0.21    6.1   0.0   200   225   341   366   320   384 0.85 -
g370.t2              -            473 361216at33208        -            320    0.0049   11.5   0.0   2   2    0.0072         2    2.9   0.0   199   223   398   422   374   433 0.87 -
#
# Program:         hmmsearch
# Version:         3.3.2 (Nov 2020)
# Pipeline mode:   SEARCH
# Query file:      mb_downloads/metazoa_odb10/hmms/361216at33208.hmm
# Target file:     /workspace/BGA24/BRAKER3/braker.aa
# Option settings: /opt/compleasm_kit/hmmsearch --domtblout /workspace/BGA24/BRAKER3/bbc/braker/metazoa_odb10_hmmsearch_output/361216at33208.out --cpu 1 mb_downloads/metazoa_odb10/hmms/361216at33208.hmm /workspace/BGA24/BRAKER3/braker.aa 
# Current dir:     /workspace/BGA24/BRAKER3
# Date:            Fri Oct  4 09:46:11 2024
# [ok]
