#                                                                            --- full sequence --- -------------- this domain -------------   hmm coord   ali coord   env coord
# target name        accession   tlen query name           accession   qlen   E-value  score  bias   #  of  c-Evalue  i-Evalue  score  bias  from    to  from    to  from    to  acc description of target
#------------------- ---------- ----- -------------------- ---------- ----- --------- ------ ----- --- --- --------- --------- ------ ----- ----- ----- ----- ----- ----- ----- ---- ---------------------
g558.t1              -            461 367596at33208        -            524   1.7e-44  148.1   0.2   1   2   1.4e-29   2.5e-27   91.5   0.0     3   172    39   230    37   280 0.80 -
g558.t1              -            461 367596at33208        -            524   1.7e-44  148.1   0.2   2   2   1.9e-18   3.2e-16   54.8   0.0   224   301   316   396   311   415 0.89 -
g604.t1              -            207 367596at33208        -            524   6.5e-19   63.7   0.0   1   1   5.1e-21   8.8e-19   63.2   0.0     3   161    24   199    22   202 0.83 -
g136.t1              -            137 367596at33208        -            524   4.9e-14   47.6   0.0   1   1   3.5e-16   5.9e-14   47.3   0.0     4   106    26   132    23   135 0.82 -
g718.t1              -            132 367596at33208        -            524   6.3e-14   47.2   0.0   1   1   4.1e-16     7e-14   47.1   0.0     4   104    26   130    23   131 0.81 -
g740.t1              -            683 367596at33208        -            524   1.4e-10   36.1   0.1   1   2      0.32        55   -2.1   0.0     6    37   256   287   254   291 0.85 -
g740.t1              -            683 367596at33208        -            524   1.4e-10   36.1   0.1   2   2   2.7e-12   4.6e-10   34.5   0.0   186   295   474   587   459   598 0.80 -
#
# Program:         hmmsearch
# Version:         3.3.2 (Nov 2020)
# Pipeline mode:   SEARCH
# Query file:      mb_downloads/metazoa_odb10/hmms/367596at33208.hmm
# Target file:     /workspace/BGA24/BRAKER3/braker.aa
# Option settings: /opt/compleasm_kit/hmmsearch --domtblout /workspace/BGA24/BRAKER3/bbc/braker/metazoa_odb10_hmmsearch_output/367596at33208.out --cpu 1 mb_downloads/metazoa_odb10/hmms/367596at33208.hmm /workspace/BGA24/BRAKER3/braker.aa 
# Current dir:     /workspace/BGA24/BRAKER3
# Date:            Fri Oct  4 09:46:11 2024
# [ok]
