#                                                                            --- full sequence --- -------------- this domain -------------   hmm coord   ali coord   env coord
# target name        accession   tlen query name           accession   qlen   E-value  score  bias   #  of  c-Evalue  i-Evalue  score  bias  from    to  from    to  from    to  acc description of target
#------------------- ---------- ----- -------------------- ---------- ----- --------- ------ ----- --- --- --------- --------- ------ ----- ----- ----- ----- ----- ----- ----- ---- ---------------------
g8.t1                -            314 380583at33208        -            274   1.8e-18   62.4   8.0   1   5   7.9e-07   0.00034   15.6   0.0    40    78     8    46     2    57 0.88 -
g8.t1                -            314 380583at33208        -            274   1.8e-18   62.4   8.0   2   5    0.0008      0.34    5.7   0.1     2    79    62    94    46   103 0.56 -
g8.t1                -            314 380583at33208        -            274   1.8e-18   62.4   8.0   3   5   7.3e-08   3.1e-05   19.0   3.0     2    78    62   135    61   150 0.85 -
g8.t1                -            314 380583at33208        -            274   1.8e-18   62.4   8.0   4   5   2.7e-10   1.2e-07   27.0   1.8     2   108   104   215   103   226 0.78 -
g8.t1                -            314 380583at33208        -            274   1.8e-18   62.4   8.0   5   5   8.7e-09   3.7e-06   22.0   0.0     2   117   191   312   190   313 0.78 -
g16.t1               -            746 380583at33208        -            274   1.1e-09   33.5   0.3   1   3      0.79   3.4e+02   -4.1   0.0    50    65   368   383   363   386 0.79 -
g16.t1               -            746 380583at33208        -            274   1.1e-09   33.5   0.3   2   3   1.5e-06   0.00062   14.7   0.0    18    78   432   499   423   514 0.75 -
g16.t1               -            746 380583at33208        -            274   1.1e-09   33.5   0.3   3   3   6.5e-07   0.00028   15.9   0.0    42   102   568   632   553   658 0.69 -
#
# Program:         hmmsearch
# Version:         3.3.2 (Nov 2020)
# Pipeline mode:   SEARCH
# Query file:      mb_downloads/metazoa_odb10/hmms/380583at33208.hmm
# Target file:     /workspace/BGA24/BRAKER3/braker.aa
# Option settings: /opt/compleasm_kit/hmmsearch --domtblout /workspace/BGA24/BRAKER3/bbc/braker/metazoa_odb10_hmmsearch_output/380583at33208.out --cpu 1 mb_downloads/metazoa_odb10/hmms/380583at33208.hmm /workspace/BGA24/BRAKER3/braker.aa 
# Current dir:     /workspace/BGA24/BRAKER3
# Date:            Fri Oct  4 09:46:10 2024
# [ok]
