#                                                                            --- full sequence --- -------------- this domain -------------   hmm coord   ali coord   env coord
# target name        accession   tlen query name           accession   qlen   E-value  score  bias   #  of  c-Evalue  i-Evalue  score  bias  from    to  from    to  from    to  acc description of target
#------------------- ---------- ----- -------------------- ---------- ----- --------- ------ ----- --- --- --------- --------- ------ ----- ----- ----- ----- ----- ----- ----- ---- ---------------------
g8.t1                -            314 433216at33208        -            257   1.4e-34  115.6   0.2   1   4   6.4e-06    0.0014   14.0   0.0   187   221     6    44     1    53 0.78 -
g8.t1                -            314 433216at33208        -            257   1.4e-34  115.6   0.2   2   4     3e-20   6.3e-18   60.9   1.8   107   225    56   182    50   192 0.86 -
g8.t1                -            314 433216at33208        -            257   1.4e-34  115.6   0.2   3   4   3.9e-09   8.4e-07   24.5   0.0   114   186   192   262   183   271 0.86 -
g8.t1                -            314 433216at33208        -            257   1.4e-34  115.6   0.2   4   4   8.8e-05     0.019   10.2   0.0   117   145   283   311   266   313 0.70 -
g248.t1              -            425 433216at33208        -            257   2.5e-13   45.9   0.2   1   3   1.1e-14   2.4e-12   42.7   0.1    80   187    25   133    14   142 0.89 -
g248.t1              -            425 433216at33208        -            257   2.5e-13   45.9   0.2   2   3         1   2.2e+02   -3.1   0.0    80   106   255   282   243   293 0.56 -
g248.t1              -            425 433216at33208        -            257   2.5e-13   45.9   0.2   3   3      0.13        29   -0.2   0.0    80   111   323   354   313   365 0.88 -
g79.t1               -           2253 433216at33208        -            257   1.3e-06   23.9   1.6   1   3   9.8e-08   2.1e-05   19.9   0.1   121   255  1680  1836  1667  1838 0.73 -
g79.t1               -           2253 433216at33208        -            257   1.3e-06   23.9   1.6   2   3     0.076        16    0.6   0.0    84   111  1868  1895  1852  1906 0.82 -
g79.t1               -           2253 433216at33208        -            257   1.3e-06   23.9   1.6   3   3      0.49   1.1e+02   -2.0   0.0   148   203  2136  2189  2092  2196 0.79 -
g79.t2               -           2261 433216at33208        -            257   1.3e-06   23.9   1.6   1   3   9.8e-08   2.1e-05   19.9   0.1   121   255  1688  1844  1675  1846 0.73 -
g79.t2               -           2261 433216at33208        -            257   1.3e-06   23.9   1.6   2   3     0.076        16    0.6   0.0    84   111  1876  1903  1860  1914 0.82 -
g79.t2               -           2261 433216at33208        -            257   1.3e-06   23.9   1.6   3   3      0.49   1.1e+02   -2.0   0.0   148   203  2144  2197  2100  2204 0.79 -
#
# Program:         hmmsearch
# Version:         3.3.2 (Nov 2020)
# Pipeline mode:   SEARCH
# Query file:      mb_downloads/metazoa_odb10/hmms/433216at33208.hmm
# Target file:     /workspace/BGA24/BRAKER3/braker.aa
# Option settings: /opt/compleasm_kit/hmmsearch --domtblout /workspace/BGA24/BRAKER3/bbc/braker/metazoa_odb10_hmmsearch_output/433216at33208.out --cpu 1 mb_downloads/metazoa_odb10/hmms/433216at33208.hmm /workspace/BGA24/BRAKER3/braker.aa 
# Current dir:     /workspace/BGA24/BRAKER3
# Date:            Fri Oct  4 09:46:11 2024
# [ok]
