#                                                                            --- full sequence --- -------------- this domain -------------   hmm coord   ali coord   env coord
# target name        accession   tlen query name           accession   qlen   E-value  score  bias   #  of  c-Evalue  i-Evalue  score  bias  from    to  from    to  from    to  acc description of target
#------------------- ---------- ----- -------------------- ---------- ----- --------- ------ ----- --- --- --------- --------- ------ ----- ----- ----- ----- ----- ----- ----- ---- ---------------------
g1.t2                -            291 445031at33208        -            313   2.7e-12   42.1   0.4   1   1   4.4e-14   5.4e-12   41.2   0.4   244   308   107   168    90   171 0.91 -
g1.t1                -            355 445031at33208        -            313   3.9e-12   41.7   0.4   1   1   6.2e-14   7.5e-12   40.7   0.4   244   308   107   168    90   171 0.91 -
g661.t1              -            496 445031at33208        -            313   2.1e-11   39.3   0.3   1   2   1.7e-13   2.1e-11   39.3   0.3   245   310    14    76     3    79 0.84 -
g661.t1              -            496 445031at33208        -            313   2.1e-11   39.3   0.3   2   2       1.2   1.4e+02   -2.9   0.0   255   271   457   473   442   479 0.83 -
g692.t1              -           1436 445031at33208        -            313   4.1e-11   38.3   0.3   1   1   6.6e-13   8.1e-11   37.3   0.3   245   310    14    76     4    79 0.84 -
g705.t1              -           1543 445031at33208        -            313   4.4e-11   38.2   0.3   1   1   7.2e-13   8.8e-11   37.2   0.3   245   310    14    76     4    79 0.84 -
g656.t2              -            627 445031at33208        -            313   0.00032   15.7   0.2   1   3   2.6e-06   0.00032   15.7   0.2    59   198   169   305   162   340 0.77 -
g656.t2              -            627 445031at33208        -            313   0.00032   15.7   0.2   2   3      0.17        21   -0.2   0.4   134   194   353   408   340   435 0.69 -
g656.t2              -            627 445031at33208        -            313   0.00032   15.7   0.2   3   3      0.28        35   -0.9   0.1    92   166   487   564   471   570 0.52 -
g580.t1              -            406 445031at33208        -            313    0.0035   12.2   4.1   1   3     0.051       6.3    1.5   0.4   104   190    87   174    65   183 0.74 -
g580.t1              -            406 445031at33208        -            313    0.0035   12.2   4.1   2   3      0.28        35   -0.9   0.1    91   118   203   229   188   241 0.82 -
g580.t1              -            406 445031at33208        -            313    0.0035   12.2   4.1   3   3   7.5e-05    0.0092   10.9   0.1    47   102   234   291   221   311 0.80 -
#
# Program:         hmmsearch
# Version:         3.3.2 (Nov 2020)
# Pipeline mode:   SEARCH
# Query file:      mb_downloads/metazoa_odb10/hmms/445031at33208.hmm
# Target file:     /workspace/BGA24/BRAKER3/braker.aa
# Option settings: /opt/compleasm_kit/hmmsearch --domtblout /workspace/BGA24/BRAKER3/bbc/braker/metazoa_odb10_hmmsearch_output/445031at33208.out --cpu 1 mb_downloads/metazoa_odb10/hmms/445031at33208.hmm /workspace/BGA24/BRAKER3/braker.aa 
# Current dir:     /workspace/BGA24/BRAKER3
# Date:            Fri Oct  4 09:46:09 2024
# [ok]
