#                                                                            --- full sequence --- -------------- this domain -------------   hmm coord   ali coord   env coord
# target name        accession   tlen query name           accession   qlen   E-value  score  bias   #  of  c-Evalue  i-Evalue  score  bias  from    to  from    to  from    to  acc description of target
#------------------- ---------- ----- -------------------- ---------- ----- --------- ------ ----- --- --- --------- --------- ------ ----- ----- ----- ----- ----- ----- ----- ---- ---------------------
g8.t1                -            314 453052at33208        -            334   3.4e-23   77.8   4.1   1   4   1.1e-06   0.00018   16.3   0.1   127   202    10    92     3    95 0.72 -
g8.t1                -            314 453052at33208        -            334   3.4e-23   77.8   4.1   2   4   2.3e-10     4e-08   28.3   1.4   126   201    57   133    54   136 0.93 -
g8.t1                -            314 453052at33208        -            334   3.4e-23   77.8   4.1   3   4   2.5e-11   4.2e-09   31.5   0.0   130   243   146   264   135   264 0.85 -
g8.t1                -            314 453052at33208        -            334   3.4e-23   77.8   4.1   4   4   1.5e-05    0.0026   12.5   0.0   133   204   234   311   225   313 0.74 -
g248.t1              -            425 453052at33208        -            334     2e-07   26.0   1.1   1   3    0.0079       1.3    3.6   0.0   289   309    17    37     5    42 0.80 -
g248.t1              -            425 453052at33208        -            334     2e-07   26.0   1.1   2   3   4.5e-07   7.8e-05   17.5   0.5   215   286    63   134    51   138 0.67 -
g248.t1              -            425 453052at33208        -            334     2e-07   26.0   1.1   3   3      0.46        79   -2.2   0.0   111   167   227   284   220   286 0.73 -
g79.t2               -           2261 453052at33208        -            334   2.3e-06   22.5   3.6   1   3      0.21        37   -1.2   0.0   195   241  1703  1753  1697  1760 0.71 -
g79.t2               -           2261 453052at33208        -            334   2.3e-06   22.5   3.6   2   3   5.1e-08   8.7e-06   20.6   0.8   125   240  1768  1894  1761  1900 0.75 -
g79.t2               -           2261 453052at33208        -            334   2.3e-06   22.5   3.6   3   3     0.077        13    0.3   0.0    66   102  2144  2181  2086  2198 0.74 -
g79.t1               -           2253 453052at33208        -            334   2.6e-06   22.3   3.8   1   3      0.21        37   -1.2   0.0   195   241  1695  1745  1689  1752 0.71 -
g79.t1               -           2253 453052at33208        -            334   2.6e-06   22.3   3.8   2   3   5.5e-08   9.4e-06   20.5   0.9   126   240  1761  1886  1755  1892 0.74 -
g79.t1               -           2253 453052at33208        -            334   2.6e-06   22.3   3.8   3   3     0.077        13    0.3   0.0    66   102  2136  2173  2078  2190 0.74 -
g723.t1              -            561 453052at33208        -            334       3.8    2.1   9.3   1   1     0.036       6.2    1.4   9.3    10    73   446   519   437   528 0.60 -
#
# Program:         hmmsearch
# Version:         3.3.2 (Nov 2020)
# Pipeline mode:   SEARCH
# Query file:      mb_downloads/metazoa_odb10/hmms/453052at33208.hmm
# Target file:     /workspace/BGA24/BRAKER3/braker.aa
# Option settings: /opt/compleasm_kit/hmmsearch --domtblout /workspace/BGA24/BRAKER3/bbc/braker/metazoa_odb10_hmmsearch_output/453052at33208.out --cpu 1 mb_downloads/metazoa_odb10/hmms/453052at33208.hmm /workspace/BGA24/BRAKER3/braker.aa 
# Current dir:     /workspace/BGA24/BRAKER3
# Date:            Fri Oct  4 09:46:12 2024
# [ok]
