#                                                                            --- full sequence --- -------------- this domain -------------   hmm coord   ali coord   env coord
# target name        accession   tlen query name           accession   qlen   E-value  score  bias   #  of  c-Evalue  i-Evalue  score  bias  from    to  from    to  from    to  acc description of target
#------------------- ---------- ----- -------------------- ---------- ----- --------- ------ ----- --- --- --------- --------- ------ ----- ----- ----- ----- ----- ----- ----- ---- ---------------------
g8.t1                -            314 458807at33208        -            250   6.3e-10   34.6   9.4   1   5     4e-07   0.00012   17.4   0.5     2    79    11   100    10   118 0.70 -
g8.t1                -            314 458807at33208        -            250   6.3e-10   34.6   9.4   2   5    0.0017      0.48    5.5   0.4    41    87   101   150    98   181 0.61 -
g8.t1                -            314 458807at33208        -            250   6.3e-10   34.6   9.4   3   5   1.4e-05    0.0041   12.3   0.1   209   235   190   216   185   229 0.83 -
g8.t1                -            314 458807at33208        -            250   6.3e-10   34.6   9.4   4   5      0.29        83   -1.8   0.0    58    73   248   263   219   275 0.71 -
g8.t1                -            314 458807at33208        -            250   6.3e-10   34.6   9.4   5   5     0.023       6.6    1.8   0.0   212   242   279   311   274   313 0.73 -
g79.t1               -           2253 458807at33208        -            250    0.0048   12.1   2.6   1   3     0.054        16    0.6   0.0    39    77  1709  1750  1697  1758 0.71 -
g79.t1               -           2253 458807at33208        -            250    0.0048   12.1   2.6   2   3   0.00015     0.044    8.9   0.2    40    73  1762  1798  1755  1832 0.79 -
g79.t1               -           2253 458807at33208        -            250    0.0048   12.1   2.6   3   3     0.084        24   -0.1   0.1    44    72  1808  1838  1804  1893 0.44 -
g79.t2               -           2261 458807at33208        -            250    0.0049   12.0   2.6   1   3     0.055        16    0.6   0.0    39    77  1717  1758  1705  1766 0.71 -
g79.t2               -           2261 458807at33208        -            250    0.0049   12.0   2.6   2   3   0.00015     0.044    8.9   0.2    40    73  1770  1806  1763  1840 0.79 -
g79.t2               -           2261 458807at33208        -            250    0.0049   12.0   2.6   3   3     0.085        24   -0.1   0.1    44    72  1816  1846  1812  1901 0.44 -
#
# Program:         hmmsearch
# Version:         3.3.2 (Nov 2020)
# Pipeline mode:   SEARCH
# Query file:      mb_downloads/metazoa_odb10/hmms/458807at33208.hmm
# Target file:     /workspace/BGA24/BRAKER3/braker.aa
# Option settings: /opt/compleasm_kit/hmmsearch --domtblout /workspace/BGA24/BRAKER3/bbc/braker/metazoa_odb10_hmmsearch_output/458807at33208.out --cpu 1 mb_downloads/metazoa_odb10/hmms/458807at33208.hmm /workspace/BGA24/BRAKER3/braker.aa 
# Current dir:     /workspace/BGA24/BRAKER3
# Date:            Fri Oct  4 09:46:09 2024
# [ok]
