#                                                                            --- full sequence --- -------------- this domain -------------   hmm coord   ali coord   env coord
# target name        accession   tlen query name           accession   qlen   E-value  score  bias   #  of  c-Evalue  i-Evalue  score  bias  from    to  from    to  from    to  acc description of target
#------------------- ---------- ----- -------------------- ---------- ----- --------- ------ ----- --- --- --------- --------- ------ ----- ----- ----- ----- ----- ----- ----- ---- ---------------------
g740.t1              -            683 489997at33208        -            345   8.4e-61  201.4   0.0   1   1   4.9e-60     1e-57  191.2   0.0    30   311   245   583   232   601 0.78 -
g558.t1              -            461 489997at33208        -            345   6.5e-10   34.1   0.0   1   2   2.7e-05    0.0058   11.2   0.0    25    73    24    75     7   104 0.81 -
g558.t1              -            461 489997at33208        -            345   6.5e-10   34.1   0.0   2   2   4.5e-08   9.6e-06   20.3   0.0   263   311   338   386   325   397 0.87 -
g274.t1              -            842 489997at33208        -            345   5.2e-09   31.1   0.0   1   2   4.5e-05    0.0096   10.5   0.0    41    83   173   215   167   247 0.74 -
g274.t1              -            842 489997at33208        -            345   5.2e-09   31.1   0.0   2   2   2.8e-07   5.9e-05   17.8   0.0   249   290   584   625   549   641 0.84 -
g275.t1              -            850 489997at33208        -            345   1.8e-08   29.3   0.2   1   2   3.4e-05    0.0073   10.9   0.1    41    95   183   243   177   312 0.75 -
g275.t1              -            850 489997at33208        -            345   1.8e-08   29.3   0.2   2   2   1.5e-06   0.00033   15.3   0.0   252   290   596   634   589   656 0.88 -
#
# Program:         hmmsearch
# Version:         3.3.2 (Nov 2020)
# Pipeline mode:   SEARCH
# Query file:      mb_downloads/metazoa_odb10/hmms/489997at33208.hmm
# Target file:     /workspace/BGA24/BRAKER3/braker.aa
# Option settings: /opt/compleasm_kit/hmmsearch --domtblout /workspace/BGA24/BRAKER3/bbc/braker/metazoa_odb10_hmmsearch_output/489997at33208.out --cpu 1 mb_downloads/metazoa_odb10/hmms/489997at33208.hmm /workspace/BGA24/BRAKER3/braker.aa 
# Current dir:     /workspace/BGA24/BRAKER3
# Date:            Fri Oct  4 09:46:10 2024
# [ok]
