#                                                                            --- full sequence --- -------------- this domain -------------   hmm coord   ali coord   env coord
# target name        accession   tlen query name           accession   qlen   E-value  score  bias   #  of  c-Evalue  i-Evalue  score  bias  from    to  from    to  from    to  acc description of target
#------------------- ---------- ----- -------------------- ---------- ----- --------- ------ ----- --- --- --------- --------- ------ ----- ----- ----- ----- ----- ----- ----- ---- ---------------------
g104.t2              -           1118 573313at33208        -            258   3.6e-18   61.4   2.3   1   4      0.89   1.9e+02   -3.2   0.0   184   222   314   350   313   376 0.68 -
g104.t2              -           1118 573313at33208        -            258   3.6e-18   61.4   2.3   2   4     1e-10   2.1e-08   29.4   0.1     1    89   846   940   846   945 0.84 -
g104.t2              -           1118 573313at33208        -            258   3.6e-18   61.4   2.3   3   4     0.016       3.5    2.5   0.0    32    75   948   995   945  1018 0.70 -
g104.t2              -           1118 573313at33208        -            258   3.6e-18   61.4   2.3   4   4   6.2e-10   1.3e-07   26.8   0.0     4    87  1019  1110  1016  1112 0.86 -
g104.t1              -           1119 573313at33208        -            258   3.8e-18   61.3   2.4   1   4      0.89   1.9e+02   -3.2   0.0   184   222   314   350   313   376 0.68 -
g104.t1              -           1119 573313at33208        -            258   3.8e-18   61.3   2.4   2   4     1e-10   2.1e-08   29.4   0.1     1    89   847   941   847   946 0.84 -
g104.t1              -           1119 573313at33208        -            258   3.8e-18   61.3   2.4   3   4     0.016       3.5    2.5   0.0    32    75   949   996   946  1019 0.70 -
g104.t1              -           1119 573313at33208        -            258   3.8e-18   61.3   2.4   4   4   6.2e-10   1.3e-07   26.8   0.0     4    87  1020  1111  1017  1113 0.86 -
g360.t1              -            778 573313at33208        -            258   1.2e-15   53.1   3.1   1   6   5.1e-07   0.00011   17.2   0.1     7    63    97   161    92   165 0.74 -
g360.t1              -            778 573313at33208        -            258   1.2e-15   53.1   3.1   2   6   5.7e-05     0.012   10.5   0.0     9    90   198   281   193   291 0.84 -
g360.t1              -            778 573313at33208        -            258   1.2e-15   53.1   3.1   3   6     0.043       9.1    1.1   0.0     5    31   326   352   323   369 0.72 -
g360.t1              -            778 573313at33208        -            258   1.2e-15   53.1   3.1   4   6   0.00021     0.046    8.6   0.2    21    65   379   423   354   433 0.82 -
g360.t1              -            778 573313at33208        -            258   1.2e-15   53.1   3.1   5   6   0.00053      0.11    7.3   0.0     2    45   466   512   465   532 0.83 -
g360.t1              -            778 573313at33208        -            258   1.2e-15   53.1   3.1   6   6     0.055        12    0.7   0.0    11    38   740   767   735   771 0.75 -
g84.t1               -           4433 573313at33208        -            258     3e-13   45.3   0.3   1   4      0.05        11    0.9   0.0    22    60  2665  2706  2662  2714 0.84 -
g84.t1               -           4433 573313at33208        -            258     3e-13   45.3   0.3   2   4   3.1e-08   6.6e-06   21.2   0.1     7    66  2716  2778  2709  2781 0.88 -
g84.t1               -           4433 573313at33208        -            258     3e-13   45.3   0.3   3   4   1.1e-07   2.3e-05   19.5   0.0     1    66  2776  2849  2776  2852 0.88 -
g84.t1               -           4433 573313at33208        -            258     3e-13   45.3   0.3   4   4   1.9e-05    0.0042   12.0   0.0     9    60  2822  2876  2814  2879 0.92 -
#
# Program:         hmmsearch
# Version:         3.3.2 (Nov 2020)
# Pipeline mode:   SEARCH
# Query file:      mb_downloads/metazoa_odb10/hmms/573313at33208.hmm
# Target file:     /workspace/BGA24/BRAKER3/braker.aa
# Option settings: /opt/compleasm_kit/hmmsearch --domtblout /workspace/BGA24/BRAKER3/bbc/braker/metazoa_odb10_hmmsearch_output/573313at33208.out --cpu 1 mb_downloads/metazoa_odb10/hmms/573313at33208.hmm /workspace/BGA24/BRAKER3/braker.aa 
# Current dir:     /workspace/BGA24/BRAKER3
# Date:            Fri Oct  4 09:46:08 2024
# [ok]
