04-Oct-24 09:03:04 - INFO: Starting the GMST filtering and classification.
04-Oct-24 09:03:04 - INFO: Running the following system call: /opt/ETP/bin/GeneMarkSTFiltering/gms2hints.pl --tseq /workspace/BGA24/BRAKER3/GeneMark-ETP/rnaseq/stringtie/transcripts_merged.fasta --ggtf /workspace/BGA24/BRAKER3/GeneMark-ETP/rnaseq/stringtie/transcripts_merged.gff                --tgff /workspace/BGA24/BRAKER3/GeneMark-ETP/rnaseq/gmst/transcripts_merged.fasta.gff --out /workspace/BGA24/BRAKER3/GeneMark-ETP/rnaseq/hints/proteins.fa/tmp/gmstud0p74yu.gtf                  
04-Oct-24 09:03:05 - INFO: Making diamond database from /workspace/BGA24/BRAKER3/GeneMark-ETP/data/proteins.fa
04-Oct-24 09:03:05 - INFO: Running the following system call: diamond makedb --in /workspace/BGA24/BRAKER3/GeneMark-ETP/data/proteins.fa -d /workspace/BGA24/BRAKER3/GeneMark-ETP/rnaseq/hints/proteins.fa/tmp/diamondDBbofgght2.dmnd                --threads 8
diamond v2.0.15.153 (C) Max Planck Society for the Advancement of Science
Documentation, support and updates available at http://www.diamondsearch.org
Please cite: http://dx.doi.org/10.1038/s41592-021-01101-x Nature Methods (2021)

#CPU threads: 8
Scoring parameters: (Matrix=BLOSUM62 Lambda=0.267 K=0.041 Penalties=11/1)
Database input file: /workspace/BGA24/BRAKER3/GeneMark-ETP/data/proteins.fa
Opening the database file...  [0s]
Loading sequences...  [0.021s]
Masking sequences...  [0.057s]
Writing sequences...  [0.007s]
Hashing sequences...  [0.001s]
Loading sequences...  [0s]
Writing trailer...  [0s]
Closing the input file...  [0s]
Closing the database file...  [0s]

Database sequences  8463
  Database letters  4201797
     Database hash  a9d78171dacc1accaf6daecd5ceee22c
        Total time  0.089000s
04-Oct-24 09:03:05 - INFO: Preparing complete alternatives for incomplete predictions.
04-Oct-24 09:03:05 - INFO: Running the following system call: /opt/ETP/bin/GeneMarkSTFiltering/gms2hints.pl --tseq /workspace/BGA24/BRAKER3/GeneMark-ETP/rnaseq/stringtie/transcripts_merged.fasta --ggtf /workspace/BGA24/BRAKER3/GeneMark-ETP/rnaseq/stringtie/transcripts_merged.gff                --tgff /workspace/BGA24/BRAKER3/GeneMark-ETP/rnaseq/hints/proteins.fa/tmp/gmstSubsetcws_aux4.gtf --out /workspace/BGA24/BRAKER3/GeneMark-ETP/rnaseq/hints/proteins.fa/tmp/gmst69_x5t23.gtf                --complete  
04-Oct-24 09:03:05 - INFO: Classifying incomplete predictions
04-Oct-24 09:03:05 - INFO: Running the following system call: /opt/ETP/bin/GeneMarkSTFiltering/proteins_from_gtf.pl --seq /workspace/BGA24/BRAKER3/GeneMark-ETP/data/genome.softmasked.fasta --annot /workspace/BGA24/BRAKER3/GeneMark-ETP/rnaseq/hints/proteins.fa/tmp/gtfFileyuhkk6rb.gtf                --out /workspace/BGA24/BRAKER3/GeneMark-ETP/rnaseq/hints/proteins.fa/tmp/queryProteinsoqs6l_1x.fasta
04-Oct-24 09:03:05 - INFO: Running DIAMOND with the query: /workspace/BGA24/BRAKER3/GeneMark-ETP/rnaseq/hints/proteins.fa/tmp/queryProteinsoqs6l_1x.fasta
04-Oct-24 09:03:05 - INFO: Running the following system call: diamond blastp --query /workspace/BGA24/BRAKER3/GeneMark-ETP/rnaseq/hints/proteins.fa/tmp/queryProteinsoqs6l_1x.fasta --db /workspace/BGA24/BRAKER3/GeneMark-ETP/rnaseq/hints/proteins.fa/tmp/diamondDBbofgght2.dmnd                --outfmt 6 qseqid sseqid pident length positive mismatch                gapopen qstart qend sstart send evalue bitscore qlen slen                --max-target-seqs 25 --more-sensitive                --threads 8 > /workspace/BGA24/BRAKER3/GeneMark-ETP/rnaseq/hints/proteins.fa/tmp/diamonds00ewhs1.out
04-Oct-24 09:03:06 - INFO: Making diamond database from /workspace/BGA24/BRAKER3/GeneMark-ETP/rnaseq/hints/proteins.fa/tmp/proteinsxltja1g6.fasta
04-Oct-24 09:03:06 - INFO: Running the following system call: diamond makedb --in /workspace/BGA24/BRAKER3/GeneMark-ETP/rnaseq/hints/proteins.fa/tmp/proteinsxltja1g6.fasta -d /workspace/BGA24/BRAKER3/GeneMark-ETP/rnaseq/hints/proteins.fa/tmp/diamondDBx7ewa40o.dmnd                --threads 8
diamond v2.0.15.153 (C) Max Planck Society for the Advancement of Science
Documentation, support and updates available at http://www.diamondsearch.org
Please cite: http://dx.doi.org/10.1038/s41592-021-01101-x Nature Methods (2021)

#CPU threads: 8
Scoring parameters: (Matrix=BLOSUM62 Lambda=0.267 K=0.041 Penalties=11/1)
Database input file: /workspace/BGA24/BRAKER3/GeneMark-ETP/rnaseq/hints/proteins.fa/tmp/proteinsxltja1g6.fasta
Opening the database file...  [0s]
Loading sequences...  [0.003s]
Masking sequences...  [0.015s]
Writing sequences...  [0s]
Hashing sequences...  [0s]
Loading sequences...  [0s]
Writing trailer...  [0s]
Closing the input file...  [0s]
Closing the database file...  [0.001s]

Database sequences  1204
  Database letters  787196
     Database hash  bf663d90521ea361969f92ae766afef1
        Total time  0.021000s
04-Oct-24 09:03:06 - INFO: Running the following system call: /opt/ETP/bin/GeneMarkSTFiltering/proteins_from_gtf.pl --seq /workspace/BGA24/BRAKER3/GeneMark-ETP/data/genome.softmasked.fasta --annot /workspace/BGA24/BRAKER3/GeneMark-ETP/rnaseq/hints/proteins.fa/tmp/gmst69_x5t23.gtf                --out /workspace/BGA24/BRAKER3/GeneMark-ETP/rnaseq/hints/proteins.fa/tmp/queryProteinszl0l0zzn.fasta
04-Oct-24 09:03:07 - INFO: Running DIAMOND with the query: /workspace/BGA24/BRAKER3/GeneMark-ETP/rnaseq/hints/proteins.fa/tmp/queryProteinszl0l0zzn.fasta
04-Oct-24 09:03:07 - INFO: Running the following system call: diamond blastp --query /workspace/BGA24/BRAKER3/GeneMark-ETP/rnaseq/hints/proteins.fa/tmp/queryProteinszl0l0zzn.fasta --db /workspace/BGA24/BRAKER3/GeneMark-ETP/rnaseq/hints/proteins.fa/tmp/diamondDBx7ewa40o.dmnd                --outfmt 6 qseqid sseqid pident length positive mismatch                gapopen qstart qend sstart send evalue bitscore qlen slen                --max-target-seqs 0 --more-sensitive                --threads 8 > /workspace/BGA24/BRAKER3/GeneMark-ETP/rnaseq/hints/proteins.fa/tmp/diamondukamu53c.out
04-Oct-24 09:03:07 - INFO: Filtering incomplete predictions
04-Oct-24 09:03:07 - INFO: Filtering shortened complete predictions
04-Oct-24 09:03:07 - INFO: Running the following system call: /opt/ETP/bin/GeneMarkSTFiltering/proteins_from_gtf.pl --seq /workspace/BGA24/BRAKER3/GeneMark-ETP/data/genome.softmasked.fasta --annot /workspace/BGA24/BRAKER3/GeneMark-ETP/rnaseq/hints/proteins.fa/tmp/gtfFile698b6ppg.gtf                --out /workspace/BGA24/BRAKER3/GeneMark-ETP/rnaseq/hints/proteins.fa/tmp/queryProteinslbwg2lf7.fasta
04-Oct-24 09:03:07 - INFO: Running DIAMOND with the query: /workspace/BGA24/BRAKER3/GeneMark-ETP/rnaseq/hints/proteins.fa/tmp/queryProteinslbwg2lf7.fasta
04-Oct-24 09:03:07 - INFO: Running the following system call: diamond blastp --query /workspace/BGA24/BRAKER3/GeneMark-ETP/rnaseq/hints/proteins.fa/tmp/queryProteinslbwg2lf7.fasta --db /workspace/BGA24/BRAKER3/GeneMark-ETP/rnaseq/hints/proteins.fa/tmp/diamondDBbofgght2.dmnd                --outfmt 6 qseqid sseqid pident length positive mismatch                gapopen qstart qend sstart send evalue bitscore qlen slen                --max-target-seqs 25 --more-sensitive                --threads 8 > /workspace/BGA24/BRAKER3/GeneMark-ETP/rnaseq/hints/proteins.fa/tmp/diamondoluwwz3t.out
04-Oct-24 09:03:09 - INFO: Filtering complete GMST predictions
04-Oct-24 09:03:09 - INFO: Running the following system call: /opt/ETP/bin/GeneMarkSTFiltering/proteins_from_gtf.pl --seq /workspace/BGA24/BRAKER3/GeneMark-ETP/data/genome.softmasked.fasta --annot /workspace/BGA24/BRAKER3/GeneMark-ETP/rnaseq/hints/proteins.fa/tmp/gtfFileo7bemul7.gtf                --out /workspace/BGA24/BRAKER3/GeneMark-ETP/rnaseq/hints/proteins.fa/tmp/queryProteinsbyyal75e.fasta
04-Oct-24 09:03:09 - INFO: Running DIAMOND with the query: /workspace/BGA24/BRAKER3/GeneMark-ETP/rnaseq/hints/proteins.fa/tmp/queryProteinsbyyal75e.fasta
04-Oct-24 09:03:09 - INFO: Running the following system call: diamond blastp --query /workspace/BGA24/BRAKER3/GeneMark-ETP/rnaseq/hints/proteins.fa/tmp/queryProteinsbyyal75e.fasta --db /workspace/BGA24/BRAKER3/GeneMark-ETP/rnaseq/hints/proteins.fa/tmp/diamondDBbofgght2.dmnd                --outfmt 6 qseqid sseqid pident length positive mismatch                gapopen qstart qend sstart send evalue bitscore qlen slen                --max-target-seqs 25 --more-sensitive                --threads 8 > /workspace/BGA24/BRAKER3/GeneMark-ETP/rnaseq/hints/proteins.fa/tmp/diamond43gnqew8.out
04-Oct-24 09:03:10 - INFO: Extending predictions with non 5'-most starts (when supported by proteins) to the 5'-most start.
04-Oct-24 09:03:10 - INFO: Running the following system call: /opt/ETP/bin/GeneMarkSTFiltering/gms2hints.pl --tseq /workspace/BGA24/BRAKER3/GeneMark-ETP/rnaseq/stringtie/transcripts_merged.fasta --ggtf /workspace/BGA24/BRAKER3/GeneMark-ETP/rnaseq/stringtie/transcripts_merged.gff                --tgff /workspace/BGA24/BRAKER3/GeneMark-ETP/rnaseq/hints/proteins.fa/tmp/gmstSubsetx7dwcehm.gtf --out /workspace/BGA24/BRAKER3/GeneMark-ETP/rnaseq/hints/proteins.fa/tmp/gmstf782s4n3.gtf                 --long 
04-Oct-24 09:03:11 - INFO: Running the following system call: /opt/ETP/bin/GeneMarkSTFiltering/proteins_from_gtf.pl --seq /workspace/BGA24/BRAKER3/GeneMark-ETP/data/genome.softmasked.fasta --annot /workspace/BGA24/BRAKER3/GeneMark-ETP/rnaseq/hints/proteins.fa/tmp/gmstf782s4n3.gtf                --out /workspace/BGA24/BRAKER3/GeneMark-ETP/rnaseq/hints/proteins.fa/tmp/queryProteinsd11k6lu5.fasta
04-Oct-24 09:03:11 - INFO: Running DIAMOND with the query: /workspace/BGA24/BRAKER3/GeneMark-ETP/rnaseq/hints/proteins.fa/tmp/queryProteinsd11k6lu5.fasta
04-Oct-24 09:03:11 - INFO: Running the following system call: diamond blastp --query /workspace/BGA24/BRAKER3/GeneMark-ETP/rnaseq/hints/proteins.fa/tmp/queryProteinsd11k6lu5.fasta --db /workspace/BGA24/BRAKER3/GeneMark-ETP/rnaseq/hints/proteins.fa/tmp/diamondDBbofgght2.dmnd                --outfmt 6 qseqid sseqid pident length positive mismatch                gapopen qstart qend sstart send evalue bitscore qlen slen                --max-target-seqs 25 --more-sensitive                --threads 8 > /workspace/BGA24/BRAKER3/GeneMark-ETP/rnaseq/hints/proteins.fa/tmp/diamondzejupi0_.out
04-Oct-24 09:03:13 - INFO: Running the following system call: /opt/ETP/bin/GeneMarkSTFiltering/proteins_from_gtf.pl --seq /workspace/BGA24/BRAKER3/GeneMark-ETP/data/genome.softmasked.fasta --annot /workspace/BGA24/BRAKER3/GeneMark-ETP/rnaseq/hints/proteins.fa/tmp/gtfFileixogmrpy.gtf                --out /workspace/BGA24/BRAKER3/GeneMark-ETP/rnaseq/hints/proteins.fa/tmp/queryProteins7us8178w.fasta
04-Oct-24 09:03:13 - INFO: Running DIAMOND with the query: /workspace/BGA24/BRAKER3/GeneMark-ETP/rnaseq/hints/proteins.fa/tmp/queryProteins7us8178w.fasta
04-Oct-24 09:03:13 - INFO: Running the following system call: diamond blastp --query /workspace/BGA24/BRAKER3/GeneMark-ETP/rnaseq/hints/proteins.fa/tmp/queryProteins7us8178w.fasta --db /workspace/BGA24/BRAKER3/GeneMark-ETP/rnaseq/hints/proteins.fa/tmp/diamondDBbofgght2.dmnd                --outfmt 6 qseqid sseqid pident length positive mismatch                gapopen qstart qend sstart send evalue bitscore qlen slen                --max-target-seqs 25 --more-sensitive                --threads 8 > /workspace/BGA24/BRAKER3/GeneMark-ETP/rnaseq/hints/proteins.fa/tmp/diamondcioco11f.out
04-Oct-24 09:03:16 - INFO: Filtering incomplete predictions with no start candidate
04-Oct-24 09:03:16 - INFO: Running the following system call: /opt/ETP/bin/GeneMarkSTFiltering/proteins_from_gtf.pl --seq /workspace/BGA24/BRAKER3/GeneMark-ETP/data/genome.softmasked.fasta --annot /workspace/BGA24/BRAKER3/GeneMark-ETP/rnaseq/hints/proteins.fa/tmp/gtfFile_jgxnsbx.gtf                --out /workspace/BGA24/BRAKER3/GeneMark-ETP/rnaseq/hints/proteins.fa/tmp/queryProteins5z9km2hj.fasta
04-Oct-24 09:03:16 - INFO: Running DIAMOND with the query: /workspace/BGA24/BRAKER3/GeneMark-ETP/rnaseq/hints/proteins.fa/tmp/queryProteins5z9km2hj.fasta
04-Oct-24 09:03:16 - INFO: Running the following system call: diamond blastp --query /workspace/BGA24/BRAKER3/GeneMark-ETP/rnaseq/hints/proteins.fa/tmp/queryProteins5z9km2hj.fasta --db /workspace/BGA24/BRAKER3/GeneMark-ETP/rnaseq/hints/proteins.fa/tmp/diamondDBbofgght2.dmnd                --outfmt 6 qseqid sseqid pident length positive mismatch                gapopen qstart qend sstart send evalue bitscore qlen slen                --max-target-seqs 25 --more-sensitive                --threads 8 > /workspace/BGA24/BRAKER3/GeneMark-ETP/rnaseq/hints/proteins.fa/tmp/diamond54e7uf0s.out
04-Oct-24 09:03:18 - INFO: Selecting representative isoforms.
04-Oct-24 09:03:18 - INFO: Filtering complete alternative isoforms.
04-Oct-24 09:03:18 - INFO: Adding reliable genes not fully supported by proteins.
04-Oct-24 09:03:18 - INFO: Running the following system call: /opt/ETP/bin/gmes/ProtHint/bin/prothint.py /workspace/BGA24/BRAKER3/GeneMark-ETP/data/genome.softmasked.fasta /workspace/BGA24/BRAKER3/GeneMark-ETP/data/proteins.fa                --geneSeeds ./prothint_unsupported/seeds.gtf --workdir ./prothint_unsupported --longGene 30000000                --longProtein 15000000 --threads 8
ProtHint Version 2.6.0
Copyright 2019, Georgia Institute of Technology, USA

Please cite
  - ProtHint: https://doi.org/10.1093/nargab/lqaa026
  - DIAMOND:  https://doi.org/10.1038/nmeth.3176
  - Spaln:    https://doi.org/10.1093/bioinformatics/btn460

Called from: /workspace/BGA24/BRAKER3/GeneMark-ETP/rnaseq/hints/proteins.fa
Cmd: /opt/ETP/bin/gmes/ProtHint/bin/prothint.py /workspace/BGA24/BRAKER3/GeneMark-ETP/data/genome.softmasked.fasta /workspace/BGA24/BRAKER3/GeneMark-ETP/data/proteins.fa --geneSeeds ./prothint_unsupported/seeds.gtf --workdir ./prothint_unsupported --longGene 30000000 --longProtein 15000000 --threads 8

[Fri Oct  4 09:03:18 2024] Pre-processing protein input
[Fri Oct  4 09:03:18 2024] Skipping GeneMark-ES, using the supplied gene seeds file instead
[Fri Oct  4 09:03:18 2024] Translating gene seeds to proteins
[Fri Oct  4 09:03:18 2024] Translation of seeds finished
[Fri Oct  4 09:03:18 2024] Running DIAMOND
diamond v0.9.24.125 | by Benjamin Buchfink <buchfink@gmail.com>
Licensed under the GNU GPL <https://www.gnu.org/licenses/gpl.txt>
Check http://github.com/bbuchfink/diamond for updates.

#CPU threads: 8
Scoring parameters: (Matrix=BLOSUM62 Lambda=0.267 K=0.041 Penalties=11/1)
Database file: /workspace/BGA24/BRAKER3/GeneMark-ETP/rnaseq/hints/proteins.fa/prothint_unsupported/protoqvg6u69
Opening the database file...  [0.000157s]
Loading sequences...  [0.017026s]
Masking sequences...  [0.230519s]
Writing sequences...  [0.006985s]
Hashing sequences...  [0.001387s]
Loading sequences...  [1.6e-05s]
Writing trailer...  [0.000157s]
Closing the input file...  [2.3e-05s]
Closing the database file...  [3.5e-05s]
Database hash = 2f58b254d3d2aedfdfd92ec499b32e9e
Processed 8463 sequences, 4201797 letters.
Total time = 0.256528s
diamond v0.9.24.125 | by Benjamin Buchfink <buchfink@gmail.com>
Licensed under the GNU GPL <https://www.gnu.org/licenses/gpl.txt>
Check http://github.com/bbuchfink/diamond for updates.

#CPU threads: 8
Scoring parameters: (Matrix=BLOSUM62 Lambda=0.267 K=0.041 Penalties=11/1)
Temporary directory: 
Opening the database...  [5.7e-05s]
#Target sequences to report alignments for: 25
Opening the input file...  [2.5e-05s]
Opening the output file...  [3.4e-05s]
Loading query sequences...  [8e-05s]
Masking queries...  [0.00161s]
Building query seed set...  [0.001624s]
Algorithm: Double-indexed
Building query histograms...  [0.000483s]
Allocating buffers...  [2.6e-05s]
Loading reference sequences...  [0.007666s]
Building reference histograms...  [0.063079s]
Allocating buffers...  [4.4e-05s]
Initializing temporary storage...  [0.004285s]
Processing query chunk 0, reference chunk 0, shape 0, index chunk 0.
Building reference index...  [0.091541s]
Building query index...  [0.001269s]
Building seed filter...  [0.002036s]
Searching alignments...  [0.001742s]
Processing query chunk 0, reference chunk 0, shape 0, index chunk 1.
Building reference index...  [0.019565s]
Building query index...  [0.001169s]
Building seed filter...  [0.001672s]
Searching alignments...  [0.001394s]
Processing query chunk 0, reference chunk 0, shape 0, index chunk 2.
Building reference index...  [0.085012s]
Building query index...  [0.001153s]
Building seed filter...  [0.001673s]
Searching alignments...  [0.001344s]
Processing query chunk 0, reference chunk 0, shape 0, index chunk 3.
Building reference index...  [0.013374s]
Building query index...  [0.001125s]
Building seed filter...  [0.001796s]
Searching alignments...  [0.00131s]
Processing query chunk 0, reference chunk 0, shape 1, index chunk 0.
Building reference index...  [0.074831s]
Building query index...  [0.001146s]
Building seed filter...  [0.001916s]
Searching alignments...  [0.001576s]
Processing query chunk 0, reference chunk 0, shape 1, index chunk 1.
Building reference index...  [0.018407s]
Building query index...  [0.001114s]
Building seed filter...  [0.00204s]
Searching alignments...  [0.001426s]
Processing query chunk 0, reference chunk 0, shape 1, index chunk 2.
Building reference index...  [0.072691s]
Building query index...  [0.001087s]
Building seed filter...  [0.001738s]
Searching alignments...  [0.001434s]
Processing query chunk 0, reference chunk 0, shape 1, index chunk 3.
Building reference index...  [0.017086s]
Building query index...  [0.001242s]
Building seed filter...  [0.001777s]
Searching alignments...  [0.001355s]
Deallocating buffers...  [0.001212s]
Computing alignments...  [0.068548s]
Deallocating reference...  [0.000613s]
Loading reference sequences...  [2.7e-05s]
Deallocating buffers...  [9e-06s]
Deallocating queries...  [8e-06s]
Loading query sequences...  [1.6e-05s]
Closing the input file...  [2.7e-05s]
Closing the output file...  [5.6e-05s]
Closing the database file...  [1.4e-05s]
Deallocating taxonomy...  [6e-06s]
Total time = 0.581078s
Reported 298 pairwise alignments, 298 HSPs.
28 queries aligned.
[Fri Oct  4 09:03:19 2024] DIAMOND finished
[Fri Oct  4 09:03:19 2024] Preparing pairs for alignments
[Fri Oct  4 09:03:19 2024] Preparation of pairs finished
[Fri Oct  4 09:03:19 2024] Starting spliced alignment with spaln
[Fri Oct  4 09:03:19 2024] Loading alignment pairs into memory
[Fri Oct  4 09:03:19 2024] Pairs loaded. Number of pairs to align: 298
[Fri Oct  4 09:03:19 2024] Starting the alignments
[Fri Oct  4 09:03:19 2024] Enqueueing pair 0/298 (0.0%)
[Fri Oct  4 09:03:19 2024] Enqueueing pair 1/298 (0.3%)
[Fri Oct  4 09:03:19 2024] Enqueueing pair 2/298 (0.6%)
[Fri Oct  4 09:03:19 2024] Enqueueing pair 3/298 (1.0%)
[Fri Oct  4 09:03:19 2024] Enqueueing pair 4/298 (1.3%)
[Fri Oct  4 09:03:19 2024] Enqueueing pair 5/298 (1.6%)
[Fri Oct  4 09:03:19 2024] Enqueueing pair 6/298 (2.0%)
[Fri Oct  4 09:03:19 2024] Enqueueing pair 7/298 (2.3%)
[Fri Oct  4 09:03:19 2024] Enqueueing pair 8/298 (2.6%)
[Fri Oct  4 09:03:19 2024] Enqueueing pair 9/298 (3.0%)
[Fri Oct  4 09:03:19 2024] Enqueueing pair 10/298 (3.3%)
[Fri Oct  4 09:03:19 2024] Enqueueing pair 11/298 (3.6%)
[Fri Oct  4 09:03:19 2024] Enqueueing pair 12/298 (4.0%)
[Fri Oct  4 09:03:19 2024] Enqueueing pair 13/298 (4.3%)
[Fri Oct  4 09:03:19 2024] Enqueueing pair 14/298 (4.6%)
[Fri Oct  4 09:03:19 2024] Enqueueing pair 15/298 (5.0%)
[Fri Oct  4 09:03:19 2024] Enqueueing pair 16/298 (5.3%)
[Fri Oct  4 09:03:19 2024] Enqueueing pair 17/298 (5.7%)
[Fri Oct  4 09:03:19 2024] Enqueueing pair 18/298 (6.0%)
[Fri Oct  4 09:03:19 2024] Enqueueing pair 19/298 (6.3%)
[Fri Oct  4 09:03:19 2024] Enqueueing pair 20/298 (6.7%)
[Fri Oct  4 09:03:19 2024] Enqueueing pair 21/298 (7.0%)
[Fri Oct  4 09:03:19 2024] Enqueueing pair 22/298 (7.3%)
[Fri Oct  4 09:03:19 2024] Enqueueing pair 23/298 (7.7%)
[Fri Oct  4 09:03:19 2024] Enqueueing pair 24/298 (8.0%)
[Fri Oct  4 09:03:19 2024] Enqueueing pair 25/298 (8.3%)
[Fri Oct  4 09:03:19 2024] Enqueueing pair 26/298 (8.7%)
[Fri Oct  4 09:03:19 2024] Enqueueing pair 27/298 (9.0%)
[Fri Oct  4 09:03:19 2024] Enqueueing pair 28/298 (9.3%)
[Fri Oct  4 09:03:19 2024] Enqueueing pair 29/298 (9.7%)
[Fri Oct  4 09:03:19 2024] Enqueueing pair 30/298 (10.0%)
[Fri Oct  4 09:03:19 2024] Enqueueing pair 31/298 (10.4%)
[Fri Oct  4 09:03:19 2024] Enqueueing pair 32/298 (10.7%)
[Fri Oct  4 09:03:19 2024] Enqueueing pair 33/298 (11.0%)
[Fri Oct  4 09:03:19 2024] Enqueueing pair 34/298 (11.4%)
[Fri Oct  4 09:03:19 2024] Enqueueing pair 35/298 (11.7%)
[Fri Oct  4 09:03:19 2024] Enqueueing pair 36/298 (12.0%)
[Fri Oct  4 09:03:19 2024] Enqueueing pair 37/298 (12.4%)
[Fri Oct  4 09:03:19 2024] Enqueueing pair 38/298 (12.7%)
[Fri Oct  4 09:03:19 2024] Enqueueing pair 39/298 (13.0%)
[Fri Oct  4 09:03:19 2024] Enqueueing pair 40/298 (13.4%)
[Fri Oct  4 09:03:19 2024] Enqueueing pair 41/298 (13.7%)
[Fri Oct  4 09:03:19 2024] Enqueueing pair 42/298 (14.0%)
[Fri Oct  4 09:03:19 2024] Enqueueing pair 43/298 (14.4%)
[Fri Oct  4 09:03:19 2024] Enqueueing pair 44/298 (14.7%)
[Fri Oct  4 09:03:19 2024] Enqueueing pair 45/298 (15.1%)
[Fri Oct  4 09:03:19 2024] Enqueueing pair 46/298 (15.4%)
[Fri Oct  4 09:03:19 2024] Enqueueing pair 47/298 (15.7%)
[Fri Oct  4 09:03:19 2024] Enqueueing pair 48/298 (16.1%)
[Fri Oct  4 09:03:19 2024] Enqueueing pair 49/298 (16.4%)
[Fri Oct  4 09:03:19 2024] Enqueueing pair 50/298 (16.7%)
[Fri Oct  4 09:03:19 2024] Enqueueing pair 51/298 (17.1%)
[Fri Oct  4 09:03:19 2024] Enqueueing pair 52/298 (17.4%)
[Fri Oct  4 09:03:19 2024] Enqueueing pair 53/298 (17.7%)
[Fri Oct  4 09:03:19 2024] Enqueueing pair 54/298 (18.1%)
[Fri Oct  4 09:03:19 2024] Enqueueing pair 55/298 (18.4%)
[Fri Oct  4 09:03:19 2024] Enqueueing pair 56/298 (18.7%)
[Fri Oct  4 09:03:19 2024] Enqueueing pair 57/298 (19.1%)
[Fri Oct  4 09:03:19 2024] Enqueueing pair 58/298 (19.4%)
[Fri Oct  4 09:03:19 2024] Enqueueing pair 59/298 (19.7%)
[Fri Oct  4 09:03:19 2024] Enqueueing pair 60/298 (20.1%)
[Fri Oct  4 09:03:19 2024] Enqueueing pair 61/298 (20.4%)
[Fri Oct  4 09:03:19 2024] Enqueueing pair 62/298 (20.8%)
[Fri Oct  4 09:03:19 2024] Enqueueing pair 63/298 (21.1%)
[Fri Oct  4 09:03:19 2024] Enqueueing pair 64/298 (21.4%)
[Fri Oct  4 09:03:19 2024] Enqueueing pair 65/298 (21.8%)
[Fri Oct  4 09:03:19 2024] Enqueueing pair 66/298 (22.1%)
[Fri Oct  4 09:03:19 2024] Enqueueing pair 67/298 (22.4%)
[Fri Oct  4 09:03:19 2024] Enqueueing pair 68/298 (22.8%)
[Fri Oct  4 09:03:19 2024] Enqueueing pair 69/298 (23.1%)
[Fri Oct  4 09:03:19 2024] Enqueueing pair 70/298 (23.4%)
[Fri Oct  4 09:03:19 2024] Enqueueing pair 71/298 (23.8%)
[Fri Oct  4 09:03:19 2024] Enqueueing pair 72/298 (24.1%)
[Fri Oct  4 09:03:19 2024] Enqueueing pair 73/298 (24.4%)
[Fri Oct  4 09:03:19 2024] Enqueueing pair 74/298 (24.8%)
[Fri Oct  4 09:03:19 2024] Enqueueing pair 75/298 (25.1%)
[Fri Oct  4 09:03:19 2024] Enqueueing pair 76/298 (25.5%)
[Fri Oct  4 09:03:19 2024] Enqueueing pair 77/298 (25.8%)
[Fri Oct  4 09:03:19 2024] Enqueueing pair 78/298 (26.1%)
[Fri Oct  4 09:03:19 2024] Enqueueing pair 79/298 (26.5%)
[Fri Oct  4 09:03:19 2024] Enqueueing pair 80/298 (26.8%)
[Fri Oct  4 09:03:19 2024] Enqueueing pair 81/298 (27.1%)
[Fri Oct  4 09:03:19 2024] Enqueueing pair 82/298 (27.5%)
[Fri Oct  4 09:03:19 2024] Enqueueing pair 83/298 (27.8%)
[Fri Oct  4 09:03:19 2024] Enqueueing pair 84/298 (28.1%)
[Fri Oct  4 09:03:19 2024] Enqueueing pair 85/298 (28.5%)
[Fri Oct  4 09:03:19 2024] Enqueueing pair 86/298 (28.8%)
[Fri Oct  4 09:03:19 2024] Enqueueing pair 87/298 (29.1%)
[Fri Oct  4 09:03:19 2024] Enqueueing pair 88/298 (29.5%)
[Fri Oct  4 09:03:19 2024] Enqueueing pair 89/298 (29.8%)
[Fri Oct  4 09:03:19 2024] Enqueueing pair 90/298 (30.2%)
[Fri Oct  4 09:03:19 2024] Enqueueing pair 91/298 (30.5%)
[Fri Oct  4 09:03:19 2024] Enqueueing pair 92/298 (30.8%)
[Fri Oct  4 09:03:19 2024] Enqueueing pair 93/298 (31.2%)
[Fri Oct  4 09:03:19 2024] Enqueueing pair 94/298 (31.5%)
[Fri Oct  4 09:03:19 2024] Enqueueing pair 95/298 (31.8%)
[Fri Oct  4 09:03:19 2024] Enqueueing pair 96/298 (32.2%)
[Fri Oct  4 09:03:19 2024] Enqueueing pair 97/298 (32.5%)
[Fri Oct  4 09:03:19 2024] Enqueueing pair 98/298 (32.8%)
[Fri Oct  4 09:03:19 2024] Enqueueing pair 99/298 (33.2%)
[Fri Oct  4 09:03:19 2024] Enqueueing pair 100/298 (33.5%)
[Fri Oct  4 09:03:19 2024] Enqueueing pair 101/298 (33.8%)
[Fri Oct  4 09:03:19 2024] Enqueueing pair 102/298 (34.2%)
[Fri Oct  4 09:03:19 2024] Enqueueing pair 103/298 (34.5%)
[Fri Oct  4 09:03:19 2024] Enqueueing pair 104/298 (34.8%)
[Fri Oct  4 09:03:19 2024] Enqueueing pair 105/298 (35.2%)
[Fri Oct  4 09:03:19 2024] Enqueueing pair 106/298 (35.5%)
[Fri Oct  4 09:03:19 2024] Enqueueing pair 107/298 (35.9%)
[Fri Oct  4 09:03:19 2024] Enqueueing pair 108/298 (36.2%)
[Fri Oct  4 09:03:19 2024] Enqueueing pair 109/298 (36.5%)
[Fri Oct  4 09:03:19 2024] Enqueueing pair 110/298 (36.9%)
[Fri Oct  4 09:03:19 2024] Enqueueing pair 111/298 (37.2%)
[Fri Oct  4 09:03:19 2024] Enqueueing pair 112/298 (37.5%)
[Fri Oct  4 09:03:19 2024] Enqueueing pair 113/298 (37.9%)
[Fri Oct  4 09:03:19 2024] Enqueueing pair 114/298 (38.2%)
[Fri Oct  4 09:03:19 2024] Enqueueing pair 115/298 (38.5%)
[Fri Oct  4 09:03:19 2024] Enqueueing pair 116/298 (38.9%)
[Fri Oct  4 09:03:19 2024] Enqueueing pair 117/298 (39.2%)
[Fri Oct  4 09:03:19 2024] Enqueueing pair 118/298 (39.5%)
[Fri Oct  4 09:03:19 2024] Enqueueing pair 119/298 (39.9%)
[Fri Oct  4 09:03:19 2024] Enqueueing pair 120/298 (40.2%)
[Fri Oct  4 09:03:19 2024] Enqueueing pair 121/298 (40.6%)
[Fri Oct  4 09:03:19 2024] Enqueueing pair 122/298 (40.9%)
[Fri Oct  4 09:03:19 2024] Enqueueing pair 123/298 (41.2%)
[Fri Oct  4 09:03:19 2024] Enqueueing pair 124/298 (41.6%)
[Fri Oct  4 09:03:19 2024] Enqueueing pair 125/298 (41.9%)
[Fri Oct  4 09:03:19 2024] Enqueueing pair 126/298 (42.2%)
[Fri Oct  4 09:03:19 2024] Enqueueing pair 127/298 (42.6%)
[Fri Oct  4 09:03:19 2024] Enqueueing pair 128/298 (42.9%)
[Fri Oct  4 09:03:19 2024] Enqueueing pair 129/298 (43.2%)
[Fri Oct  4 09:03:19 2024] Enqueueing pair 130/298 (43.6%)
[Fri Oct  4 09:03:19 2024] Enqueueing pair 131/298 (43.9%)
[Fri Oct  4 09:03:19 2024] Enqueueing pair 132/298 (44.2%)
[Fri Oct  4 09:03:19 2024] Enqueueing pair 133/298 (44.6%)
[Fri Oct  4 09:03:19 2024] Enqueueing pair 134/298 (44.9%)
[Fri Oct  4 09:03:19 2024] Enqueueing pair 135/298 (45.3%)
[Fri Oct  4 09:03:19 2024] Enqueueing pair 136/298 (45.6%)
[Fri Oct  4 09:03:19 2024] Enqueueing pair 137/298 (45.9%)
[Fri Oct  4 09:03:19 2024] Enqueueing pair 138/298 (46.3%)
[Fri Oct  4 09:03:19 2024] Enqueueing pair 139/298 (46.6%)
[Fri Oct  4 09:03:19 2024] Enqueueing pair 140/298 (46.9%)
[Fri Oct  4 09:03:19 2024] Enqueueing pair 141/298 (47.3%)
[Fri Oct  4 09:03:19 2024] Enqueueing pair 142/298 (47.6%)
[Fri Oct  4 09:03:19 2024] Enqueueing pair 143/298 (47.9%)
[Fri Oct  4 09:03:19 2024] Enqueueing pair 144/298 (48.3%)
[Fri Oct  4 09:03:19 2024] Enqueueing pair 145/298 (48.6%)
[Fri Oct  4 09:03:19 2024] Enqueueing pair 146/298 (48.9%)
[Fri Oct  4 09:03:19 2024] Enqueueing pair 147/298 (49.3%)
[Fri Oct  4 09:03:19 2024] Enqueueing pair 148/298 (49.6%)
[Fri Oct  4 09:03:19 2024] Enqueueing pair 149/298 (50.0%)
[Fri Oct  4 09:03:19 2024] Enqueueing pair 150/298 (50.3%)
[Fri Oct  4 09:03:19 2024] Enqueueing pair 151/298 (50.6%)
[Fri Oct  4 09:03:19 2024] Enqueueing pair 152/298 (51.0%)
[Fri Oct  4 09:03:19 2024] Enqueueing pair 153/298 (51.3%)
[Fri Oct  4 09:03:19 2024] Enqueueing pair 154/298 (51.6%)
[Fri Oct  4 09:03:19 2024] Enqueueing pair 155/298 (52.0%)
[Fri Oct  4 09:03:19 2024] Enqueueing pair 156/298 (52.3%)
[Fri Oct  4 09:03:19 2024] Enqueueing pair 157/298 (52.6%)
[Fri Oct  4 09:03:19 2024] Enqueueing pair 158/298 (53.0%)
[Fri Oct  4 09:03:19 2024] Enqueueing pair 159/298 (53.3%)
[Fri Oct  4 09:03:19 2024] Enqueueing pair 160/298 (53.6%)
[Fri Oct  4 09:03:19 2024] Enqueueing pair 161/298 (54.0%)
[Fri Oct  4 09:03:19 2024] Enqueueing pair 162/298 (54.3%)
[Fri Oct  4 09:03:19 2024] Enqueueing pair 163/298 (54.6%)
[Fri Oct  4 09:03:19 2024] Enqueueing pair 164/298 (55.0%)
[Fri Oct  4 09:03:19 2024] Enqueueing pair 165/298 (55.3%)
[Fri Oct  4 09:03:19 2024] Enqueueing pair 166/298 (55.7%)
[Fri Oct  4 09:03:19 2024] Enqueueing pair 167/298 (56.0%)
[Fri Oct  4 09:03:19 2024] Enqueueing pair 168/298 (56.3%)
[Fri Oct  4 09:03:19 2024] Enqueueing pair 169/298 (56.7%)
[Fri Oct  4 09:03:19 2024] Enqueueing pair 170/298 (57.0%)
[Fri Oct  4 09:03:19 2024] Enqueueing pair 171/298 (57.3%)
[Fri Oct  4 09:03:19 2024] Enqueueing pair 172/298 (57.7%)
[Fri Oct  4 09:03:19 2024] Enqueueing pair 173/298 (58.0%)
[Fri Oct  4 09:03:19 2024] Enqueueing pair 174/298 (58.3%)
[Fri Oct  4 09:03:19 2024] Enqueueing pair 175/298 (58.7%)
[Fri Oct  4 09:03:19 2024] Enqueueing pair 176/298 (59.0%)
[Fri Oct  4 09:03:19 2024] Enqueueing pair 177/298 (59.3%)
[Fri Oct  4 09:03:19 2024] Enqueueing pair 178/298 (59.7%)
[Fri Oct  4 09:03:19 2024] Enqueueing pair 179/298 (60.0%)
[Fri Oct  4 09:03:19 2024] Enqueueing pair 180/298 (60.4%)
[Fri Oct  4 09:03:19 2024] Enqueueing pair 181/298 (60.7%)
[Fri Oct  4 09:03:19 2024] Enqueueing pair 182/298 (61.0%)
[Fri Oct  4 09:03:19 2024] Enqueueing pair 183/298 (61.4%)
[Fri Oct  4 09:03:19 2024] Enqueueing pair 184/298 (61.7%)
[Fri Oct  4 09:03:19 2024] Enqueueing pair 185/298 (62.0%)
[Fri Oct  4 09:03:19 2024] Enqueueing pair 186/298 (62.4%)
[Fri Oct  4 09:03:19 2024] Enqueueing pair 187/298 (62.7%)
[Fri Oct  4 09:03:19 2024] Enqueueing pair 188/298 (63.0%)
[Fri Oct  4 09:03:19 2024] Enqueueing pair 189/298 (63.4%)
[Fri Oct  4 09:03:19 2024] Enqueueing pair 190/298 (63.7%)
[Fri Oct  4 09:03:19 2024] Enqueueing pair 191/298 (64.0%)
[Fri Oct  4 09:03:19 2024] Enqueueing pair 192/298 (64.4%)
[Fri Oct  4 09:03:19 2024] Enqueueing pair 193/298 (64.7%)
[Fri Oct  4 09:03:19 2024] Enqueueing pair 194/298 (65.1%)
[Fri Oct  4 09:03:19 2024] Enqueueing pair 195/298 (65.4%)
[Fri Oct  4 09:03:19 2024] Enqueueing pair 196/298 (65.7%)
[Fri Oct  4 09:03:19 2024] Enqueueing pair 197/298 (66.1%)
[Fri Oct  4 09:03:19 2024] Enqueueing pair 198/298 (66.4%)
[Fri Oct  4 09:03:19 2024] Enqueueing pair 199/298 (66.7%)
[Fri Oct  4 09:03:19 2024] Enqueueing pair 200/298 (67.1%)
[Fri Oct  4 09:03:19 2024] Enqueueing pair 201/298 (67.4%)
[Fri Oct  4 09:03:19 2024] Enqueueing pair 202/298 (67.7%)
[Fri Oct  4 09:03:19 2024] Enqueueing pair 203/298 (68.1%)
[Fri Oct  4 09:03:19 2024] Enqueueing pair 204/298 (68.4%)
[Fri Oct  4 09:03:19 2024] Enqueueing pair 205/298 (68.7%)
[Fri Oct  4 09:03:19 2024] Enqueueing pair 206/298 (69.1%)
[Fri Oct  4 09:03:19 2024] Enqueueing pair 207/298 (69.4%)
[Fri Oct  4 09:03:19 2024] Enqueueing pair 208/298 (69.7%)
[Fri Oct  4 09:03:19 2024] Enqueueing pair 209/298 (70.1%)
[Fri Oct  4 09:03:19 2024] Enqueueing pair 210/298 (70.4%)
[Fri Oct  4 09:03:19 2024] Enqueueing pair 211/298 (70.8%)
[Fri Oct  4 09:03:19 2024] Enqueueing pair 212/298 (71.1%)
[Fri Oct  4 09:03:19 2024] Enqueueing pair 213/298 (71.4%)
[Fri Oct  4 09:03:19 2024] Enqueueing pair 214/298 (71.8%)
[Fri Oct  4 09:03:19 2024] Enqueueing pair 215/298 (72.1%)
[Fri Oct  4 09:03:19 2024] Enqueueing pair 216/298 (72.4%)
[Fri Oct  4 09:03:19 2024] Enqueueing pair 217/298 (72.8%)
[Fri Oct  4 09:03:19 2024] Enqueueing pair 218/298 (73.1%)
[Fri Oct  4 09:03:19 2024] Enqueueing pair 219/298 (73.4%)
[Fri Oct  4 09:03:19 2024] Enqueueing pair 220/298 (73.8%)
[Fri Oct  4 09:03:19 2024] Enqueueing pair 221/298 (74.1%)
[Fri Oct  4 09:03:19 2024] Enqueueing pair 222/298 (74.4%)
[Fri Oct  4 09:03:19 2024] Enqueueing pair 223/298 (74.8%)
[Fri Oct  4 09:03:19 2024] Enqueueing pair 224/298 (75.1%)
[Fri Oct  4 09:03:19 2024] Enqueueing pair 225/298 (75.5%)
[Fri Oct  4 09:03:19 2024] Enqueueing pair 226/298 (75.8%)
[Fri Oct  4 09:03:19 2024] Enqueueing pair 227/298 (76.1%)
[Fri Oct  4 09:03:19 2024] Enqueueing pair 228/298 (76.5%)
[Fri Oct  4 09:03:19 2024] Enqueueing pair 229/298 (76.8%)
[Fri Oct  4 09:03:19 2024] Enqueueing pair 230/298 (77.1%)
[Fri Oct  4 09:03:19 2024] Enqueueing pair 231/298 (77.5%)
[Fri Oct  4 09:03:19 2024] Enqueueing pair 232/298 (77.8%)
[Fri Oct  4 09:03:19 2024] Enqueueing pair 233/298 (78.1%)
[Fri Oct  4 09:03:19 2024] Enqueueing pair 234/298 (78.5%)
[Fri Oct  4 09:03:19 2024] Enqueueing pair 235/298 (78.8%)
[Fri Oct  4 09:03:19 2024] Enqueueing pair 236/298 (79.1%)
[Fri Oct  4 09:03:19 2024] Enqueueing pair 237/298 (79.5%)
[Fri Oct  4 09:03:19 2024] Enqueueing pair 238/298 (79.8%)
[Fri Oct  4 09:03:19 2024] Enqueueing pair 239/298 (80.2%)
[Fri Oct  4 09:03:19 2024] Enqueueing pair 240/298 (80.5%)
[Fri Oct  4 09:03:19 2024] Enqueueing pair 241/298 (80.8%)
[Fri Oct  4 09:03:19 2024] Enqueueing pair 242/298 (81.2%)
[Fri Oct  4 09:03:19 2024] Enqueueing pair 243/298 (81.5%)
[Fri Oct  4 09:03:19 2024] Enqueueing pair 244/298 (81.8%)
[Fri Oct  4 09:03:19 2024] Enqueueing pair 245/298 (82.2%)
[Fri Oct  4 09:03:19 2024] Enqueueing pair 246/298 (82.5%)
[Fri Oct  4 09:03:19 2024] Enqueueing pair 247/298 (82.8%)
[Fri Oct  4 09:03:19 2024] Enqueueing pair 248/298 (83.2%)
[Fri Oct  4 09:03:19 2024] Enqueueing pair 249/298 (83.5%)
[Fri Oct  4 09:03:19 2024] Enqueueing pair 250/298 (83.8%)
[Fri Oct  4 09:03:19 2024] Enqueueing pair 251/298 (84.2%)
[Fri Oct  4 09:03:19 2024] Enqueueing pair 252/298 (84.5%)
[Fri Oct  4 09:03:19 2024] Enqueueing pair 253/298 (84.8%)
[Fri Oct  4 09:03:19 2024] Enqueueing pair 254/298 (85.2%)
[Fri Oct  4 09:03:19 2024] Enqueueing pair 255/298 (85.5%)
[Fri Oct  4 09:03:19 2024] Enqueueing pair 256/298 (85.9%)
[Fri Oct  4 09:03:19 2024] Enqueueing pair 257/298 (86.2%)
[Fri Oct  4 09:03:19 2024] Enqueueing pair 258/298 (86.5%)
[Fri Oct  4 09:03:19 2024] Enqueueing pair 259/298 (86.9%)
[Fri Oct  4 09:03:19 2024] Enqueueing pair 260/298 (87.2%)
[Fri Oct  4 09:03:19 2024] Enqueueing pair 261/298 (87.5%)
[Fri Oct  4 09:03:19 2024] Enqueueing pair 262/298 (87.9%)
[Fri Oct  4 09:03:19 2024] Enqueueing pair 263/298 (88.2%)
[Fri Oct  4 09:03:19 2024] Enqueueing pair 264/298 (88.5%)
[Fri Oct  4 09:03:19 2024] Enqueueing pair 265/298 (88.9%)
[Fri Oct  4 09:03:19 2024] Enqueueing pair 266/298 (89.2%)
[Fri Oct  4 09:03:19 2024] Enqueueing pair 267/298 (89.5%)
[Fri Oct  4 09:03:19 2024] Enqueueing pair 268/298 (89.9%)
[Fri Oct  4 09:03:19 2024] Enqueueing pair 269/298 (90.2%)
[Fri Oct  4 09:03:19 2024] Enqueueing pair 270/298 (90.6%)
[Fri Oct  4 09:03:19 2024] Enqueueing pair 271/298 (90.9%)
[Fri Oct  4 09:03:19 2024] Enqueueing pair 272/298 (91.2%)
[Fri Oct  4 09:03:19 2024] Enqueueing pair 273/298 (91.6%)
[Fri Oct  4 09:03:19 2024] Enqueueing pair 274/298 (91.9%)
[Fri Oct  4 09:03:19 2024] Enqueueing pair 275/298 (92.2%)
[Fri Oct  4 09:03:19 2024] Enqueueing pair 276/298 (92.6%)
[Fri Oct  4 09:03:19 2024] Enqueueing pair 277/298 (92.9%)
[Fri Oct  4 09:03:19 2024] Enqueueing pair 278/298 (93.2%)
[Fri Oct  4 09:03:19 2024] Enqueueing pair 279/298 (93.6%)
[Fri Oct  4 09:03:19 2024] Enqueueing pair 280/298 (93.9%)
[Fri Oct  4 09:03:19 2024] Enqueueing pair 281/298 (94.2%)
[Fri Oct  4 09:03:19 2024] Enqueueing pair 282/298 (94.6%)
[Fri Oct  4 09:03:19 2024] Enqueueing pair 283/298 (94.9%)
[Fri Oct  4 09:03:19 2024] Enqueueing pair 284/298 (95.3%)
[Fri Oct  4 09:03:19 2024] Enqueueing pair 285/298 (95.6%)
[Fri Oct  4 09:03:19 2024] Enqueueing pair 286/298 (95.9%)
[Fri Oct  4 09:03:19 2024] Enqueueing pair 287/298 (96.3%)
[Fri Oct  4 09:03:19 2024] Enqueueing pair 288/298 (96.6%)
[Fri Oct  4 09:03:19 2024] Enqueueing pair 289/298 (96.9%)
[Fri Oct  4 09:03:19 2024] Enqueueing pair 290/298 (97.3%)
[Fri Oct  4 09:03:19 2024] Enqueueing pair 291/298 (97.6%)
[Fri Oct  4 09:03:19 2024] Enqueueing pair 292/298 (97.9%)
[Fri Oct  4 09:03:19 2024] Enqueueing pair 293/298 (98.3%)
[Fri Oct  4 09:03:19 2024] Enqueueing pair 294/298 (98.6%)
[Fri Oct  4 09:03:19 2024] Enqueueing pair 295/298 (98.9%)
[Fri Oct  4 09:03:19 2024] Enqueueing pair 296/298 (99.3%)
[Fri Oct  4 09:03:19 2024] Enqueueing pair 297/298 (99.6%)
[Fri Oct  4 09:03:47 2024] 298/298 (100%) pairs aligned
[Fri Oct  4 09:03:47 2024] Alignment of pairs finished
[Fri Oct  4 09:03:47 2024] Translating coordinates from local pair level to contig level
[Fri Oct  4 09:03:47 2024] Finished spliced alignment
[Fri Oct  4 09:03:47 2024] Flagging top chains
[Fri Oct  4 09:03:47 2024] Processing the output
[Fri Oct  4 09:03:47 2024] Output processed
[Fri Oct  4 09:03:47 2024] ProtHint finished.
04-Oct-24 09:03:47 - INFO: Removing ProtHint-conflicting prediction in the unsupported gene set.
04-Oct-24 09:03:47 - INFO: Deleting temporary files.
04-Oct-24 09:03:47 - INFO: GMST filtering and classification finished.
