ProtHint Version 2.6.0
Copyright 2019, Georgia Institute of Technology, USA

Please cite
  - ProtHint: https://doi.org/10.1093/nargab/lqaa026
  - DIAMOND:  https://doi.org/10.1038/nmeth.3176
  - Spaln:    https://doi.org/10.1093/bioinformatics/btn460

Called from: /workspace/BGA24/BRAKER3/GeneMark-ETP/rnaseq/hints/proteins.fa/prothint
Cmd: /opt/ETP/bin/gmes/ProtHint/bin/prothint.py --geneSeeds /workspace/BGA24/BRAKER3/GeneMark-ETP/rnaseq/gmst/genome_gmst.gtf /workspace/BGA24/BRAKER3/GeneMark-ETP/data/genome.fasta /workspace/BGA24/BRAKER3/GeneMark-ETP/data/proteins.fa --longGene 30000000 --longProtein 15000000

[Fri Oct  4 08:59:50 2024] Pre-processing protein input
[Fri Oct  4 08:59:50 2024] Skipping GeneMark-ES, using the supplied gene seeds file instead
[Fri Oct  4 08:59:50 2024] Translating gene seeds to proteins
[Fri Oct  4 08:59:51 2024] Translation of seeds finished
[Fri Oct  4 08:59:51 2024] Running DIAMOND
diamond v0.9.24.125 | by Benjamin Buchfink <buchfink@gmail.com>
Licensed under the GNU GPL <https://www.gnu.org/licenses/gpl.txt>
Check http://github.com/bbuchfink/diamond for updates.

#CPU threads: 16
Scoring parameters: (Matrix=BLOSUM62 Lambda=0.267 K=0.041 Penalties=11/1)
Database file: /workspace/BGA24/BRAKER3/GeneMark-ETP/rnaseq/hints/proteins.fa/prothint/protyqjw7vmx
Opening the database file...  [0.000167s]
Loading sequences...  [0.01713s]
Masking sequences...  [0.135531s]
Writing sequences...  [0.010056s]
Hashing sequences...  [0.001856s]
Loading sequences...  [2.4e-05s]
Writing trailer...  [0.000224s]
Closing the input file...  [5.1e-05s]
Closing the database file...  [6.2e-05s]
Database hash = 2f58b254d3d2aedfdfd92ec499b32e9e
Processed 8463 sequences, 4201797 letters.
Total time = 0.165524s
diamond v0.9.24.125 | by Benjamin Buchfink <buchfink@gmail.com>
Licensed under the GNU GPL <https://www.gnu.org/licenses/gpl.txt>
Check http://github.com/bbuchfink/diamond for updates.

#CPU threads: 16
Scoring parameters: (Matrix=BLOSUM62 Lambda=0.267 K=0.041 Penalties=11/1)
Temporary directory: 
Opening the database...  [6.9e-05s]
#Target sequences to report alignments for: 25
Opening the input file...  [2.7e-05s]
Opening the output file...  [3.5e-05s]
Loading query sequences...  [0.001383s]
Masking queries...  [0.007874s]
Building query seed set...  [0.00304s]
Algorithm: Double-indexed
Building query histograms...  [0.00135s]
Allocating buffers...  [7.3e-05s]
Loading reference sequences...  [0.006312s]
Building reference histograms...  [0.010356s]
Allocating buffers...  [7.5e-05s]
Initializing temporary storage...  [0.008754s]
Processing query chunk 0, reference chunk 0, shape 0, index chunk 0.
Building reference index...  [0.02186s]
Building query index...  [0.003321s]
Building seed filter...  [0.002339s]
Searching alignments...  [0.006451s]
Processing query chunk 0, reference chunk 0, shape 0, index chunk 1.
Building reference index...  [0.016967s]
Building query index...  [0.002712s]
Building seed filter...  [0.002321s]
Searching alignments...  [0.005552s]
Processing query chunk 0, reference chunk 0, shape 0, index chunk 2.
Building reference index...  [0.016953s]
Building query index...  [0.002485s]
Building seed filter...  [0.002231s]
Searching alignments...  [0.004403s]
Processing query chunk 0, reference chunk 0, shape 0, index chunk 3.
Building reference index...  [0.02217s]
Building query index...  [0.002675s]
Building seed filter...  [0.002395s]
Searching alignments...  [0.005178s]
Processing query chunk 0, reference chunk 0, shape 1, index chunk 0.
Building reference index...  [0.016011s]
Building query index...  [0.003039s]
Building seed filter...  [0.002675s]
Searching alignments...  [0.005369s]
Processing query chunk 0, reference chunk 0, shape 1, index chunk 1.
Building reference index...  [0.020452s]
Building query index...  [0.003001s]
Building seed filter...  [0.00229s]
Searching alignments...  [0.004232s]
Processing query chunk 0, reference chunk 0, shape 1, index chunk 2.
Building reference index...  [0.017605s]
Building query index...  [0.002885s]
Building seed filter...  [0.002549s]
Searching alignments...  [0.005662s]
Processing query chunk 0, reference chunk 0, shape 1, index chunk 3.
Building reference index...  [0.016799s]
Building query index...  [0.002958s]
Building seed filter...  [0.002569s]
Searching alignments...  [0.005545s]
Deallocating buffers...  [0.000907s]
Computing alignments...  [0.29255s]
Deallocating reference...  [0.000432s]
Loading reference sequences...  [1.8e-05s]
Deallocating buffers...  [7e-06s]
Deallocating queries...  [5.2e-05s]
Loading query sequences...  [1.6e-05s]
Closing the input file...  [2.4e-05s]
Closing the output file...  [4.3e-05s]
Closing the database file...  [1.6e-05s]
Deallocating taxonomy...  [1.5e-05s]
Total time = 0.570942s
Reported 7290 pairwise alignments, 7290 HSPs.
613 queries aligned.
[Fri Oct  4 08:59:51 2024] DIAMOND finished
[Fri Oct  4 08:59:51 2024] Preparing pairs for alignments
[Fri Oct  4 08:59:52 2024] Preparation of pairs finished
[Fri Oct  4 08:59:52 2024] Starting spliced alignment with spaln
[Fri Oct  4 08:59:52 2024] Loading alignment pairs into memory
[Fri Oct  4 08:59:52 2024] Pairs loaded. Number of pairs to align: 7290
[Fri Oct  4 08:59:52 2024] Starting the alignments
[Fri Oct  4 08:59:52 2024] Enqueueing pair 0/7290 (0.0%)
[Fri Oct  4 08:59:52 2024] Enqueueing pair 8/7290 (0.1%)
[Fri Oct  4 08:59:52 2024] Enqueueing pair 15/7290 (0.2%)
[Fri Oct  4 08:59:52 2024] Enqueueing pair 22/7290 (0.3%)
[Fri Oct  4 08:59:52 2024] Enqueueing pair 30/7290 (0.4%)
[Fri Oct  4 08:59:52 2024] Enqueueing pair 37/7290 (0.5%)
[Fri Oct  4 08:59:52 2024] Enqueueing pair 44/7290 (0.6%)
[Fri Oct  4 08:59:52 2024] Enqueueing pair 52/7290 (0.7%)
[Fri Oct  4 08:59:52 2024] Enqueueing pair 59/7290 (0.8%)
[Fri Oct  4 08:59:52 2024] Enqueueing pair 66/7290 (0.9%)
[Fri Oct  4 08:59:52 2024] Enqueueing pair 73/7290 (1.0%)
[Fri Oct  4 08:59:52 2024] Enqueueing pair 81/7290 (1.1%)
[Fri Oct  4 08:59:52 2024] Enqueueing pair 88/7290 (1.2%)
[Fri Oct  4 08:59:52 2024] Enqueueing pair 95/7290 (1.3%)
[Fri Oct  4 08:59:52 2024] Enqueueing pair 103/7290 (1.4%)
[Fri Oct  4 08:59:52 2024] Enqueueing pair 110/7290 (1.5%)
[Fri Oct  4 08:59:52 2024] Enqueueing pair 117/7290 (1.6%)
[Fri Oct  4 08:59:52 2024] Enqueueing pair 124/7290 (1.7%)
[Fri Oct  4 08:59:52 2024] Enqueueing pair 132/7290 (1.8%)
[Fri Oct  4 08:59:52 2024] Enqueueing pair 139/7290 (1.9%)
[Fri Oct  4 08:59:52 2024] Enqueueing pair 146/7290 (2.0%)
[Fri Oct  4 08:59:52 2024] Enqueueing pair 154/7290 (2.1%)
[Fri Oct  4 08:59:52 2024] Enqueueing pair 161/7290 (2.2%)
[Fri Oct  4 08:59:52 2024] Enqueueing pair 168/7290 (2.3%)
[Fri Oct  4 08:59:52 2024] Enqueueing pair 175/7290 (2.4%)
[Fri Oct  4 08:59:52 2024] Enqueueing pair 183/7290 (2.5%)
[Fri Oct  4 08:59:52 2024] Enqueueing pair 190/7290 (2.6%)
[Fri Oct  4 08:59:52 2024] Enqueueing pair 197/7290 (2.7%)
[Fri Oct  4 08:59:52 2024] Enqueueing pair 205/7290 (2.8%)
[Fri Oct  4 08:59:52 2024] Enqueueing pair 212/7290 (2.9%)
[Fri Oct  4 08:59:52 2024] Enqueueing pair 219/7290 (3.0%)
[Fri Oct  4 08:59:52 2024] Enqueueing pair 226/7290 (3.1%)
[Fri Oct  4 08:59:52 2024] Enqueueing pair 234/7290 (3.2%)
[Fri Oct  4 08:59:52 2024] Enqueueing pair 241/7290 (3.3%)
[Fri Oct  4 08:59:52 2024] Enqueueing pair 248/7290 (3.4%)
[Fri Oct  4 08:59:52 2024] Enqueueing pair 256/7290 (3.5%)
[Fri Oct  4 08:59:52 2024] Enqueueing pair 263/7290 (3.6%)
[Fri Oct  4 08:59:52 2024] Enqueueing pair 270/7290 (3.7%)
[Fri Oct  4 08:59:52 2024] Enqueueing pair 278/7290 (3.8%)
[Fri Oct  4 08:59:52 2024] Enqueueing pair 285/7290 (3.9%)
[Fri Oct  4 08:59:52 2024] Enqueueing pair 292/7290 (4.0%)
[Fri Oct  4 08:59:52 2024] Enqueueing pair 299/7290 (4.1%)
[Fri Oct  4 08:59:52 2024] Enqueueing pair 307/7290 (4.2%)
[Fri Oct  4 08:59:52 2024] Enqueueing pair 314/7290 (4.3%)
[Fri Oct  4 08:59:52 2024] Enqueueing pair 321/7290 (4.4%)
[Fri Oct  4 08:59:52 2024] Enqueueing pair 329/7290 (4.5%)
[Fri Oct  4 08:59:52 2024] Enqueueing pair 336/7290 (4.6%)
[Fri Oct  4 08:59:52 2024] Enqueueing pair 343/7290 (4.7%)
[Fri Oct  4 08:59:52 2024] Enqueueing pair 350/7290 (4.8%)
[Fri Oct  4 08:59:52 2024] Enqueueing pair 358/7290 (4.9%)
[Fri Oct  4 08:59:52 2024] Enqueueing pair 365/7290 (5.0%)
[Fri Oct  4 08:59:52 2024] Enqueueing pair 372/7290 (5.1%)
[Fri Oct  4 08:59:52 2024] Enqueueing pair 380/7290 (5.2%)
[Fri Oct  4 08:59:52 2024] Enqueueing pair 387/7290 (5.3%)
[Fri Oct  4 08:59:52 2024] Enqueueing pair 394/7290 (5.4%)
[Fri Oct  4 08:59:52 2024] Enqueueing pair 401/7290 (5.5%)
[Fri Oct  4 08:59:52 2024] Enqueueing pair 409/7290 (5.6%)
[Fri Oct  4 08:59:52 2024] Enqueueing pair 416/7290 (5.7%)
[Fri Oct  4 08:59:52 2024] Enqueueing pair 423/7290 (5.8%)
[Fri Oct  4 08:59:52 2024] Enqueueing pair 431/7290 (5.9%)
[Fri Oct  4 08:59:52 2024] Enqueueing pair 438/7290 (6.0%)
[Fri Oct  4 08:59:52 2024] Enqueueing pair 445/7290 (6.1%)
[Fri Oct  4 08:59:52 2024] Enqueueing pair 452/7290 (6.2%)
[Fri Oct  4 08:59:52 2024] Enqueueing pair 460/7290 (6.3%)
[Fri Oct  4 08:59:52 2024] Enqueueing pair 467/7290 (6.4%)
[Fri Oct  4 08:59:52 2024] Enqueueing pair 474/7290 (6.5%)
[Fri Oct  4 08:59:52 2024] Enqueueing pair 482/7290 (6.6%)
[Fri Oct  4 08:59:52 2024] Enqueueing pair 489/7290 (6.7%)
[Fri Oct  4 08:59:52 2024] Enqueueing pair 496/7290 (6.8%)
[Fri Oct  4 08:59:52 2024] Enqueueing pair 504/7290 (6.9%)
[Fri Oct  4 08:59:52 2024] Enqueueing pair 511/7290 (7.0%)
[Fri Oct  4 08:59:52 2024] Enqueueing pair 518/7290 (7.1%)
[Fri Oct  4 08:59:52 2024] Enqueueing pair 525/7290 (7.2%)
[Fri Oct  4 08:59:52 2024] Enqueueing pair 533/7290 (7.3%)
[Fri Oct  4 08:59:52 2024] Enqueueing pair 540/7290 (7.4%)
[Fri Oct  4 08:59:52 2024] Enqueueing pair 547/7290 (7.5%)
[Fri Oct  4 08:59:52 2024] Enqueueing pair 555/7290 (7.6%)
[Fri Oct  4 08:59:52 2024] Enqueueing pair 562/7290 (7.7%)
[Fri Oct  4 08:59:52 2024] Enqueueing pair 569/7290 (7.8%)
[Fri Oct  4 08:59:52 2024] Enqueueing pair 576/7290 (7.9%)
[Fri Oct  4 08:59:52 2024] Enqueueing pair 584/7290 (8.0%)
[Fri Oct  4 08:59:52 2024] Enqueueing pair 591/7290 (8.1%)
[Fri Oct  4 08:59:52 2024] Enqueueing pair 598/7290 (8.2%)
[Fri Oct  4 08:59:52 2024] Enqueueing pair 606/7290 (8.3%)
[Fri Oct  4 08:59:52 2024] Enqueueing pair 613/7290 (8.4%)
[Fri Oct  4 08:59:52 2024] Enqueueing pair 620/7290 (8.5%)
[Fri Oct  4 08:59:52 2024] Enqueueing pair 627/7290 (8.6%)
[Fri Oct  4 08:59:52 2024] Enqueueing pair 635/7290 (8.7%)
[Fri Oct  4 08:59:52 2024] Enqueueing pair 642/7290 (8.8%)
[Fri Oct  4 08:59:52 2024] Enqueueing pair 649/7290 (8.9%)
[Fri Oct  4 08:59:52 2024] Enqueueing pair 657/7290 (9.0%)
[Fri Oct  4 08:59:52 2024] Enqueueing pair 664/7290 (9.1%)
[Fri Oct  4 08:59:52 2024] Enqueueing pair 671/7290 (9.2%)
[Fri Oct  4 08:59:52 2024] Enqueueing pair 678/7290 (9.3%)
[Fri Oct  4 08:59:52 2024] Enqueueing pair 686/7290 (9.4%)
[Fri Oct  4 08:59:52 2024] Enqueueing pair 693/7290 (9.5%)
[Fri Oct  4 08:59:52 2024] Enqueueing pair 700/7290 (9.6%)
[Fri Oct  4 08:59:52 2024] Enqueueing pair 708/7290 (9.7%)
[Fri Oct  4 08:59:52 2024] Enqueueing pair 715/7290 (9.8%)
[Fri Oct  4 08:59:52 2024] Enqueueing pair 722/7290 (9.9%)
[Fri Oct  4 08:59:52 2024] Enqueueing pair 729/7290 (10.0%)
[Fri Oct  4 08:59:52 2024] Enqueueing pair 737/7290 (10.1%)
[Fri Oct  4 08:59:52 2024] Enqueueing pair 744/7290 (10.2%)
[Fri Oct  4 08:59:52 2024] Enqueueing pair 751/7290 (10.3%)
[Fri Oct  4 08:59:52 2024] Enqueueing pair 759/7290 (10.4%)
[Fri Oct  4 08:59:52 2024] Enqueueing pair 766/7290 (10.5%)
[Fri Oct  4 08:59:52 2024] Enqueueing pair 773/7290 (10.6%)
[Fri Oct  4 08:59:52 2024] Enqueueing pair 781/7290 (10.7%)
[Fri Oct  4 08:59:52 2024] Enqueueing pair 788/7290 (10.8%)
[Fri Oct  4 08:59:52 2024] Enqueueing pair 795/7290 (10.9%)
[Fri Oct  4 08:59:52 2024] Enqueueing pair 802/7290 (11.0%)
[Fri Oct  4 08:59:52 2024] Enqueueing pair 810/7290 (11.1%)
[Fri Oct  4 08:59:52 2024] Enqueueing pair 817/7290 (11.2%)
[Fri Oct  4 08:59:52 2024] Enqueueing pair 824/7290 (11.3%)
[Fri Oct  4 08:59:52 2024] Enqueueing pair 832/7290 (11.4%)
[Fri Oct  4 08:59:52 2024] Enqueueing pair 839/7290 (11.5%)
[Fri Oct  4 08:59:52 2024] Enqueueing pair 846/7290 (11.6%)
[Fri Oct  4 08:59:52 2024] Enqueueing pair 853/7290 (11.7%)
[Fri Oct  4 08:59:52 2024] Enqueueing pair 861/7290 (11.8%)
[Fri Oct  4 08:59:52 2024] Enqueueing pair 868/7290 (11.9%)
[Fri Oct  4 08:59:52 2024] Enqueueing pair 875/7290 (12.0%)
[Fri Oct  4 08:59:52 2024] Enqueueing pair 883/7290 (12.1%)
[Fri Oct  4 08:59:52 2024] Enqueueing pair 890/7290 (12.2%)
[Fri Oct  4 08:59:52 2024] Enqueueing pair 897/7290 (12.3%)
[Fri Oct  4 08:59:52 2024] Enqueueing pair 904/7290 (12.4%)
[Fri Oct  4 08:59:52 2024] Enqueueing pair 912/7290 (12.5%)
[Fri Oct  4 08:59:52 2024] Enqueueing pair 919/7290 (12.6%)
[Fri Oct  4 08:59:52 2024] Enqueueing pair 926/7290 (12.7%)
[Fri Oct  4 08:59:52 2024] Enqueueing pair 934/7290 (12.8%)
[Fri Oct  4 08:59:52 2024] Enqueueing pair 941/7290 (12.9%)
[Fri Oct  4 08:59:52 2024] Enqueueing pair 948/7290 (13.0%)
[Fri Oct  4 08:59:52 2024] Enqueueing pair 955/7290 (13.1%)
[Fri Oct  4 08:59:52 2024] Enqueueing pair 963/7290 (13.2%)
[Fri Oct  4 08:59:52 2024] Enqueueing pair 970/7290 (13.3%)
[Fri Oct  4 08:59:52 2024] Enqueueing pair 977/7290 (13.4%)
[Fri Oct  4 08:59:52 2024] Enqueueing pair 985/7290 (13.5%)
[Fri Oct  4 08:59:52 2024] Enqueueing pair 992/7290 (13.6%)
[Fri Oct  4 08:59:52 2024] Enqueueing pair 999/7290 (13.7%)
[Fri Oct  4 08:59:52 2024] Enqueueing pair 1007/7290 (13.8%)
[Fri Oct  4 08:59:52 2024] Enqueueing pair 1014/7290 (13.9%)
[Fri Oct  4 08:59:52 2024] Enqueueing pair 1021/7290 (14.0%)
[Fri Oct  4 08:59:52 2024] Enqueueing pair 1028/7290 (14.1%)
[Fri Oct  4 08:59:52 2024] Enqueueing pair 1036/7290 (14.2%)
[Fri Oct  4 08:59:52 2024] Enqueueing pair 1043/7290 (14.3%)
[Fri Oct  4 08:59:52 2024] Enqueueing pair 1050/7290 (14.4%)
[Fri Oct  4 08:59:52 2024] Enqueueing pair 1058/7290 (14.5%)
[Fri Oct  4 08:59:52 2024] Enqueueing pair 1065/7290 (14.6%)
[Fri Oct  4 08:59:52 2024] Enqueueing pair 1072/7290 (14.7%)
[Fri Oct  4 08:59:52 2024] Enqueueing pair 1079/7290 (14.8%)
[Fri Oct  4 08:59:52 2024] Enqueueing pair 1087/7290 (14.9%)
[Fri Oct  4 08:59:52 2024] Enqueueing pair 1094/7290 (15.0%)
[Fri Oct  4 08:59:52 2024] Enqueueing pair 1101/7290 (15.1%)
[Fri Oct  4 08:59:52 2024] Enqueueing pair 1109/7290 (15.2%)
[Fri Oct  4 08:59:52 2024] Enqueueing pair 1116/7290 (15.3%)
[Fri Oct  4 08:59:52 2024] Enqueueing pair 1123/7290 (15.4%)
[Fri Oct  4 08:59:52 2024] Enqueueing pair 1130/7290 (15.5%)
[Fri Oct  4 08:59:52 2024] Enqueueing pair 1138/7290 (15.6%)
[Fri Oct  4 08:59:52 2024] Enqueueing pair 1145/7290 (15.7%)
[Fri Oct  4 08:59:52 2024] Enqueueing pair 1152/7290 (15.8%)
[Fri Oct  4 08:59:52 2024] Enqueueing pair 1160/7290 (15.9%)
[Fri Oct  4 08:59:52 2024] Enqueueing pair 1167/7290 (16.0%)
[Fri Oct  4 08:59:52 2024] Enqueueing pair 1174/7290 (16.1%)
[Fri Oct  4 08:59:52 2024] Enqueueing pair 1181/7290 (16.2%)
[Fri Oct  4 08:59:52 2024] Enqueueing pair 1189/7290 (16.3%)
[Fri Oct  4 08:59:52 2024] Enqueueing pair 1196/7290 (16.4%)
[Fri Oct  4 08:59:52 2024] Enqueueing pair 1203/7290 (16.5%)
[Fri Oct  4 08:59:52 2024] Enqueueing pair 1211/7290 (16.6%)
[Fri Oct  4 08:59:52 2024] Enqueueing pair 1218/7290 (16.7%)
[Fri Oct  4 08:59:52 2024] Enqueueing pair 1225/7290 (16.8%)
[Fri Oct  4 08:59:52 2024] Enqueueing pair 1233/7290 (16.9%)
[Fri Oct  4 08:59:52 2024] Enqueueing pair 1240/7290 (17.0%)
[Fri Oct  4 08:59:52 2024] Enqueueing pair 1247/7290 (17.1%)
[Fri Oct  4 08:59:52 2024] Enqueueing pair 1254/7290 (17.2%)
[Fri Oct  4 08:59:52 2024] Enqueueing pair 1262/7290 (17.3%)
[Fri Oct  4 08:59:52 2024] Enqueueing pair 1269/7290 (17.4%)
[Fri Oct  4 08:59:52 2024] Enqueueing pair 1276/7290 (17.5%)
[Fri Oct  4 08:59:52 2024] Enqueueing pair 1284/7290 (17.6%)
[Fri Oct  4 08:59:52 2024] Enqueueing pair 1291/7290 (17.7%)
[Fri Oct  4 08:59:52 2024] Enqueueing pair 1298/7290 (17.8%)
[Fri Oct  4 08:59:52 2024] Enqueueing pair 1305/7290 (17.9%)
[Fri Oct  4 08:59:52 2024] Enqueueing pair 1313/7290 (18.0%)
[Fri Oct  4 08:59:52 2024] Enqueueing pair 1320/7290 (18.1%)
[Fri Oct  4 08:59:52 2024] Enqueueing pair 1327/7290 (18.2%)
[Fri Oct  4 08:59:52 2024] Enqueueing pair 1335/7290 (18.3%)
[Fri Oct  4 08:59:52 2024] Enqueueing pair 1342/7290 (18.4%)
[Fri Oct  4 08:59:52 2024] Enqueueing pair 1349/7290 (18.5%)
[Fri Oct  4 08:59:52 2024] Enqueueing pair 1356/7290 (18.6%)
[Fri Oct  4 08:59:52 2024] Enqueueing pair 1364/7290 (18.7%)
[Fri Oct  4 08:59:52 2024] Enqueueing pair 1371/7290 (18.8%)
[Fri Oct  4 08:59:52 2024] Enqueueing pair 1378/7290 (18.9%)
[Fri Oct  4 08:59:52 2024] Enqueueing pair 1386/7290 (19.0%)
[Fri Oct  4 08:59:52 2024] Enqueueing pair 1393/7290 (19.1%)
[Fri Oct  4 08:59:52 2024] Enqueueing pair 1400/7290 (19.2%)
[Fri Oct  4 08:59:52 2024] Enqueueing pair 1407/7290 (19.3%)
[Fri Oct  4 08:59:52 2024] Enqueueing pair 1415/7290 (19.4%)
[Fri Oct  4 08:59:52 2024] Enqueueing pair 1422/7290 (19.5%)
[Fri Oct  4 08:59:52 2024] Enqueueing pair 1429/7290 (19.6%)
[Fri Oct  4 08:59:52 2024] Enqueueing pair 1437/7290 (19.7%)
[Fri Oct  4 08:59:52 2024] Enqueueing pair 1444/7290 (19.8%)
[Fri Oct  4 08:59:52 2024] Enqueueing pair 1451/7290 (19.9%)
[Fri Oct  4 08:59:52 2024] Enqueueing pair 1458/7290 (20.0%)
[Fri Oct  4 08:59:52 2024] Enqueueing pair 1466/7290 (20.1%)
[Fri Oct  4 08:59:52 2024] Enqueueing pair 1473/7290 (20.2%)
[Fri Oct  4 08:59:52 2024] Enqueueing pair 1480/7290 (20.3%)
[Fri Oct  4 08:59:52 2024] Enqueueing pair 1488/7290 (20.4%)
[Fri Oct  4 08:59:52 2024] Enqueueing pair 1495/7290 (20.5%)
[Fri Oct  4 08:59:52 2024] Enqueueing pair 1502/7290 (20.6%)
[Fri Oct  4 08:59:52 2024] Enqueueing pair 1510/7290 (20.7%)
[Fri Oct  4 08:59:52 2024] Enqueueing pair 1517/7290 (20.8%)
[Fri Oct  4 08:59:52 2024] Enqueueing pair 1524/7290 (20.9%)
[Fri Oct  4 08:59:52 2024] Enqueueing pair 1531/7290 (21.0%)
[Fri Oct  4 08:59:52 2024] Enqueueing pair 1539/7290 (21.1%)
[Fri Oct  4 08:59:52 2024] Enqueueing pair 1546/7290 (21.2%)
[Fri Oct  4 08:59:52 2024] Enqueueing pair 1553/7290 (21.3%)
[Fri Oct  4 08:59:52 2024] Enqueueing pair 1561/7290 (21.4%)
[Fri Oct  4 08:59:52 2024] Enqueueing pair 1568/7290 (21.5%)
[Fri Oct  4 08:59:52 2024] Enqueueing pair 1575/7290 (21.6%)
[Fri Oct  4 08:59:52 2024] Enqueueing pair 1582/7290 (21.7%)
[Fri Oct  4 08:59:52 2024] Enqueueing pair 1590/7290 (21.8%)
[Fri Oct  4 08:59:52 2024] Enqueueing pair 1597/7290 (21.9%)
[Fri Oct  4 08:59:53 2024] Enqueueing pair 1604/7290 (22.0%)
[Fri Oct  4 08:59:53 2024] Enqueueing pair 1612/7290 (22.1%)
[Fri Oct  4 08:59:53 2024] Enqueueing pair 1619/7290 (22.2%)
[Fri Oct  4 08:59:53 2024] Enqueueing pair 1626/7290 (22.3%)
[Fri Oct  4 08:59:53 2024] Enqueueing pair 1633/7290 (22.4%)
[Fri Oct  4 08:59:53 2024] Enqueueing pair 1641/7290 (22.5%)
[Fri Oct  4 08:59:53 2024] Enqueueing pair 1648/7290 (22.6%)
[Fri Oct  4 08:59:53 2024] Enqueueing pair 1655/7290 (22.7%)
[Fri Oct  4 08:59:53 2024] Enqueueing pair 1663/7290 (22.8%)
[Fri Oct  4 08:59:53 2024] Enqueueing pair 1670/7290 (22.9%)
[Fri Oct  4 08:59:53 2024] Enqueueing pair 1677/7290 (23.0%)
[Fri Oct  4 08:59:53 2024] Enqueueing pair 1684/7290 (23.1%)
[Fri Oct  4 08:59:53 2024] Enqueueing pair 1692/7290 (23.2%)
[Fri Oct  4 08:59:53 2024] Enqueueing pair 1699/7290 (23.3%)
[Fri Oct  4 08:59:53 2024] Enqueueing pair 1706/7290 (23.4%)
[Fri Oct  4 08:59:53 2024] Enqueueing pair 1714/7290 (23.5%)
[Fri Oct  4 08:59:53 2024] Enqueueing pair 1721/7290 (23.6%)
[Fri Oct  4 08:59:53 2024] Enqueueing pair 1728/7290 (23.7%)
[Fri Oct  4 08:59:53 2024] Enqueueing pair 1736/7290 (23.8%)
[Fri Oct  4 08:59:53 2024] Enqueueing pair 1743/7290 (23.9%)
[Fri Oct  4 08:59:53 2024] Enqueueing pair 1750/7290 (24.0%)
[Fri Oct  4 08:59:53 2024] Enqueueing pair 1757/7290 (24.1%)
[Fri Oct  4 08:59:53 2024] Enqueueing pair 1765/7290 (24.2%)
[Fri Oct  4 08:59:53 2024] Enqueueing pair 1772/7290 (24.3%)
[Fri Oct  4 08:59:53 2024] Enqueueing pair 1779/7290 (24.4%)
[Fri Oct  4 08:59:53 2024] Enqueueing pair 1787/7290 (24.5%)
[Fri Oct  4 08:59:53 2024] Enqueueing pair 1794/7290 (24.6%)
[Fri Oct  4 08:59:53 2024] Enqueueing pair 1801/7290 (24.7%)
[Fri Oct  4 08:59:53 2024] Enqueueing pair 1808/7290 (24.8%)
[Fri Oct  4 08:59:53 2024] Enqueueing pair 1816/7290 (24.9%)
[Fri Oct  4 08:59:53 2024] Enqueueing pair 1823/7290 (25.0%)
[Fri Oct  4 08:59:53 2024] Enqueueing pair 1830/7290 (25.1%)
[Fri Oct  4 08:59:53 2024] Enqueueing pair 1838/7290 (25.2%)
[Fri Oct  4 08:59:53 2024] Enqueueing pair 1845/7290 (25.3%)
[Fri Oct  4 08:59:53 2024] Enqueueing pair 1852/7290 (25.4%)
[Fri Oct  4 08:59:53 2024] Enqueueing pair 1859/7290 (25.5%)
[Fri Oct  4 08:59:53 2024] Enqueueing pair 1867/7290 (25.6%)
[Fri Oct  4 08:59:53 2024] Enqueueing pair 1874/7290 (25.7%)
[Fri Oct  4 08:59:53 2024] Enqueueing pair 1881/7290 (25.8%)
[Fri Oct  4 08:59:53 2024] Enqueueing pair 1889/7290 (25.9%)
[Fri Oct  4 08:59:53 2024] Enqueueing pair 1896/7290 (26.0%)
[Fri Oct  4 08:59:53 2024] Enqueueing pair 1903/7290 (26.1%)
[Fri Oct  4 08:59:53 2024] Enqueueing pair 1910/7290 (26.2%)
[Fri Oct  4 08:59:53 2024] Enqueueing pair 1918/7290 (26.3%)
[Fri Oct  4 08:59:53 2024] Enqueueing pair 1925/7290 (26.4%)
[Fri Oct  4 08:59:53 2024] Enqueueing pair 1932/7290 (26.5%)
[Fri Oct  4 08:59:53 2024] Enqueueing pair 1940/7290 (26.6%)
[Fri Oct  4 08:59:53 2024] Enqueueing pair 1947/7290 (26.7%)
[Fri Oct  4 08:59:53 2024] Enqueueing pair 1954/7290 (26.8%)
[Fri Oct  4 08:59:53 2024] Enqueueing pair 1962/7290 (26.9%)
[Fri Oct  4 08:59:53 2024] Enqueueing pair 1969/7290 (27.0%)
[Fri Oct  4 08:59:53 2024] Enqueueing pair 1976/7290 (27.1%)
[Fri Oct  4 08:59:53 2024] Enqueueing pair 1983/7290 (27.2%)
[Fri Oct  4 08:59:53 2024] Enqueueing pair 1991/7290 (27.3%)
[Fri Oct  4 08:59:53 2024] Enqueueing pair 1998/7290 (27.4%)
[Fri Oct  4 08:59:53 2024] Enqueueing pair 2005/7290 (27.5%)
[Fri Oct  4 08:59:53 2024] Enqueueing pair 2013/7290 (27.6%)
[Fri Oct  4 08:59:53 2024] Enqueueing pair 2020/7290 (27.7%)
[Fri Oct  4 08:59:53 2024] Enqueueing pair 2027/7290 (27.8%)
[Fri Oct  4 08:59:53 2024] Enqueueing pair 2034/7290 (27.9%)
[Fri Oct  4 08:59:53 2024] Enqueueing pair 2042/7290 (28.0%)
[Fri Oct  4 08:59:53 2024] Enqueueing pair 2049/7290 (28.1%)
[Fri Oct  4 08:59:53 2024] Enqueueing pair 2056/7290 (28.2%)
[Fri Oct  4 08:59:53 2024] Enqueueing pair 2064/7290 (28.3%)
[Fri Oct  4 08:59:53 2024] Enqueueing pair 2071/7290 (28.4%)
[Fri Oct  4 08:59:53 2024] Enqueueing pair 2078/7290 (28.5%)
[Fri Oct  4 08:59:53 2024] Enqueueing pair 2085/7290 (28.6%)
[Fri Oct  4 08:59:53 2024] Enqueueing pair 2093/7290 (28.7%)
[Fri Oct  4 08:59:53 2024] Enqueueing pair 2100/7290 (28.8%)
[Fri Oct  4 08:59:53 2024] Enqueueing pair 2107/7290 (28.9%)
[Fri Oct  4 08:59:53 2024] Enqueueing pair 2115/7290 (29.0%)
[Fri Oct  4 08:59:53 2024] Enqueueing pair 2122/7290 (29.1%)
[Fri Oct  4 08:59:53 2024] Enqueueing pair 2129/7290 (29.2%)
[Fri Oct  4 08:59:53 2024] Enqueueing pair 2136/7290 (29.3%)
[Fri Oct  4 08:59:53 2024] Enqueueing pair 2144/7290 (29.4%)
[Fri Oct  4 08:59:53 2024] Enqueueing pair 2151/7290 (29.5%)
[Fri Oct  4 08:59:53 2024] Enqueueing pair 2158/7290 (29.6%)
[Fri Oct  4 08:59:53 2024] Enqueueing pair 2166/7290 (29.7%)
[Fri Oct  4 08:59:53 2024] Enqueueing pair 2173/7290 (29.8%)
[Fri Oct  4 08:59:53 2024] Enqueueing pair 2180/7290 (29.9%)
[Fri Oct  4 08:59:53 2024] Enqueueing pair 2187/7290 (30.0%)
[Fri Oct  4 08:59:53 2024] Enqueueing pair 2195/7290 (30.1%)
[Fri Oct  4 08:59:53 2024] Enqueueing pair 2202/7290 (30.2%)
[Fri Oct  4 08:59:53 2024] Enqueueing pair 2209/7290 (30.3%)
[Fri Oct  4 08:59:53 2024] Enqueueing pair 2217/7290 (30.4%)
[Fri Oct  4 08:59:53 2024] Enqueueing pair 2224/7290 (30.5%)
[Fri Oct  4 08:59:53 2024] Enqueueing pair 2231/7290 (30.6%)
[Fri Oct  4 08:59:53 2024] Enqueueing pair 2239/7290 (30.7%)
[Fri Oct  4 08:59:53 2024] Enqueueing pair 2246/7290 (30.8%)
[Fri Oct  4 08:59:53 2024] Enqueueing pair 2253/7290 (30.9%)
[Fri Oct  4 08:59:53 2024] Enqueueing pair 2260/7290 (31.0%)
[Fri Oct  4 08:59:53 2024] Enqueueing pair 2268/7290 (31.1%)
[Fri Oct  4 08:59:53 2024] Enqueueing pair 2275/7290 (31.2%)
[Fri Oct  4 08:59:53 2024] Enqueueing pair 2282/7290 (31.3%)
[Fri Oct  4 08:59:53 2024] Enqueueing pair 2290/7290 (31.4%)
[Fri Oct  4 08:59:53 2024] Enqueueing pair 2297/7290 (31.5%)
[Fri Oct  4 08:59:53 2024] Enqueueing pair 2304/7290 (31.6%)
[Fri Oct  4 08:59:53 2024] Enqueueing pair 2311/7290 (31.7%)
[Fri Oct  4 08:59:53 2024] Enqueueing pair 2319/7290 (31.8%)
[Fri Oct  4 08:59:53 2024] Enqueueing pair 2326/7290 (31.9%)
[Fri Oct  4 08:59:53 2024] Enqueueing pair 2333/7290 (32.0%)
[Fri Oct  4 08:59:53 2024] Enqueueing pair 2341/7290 (32.1%)
[Fri Oct  4 08:59:53 2024] Enqueueing pair 2348/7290 (32.2%)
[Fri Oct  4 08:59:53 2024] Enqueueing pair 2355/7290 (32.3%)
[Fri Oct  4 08:59:53 2024] Enqueueing pair 2362/7290 (32.4%)
[Fri Oct  4 08:59:53 2024] Enqueueing pair 2370/7290 (32.5%)
[Fri Oct  4 08:59:53 2024] Enqueueing pair 2377/7290 (32.6%)
[Fri Oct  4 08:59:53 2024] Enqueueing pair 2384/7290 (32.7%)
[Fri Oct  4 08:59:53 2024] Enqueueing pair 2392/7290 (32.8%)
[Fri Oct  4 08:59:53 2024] Enqueueing pair 2399/7290 (32.9%)
[Fri Oct  4 08:59:53 2024] Enqueueing pair 2406/7290 (33.0%)
[Fri Oct  4 08:59:53 2024] Enqueueing pair 2413/7290 (33.1%)
[Fri Oct  4 08:59:53 2024] Enqueueing pair 2421/7290 (33.2%)
[Fri Oct  4 08:59:53 2024] Enqueueing pair 2428/7290 (33.3%)
[Fri Oct  4 08:59:53 2024] Enqueueing pair 2435/7290 (33.4%)
[Fri Oct  4 08:59:53 2024] Enqueueing pair 2443/7290 (33.5%)
[Fri Oct  4 08:59:53 2024] Enqueueing pair 2450/7290 (33.6%)
[Fri Oct  4 08:59:53 2024] Enqueueing pair 2457/7290 (33.7%)
[Fri Oct  4 08:59:53 2024] Enqueueing pair 2465/7290 (33.8%)
[Fri Oct  4 08:59:53 2024] Enqueueing pair 2472/7290 (33.9%)
[Fri Oct  4 08:59:53 2024] Enqueueing pair 2479/7290 (34.0%)
[Fri Oct  4 08:59:53 2024] Enqueueing pair 2486/7290 (34.1%)
[Fri Oct  4 08:59:53 2024] Enqueueing pair 2494/7290 (34.2%)
[Fri Oct  4 08:59:53 2024] Enqueueing pair 2501/7290 (34.3%)
[Fri Oct  4 08:59:53 2024] Enqueueing pair 2508/7290 (34.4%)
[Fri Oct  4 08:59:53 2024] Enqueueing pair 2516/7290 (34.5%)
[Fri Oct  4 08:59:53 2024] Enqueueing pair 2523/7290 (34.6%)
[Fri Oct  4 08:59:53 2024] Enqueueing pair 2530/7290 (34.7%)
[Fri Oct  4 08:59:53 2024] Enqueueing pair 2537/7290 (34.8%)
[Fri Oct  4 08:59:53 2024] Enqueueing pair 2545/7290 (34.9%)
[Fri Oct  4 08:59:53 2024] Enqueueing pair 2552/7290 (35.0%)
[Fri Oct  4 08:59:53 2024] Enqueueing pair 2559/7290 (35.1%)
[Fri Oct  4 08:59:53 2024] Enqueueing pair 2567/7290 (35.2%)
[Fri Oct  4 08:59:53 2024] Enqueueing pair 2574/7290 (35.3%)
[Fri Oct  4 08:59:53 2024] Enqueueing pair 2581/7290 (35.4%)
[Fri Oct  4 08:59:53 2024] Enqueueing pair 2588/7290 (35.5%)
[Fri Oct  4 08:59:53 2024] Enqueueing pair 2596/7290 (35.6%)
[Fri Oct  4 08:59:53 2024] Enqueueing pair 2603/7290 (35.7%)
[Fri Oct  4 08:59:53 2024] Enqueueing pair 2610/7290 (35.8%)
[Fri Oct  4 08:59:53 2024] Enqueueing pair 2618/7290 (35.9%)
[Fri Oct  4 08:59:53 2024] Enqueueing pair 2625/7290 (36.0%)
[Fri Oct  4 08:59:53 2024] Enqueueing pair 2632/7290 (36.1%)
[Fri Oct  4 08:59:53 2024] Enqueueing pair 2639/7290 (36.2%)
[Fri Oct  4 08:59:53 2024] Enqueueing pair 2647/7290 (36.3%)
[Fri Oct  4 08:59:53 2024] Enqueueing pair 2654/7290 (36.4%)
[Fri Oct  4 08:59:53 2024] Enqueueing pair 2661/7290 (36.5%)
[Fri Oct  4 08:59:53 2024] Enqueueing pair 2669/7290 (36.6%)
[Fri Oct  4 08:59:53 2024] Enqueueing pair 2676/7290 (36.7%)
[Fri Oct  4 08:59:53 2024] Enqueueing pair 2683/7290 (36.8%)
[Fri Oct  4 08:59:53 2024] Enqueueing pair 2691/7290 (36.9%)
[Fri Oct  4 08:59:53 2024] Enqueueing pair 2698/7290 (37.0%)
[Fri Oct  4 08:59:53 2024] Enqueueing pair 2705/7290 (37.1%)
[Fri Oct  4 08:59:53 2024] Enqueueing pair 2712/7290 (37.2%)
[Fri Oct  4 08:59:53 2024] Enqueueing pair 2720/7290 (37.3%)
[Fri Oct  4 08:59:53 2024] Enqueueing pair 2727/7290 (37.4%)
[Fri Oct  4 08:59:53 2024] Enqueueing pair 2734/7290 (37.5%)
[Fri Oct  4 08:59:53 2024] Enqueueing pair 2742/7290 (37.6%)
[Fri Oct  4 08:59:53 2024] Enqueueing pair 2749/7290 (37.7%)
[Fri Oct  4 08:59:53 2024] Enqueueing pair 2756/7290 (37.8%)
[Fri Oct  4 08:59:53 2024] Enqueueing pair 2763/7290 (37.9%)
[Fri Oct  4 08:59:53 2024] Enqueueing pair 2771/7290 (38.0%)
[Fri Oct  4 08:59:53 2024] Enqueueing pair 2778/7290 (38.1%)
[Fri Oct  4 08:59:53 2024] Enqueueing pair 2785/7290 (38.2%)
[Fri Oct  4 08:59:53 2024] Enqueueing pair 2793/7290 (38.3%)
[Fri Oct  4 08:59:53 2024] Enqueueing pair 2800/7290 (38.4%)
[Fri Oct  4 08:59:53 2024] Enqueueing pair 2807/7290 (38.5%)
[Fri Oct  4 08:59:53 2024] Enqueueing pair 2814/7290 (38.6%)
[Fri Oct  4 08:59:53 2024] Enqueueing pair 2822/7290 (38.7%)
[Fri Oct  4 08:59:53 2024] Enqueueing pair 2829/7290 (38.8%)
[Fri Oct  4 08:59:53 2024] Enqueueing pair 2836/7290 (38.9%)
[Fri Oct  4 08:59:53 2024] Enqueueing pair 2844/7290 (39.0%)
[Fri Oct  4 08:59:53 2024] Enqueueing pair 2851/7290 (39.1%)
[Fri Oct  4 08:59:53 2024] Enqueueing pair 2858/7290 (39.2%)
[Fri Oct  4 08:59:53 2024] Enqueueing pair 2865/7290 (39.3%)
[Fri Oct  4 08:59:53 2024] Enqueueing pair 2873/7290 (39.4%)
[Fri Oct  4 08:59:53 2024] Enqueueing pair 2880/7290 (39.5%)
[Fri Oct  4 08:59:53 2024] Enqueueing pair 2887/7290 (39.6%)
[Fri Oct  4 08:59:53 2024] Enqueueing pair 2895/7290 (39.7%)
[Fri Oct  4 08:59:53 2024] Enqueueing pair 2902/7290 (39.8%)
[Fri Oct  4 08:59:53 2024] Enqueueing pair 2909/7290 (39.9%)
[Fri Oct  4 08:59:53 2024] Enqueueing pair 2916/7290 (40.0%)
[Fri Oct  4 08:59:53 2024] Enqueueing pair 2924/7290 (40.1%)
[Fri Oct  4 08:59:53 2024] Enqueueing pair 2931/7290 (40.2%)
[Fri Oct  4 08:59:53 2024] Enqueueing pair 2938/7290 (40.3%)
[Fri Oct  4 08:59:53 2024] Enqueueing pair 2946/7290 (40.4%)
[Fri Oct  4 08:59:53 2024] Enqueueing pair 2953/7290 (40.5%)
[Fri Oct  4 08:59:53 2024] Enqueueing pair 2960/7290 (40.6%)
[Fri Oct  4 08:59:53 2024] Enqueueing pair 2968/7290 (40.7%)
[Fri Oct  4 08:59:53 2024] Enqueueing pair 2975/7290 (40.8%)
[Fri Oct  4 08:59:53 2024] Enqueueing pair 2982/7290 (40.9%)
[Fri Oct  4 08:59:53 2024] Enqueueing pair 2989/7290 (41.0%)
[Fri Oct  4 08:59:53 2024] Enqueueing pair 2997/7290 (41.1%)
[Fri Oct  4 08:59:53 2024] Enqueueing pair 3004/7290 (41.2%)
[Fri Oct  4 08:59:53 2024] Enqueueing pair 3011/7290 (41.3%)
[Fri Oct  4 08:59:53 2024] Enqueueing pair 3019/7290 (41.4%)
[Fri Oct  4 08:59:53 2024] Enqueueing pair 3026/7290 (41.5%)
[Fri Oct  4 08:59:53 2024] Enqueueing pair 3033/7290 (41.6%)
[Fri Oct  4 08:59:53 2024] Enqueueing pair 3040/7290 (41.7%)
[Fri Oct  4 08:59:53 2024] Enqueueing pair 3048/7290 (41.8%)
[Fri Oct  4 08:59:53 2024] Enqueueing pair 3055/7290 (41.9%)
[Fri Oct  4 08:59:53 2024] Enqueueing pair 3062/7290 (42.0%)
[Fri Oct  4 08:59:53 2024] Enqueueing pair 3070/7290 (42.1%)
[Fri Oct  4 08:59:53 2024] Enqueueing pair 3077/7290 (42.2%)
[Fri Oct  4 08:59:53 2024] Enqueueing pair 3084/7290 (42.3%)
[Fri Oct  4 08:59:53 2024] Enqueueing pair 3091/7290 (42.4%)
[Fri Oct  4 08:59:53 2024] Enqueueing pair 3099/7290 (42.5%)
[Fri Oct  4 08:59:53 2024] Enqueueing pair 3106/7290 (42.6%)
[Fri Oct  4 08:59:53 2024] Enqueueing pair 3113/7290 (42.7%)
[Fri Oct  4 08:59:53 2024] Enqueueing pair 3121/7290 (42.8%)
[Fri Oct  4 08:59:53 2024] Enqueueing pair 3128/7290 (42.9%)
[Fri Oct  4 08:59:53 2024] Enqueueing pair 3135/7290 (43.0%)
[Fri Oct  4 08:59:53 2024] Enqueueing pair 3142/7290 (43.1%)
[Fri Oct  4 08:59:53 2024] Enqueueing pair 3150/7290 (43.2%)
[Fri Oct  4 08:59:53 2024] Enqueueing pair 3157/7290 (43.3%)
[Fri Oct  4 08:59:53 2024] Enqueueing pair 3164/7290 (43.4%)
[Fri Oct  4 08:59:53 2024] Enqueueing pair 3172/7290 (43.5%)
[Fri Oct  4 08:59:53 2024] Enqueueing pair 3179/7290 (43.6%)
[Fri Oct  4 08:59:53 2024] Enqueueing pair 3186/7290 (43.7%)
[Fri Oct  4 08:59:53 2024] Enqueueing pair 3194/7290 (43.8%)
[Fri Oct  4 08:59:53 2024] Enqueueing pair 3201/7290 (43.9%)
[Fri Oct  4 08:59:53 2024] Enqueueing pair 3208/7290 (44.0%)
[Fri Oct  4 08:59:53 2024] Enqueueing pair 3215/7290 (44.1%)
[Fri Oct  4 08:59:53 2024] Enqueueing pair 3223/7290 (44.2%)
[Fri Oct  4 08:59:53 2024] Enqueueing pair 3230/7290 (44.3%)
[Fri Oct  4 08:59:53 2024] Enqueueing pair 3237/7290 (44.4%)
[Fri Oct  4 08:59:53 2024] Enqueueing pair 3245/7290 (44.5%)
[Fri Oct  4 08:59:53 2024] Enqueueing pair 3252/7290 (44.6%)
[Fri Oct  4 08:59:53 2024] Enqueueing pair 3259/7290 (44.7%)
[Fri Oct  4 08:59:53 2024] Enqueueing pair 3266/7290 (44.8%)
[Fri Oct  4 08:59:53 2024] Enqueueing pair 3274/7290 (44.9%)
[Fri Oct  4 08:59:53 2024] Enqueueing pair 3281/7290 (45.0%)
[Fri Oct  4 08:59:53 2024] Enqueueing pair 3288/7290 (45.1%)
[Fri Oct  4 08:59:53 2024] Enqueueing pair 3296/7290 (45.2%)
[Fri Oct  4 08:59:53 2024] Enqueueing pair 3303/7290 (45.3%)
[Fri Oct  4 08:59:53 2024] Enqueueing pair 3310/7290 (45.4%)
[Fri Oct  4 08:59:53 2024] Enqueueing pair 3317/7290 (45.5%)
[Fri Oct  4 08:59:53 2024] Enqueueing pair 3325/7290 (45.6%)
[Fri Oct  4 08:59:53 2024] Enqueueing pair 3332/7290 (45.7%)
[Fri Oct  4 08:59:53 2024] Enqueueing pair 3339/7290 (45.8%)
[Fri Oct  4 08:59:53 2024] Enqueueing pair 3347/7290 (45.9%)
[Fri Oct  4 08:59:53 2024] Enqueueing pair 3354/7290 (46.0%)
[Fri Oct  4 08:59:53 2024] Enqueueing pair 3361/7290 (46.1%)
[Fri Oct  4 08:59:53 2024] Enqueueing pair 3368/7290 (46.2%)
[Fri Oct  4 08:59:53 2024] Enqueueing pair 3376/7290 (46.3%)
[Fri Oct  4 08:59:53 2024] Enqueueing pair 3383/7290 (46.4%)
[Fri Oct  4 08:59:53 2024] Enqueueing pair 3390/7290 (46.5%)
[Fri Oct  4 08:59:53 2024] Enqueueing pair 3398/7290 (46.6%)
[Fri Oct  4 08:59:53 2024] Enqueueing pair 3405/7290 (46.7%)
[Fri Oct  4 08:59:53 2024] Enqueueing pair 3412/7290 (46.8%)
[Fri Oct  4 08:59:53 2024] Enqueueing pair 3420/7290 (46.9%)
[Fri Oct  4 08:59:53 2024] Enqueueing pair 3427/7290 (47.0%)
[Fri Oct  4 08:59:53 2024] Enqueueing pair 3434/7290 (47.1%)
[Fri Oct  4 08:59:53 2024] Enqueueing pair 3441/7290 (47.2%)
[Fri Oct  4 08:59:53 2024] Enqueueing pair 3449/7290 (47.3%)
[Fri Oct  4 08:59:53 2024] Enqueueing pair 3456/7290 (47.4%)
[Fri Oct  4 08:59:53 2024] Enqueueing pair 3463/7290 (47.5%)
[Fri Oct  4 08:59:53 2024] Enqueueing pair 3471/7290 (47.6%)
[Fri Oct  4 08:59:53 2024] Enqueueing pair 3478/7290 (47.7%)
[Fri Oct  4 08:59:53 2024] Enqueueing pair 3485/7290 (47.8%)
[Fri Oct  4 08:59:53 2024] Enqueueing pair 3492/7290 (47.9%)
[Fri Oct  4 08:59:53 2024] Enqueueing pair 3500/7290 (48.0%)
[Fri Oct  4 08:59:53 2024] Enqueueing pair 3507/7290 (48.1%)
[Fri Oct  4 08:59:53 2024] Enqueueing pair 3514/7290 (48.2%)
[Fri Oct  4 08:59:53 2024] Enqueueing pair 3522/7290 (48.3%)
[Fri Oct  4 08:59:53 2024] Enqueueing pair 3529/7290 (48.4%)
[Fri Oct  4 08:59:53 2024] Enqueueing pair 3536/7290 (48.5%)
[Fri Oct  4 08:59:53 2024] Enqueueing pair 3543/7290 (48.6%)
[Fri Oct  4 08:59:53 2024] Enqueueing pair 3551/7290 (48.7%)
[Fri Oct  4 08:59:53 2024] Enqueueing pair 3558/7290 (48.8%)
[Fri Oct  4 08:59:53 2024] Enqueueing pair 3565/7290 (48.9%)
[Fri Oct  4 08:59:53 2024] Enqueueing pair 3573/7290 (49.0%)
[Fri Oct  4 08:59:53 2024] Enqueueing pair 3580/7290 (49.1%)
[Fri Oct  4 08:59:53 2024] Enqueueing pair 3587/7290 (49.2%)
[Fri Oct  4 08:59:53 2024] Enqueueing pair 3594/7290 (49.3%)
[Fri Oct  4 08:59:53 2024] Enqueueing pair 3602/7290 (49.4%)
[Fri Oct  4 08:59:53 2024] Enqueueing pair 3609/7290 (49.5%)
[Fri Oct  4 08:59:53 2024] Enqueueing pair 3616/7290 (49.6%)
[Fri Oct  4 08:59:53 2024] Enqueueing pair 3624/7290 (49.7%)
[Fri Oct  4 08:59:53 2024] Enqueueing pair 3631/7290 (49.8%)
[Fri Oct  4 08:59:53 2024] Enqueueing pair 3638/7290 (49.9%)
[Fri Oct  4 08:59:53 2024] Enqueueing pair 3645/7290 (50.0%)
[Fri Oct  4 08:59:53 2024] Enqueueing pair 3653/7290 (50.1%)
[Fri Oct  4 08:59:53 2024] Enqueueing pair 3660/7290 (50.2%)
[Fri Oct  4 08:59:53 2024] Enqueueing pair 3667/7290 (50.3%)
[Fri Oct  4 08:59:53 2024] Enqueueing pair 3675/7290 (50.4%)
[Fri Oct  4 08:59:53 2024] Enqueueing pair 3682/7290 (50.5%)
[Fri Oct  4 08:59:53 2024] Enqueueing pair 3689/7290 (50.6%)
[Fri Oct  4 08:59:53 2024] Enqueueing pair 3697/7290 (50.7%)
[Fri Oct  4 08:59:53 2024] Enqueueing pair 3704/7290 (50.8%)
[Fri Oct  4 08:59:53 2024] Enqueueing pair 3711/7290 (50.9%)
[Fri Oct  4 08:59:53 2024] Enqueueing pair 3718/7290 (51.0%)
[Fri Oct  4 08:59:53 2024] Enqueueing pair 3726/7290 (51.1%)
[Fri Oct  4 08:59:53 2024] Enqueueing pair 3733/7290 (51.2%)
[Fri Oct  4 08:59:53 2024] Enqueueing pair 3740/7290 (51.3%)
[Fri Oct  4 08:59:53 2024] Enqueueing pair 3748/7290 (51.4%)
[Fri Oct  4 08:59:53 2024] Enqueueing pair 3755/7290 (51.5%)
[Fri Oct  4 08:59:53 2024] Enqueueing pair 3762/7290 (51.6%)
[Fri Oct  4 08:59:53 2024] Enqueueing pair 3769/7290 (51.7%)
[Fri Oct  4 08:59:53 2024] Enqueueing pair 3777/7290 (51.8%)
[Fri Oct  4 08:59:53 2024] Enqueueing pair 3784/7290 (51.9%)
[Fri Oct  4 08:59:53 2024] Enqueueing pair 3791/7290 (52.0%)
[Fri Oct  4 08:59:53 2024] Enqueueing pair 3799/7290 (52.1%)
[Fri Oct  4 08:59:53 2024] Enqueueing pair 3806/7290 (52.2%)
[Fri Oct  4 08:59:53 2024] Enqueueing pair 3813/7290 (52.3%)
[Fri Oct  4 08:59:53 2024] Enqueueing pair 3820/7290 (52.4%)
[Fri Oct  4 08:59:53 2024] Enqueueing pair 3828/7290 (52.5%)
[Fri Oct  4 08:59:53 2024] Enqueueing pair 3835/7290 (52.6%)
[Fri Oct  4 08:59:53 2024] Enqueueing pair 3842/7290 (52.7%)
[Fri Oct  4 08:59:53 2024] Enqueueing pair 3850/7290 (52.8%)
[Fri Oct  4 08:59:53 2024] Enqueueing pair 3857/7290 (52.9%)
[Fri Oct  4 08:59:53 2024] Enqueueing pair 3864/7290 (53.0%)
[Fri Oct  4 08:59:53 2024] Enqueueing pair 3871/7290 (53.1%)
[Fri Oct  4 08:59:53 2024] Enqueueing pair 3879/7290 (53.2%)
[Fri Oct  4 08:59:53 2024] Enqueueing pair 3886/7290 (53.3%)
[Fri Oct  4 08:59:53 2024] Enqueueing pair 3893/7290 (53.4%)
[Fri Oct  4 08:59:53 2024] Enqueueing pair 3901/7290 (53.5%)
[Fri Oct  4 08:59:53 2024] Enqueueing pair 3908/7290 (53.6%)
[Fri Oct  4 08:59:53 2024] Enqueueing pair 3915/7290 (53.7%)
[Fri Oct  4 08:59:53 2024] Enqueueing pair 3923/7290 (53.8%)
[Fri Oct  4 08:59:53 2024] Enqueueing pair 3930/7290 (53.9%)
[Fri Oct  4 08:59:53 2024] Enqueueing pair 3937/7290 (54.0%)
[Fri Oct  4 08:59:53 2024] Enqueueing pair 3944/7290 (54.1%)
[Fri Oct  4 08:59:53 2024] Enqueueing pair 3952/7290 (54.2%)
[Fri Oct  4 08:59:53 2024] Enqueueing pair 3959/7290 (54.3%)
[Fri Oct  4 08:59:53 2024] Enqueueing pair 3966/7290 (54.4%)
[Fri Oct  4 08:59:53 2024] Enqueueing pair 3974/7290 (54.5%)
[Fri Oct  4 08:59:53 2024] Enqueueing pair 3981/7290 (54.6%)
[Fri Oct  4 08:59:53 2024] Enqueueing pair 3988/7290 (54.7%)
[Fri Oct  4 08:59:53 2024] Enqueueing pair 3995/7290 (54.8%)
[Fri Oct  4 08:59:53 2024] Enqueueing pair 4003/7290 (54.9%)
[Fri Oct  4 08:59:53 2024] Enqueueing pair 4010/7290 (55.0%)
[Fri Oct  4 08:59:53 2024] Enqueueing pair 4017/7290 (55.1%)
[Fri Oct  4 08:59:53 2024] Enqueueing pair 4025/7290 (55.2%)
[Fri Oct  4 08:59:53 2024] Enqueueing pair 4032/7290 (55.3%)
[Fri Oct  4 08:59:53 2024] Enqueueing pair 4039/7290 (55.4%)
[Fri Oct  4 08:59:53 2024] Enqueueing pair 4046/7290 (55.5%)
[Fri Oct  4 08:59:53 2024] Enqueueing pair 4054/7290 (55.6%)
[Fri Oct  4 08:59:53 2024] Enqueueing pair 4061/7290 (55.7%)
[Fri Oct  4 08:59:53 2024] Enqueueing pair 4068/7290 (55.8%)
[Fri Oct  4 08:59:53 2024] Enqueueing pair 4076/7290 (55.9%)
[Fri Oct  4 08:59:53 2024] Enqueueing pair 4083/7290 (56.0%)
[Fri Oct  4 08:59:53 2024] Enqueueing pair 4090/7290 (56.1%)
[Fri Oct  4 08:59:53 2024] Enqueueing pair 4097/7290 (56.2%)
[Fri Oct  4 08:59:53 2024] Enqueueing pair 4105/7290 (56.3%)
[Fri Oct  4 08:59:53 2024] Enqueueing pair 4112/7290 (56.4%)
[Fri Oct  4 08:59:53 2024] Enqueueing pair 4119/7290 (56.5%)
[Fri Oct  4 08:59:53 2024] Enqueueing pair 4127/7290 (56.6%)
[Fri Oct  4 08:59:53 2024] Enqueueing pair 4134/7290 (56.7%)
[Fri Oct  4 08:59:53 2024] Enqueueing pair 4141/7290 (56.8%)
[Fri Oct  4 08:59:53 2024] Enqueueing pair 4149/7290 (56.9%)
[Fri Oct  4 08:59:53 2024] Enqueueing pair 4156/7290 (57.0%)
[Fri Oct  4 08:59:53 2024] Enqueueing pair 4163/7290 (57.1%)
[Fri Oct  4 08:59:53 2024] Enqueueing pair 4170/7290 (57.2%)
[Fri Oct  4 08:59:53 2024] Enqueueing pair 4178/7290 (57.3%)
[Fri Oct  4 08:59:53 2024] Enqueueing pair 4185/7290 (57.4%)
[Fri Oct  4 08:59:53 2024] Enqueueing pair 4192/7290 (57.5%)
[Fri Oct  4 08:59:53 2024] Enqueueing pair 4200/7290 (57.6%)
[Fri Oct  4 08:59:53 2024] Enqueueing pair 4207/7290 (57.7%)
[Fri Oct  4 08:59:53 2024] Enqueueing pair 4214/7290 (57.8%)
[Fri Oct  4 08:59:53 2024] Enqueueing pair 4221/7290 (57.9%)
[Fri Oct  4 08:59:53 2024] Enqueueing pair 4229/7290 (58.0%)
[Fri Oct  4 08:59:53 2024] Enqueueing pair 4236/7290 (58.1%)
[Fri Oct  4 08:59:53 2024] Enqueueing pair 4243/7290 (58.2%)
[Fri Oct  4 08:59:53 2024] Enqueueing pair 4251/7290 (58.3%)
[Fri Oct  4 08:59:53 2024] Enqueueing pair 4258/7290 (58.4%)
[Fri Oct  4 08:59:53 2024] Enqueueing pair 4265/7290 (58.5%)
[Fri Oct  4 08:59:53 2024] Enqueueing pair 4272/7290 (58.6%)
[Fri Oct  4 08:59:53 2024] Enqueueing pair 4280/7290 (58.7%)
[Fri Oct  4 08:59:53 2024] Enqueueing pair 4287/7290 (58.8%)
[Fri Oct  4 08:59:53 2024] Enqueueing pair 4294/7290 (58.9%)
[Fri Oct  4 08:59:53 2024] Enqueueing pair 4302/7290 (59.0%)
[Fri Oct  4 08:59:53 2024] Enqueueing pair 4309/7290 (59.1%)
[Fri Oct  4 08:59:53 2024] Enqueueing pair 4316/7290 (59.2%)
[Fri Oct  4 08:59:53 2024] Enqueueing pair 4323/7290 (59.3%)
[Fri Oct  4 08:59:53 2024] Enqueueing pair 4331/7290 (59.4%)
[Fri Oct  4 08:59:53 2024] Enqueueing pair 4338/7290 (59.5%)
[Fri Oct  4 08:59:53 2024] Enqueueing pair 4345/7290 (59.6%)
[Fri Oct  4 08:59:53 2024] Enqueueing pair 4353/7290 (59.7%)
[Fri Oct  4 08:59:53 2024] Enqueueing pair 4360/7290 (59.8%)
[Fri Oct  4 08:59:53 2024] Enqueueing pair 4367/7290 (59.9%)
[Fri Oct  4 08:59:53 2024] Enqueueing pair 4374/7290 (60.0%)
[Fri Oct  4 08:59:53 2024] Enqueueing pair 4382/7290 (60.1%)
[Fri Oct  4 08:59:53 2024] Enqueueing pair 4389/7290 (60.2%)
[Fri Oct  4 08:59:53 2024] Enqueueing pair 4396/7290 (60.3%)
[Fri Oct  4 08:59:53 2024] Enqueueing pair 4404/7290 (60.4%)
[Fri Oct  4 08:59:53 2024] Enqueueing pair 4411/7290 (60.5%)
[Fri Oct  4 08:59:53 2024] Enqueueing pair 4418/7290 (60.6%)
[Fri Oct  4 08:59:53 2024] Enqueueing pair 4426/7290 (60.7%)
[Fri Oct  4 08:59:53 2024] Enqueueing pair 4433/7290 (60.8%)
[Fri Oct  4 08:59:53 2024] Enqueueing pair 4440/7290 (60.9%)
[Fri Oct  4 08:59:53 2024] Enqueueing pair 4447/7290 (61.0%)
[Fri Oct  4 08:59:53 2024] Enqueueing pair 4455/7290 (61.1%)
[Fri Oct  4 08:59:53 2024] Enqueueing pair 4462/7290 (61.2%)
[Fri Oct  4 08:59:53 2024] Enqueueing pair 4469/7290 (61.3%)
[Fri Oct  4 08:59:53 2024] Enqueueing pair 4477/7290 (61.4%)
[Fri Oct  4 08:59:53 2024] Enqueueing pair 4484/7290 (61.5%)
[Fri Oct  4 08:59:53 2024] Enqueueing pair 4491/7290 (61.6%)
[Fri Oct  4 08:59:53 2024] Enqueueing pair 4498/7290 (61.7%)
[Fri Oct  4 08:59:53 2024] Enqueueing pair 4506/7290 (61.8%)
[Fri Oct  4 08:59:53 2024] Enqueueing pair 4513/7290 (61.9%)
[Fri Oct  4 08:59:53 2024] Enqueueing pair 4520/7290 (62.0%)
[Fri Oct  4 08:59:53 2024] Enqueueing pair 4528/7290 (62.1%)
[Fri Oct  4 08:59:53 2024] Enqueueing pair 4535/7290 (62.2%)
[Fri Oct  4 08:59:53 2024] Enqueueing pair 4542/7290 (62.3%)
[Fri Oct  4 08:59:53 2024] Enqueueing pair 4549/7290 (62.4%)
[Fri Oct  4 08:59:53 2024] Enqueueing pair 4557/7290 (62.5%)
[Fri Oct  4 08:59:53 2024] Enqueueing pair 4564/7290 (62.6%)
[Fri Oct  4 08:59:53 2024] Enqueueing pair 4571/7290 (62.7%)
[Fri Oct  4 08:59:53 2024] Enqueueing pair 4579/7290 (62.8%)
[Fri Oct  4 08:59:53 2024] Enqueueing pair 4586/7290 (62.9%)
[Fri Oct  4 08:59:53 2024] Enqueueing pair 4593/7290 (63.0%)
[Fri Oct  4 08:59:53 2024] Enqueueing pair 4600/7290 (63.1%)
[Fri Oct  4 08:59:53 2024] Enqueueing pair 4608/7290 (63.2%)
[Fri Oct  4 08:59:53 2024] Enqueueing pair 4615/7290 (63.3%)
[Fri Oct  4 08:59:53 2024] Enqueueing pair 4622/7290 (63.4%)
[Fri Oct  4 08:59:53 2024] Enqueueing pair 4630/7290 (63.5%)
[Fri Oct  4 08:59:53 2024] Enqueueing pair 4637/7290 (63.6%)
[Fri Oct  4 08:59:53 2024] Enqueueing pair 4644/7290 (63.7%)
[Fri Oct  4 08:59:53 2024] Enqueueing pair 4652/7290 (63.8%)
[Fri Oct  4 08:59:53 2024] Enqueueing pair 4659/7290 (63.9%)
[Fri Oct  4 08:59:53 2024] Enqueueing pair 4666/7290 (64.0%)
[Fri Oct  4 08:59:53 2024] Enqueueing pair 4673/7290 (64.1%)
[Fri Oct  4 08:59:53 2024] Enqueueing pair 4681/7290 (64.2%)
[Fri Oct  4 08:59:53 2024] Enqueueing pair 4688/7290 (64.3%)
[Fri Oct  4 08:59:53 2024] Enqueueing pair 4695/7290 (64.4%)
[Fri Oct  4 08:59:53 2024] Enqueueing pair 4703/7290 (64.5%)
[Fri Oct  4 08:59:53 2024] Enqueueing pair 4710/7290 (64.6%)
[Fri Oct  4 08:59:53 2024] Enqueueing pair 4717/7290 (64.7%)
[Fri Oct  4 08:59:53 2024] Enqueueing pair 4724/7290 (64.8%)
[Fri Oct  4 08:59:53 2024] Enqueueing pair 4732/7290 (64.9%)
[Fri Oct  4 08:59:53 2024] Enqueueing pair 4739/7290 (65.0%)
[Fri Oct  4 08:59:53 2024] Enqueueing pair 4746/7290 (65.1%)
[Fri Oct  4 08:59:53 2024] Enqueueing pair 4754/7290 (65.2%)
[Fri Oct  4 08:59:54 2024] Enqueueing pair 4761/7290 (65.3%)
[Fri Oct  4 08:59:54 2024] Enqueueing pair 4768/7290 (65.4%)
[Fri Oct  4 08:59:54 2024] Enqueueing pair 4775/7290 (65.5%)
[Fri Oct  4 08:59:54 2024] Enqueueing pair 4783/7290 (65.6%)
[Fri Oct  4 08:59:54 2024] Enqueueing pair 4790/7290 (65.7%)
[Fri Oct  4 08:59:54 2024] Enqueueing pair 4797/7290 (65.8%)
[Fri Oct  4 08:59:54 2024] Enqueueing pair 4805/7290 (65.9%)
[Fri Oct  4 08:59:54 2024] Enqueueing pair 4812/7290 (66.0%)
[Fri Oct  4 08:59:54 2024] Enqueueing pair 4819/7290 (66.1%)
[Fri Oct  4 08:59:54 2024] Enqueueing pair 4826/7290 (66.2%)
[Fri Oct  4 08:59:54 2024] Enqueueing pair 4834/7290 (66.3%)
[Fri Oct  4 08:59:54 2024] Enqueueing pair 4841/7290 (66.4%)
[Fri Oct  4 08:59:54 2024] Enqueueing pair 4848/7290 (66.5%)
[Fri Oct  4 08:59:54 2024] Enqueueing pair 4856/7290 (66.6%)
[Fri Oct  4 08:59:54 2024] Enqueueing pair 4863/7290 (66.7%)
[Fri Oct  4 08:59:54 2024] Enqueueing pair 4870/7290 (66.8%)
[Fri Oct  4 08:59:54 2024] Enqueueing pair 4878/7290 (66.9%)
[Fri Oct  4 08:59:54 2024] Enqueueing pair 4885/7290 (67.0%)
[Fri Oct  4 08:59:54 2024] Enqueueing pair 4892/7290 (67.1%)
[Fri Oct  4 08:59:54 2024] Enqueueing pair 4899/7290 (67.2%)
[Fri Oct  4 09:00:14 2024] Enqueueing pair 4907/7290 (67.3%)
[Fri Oct  4 09:00:14 2024] Enqueueing pair 4914/7290 (67.4%)
[Fri Oct  4 09:00:14 2024] Enqueueing pair 4921/7290 (67.5%)
[Fri Oct  4 09:00:14 2024] Enqueueing pair 4929/7290 (67.6%)
[Fri Oct  4 09:00:14 2024] Enqueueing pair 4936/7290 (67.7%)
[Fri Oct  4 09:00:14 2024] Enqueueing pair 4943/7290 (67.8%)
[Fri Oct  4 09:00:14 2024] Enqueueing pair 4950/7290 (67.9%)
[Fri Oct  4 09:00:14 2024] Enqueueing pair 4958/7290 (68.0%)
[Fri Oct  4 09:00:14 2024] Enqueueing pair 4965/7290 (68.1%)
[Fri Oct  4 09:00:14 2024] Enqueueing pair 4972/7290 (68.2%)
[Fri Oct  4 09:00:14 2024] Enqueueing pair 4980/7290 (68.3%)
[Fri Oct  4 09:00:14 2024] Enqueueing pair 4987/7290 (68.4%)
[Fri Oct  4 09:00:14 2024] Enqueueing pair 4994/7290 (68.5%)
[Fri Oct  4 09:00:15 2024] Enqueueing pair 5001/7290 (68.6%)
[Fri Oct  4 09:00:15 2024] Enqueueing pair 5009/7290 (68.7%)
[Fri Oct  4 09:00:15 2024] Enqueueing pair 5016/7290 (68.8%)
[Fri Oct  4 09:00:15 2024] Enqueueing pair 5023/7290 (68.9%)
[Fri Oct  4 09:00:15 2024] Enqueueing pair 5031/7290 (69.0%)
[Fri Oct  4 09:00:15 2024] Enqueueing pair 5038/7290 (69.1%)
[Fri Oct  4 09:00:15 2024] Enqueueing pair 5045/7290 (69.2%)
[Fri Oct  4 09:00:15 2024] Enqueueing pair 5052/7290 (69.3%)
[Fri Oct  4 09:00:15 2024] Enqueueing pair 5060/7290 (69.4%)
[Fri Oct  4 09:00:15 2024] Enqueueing pair 5067/7290 (69.5%)
[Fri Oct  4 09:00:15 2024] Enqueueing pair 5074/7290 (69.6%)
[Fri Oct  4 09:00:15 2024] Enqueueing pair 5082/7290 (69.7%)
[Fri Oct  4 09:00:15 2024] Enqueueing pair 5089/7290 (69.8%)
[Fri Oct  4 09:00:15 2024] Enqueueing pair 5096/7290 (69.9%)
[Fri Oct  4 09:00:18 2024] Enqueueing pair 5103/7290 (70.0%)
[Fri Oct  4 09:00:18 2024] Enqueueing pair 5111/7290 (70.1%)
[Fri Oct  4 09:00:18 2024] Enqueueing pair 5118/7290 (70.2%)
[Fri Oct  4 09:00:18 2024] Enqueueing pair 5125/7290 (70.3%)
[Fri Oct  4 09:00:18 2024] Enqueueing pair 5133/7290 (70.4%)
[Fri Oct  4 09:00:18 2024] Enqueueing pair 5140/7290 (70.5%)
[Fri Oct  4 09:00:18 2024] Enqueueing pair 5147/7290 (70.6%)
[Fri Oct  4 09:00:18 2024] Enqueueing pair 5155/7290 (70.7%)
[Fri Oct  4 09:00:18 2024] Enqueueing pair 5162/7290 (70.8%)
[Fri Oct  4 09:00:18 2024] Enqueueing pair 5169/7290 (70.9%)
[Fri Oct  4 09:00:18 2024] Enqueueing pair 5176/7290 (71.0%)
[Fri Oct  4 09:00:18 2024] Enqueueing pair 5184/7290 (71.1%)
[Fri Oct  4 09:00:18 2024] Enqueueing pair 5191/7290 (71.2%)
[Fri Oct  4 09:00:18 2024] Enqueueing pair 5198/7290 (71.3%)
[Fri Oct  4 09:00:19 2024] Enqueueing pair 5206/7290 (71.4%)
[Fri Oct  4 09:00:19 2024] Enqueueing pair 5213/7290 (71.5%)
[Fri Oct  4 09:00:19 2024] Enqueueing pair 5220/7290 (71.6%)
[Fri Oct  4 09:00:19 2024] Enqueueing pair 5227/7290 (71.7%)
[Fri Oct  4 09:00:19 2024] Enqueueing pair 5235/7290 (71.8%)
[Fri Oct  4 09:00:19 2024] Enqueueing pair 5242/7290 (71.9%)
[Fri Oct  4 09:00:19 2024] Enqueueing pair 5249/7290 (72.0%)
[Fri Oct  4 09:00:19 2024] Enqueueing pair 5257/7290 (72.1%)
[Fri Oct  4 09:00:19 2024] Enqueueing pair 5264/7290 (72.2%)
[Fri Oct  4 09:00:19 2024] Enqueueing pair 5271/7290 (72.3%)
[Fri Oct  4 09:00:19 2024] Enqueueing pair 5278/7290 (72.4%)
[Fri Oct  4 09:00:19 2024] Enqueueing pair 5286/7290 (72.5%)
[Fri Oct  4 09:00:19 2024] Enqueueing pair 5293/7290 (72.6%)
[Fri Oct  4 09:00:22 2024] Enqueueing pair 5300/7290 (72.7%)
[Fri Oct  4 09:00:22 2024] Enqueueing pair 5308/7290 (72.8%)
[Fri Oct  4 09:00:22 2024] Enqueueing pair 5315/7290 (72.9%)
[Fri Oct  4 09:00:22 2024] Enqueueing pair 5322/7290 (73.0%)
[Fri Oct  4 09:00:22 2024] Enqueueing pair 5329/7290 (73.1%)
[Fri Oct  4 09:00:22 2024] Enqueueing pair 5337/7290 (73.2%)
[Fri Oct  4 09:00:22 2024] Enqueueing pair 5344/7290 (73.3%)
[Fri Oct  4 09:00:22 2024] Enqueueing pair 5351/7290 (73.4%)
[Fri Oct  4 09:00:22 2024] Enqueueing pair 5359/7290 (73.5%)
[Fri Oct  4 09:00:22 2024] Enqueueing pair 5366/7290 (73.6%)
[Fri Oct  4 09:00:22 2024] Enqueueing pair 5373/7290 (73.7%)
[Fri Oct  4 09:00:22 2024] Enqueueing pair 5381/7290 (73.8%)
[Fri Oct  4 09:00:22 2024] Enqueueing pair 5388/7290 (73.9%)
[Fri Oct  4 09:00:22 2024] Enqueueing pair 5395/7290 (74.0%)
[Fri Oct  4 09:00:23 2024] Enqueueing pair 5402/7290 (74.1%)
[Fri Oct  4 09:00:23 2024] Enqueueing pair 5410/7290 (74.2%)
[Fri Oct  4 09:00:23 2024] Enqueueing pair 5417/7290 (74.3%)
[Fri Oct  4 09:00:23 2024] Enqueueing pair 5424/7290 (74.4%)
[Fri Oct  4 09:00:23 2024] Enqueueing pair 5432/7290 (74.5%)
[Fri Oct  4 09:00:23 2024] Enqueueing pair 5439/7290 (74.6%)
[Fri Oct  4 09:00:23 2024] Enqueueing pair 5446/7290 (74.7%)
[Fri Oct  4 09:00:23 2024] Enqueueing pair 5453/7290 (74.8%)
[Fri Oct  4 09:00:23 2024] Enqueueing pair 5461/7290 (74.9%)
[Fri Oct  4 09:00:23 2024] Enqueueing pair 5468/7290 (75.0%)
[Fri Oct  4 09:00:23 2024] Enqueueing pair 5475/7290 (75.1%)
[Fri Oct  4 09:00:23 2024] Enqueueing pair 5483/7290 (75.2%)
[Fri Oct  4 09:00:23 2024] Enqueueing pair 5490/7290 (75.3%)
[Fri Oct  4 09:00:23 2024] Enqueueing pair 5497/7290 (75.4%)
[Fri Oct  4 09:00:23 2024] Enqueueing pair 5504/7290 (75.5%)
[Fri Oct  4 09:00:23 2024] Enqueueing pair 5512/7290 (75.6%)
[Fri Oct  4 09:00:23 2024] Enqueueing pair 5519/7290 (75.7%)
[Fri Oct  4 09:00:23 2024] Enqueueing pair 5526/7290 (75.8%)
[Fri Oct  4 09:00:23 2024] Enqueueing pair 5534/7290 (75.9%)
[Fri Oct  4 09:00:23 2024] Enqueueing pair 5541/7290 (76.0%)
[Fri Oct  4 09:00:23 2024] Enqueueing pair 5548/7290 (76.1%)
[Fri Oct  4 09:00:23 2024] Enqueueing pair 5555/7290 (76.2%)
[Fri Oct  4 09:00:23 2024] Enqueueing pair 5563/7290 (76.3%)
[Fri Oct  4 09:00:23 2024] Enqueueing pair 5570/7290 (76.4%)
[Fri Oct  4 09:00:23 2024] Enqueueing pair 5577/7290 (76.5%)
[Fri Oct  4 09:00:23 2024] Enqueueing pair 5585/7290 (76.6%)
[Fri Oct  4 09:00:23 2024] Enqueueing pair 5592/7290 (76.7%)
[Fri Oct  4 09:00:23 2024] Enqueueing pair 5599/7290 (76.8%)
[Fri Oct  4 09:00:24 2024] Enqueueing pair 5607/7290 (76.9%)
[Fri Oct  4 09:00:24 2024] Enqueueing pair 5614/7290 (77.0%)
[Fri Oct  4 09:00:24 2024] Enqueueing pair 5621/7290 (77.1%)
[Fri Oct  4 09:00:24 2024] Enqueueing pair 5628/7290 (77.2%)
[Fri Oct  4 09:00:24 2024] Enqueueing pair 5636/7290 (77.3%)
[Fri Oct  4 09:00:24 2024] Enqueueing pair 5643/7290 (77.4%)
[Fri Oct  4 09:00:24 2024] Enqueueing pair 5650/7290 (77.5%)
[Fri Oct  4 09:00:24 2024] Enqueueing pair 5658/7290 (77.6%)
[Fri Oct  4 09:00:24 2024] Enqueueing pair 5665/7290 (77.7%)
[Fri Oct  4 09:00:24 2024] Enqueueing pair 5672/7290 (77.8%)
[Fri Oct  4 09:00:24 2024] Enqueueing pair 5679/7290 (77.9%)
[Fri Oct  4 09:00:24 2024] Enqueueing pair 5687/7290 (78.0%)
[Fri Oct  4 09:00:24 2024] Enqueueing pair 5694/7290 (78.1%)
[Fri Oct  4 09:00:27 2024] Enqueueing pair 5701/7290 (78.2%)
[Fri Oct  4 09:00:27 2024] Enqueueing pair 5709/7290 (78.3%)
[Fri Oct  4 09:00:27 2024] Enqueueing pair 5716/7290 (78.4%)
[Fri Oct  4 09:00:27 2024] Enqueueing pair 5723/7290 (78.5%)
[Fri Oct  4 09:00:27 2024] Enqueueing pair 5730/7290 (78.6%)
[Fri Oct  4 09:00:27 2024] Enqueueing pair 5738/7290 (78.7%)
[Fri Oct  4 09:00:27 2024] Enqueueing pair 5745/7290 (78.8%)
[Fri Oct  4 09:00:27 2024] Enqueueing pair 5752/7290 (78.9%)
[Fri Oct  4 09:00:27 2024] Enqueueing pair 5760/7290 (79.0%)
[Fri Oct  4 09:00:27 2024] Enqueueing pair 5767/7290 (79.1%)
[Fri Oct  4 09:00:27 2024] Enqueueing pair 5774/7290 (79.2%)
[Fri Oct  4 09:00:27 2024] Enqueueing pair 5781/7290 (79.3%)
[Fri Oct  4 09:00:27 2024] Enqueueing pair 5789/7290 (79.4%)
[Fri Oct  4 09:00:27 2024] Enqueueing pair 5796/7290 (79.5%)
[Fri Oct  4 09:00:29 2024] Enqueueing pair 5803/7290 (79.6%)
[Fri Oct  4 09:00:29 2024] Enqueueing pair 5811/7290 (79.7%)
[Fri Oct  4 09:00:29 2024] Enqueueing pair 5818/7290 (79.8%)
[Fri Oct  4 09:00:29 2024] Enqueueing pair 5825/7290 (79.9%)
[Fri Oct  4 09:00:29 2024] Enqueueing pair 5832/7290 (80.0%)
[Fri Oct  4 09:00:29 2024] Enqueueing pair 5840/7290 (80.1%)
[Fri Oct  4 09:00:29 2024] Enqueueing pair 5847/7290 (80.2%)
[Fri Oct  4 09:00:29 2024] Enqueueing pair 5854/7290 (80.3%)
[Fri Oct  4 09:00:29 2024] Enqueueing pair 5862/7290 (80.4%)
[Fri Oct  4 09:00:29 2024] Enqueueing pair 5869/7290 (80.5%)
[Fri Oct  4 09:00:29 2024] Enqueueing pair 5876/7290 (80.6%)
[Fri Oct  4 09:00:29 2024] Enqueueing pair 5884/7290 (80.7%)
[Fri Oct  4 09:00:29 2024] Enqueueing pair 5891/7290 (80.8%)
[Fri Oct  4 09:00:29 2024] Enqueueing pair 5898/7290 (80.9%)
[Fri Oct  4 09:00:29 2024] Enqueueing pair 5905/7290 (81.0%)
[Fri Oct  4 09:00:29 2024] Enqueueing pair 5913/7290 (81.1%)
[Fri Oct  4 09:00:29 2024] Enqueueing pair 5920/7290 (81.2%)
[Fri Oct  4 09:00:29 2024] Enqueueing pair 5927/7290 (81.3%)
[Fri Oct  4 09:00:29 2024] Enqueueing pair 5935/7290 (81.4%)
[Fri Oct  4 09:00:29 2024] Enqueueing pair 5942/7290 (81.5%)
[Fri Oct  4 09:00:29 2024] Enqueueing pair 5949/7290 (81.6%)
[Fri Oct  4 09:00:29 2024] Enqueueing pair 5956/7290 (81.7%)
[Fri Oct  4 09:00:29 2024] Enqueueing pair 5964/7290 (81.8%)
[Fri Oct  4 09:00:29 2024] Enqueueing pair 5971/7290 (81.9%)
[Fri Oct  4 09:00:29 2024] Enqueueing pair 5978/7290 (82.0%)
[Fri Oct  4 09:00:29 2024] Enqueueing pair 5986/7290 (82.1%)
[Fri Oct  4 09:00:29 2024] Enqueueing pair 5993/7290 (82.2%)
[Fri Oct  4 09:00:32 2024] Enqueueing pair 6000/7290 (82.3%)
[Fri Oct  4 09:00:32 2024] Enqueueing pair 6007/7290 (82.4%)
[Fri Oct  4 09:00:32 2024] Enqueueing pair 6015/7290 (82.5%)
[Fri Oct  4 09:00:32 2024] Enqueueing pair 6022/7290 (82.6%)
[Fri Oct  4 09:00:32 2024] Enqueueing pair 6029/7290 (82.7%)
[Fri Oct  4 09:00:32 2024] Enqueueing pair 6037/7290 (82.8%)
[Fri Oct  4 09:00:32 2024] Enqueueing pair 6044/7290 (82.9%)
[Fri Oct  4 09:00:32 2024] Enqueueing pair 6051/7290 (83.0%)
[Fri Oct  4 09:00:32 2024] Enqueueing pair 6058/7290 (83.1%)
[Fri Oct  4 09:00:32 2024] Enqueueing pair 6066/7290 (83.2%)
[Fri Oct  4 09:00:32 2024] Enqueueing pair 6073/7290 (83.3%)
[Fri Oct  4 09:00:32 2024] Enqueueing pair 6080/7290 (83.4%)
[Fri Oct  4 09:00:32 2024] Enqueueing pair 6088/7290 (83.5%)
[Fri Oct  4 09:00:32 2024] Enqueueing pair 6095/7290 (83.6%)
[Fri Oct  4 09:00:40 2024] Enqueueing pair 6102/7290 (83.7%)
[Fri Oct  4 09:00:40 2024] Enqueueing pair 6110/7290 (83.8%)
[Fri Oct  4 09:00:40 2024] Enqueueing pair 6117/7290 (83.9%)
[Fri Oct  4 09:00:40 2024] Enqueueing pair 6124/7290 (84.0%)
[Fri Oct  4 09:00:40 2024] Enqueueing pair 6131/7290 (84.1%)
[Fri Oct  4 09:00:40 2024] Enqueueing pair 6139/7290 (84.2%)
[Fri Oct  4 09:00:40 2024] Enqueueing pair 6146/7290 (84.3%)
[Fri Oct  4 09:00:40 2024] Enqueueing pair 6153/7290 (84.4%)
[Fri Oct  4 09:00:40 2024] Enqueueing pair 6161/7290 (84.5%)
[Fri Oct  4 09:00:40 2024] Enqueueing pair 6168/7290 (84.6%)
[Fri Oct  4 09:00:40 2024] Enqueueing pair 6175/7290 (84.7%)
[Fri Oct  4 09:00:40 2024] Enqueueing pair 6182/7290 (84.8%)
[Fri Oct  4 09:00:40 2024] Enqueueing pair 6190/7290 (84.9%)
[Fri Oct  4 09:00:40 2024] Enqueueing pair 6197/7290 (85.0%)
[Fri Oct  4 09:00:45 2024] Enqueueing pair 6204/7290 (85.1%)
[Fri Oct  4 09:00:45 2024] Enqueueing pair 6212/7290 (85.2%)
[Fri Oct  4 09:00:45 2024] Enqueueing pair 6219/7290 (85.3%)
[Fri Oct  4 09:00:45 2024] Enqueueing pair 6226/7290 (85.4%)
[Fri Oct  4 09:00:45 2024] Enqueueing pair 6233/7290 (85.5%)
[Fri Oct  4 09:00:45 2024] Enqueueing pair 6241/7290 (85.6%)
[Fri Oct  4 09:00:45 2024] Enqueueing pair 6248/7290 (85.7%)
[Fri Oct  4 09:00:45 2024] Enqueueing pair 6255/7290 (85.8%)
[Fri Oct  4 09:00:45 2024] Enqueueing pair 6263/7290 (85.9%)
[Fri Oct  4 09:00:45 2024] Enqueueing pair 6270/7290 (86.0%)
[Fri Oct  4 09:00:45 2024] Enqueueing pair 6277/7290 (86.1%)
[Fri Oct  4 09:00:45 2024] Enqueueing pair 6284/7290 (86.2%)
[Fri Oct  4 09:00:45 2024] Enqueueing pair 6292/7290 (86.3%)
[Fri Oct  4 09:00:45 2024] Enqueueing pair 6299/7290 (86.4%)
[Fri Oct  4 09:00:49 2024] Enqueueing pair 6306/7290 (86.5%)
[Fri Oct  4 09:00:49 2024] Enqueueing pair 6314/7290 (86.6%)
[Fri Oct  4 09:00:49 2024] Enqueueing pair 6321/7290 (86.7%)
[Fri Oct  4 09:00:49 2024] Enqueueing pair 6328/7290 (86.8%)
[Fri Oct  4 09:00:49 2024] Enqueueing pair 6336/7290 (86.9%)
[Fri Oct  4 09:00:49 2024] Enqueueing pair 6343/7290 (87.0%)
[Fri Oct  4 09:00:49 2024] Enqueueing pair 6350/7290 (87.1%)
[Fri Oct  4 09:00:49 2024] Enqueueing pair 6357/7290 (87.2%)
[Fri Oct  4 09:00:49 2024] Enqueueing pair 6365/7290 (87.3%)
[Fri Oct  4 09:00:49 2024] Enqueueing pair 6372/7290 (87.4%)
[Fri Oct  4 09:00:49 2024] Enqueueing pair 6379/7290 (87.5%)
[Fri Oct  4 09:00:49 2024] Enqueueing pair 6387/7290 (87.6%)
[Fri Oct  4 09:00:49 2024] Enqueueing pair 6394/7290 (87.7%)
[Fri Oct  4 09:00:50 2024] Enqueueing pair 6401/7290 (87.8%)
[Fri Oct  4 09:00:50 2024] Enqueueing pair 6408/7290 (87.9%)
[Fri Oct  4 09:00:50 2024] Enqueueing pair 6416/7290 (88.0%)
[Fri Oct  4 09:00:50 2024] Enqueueing pair 6423/7290 (88.1%)
[Fri Oct  4 09:00:50 2024] Enqueueing pair 6430/7290 (88.2%)
[Fri Oct  4 09:00:50 2024] Enqueueing pair 6438/7290 (88.3%)
[Fri Oct  4 09:00:50 2024] Enqueueing pair 6445/7290 (88.4%)
[Fri Oct  4 09:00:50 2024] Enqueueing pair 6452/7290 (88.5%)
[Fri Oct  4 09:00:50 2024] Enqueueing pair 6459/7290 (88.6%)
[Fri Oct  4 09:00:50 2024] Enqueueing pair 6467/7290 (88.7%)
[Fri Oct  4 09:00:50 2024] Enqueueing pair 6474/7290 (88.8%)
[Fri Oct  4 09:00:50 2024] Enqueueing pair 6481/7290 (88.9%)
[Fri Oct  4 09:00:50 2024] Enqueueing pair 6489/7290 (89.0%)
[Fri Oct  4 09:00:50 2024] Enqueueing pair 6496/7290 (89.1%)
[Fri Oct  4 09:00:52 2024] Enqueueing pair 6503/7290 (89.2%)
[Fri Oct  4 09:00:52 2024] Enqueueing pair 6510/7290 (89.3%)
[Fri Oct  4 09:00:52 2024] Enqueueing pair 6518/7290 (89.4%)
[Fri Oct  4 09:00:52 2024] Enqueueing pair 6525/7290 (89.5%)
[Fri Oct  4 09:00:52 2024] Enqueueing pair 6532/7290 (89.6%)
[Fri Oct  4 09:00:52 2024] Enqueueing pair 6540/7290 (89.7%)
[Fri Oct  4 09:00:52 2024] Enqueueing pair 6547/7290 (89.8%)
[Fri Oct  4 09:00:52 2024] Enqueueing pair 6554/7290 (89.9%)
[Fri Oct  4 09:00:52 2024] Enqueueing pair 6561/7290 (90.0%)
[Fri Oct  4 09:00:52 2024] Enqueueing pair 6569/7290 (90.1%)
[Fri Oct  4 09:00:52 2024] Enqueueing pair 6576/7290 (90.2%)
[Fri Oct  4 09:00:52 2024] Enqueueing pair 6583/7290 (90.3%)
[Fri Oct  4 09:00:52 2024] Enqueueing pair 6591/7290 (90.4%)
[Fri Oct  4 09:00:52 2024] Enqueueing pair 6598/7290 (90.5%)
[Fri Oct  4 09:00:52 2024] Enqueueing pair 6605/7290 (90.6%)
[Fri Oct  4 09:00:52 2024] Enqueueing pair 6613/7290 (90.7%)
[Fri Oct  4 09:00:52 2024] Enqueueing pair 6620/7290 (90.8%)
[Fri Oct  4 09:00:52 2024] Enqueueing pair 6627/7290 (90.9%)
[Fri Oct  4 09:00:52 2024] Enqueueing pair 6634/7290 (91.0%)
[Fri Oct  4 09:00:52 2024] Enqueueing pair 6642/7290 (91.1%)
[Fri Oct  4 09:00:52 2024] Enqueueing pair 6649/7290 (91.2%)
[Fri Oct  4 09:00:52 2024] Enqueueing pair 6656/7290 (91.3%)
[Fri Oct  4 09:00:52 2024] Enqueueing pair 6664/7290 (91.4%)
[Fri Oct  4 09:00:52 2024] Enqueueing pair 6671/7290 (91.5%)
[Fri Oct  4 09:00:52 2024] Enqueueing pair 6678/7290 (91.6%)
[Fri Oct  4 09:00:52 2024] Enqueueing pair 6685/7290 (91.7%)
[Fri Oct  4 09:00:52 2024] Enqueueing pair 6693/7290 (91.8%)
[Fri Oct  4 09:00:56 2024] Enqueueing pair 6700/7290 (91.9%)
[Fri Oct  4 09:00:56 2024] Enqueueing pair 6707/7290 (92.0%)
[Fri Oct  4 09:00:56 2024] Enqueueing pair 6715/7290 (92.1%)
[Fri Oct  4 09:00:56 2024] Enqueueing pair 6722/7290 (92.2%)
[Fri Oct  4 09:00:56 2024] Enqueueing pair 6729/7290 (92.3%)
[Fri Oct  4 09:00:56 2024] Enqueueing pair 6736/7290 (92.4%)
[Fri Oct  4 09:00:56 2024] Enqueueing pair 6744/7290 (92.5%)
[Fri Oct  4 09:00:56 2024] Enqueueing pair 6751/7290 (92.6%)
[Fri Oct  4 09:00:56 2024] Enqueueing pair 6758/7290 (92.7%)
[Fri Oct  4 09:00:56 2024] Enqueueing pair 6766/7290 (92.8%)
[Fri Oct  4 09:00:56 2024] Enqueueing pair 6773/7290 (92.9%)
[Fri Oct  4 09:00:56 2024] Enqueueing pair 6780/7290 (93.0%)
[Fri Oct  4 09:00:56 2024] Enqueueing pair 6787/7290 (93.1%)
[Fri Oct  4 09:00:56 2024] Enqueueing pair 6795/7290 (93.2%)
[Fri Oct  4 09:00:56 2024] Enqueueing pair 6802/7290 (93.3%)
[Fri Oct  4 09:00:56 2024] Enqueueing pair 6809/7290 (93.4%)
[Fri Oct  4 09:00:56 2024] Enqueueing pair 6817/7290 (93.5%)
[Fri Oct  4 09:00:56 2024] Enqueueing pair 6824/7290 (93.6%)
[Fri Oct  4 09:00:56 2024] Enqueueing pair 6831/7290 (93.7%)
[Fri Oct  4 09:00:56 2024] Enqueueing pair 6839/7290 (93.8%)
[Fri Oct  4 09:00:56 2024] Enqueueing pair 6846/7290 (93.9%)
[Fri Oct  4 09:00:56 2024] Enqueueing pair 6853/7290 (94.0%)
[Fri Oct  4 09:00:56 2024] Enqueueing pair 6860/7290 (94.1%)
[Fri Oct  4 09:00:56 2024] Enqueueing pair 6868/7290 (94.2%)
[Fri Oct  4 09:00:56 2024] Enqueueing pair 6875/7290 (94.3%)
[Fri Oct  4 09:00:56 2024] Enqueueing pair 6882/7290 (94.4%)
[Fri Oct  4 09:00:56 2024] Enqueueing pair 6890/7290 (94.5%)
[Fri Oct  4 09:00:56 2024] Enqueueing pair 6897/7290 (94.6%)
[Fri Oct  4 09:00:58 2024] Enqueueing pair 6904/7290 (94.7%)
[Fri Oct  4 09:00:58 2024] Enqueueing pair 6911/7290 (94.8%)
[Fri Oct  4 09:00:58 2024] Enqueueing pair 6919/7290 (94.9%)
[Fri Oct  4 09:00:58 2024] Enqueueing pair 6926/7290 (95.0%)
[Fri Oct  4 09:00:58 2024] Enqueueing pair 6933/7290 (95.1%)
[Fri Oct  4 09:00:58 2024] Enqueueing pair 6941/7290 (95.2%)
[Fri Oct  4 09:00:58 2024] Enqueueing pair 6948/7290 (95.3%)
[Fri Oct  4 09:00:58 2024] Enqueueing pair 6955/7290 (95.4%)
[Fri Oct  4 09:00:58 2024] Enqueueing pair 6962/7290 (95.5%)
[Fri Oct  4 09:00:58 2024] Enqueueing pair 6970/7290 (95.6%)
[Fri Oct  4 09:00:58 2024] Enqueueing pair 6977/7290 (95.7%)
[Fri Oct  4 09:00:58 2024] Enqueueing pair 6984/7290 (95.8%)
[Fri Oct  4 09:00:58 2024] Enqueueing pair 6992/7290 (95.9%)
[Fri Oct  4 09:00:58 2024] Enqueueing pair 6999/7290 (96.0%)
[Fri Oct  4 09:00:59 2024] Enqueueing pair 7006/7290 (96.1%)
[Fri Oct  4 09:00:59 2024] Enqueueing pair 7013/7290 (96.2%)
[Fri Oct  4 09:00:59 2024] Enqueueing pair 7021/7290 (96.3%)
[Fri Oct  4 09:00:59 2024] Enqueueing pair 7028/7290 (96.4%)
[Fri Oct  4 09:00:59 2024] Enqueueing pair 7035/7290 (96.5%)
[Fri Oct  4 09:00:59 2024] Enqueueing pair 7043/7290 (96.6%)
[Fri Oct  4 09:00:59 2024] Enqueueing pair 7050/7290 (96.7%)
[Fri Oct  4 09:00:59 2024] Enqueueing pair 7057/7290 (96.8%)
[Fri Oct  4 09:00:59 2024] Enqueueing pair 7065/7290 (96.9%)
[Fri Oct  4 09:00:59 2024] Enqueueing pair 7072/7290 (97.0%)
[Fri Oct  4 09:00:59 2024] Enqueueing pair 7079/7290 (97.1%)
[Fri Oct  4 09:00:59 2024] Enqueueing pair 7086/7290 (97.2%)
[Fri Oct  4 09:00:59 2024] Enqueueing pair 7094/7290 (97.3%)
[Fri Oct  4 09:01:01 2024] Enqueueing pair 7101/7290 (97.4%)
[Fri Oct  4 09:01:01 2024] Enqueueing pair 7108/7290 (97.5%)
[Fri Oct  4 09:01:01 2024] Enqueueing pair 7116/7290 (97.6%)
[Fri Oct  4 09:01:01 2024] Enqueueing pair 7123/7290 (97.7%)
[Fri Oct  4 09:01:01 2024] Enqueueing pair 7130/7290 (97.8%)
[Fri Oct  4 09:01:01 2024] Enqueueing pair 7137/7290 (97.9%)
[Fri Oct  4 09:01:01 2024] Enqueueing pair 7145/7290 (98.0%)
[Fri Oct  4 09:01:01 2024] Enqueueing pair 7152/7290 (98.1%)
[Fri Oct  4 09:01:01 2024] Enqueueing pair 7159/7290 (98.2%)
[Fri Oct  4 09:01:01 2024] Enqueueing pair 7167/7290 (98.3%)
[Fri Oct  4 09:01:01 2024] Enqueueing pair 7174/7290 (98.4%)
[Fri Oct  4 09:01:01 2024] Enqueueing pair 7181/7290 (98.5%)
[Fri Oct  4 09:01:01 2024] Enqueueing pair 7188/7290 (98.6%)
[Fri Oct  4 09:01:01 2024] Enqueueing pair 7196/7290 (98.7%)
[Fri Oct  4 09:01:11 2024] Enqueueing pair 7203/7290 (98.8%)
[Fri Oct  4 09:01:11 2024] Enqueueing pair 7210/7290 (98.9%)
[Fri Oct  4 09:01:11 2024] Enqueueing pair 7218/7290 (99.0%)
[Fri Oct  4 09:01:11 2024] Enqueueing pair 7225/7290 (99.1%)
[Fri Oct  4 09:01:11 2024] Enqueueing pair 7232/7290 (99.2%)
[Fri Oct  4 09:01:11 2024] Enqueueing pair 7239/7290 (99.3%)
[Fri Oct  4 09:01:11 2024] Enqueueing pair 7247/7290 (99.4%)
[Fri Oct  4 09:01:11 2024] Enqueueing pair 7254/7290 (99.5%)
[Fri Oct  4 09:01:11 2024] Enqueueing pair 7261/7290 (99.6%)
[Fri Oct  4 09:01:11 2024] Enqueueing pair 7269/7290 (99.7%)
[Fri Oct  4 09:01:11 2024] Enqueueing pair 7276/7290 (99.8%)
[Fri Oct  4 09:01:11 2024] Enqueueing pair 7283/7290 (99.9%)
[Fri Oct  4 09:03:02 2024] 7290/7290 (100%) pairs aligned
[Fri Oct  4 09:03:02 2024] Alignment of pairs finished
[Fri Oct  4 09:03:02 2024] Translating coordinates from local pair level to contig level
[Fri Oct  4 09:03:02 2024] Finished spliced alignment
[Fri Oct  4 09:03:02 2024] Flagging top chains
[Fri Oct  4 09:03:03 2024] Processing the output
[Fri Oct  4 09:03:04 2024] Output processed
[Fri Oct  4 09:03:04 2024] ProtHint finished.
