#                                                                            --- full sequence --- -------------- this domain -------------   hmm coord   ali coord   env coord
# target name        accession   tlen query name           accession   qlen   E-value  score  bias   #  of  c-Evalue  i-Evalue  score  bias  from    to  from    to  from    to  acc description of target
#------------------- ---------- ----- -------------------- ---------- ----- --------- ------ ----- --- --- --------- --------- ------ ----- ----- ----- ----- ----- ----- ----- ---- ---------------------
g8.t1                -            314 119591at33208        -            998   1.4e-15   51.8   9.6   1   3   0.00069      0.12    5.8   0.2    42    76    57    91    17    96 0.86 -
g8.t1                -            314 119591at33208        -            998   1.4e-15   51.8   9.6   2   3   8.7e-10   1.5e-07   25.3   1.2    37   109    93   171    88   185 0.83 -
g8.t1                -            314 119591at33208        -            998   1.4e-15   51.8   9.6   3   3     6e-10     1e-07   25.8   0.5    33   153   176   306   164   310 0.80 -
g79.t1               -           2253 119591at33208        -            998   7.4e-08   26.3   1.2   1   1   7.8e-10   1.3e-07   25.4   1.2    43   135  1762  1860  1755  1902 0.80 -
g79.t2               -           2261 119591at33208        -            998   7.4e-08   26.3   1.2   1   1   7.8e-10   1.4e-07   25.4   1.2    43   135  1770  1868  1763  1910 0.80 -
g249.t1              -            425 119591at33208        -            998   1.2e-06   22.3   0.1   1   2   1.4e-08   2.4e-06   21.3   0.0     8   109    19   123    13   141 0.88 -
g249.t1              -            425 119591at33208        -            998   1.2e-06   22.3   0.1   2   2      0.57        99   -3.9   0.0   447   470   153   176   149   178 0.87 -
g16.t1               -            746 119591at33208        -            998    0.0014   12.2   0.5   1   2     0.011       1.9    1.7   0.0   141   193   431   486   419   565 0.68 -
g16.t1               -            746 119591at33208        -            998    0.0014   12.2   0.5   2   2   9.9e-05     0.017    8.5   0.3    45   110   570   637   534   654 0.83 -
#
# Program:         hmmsearch
# Version:         3.3.2 (Nov 2020)
# Pipeline mode:   SEARCH
# Query file:      mb_downloads/metazoa_odb10/hmms/119591at33208.hmm
# Target file:     /workspace/BGA24/BRAKER3/bbc/better.aa
# Option settings: /opt/compleasm_kit/hmmsearch --domtblout /workspace/BGA24/BRAKER3/bbc/better/metazoa_odb10_hmmsearch_output/119591at33208.out --cpu 1 mb_downloads/metazoa_odb10/hmms/119591at33208.hmm /workspace/BGA24/BRAKER3/bbc/better.aa 
# Current dir:     /workspace/BGA24/BRAKER3
# Date:            Fri Oct  4 09:46:18 2024
# [ok]
