#                                                                            --- full sequence --- -------------- this domain -------------   hmm coord   ali coord   env coord
# target name        accession   tlen query name           accession   qlen   E-value  score  bias   #  of  c-Evalue  i-Evalue  score  bias  from    to  from    to  from    to  acc description of target
#------------------- ---------- ----- -------------------- ---------- ----- --------- ------ ----- --- --- --------- --------- ------ ----- ----- ----- ----- ----- ----- ----- ---- ---------------------
g8.t1                -            314 197652at33208        -            436   3.6e-24   81.0   5.2   1   5   1.1e-09     2e-07   25.9   0.3   278   335    30    92    10    94 0.85 -
g8.t1                -            314 197652at33208        -            436   3.6e-24   81.0   5.2   2   5   1.7e-14     3e-12   41.8   0.9   270   335    69   134    60   141 0.89 -
g8.t1                -            314 197652at33208        -            436   3.6e-24   81.0   5.2   3   5   2.1e-09   3.6e-07   25.0   0.0   260   337   143   223   134   227 0.88 -
g8.t1                -            314 197652at33208        -            436   3.6e-24   81.0   5.2   4   5    0.0085       1.5    3.2   0.0   294   340   222   266   220   272 0.75 -
g8.t1                -            314 197652at33208        -            436   3.6e-24   81.0   5.2   5   5     0.016       2.8    2.3   0.0   190   216   281   309   271   312 0.80 -
g249.t1              -            425 197652at33208        -            436   4.6e-07   24.7   2.7   1   4   0.00079      0.14    6.6   0.0   306   339    19    52    14    61 0.85 -
g249.t1              -            425 197652at33208        -            436   4.6e-07   24.7   2.7   2   4   8.2e-07   0.00014   16.5   0.1   295   339    91   135    62   143 0.82 -
g249.t1              -            425 197652at33208        -            436   4.6e-07   24.7   2.7   3   4      0.28        49   -1.8   0.0   193   234   163   205   156   210 0.67 -
g249.t1              -            425 197652at33208        -            436   4.6e-07   24.7   2.7   4   4      0.55        96   -2.7   0.0   188   211   394   417   389   420 0.80 -
g79.t1               -           2253 197652at33208        -            436   0.00039   15.0   1.5   1   2   0.00011      0.02    9.4   0.2   262   343  1764  1845  1744  1863 0.85 -
g79.t1               -           2253 197652at33208        -            436   0.00039   15.0   1.5   2   2    0.0038      0.67    4.4   0.1   316   338  1867  1889  1857  1899 0.75 -
g79.t2               -           2261 197652at33208        -            436   0.00039   15.0   1.5   1   2   0.00011      0.02    9.4   0.2   262   343  1772  1853  1752  1871 0.85 -
g79.t2               -           2261 197652at33208        -            436   0.00039   15.0   1.5   2   2    0.0039      0.67    4.4   0.1   316   338  1875  1897  1865  1907 0.75 -
g105.t1              -            175 197652at33208        -            436    0.0047   11.5   0.2   1   1   9.7e-05     0.017    9.6   0.2   312   399    79   164    52   173 0.71 -
#
# Program:         hmmsearch
# Version:         3.3.2 (Nov 2020)
# Pipeline mode:   SEARCH
# Query file:      mb_downloads/metazoa_odb10/hmms/197652at33208.hmm
# Target file:     /workspace/BGA24/BRAKER3/bbc/better.aa
# Option settings: /opt/compleasm_kit/hmmsearch --domtblout /workspace/BGA24/BRAKER3/bbc/better/metazoa_odb10_hmmsearch_output/197652at33208.out --cpu 1 mb_downloads/metazoa_odb10/hmms/197652at33208.hmm /workspace/BGA24/BRAKER3/bbc/better.aa 
# Current dir:     /workspace/BGA24/BRAKER3
# Date:            Fri Oct  4 09:46:19 2024
# [ok]
