#                                                                            --- full sequence --- -------------- this domain -------------   hmm coord   ali coord   env coord
# target name        accession   tlen query name           accession   qlen   E-value  score  bias   #  of  c-Evalue  i-Evalue  score  bias  from    to  from    to  from    to  acc description of target
#------------------- ---------- ----- -------------------- ---------- ----- --------- ------ ----- --- --- --------- --------- ------ ----- ----- ----- ----- ----- ----- ----- ---- ---------------------
g8.t1                -            314 201397at33208        -            479   3.6e-29   97.8   7.1   1   3     2e-19   4.4e-17   57.9   2.0    89   238     9   156     6   161 0.87 -
g8.t1                -            314 201397at33208        -            479   3.6e-29   97.8   7.1   2   3   2.2e-13   4.8e-11   38.0   0.2   155   273   159   276   151   284 0.92 -
g8.t1                -            314 201397at33208        -            479   3.6e-29   97.8   7.1   3   3    0.0038      0.83    4.2   0.0   150   177   284   311   272   313 0.87 -
g249.t1              -            425 201397at33208        -            479   1.8e-09   32.8   0.2   1   2     0.018         4    2.0   0.0    53    86    19    52    12    61 0.82 -
g249.t1              -            425 201397at33208        -            479   1.8e-09   32.8   0.2   2   2   1.6e-10   3.5e-08   28.6   0.1   161   219    74   133    69   178 0.91 -
g79.t2               -           2261 201397at33208        -            479     5e-06   21.4   5.4   1   2      0.13        28   -0.8   0.0   372   449   324   405   307   412 0.80 -
g79.t2               -           2261 201397at33208        -            479     5e-06   21.4   5.4   2   2     1e-07   2.2e-05   19.3   0.6   141   218  1770  1846  1730  1869 0.88 -
g79.t1               -           2253 201397at33208        -            479   5.2e-06   21.4   5.5   1   2      0.13        27   -0.8   0.0   372   449   324   405   307   412 0.80 -
g79.t1               -           2253 201397at33208        -            479   5.2e-06   21.4   5.5   2   2     1e-07   2.2e-05   19.3   0.7   141   218  1762  1838  1722  1861 0.88 -
#
# Program:         hmmsearch
# Version:         3.3.2 (Nov 2020)
# Pipeline mode:   SEARCH
# Query file:      mb_downloads/metazoa_odb10/hmms/201397at33208.hmm
# Target file:     /workspace/BGA24/BRAKER3/bbc/better.aa
# Option settings: /opt/compleasm_kit/hmmsearch --domtblout /workspace/BGA24/BRAKER3/bbc/better/metazoa_odb10_hmmsearch_output/201397at33208.out --cpu 1 mb_downloads/metazoa_odb10/hmms/201397at33208.hmm /workspace/BGA24/BRAKER3/bbc/better.aa 
# Current dir:     /workspace/BGA24/BRAKER3
# Date:            Fri Oct  4 09:46:18 2024
# [ok]
