#                                                                            --- full sequence --- -------------- this domain -------------   hmm coord   ali coord   env coord
# target name        accession   tlen query name           accession   qlen   E-value  score  bias   #  of  c-Evalue  i-Evalue  score  bias  from    to  from    to  from    to  acc description of target
#------------------- ---------- ----- -------------------- ---------- ----- --------- ------ ----- --- --- --------- --------- ------ ----- ----- ----- ----- ----- ----- ----- ---- ---------------------
g8.t1                -            314 235430at33208        -            372   1.3e-29   99.0   1.8   1   2   1.1e-15   2.3e-13   45.5   1.7   101   229    25   161    19   164 0.86 -
g8.t1                -            314 235430at33208        -            372   1.3e-29   99.0   1.8   2   2     2e-17   4.3e-15   51.2   0.0   107   247   165   311   162   313 0.86 -
g249.t1              -            425 235430at33208        -            372   5.3e-11   37.7   0.1   1   2     9e-13     2e-10   35.9   0.1   140   250    25   136    15   145 0.88 -
g249.t1              -            425 235430at33208        -            372   5.3e-11   37.7   0.1   2   2      0.25        54   -1.8   0.0    58   283   393   419   338   423 0.69 -
g79.t1               -           2253 235430at33208        -            372     4e-09   31.5   2.3   1   3   6.1e-10   1.3e-07   26.6   0.3   128   210  1761  1843  1686  1888 0.76 -
g79.t1               -           2253 235430at33208        -            372     4e-09   31.5   2.3   2   3     0.079        17   -0.1   0.0   145   162  1868  1885  1858  1900 0.82 -
g79.t1               -           2253 235430at33208        -            372     4e-09   31.5   2.3   3   3     0.023         5    1.6   0.1   205   277  2089  2164  2084  2170 0.80 -
g79.t2               -           2261 235430at33208        -            372   4.2e-09   31.5   2.4   1   3   6.1e-10   1.3e-07   26.6   0.3   128   210  1769  1851  1694  1896 0.76 -
g79.t2               -           2261 235430at33208        -            372   4.2e-09   31.5   2.4   2   3      0.08        17   -0.2   0.0   145   162  1876  1893  1866  1908 0.82 -
g79.t2               -           2261 235430at33208        -            372   4.2e-09   31.5   2.4   3   3     0.023         5    1.6   0.1   205   277  2097  2172  2092  2178 0.80 -
#
# Program:         hmmsearch
# Version:         3.3.2 (Nov 2020)
# Pipeline mode:   SEARCH
# Query file:      mb_downloads/metazoa_odb10/hmms/235430at33208.hmm
# Target file:     /workspace/BGA24/BRAKER3/bbc/better.aa
# Option settings: /opt/compleasm_kit/hmmsearch --domtblout /workspace/BGA24/BRAKER3/bbc/better/metazoa_odb10_hmmsearch_output/235430at33208.out --cpu 1 mb_downloads/metazoa_odb10/hmms/235430at33208.hmm /workspace/BGA24/BRAKER3/bbc/better.aa 
# Current dir:     /workspace/BGA24/BRAKER3
# Date:            Fri Oct  4 09:46:18 2024
# [ok]
