#                                                                            --- full sequence --- -------------- this domain -------------   hmm coord   ali coord   env coord
# target name        accession   tlen query name           accession   qlen   E-value  score  bias   #  of  c-Evalue  i-Evalue  score  bias  from    to  from    to  from    to  acc description of target
#------------------- ---------- ----- -------------------- ---------- ----- --------- ------ ----- --- --- --------- --------- ------ ----- ----- ----- ----- ----- ----- ----- ---- ---------------------
g744.t1              -            683 273989at33208        -            450   5.6e-55  182.4   0.0   1   1   8.1e-57   8.8e-55  181.7   0.0     3   307   244   594   242   631 0.78 -
g276.t1              -            850 273989at33208        -            450     7e-11   37.0   0.0   1   2   1.5e-07   1.6e-05   19.4   0.0    26   133   194   310   189   323 0.71 -
g276.t1              -            850 273989at33208        -            450     7e-11   37.0   0.0   2   2   2.8e-06    0.0003   15.2   0.0   239   298   595   656   583   681 0.80 -
g275.t1              -            842 273989at33208        -            450   1.5e-10   35.9   0.0   1   2   1.4e-06   0.00015   16.2   0.0    26   132   184   297   179   302 0.69 -
g275.t1              -            842 273989at33208        -            450   1.5e-10   35.9   0.0   2   2   7.7e-07   8.3e-05   17.0   0.0   237   295   584   644   569   664 0.84 -
g451.t2              -            359 273989at33208        -            450   1.8e-08   29.1   0.6   1   2   2.5e-07   2.7e-05   18.6   0.1     4   209    21   242    18   270 0.70 -
g451.t2              -            359 273989at33208        -            450   1.8e-08   29.1   0.6   2   2   0.00027      0.03    8.6   0.1   251   284   321   354   294   357 0.86 -
g561.t1              -            461 273989at33208        -            450   8.4e-07   23.6   0.1   1   3      0.09       9.8    0.3   0.0    13    47    40    75    28   109 0.71 -
g561.t1              -            461 273989at33208        -            450   8.4e-07   23.6   0.1   2   3     0.055         6    1.0   0.0    18    66    71   123    60   131 0.72 -
g561.t1              -            461 273989at33208        -            450   8.4e-07   23.6   0.1   3   3   1.8e-07   1.9e-05   19.1   0.0   256   306   346   396   325   402 0.90 -
g451.t1              -            803 273989at33208        -            450   3.1e-05   18.4   0.3   1   2     0.021       2.3    2.4   0.1   127   209   523   613   492   642 0.74 -
g451.t1              -            803 273989at33208        -            450   3.1e-05   18.4   0.3   2   2   6.5e-06   0.00071   13.9   0.0   251   295   692   736   669   769 0.80 -
g607.t2              -            319 273989at33208        -            450   0.00015   16.2   0.0   1   1   2.3e-06   0.00025   15.4   0.0   241   307   240   308   224   314 0.82 -
g721.t1              -            132 273989at33208        -            450     0.005   11.2   0.0   1   1   4.9e-05    0.0053   11.1   0.0     4    77    17    93    14   127 0.73 -
#
# Program:         hmmsearch
# Version:         3.3.2 (Nov 2020)
# Pipeline mode:   SEARCH
# Query file:      mb_downloads/metazoa_odb10/hmms/273989at33208.hmm
# Target file:     /workspace/BGA24/BRAKER3/bbc/better.aa
# Option settings: /opt/compleasm_kit/hmmsearch --domtblout /workspace/BGA24/BRAKER3/bbc/better/metazoa_odb10_hmmsearch_output/273989at33208.out --cpu 1 mb_downloads/metazoa_odb10/hmms/273989at33208.hmm /workspace/BGA24/BRAKER3/bbc/better.aa 
# Current dir:     /workspace/BGA24/BRAKER3
# Date:            Fri Oct  4 09:46:19 2024
# [ok]
