#                                                                            --- full sequence --- -------------- this domain -------------   hmm coord   ali coord   env coord
# target name        accession   tlen query name           accession   qlen   E-value  score  bias   #  of  c-Evalue  i-Evalue  score  bias  from    to  from    to  from    to  acc description of target
#------------------- ---------- ----- -------------------- ---------- ----- --------- ------ ----- --- --- --------- --------- ------ ----- ----- ----- ----- ----- ----- ----- ---- ---------------------
g8.t1                -            314 279631at33208        -            584   3.5e-20   67.9  12.0   1   5   4.3e-06   0.00074   14.0   0.0   182   220     7    46     4    50 0.84 -
g8.t1                -            314 279631at33208        -            584   3.5e-20   67.9  12.0   2   5   1.5e-10   2.5e-08   28.7   0.8   452   531    57   135    48   143 0.85 -
g8.t1                -            314 279631at33208        -            584   3.5e-20   67.9  12.0   3   5   2.6e-11   4.5e-09   31.2   1.7   442   529    89   178    88   185 0.93 -
g8.t1                -            314 279631at33208        -            584   3.5e-20   67.9  12.0   4   5   7.7e-08   1.3e-05   19.7   0.0   138   233   145   235   139   244 0.86 -
g8.t1                -            314 279631at33208        -            584   3.5e-20   67.9  12.0   5   5     0.002      0.35    5.2   0.0   138   228   189   270   180   279 0.65 -
g249.t1              -            425 279631at33208        -            584   1.5e-05   19.6   0.9   1   3    0.0063       1.1    3.5   0.0   461   529    22    87    16    96 0.79 -
g249.t1              -            425 279631at33208        -            584   1.5e-05   19.6   0.9   2   3   5.6e-06   0.00097   13.6   0.1   185   221    97   133    91   141 0.67 -
g249.t1              -            425 279631at33208        -            584   1.5e-05   19.6   0.9   3   3       0.6     1e+02   -3.0   0.0    10    37   160   187   155   195 0.83 -
g79.t1               -           2253 279631at33208        -            584   2.9e-05   18.6   1.5   1   1   3.2e-07   5.6e-05   17.7   1.5   406   529  1762  1885  1755  1890 0.79 -
g79.t2               -           2261 279631at33208        -            584   2.9e-05   18.6   1.5   1   1   3.2e-07   5.6e-05   17.7   1.5   406   529  1770  1893  1763  1898 0.79 -
g16.t1               -            746 279631at33208        -            584   0.00023   15.7   0.1   1   2    0.0017      0.29    5.4   0.0   180   531   454   499   417   526 0.54 -
g16.t1               -            746 279631at33208        -            584   0.00023   15.7   0.1   2   2   0.00026     0.044    8.1   0.0   555   582   571   601   545   644 0.81 -
#
# Program:         hmmsearch
# Version:         3.3.2 (Nov 2020)
# Pipeline mode:   SEARCH
# Query file:      mb_downloads/metazoa_odb10/hmms/279631at33208.hmm
# Target file:     /workspace/BGA24/BRAKER3/bbc/better.aa
# Option settings: /opt/compleasm_kit/hmmsearch --domtblout /workspace/BGA24/BRAKER3/bbc/better/metazoa_odb10_hmmsearch_output/279631at33208.out --cpu 1 mb_downloads/metazoa_odb10/hmms/279631at33208.hmm /workspace/BGA24/BRAKER3/bbc/better.aa 
# Current dir:     /workspace/BGA24/BRAKER3
# Date:            Fri Oct  4 09:46:19 2024
# [ok]
