#                                                                            --- full sequence --- -------------- this domain -------------   hmm coord   ali coord   env coord
# target name        accession   tlen query name           accession   qlen   E-value  score  bias   #  of  c-Evalue  i-Evalue  score  bias  from    to  from    to  from    to  acc description of target
#------------------- ---------- ----- -------------------- ---------- ----- --------- ------ ----- --- --- --------- --------- ------ ----- ----- ----- ----- ----- ----- ----- ---- ---------------------
g8.t1                -            314 281693at33208        -            602   4.5e-22   73.7   7.2   1   4    0.0013      0.29    5.0   0.0   302   339     6    46     3    56 0.81 -
g8.t1                -            314 281693at33208        -            602   4.5e-22   73.7   7.2   2   4   1.4e-05    0.0031   11.6   0.1   306   338    58    92    49   104 0.79 -
g8.t1                -            314 281693at33208        -            602   4.5e-22   73.7   7.2   3   4   2.2e-18   4.8e-16   53.8   0.6   189   348   107   271    96   281 0.86 -
g8.t1                -            314 281693at33208        -            602   4.5e-22   73.7   7.2   4   4    0.0017      0.36    4.7   0.0   405   432   284   311   273   313 0.81 -
g249.t1              -            425 281693at33208        -            602   2.3e-06   21.8   0.2   1   2   4.9e-08   1.1e-05   19.7   0.2   239   337    33   130    16   138 0.80 -
g249.t1              -            425 281693at33208        -            602   2.3e-06   21.8   0.2   2   2      0.41        89   -3.2   0.0   486   519   246   280   241   289 0.61 -
g79.t1               -           2253 281693at33208        -            602   8.4e-06   20.0   1.0   1   3     0.033       7.1    0.4   0.0   407   432  1720  1746  1699  1748 0.80 -
g79.t1               -           2253 281693at33208        -            602   8.4e-06   20.0   1.0   2   3   6.4e-07   0.00014   16.0   0.1   304   343  1760  1801  1755  1845 0.69 -
g79.t1               -           2253 281693at33208        -            602   8.4e-06   20.0   1.0   3   3     0.075        16   -0.8   0.1   200   216  1870  1886  1858  1892 0.69 -
g79.t2               -           2261 281693at33208        -            602   8.5e-06   20.0   1.0   1   3     0.033       7.1    0.4   0.0   407   432  1728  1754  1707  1756 0.80 -
g79.t2               -           2261 281693at33208        -            602   8.5e-06   20.0   1.0   2   3   6.4e-07   0.00014   16.0   0.1   304   343  1768  1809  1763  1853 0.69 -
g79.t2               -           2261 281693at33208        -            602   8.5e-06   20.0   1.0   3   3     0.076        16   -0.8   0.1   200   216  1878  1894  1866  1900 0.69 -
#
# Program:         hmmsearch
# Version:         3.3.2 (Nov 2020)
# Pipeline mode:   SEARCH
# Query file:      mb_downloads/metazoa_odb10/hmms/281693at33208.hmm
# Target file:     /workspace/BGA24/BRAKER3/bbc/better.aa
# Option settings: /opt/compleasm_kit/hmmsearch --domtblout /workspace/BGA24/BRAKER3/bbc/better/metazoa_odb10_hmmsearch_output/281693at33208.out --cpu 1 mb_downloads/metazoa_odb10/hmms/281693at33208.hmm /workspace/BGA24/BRAKER3/bbc/better.aa 
# Current dir:     /workspace/BGA24/BRAKER3
# Date:            Fri Oct  4 09:46:17 2024
# [ok]
