#                                                                            --- full sequence --- -------------- this domain -------------   hmm coord   ali coord   env coord
# target name        accession   tlen query name           accession   qlen   E-value  score  bias   #  of  c-Evalue  i-Evalue  score  bias  from    to  from    to  from    to  acc description of target
#------------------- ---------- ----- -------------------- ---------- ----- --------- ------ ----- --- --- --------- --------- ------ ----- ----- ----- ----- ----- ----- ----- ---- ---------------------
g8.t1                -            314 304388at33208        -            329   1.2e-12   43.0  15.3   1   6   7.1e-05     0.015    9.8   0.0   253   290    10    47     7    55 0.89 -
g8.t1                -            314 304388at33208        -            329   1.2e-12   43.0  15.3   2   6    0.0011      0.23    5.9   0.2   154   184    61    93    53   101 0.60 -
g8.t1                -            314 304388at33208        -            329   1.2e-12   43.0  15.3   3   6   0.00019     0.041    8.4   0.1   153   182   102   133    95   139 0.68 -
g8.t1                -            314 304388at33208        -            329   1.2e-12   43.0  15.3   4   6   8.1e-07   0.00018   16.2   0.6   253   321   143   213   134   223 0.72 -
g8.t1                -            314 304388at33208        -            329   1.2e-12   43.0  15.3   5   6   0.00026     0.057    7.9   0.1   274   328   207   262   203   264 0.76 -
g8.t1                -            314 304388at33208        -            329   1.2e-12   43.0  15.3   6   6    0.0099       2.2    2.8   0.0   190   216   286   311   278   313 0.81 -
g16.t1               -            746 304388at33208        -            329   2.1e-06   22.5   0.9   1   3    0.0018      0.38    5.2   0.0   184   216   416   448   411   454 0.88 -
g16.t1               -            746 304388at33208        -            329   2.1e-06   22.5   0.9   2   3   0.00038     0.083    7.4   1.7   153   288   462   603   452   607 0.67 -
g16.t1               -            746 304388at33208        -            329   2.1e-06   22.5   0.9   3   3   3.5e-05    0.0076   10.8   0.2   154   215   571   646   562   659 0.77 -
g79.t1               -           2253 304388at33208        -            329    0.0023   12.5   0.5   1   2   0.00015     0.032    8.8   0.1   153   184  1764  1797  1754  1843 0.65 -
g79.t1               -           2253 304388at33208        -            329    0.0023   12.5   0.5   2   2     0.029       6.4    1.2   0.1   114   141  1862  1889  1848  1909 0.70 -
g79.t2               -           2261 304388at33208        -            329    0.0023   12.5   0.5   1   2   0.00015     0.032    8.8   0.1   153   184  1772  1805  1762  1851 0.65 -
g79.t2               -           2261 304388at33208        -            329    0.0023   12.5   0.5   2   2      0.03       6.4    1.2   0.1   114   141  1870  1897  1856  1917 0.70 -
#
# Program:         hmmsearch
# Version:         3.3.2 (Nov 2020)
# Pipeline mode:   SEARCH
# Query file:      mb_downloads/metazoa_odb10/hmms/304388at33208.hmm
# Target file:     /workspace/BGA24/BRAKER3/bbc/better.aa
# Option settings: /opt/compleasm_kit/hmmsearch --domtblout /workspace/BGA24/BRAKER3/bbc/better/metazoa_odb10_hmmsearch_output/304388at33208.out --cpu 1 mb_downloads/metazoa_odb10/hmms/304388at33208.hmm /workspace/BGA24/BRAKER3/bbc/better.aa 
# Current dir:     /workspace/BGA24/BRAKER3
# Date:            Fri Oct  4 09:46:19 2024
# [ok]
