#                                                                            --- full sequence --- -------------- this domain -------------   hmm coord   ali coord   env coord
# target name        accession   tlen query name           accession   qlen   E-value  score  bias   #  of  c-Evalue  i-Evalue  score  bias  from    to  from    to  from    to  acc description of target
#------------------- ---------- ----- -------------------- ---------- ----- --------- ------ ----- --- --- --------- --------- ------ ----- ----- ----- ----- ----- ----- ----- ---- ---------------------
g744.t1              -            683 323399at33208        -            418   1.2e-68  227.1   0.0   1   1   1.9e-70   2.4e-68  226.1   0.0    41   406   234   630   196   636 0.78 -
g561.t1              -            461 323399at33208        -            418   1.6e-14   48.8   0.0   1   2   1.9e-05    0.0023   12.0   0.0    56   188    34   188    22   232 0.59 -
g561.t1              -            461 323399at33208        -            418   1.6e-14   48.8   0.0   2   2   2.6e-12   3.3e-10   34.6   0.0   294   373   316   397   308   431 0.91 -
g275.t1              -            842 323399at33208        -            418   3.8e-13   44.3   0.1   1   2   6.9e-09   8.5e-07   23.4   0.0    65   177   174   297   139   303 0.75 -
g275.t1              -            842 323399at33208        -            418   3.8e-13   44.3   0.1   2   2     2e-07   2.5e-05   18.5   0.0   302   356   586   640   519   670 0.88 -
g276.t1              -            850 323399at33208        -            418   1.7e-11   38.8   0.1   1   2   1.3e-08   1.6e-06   22.5   0.0    45   178   164   310   159   316 0.73 -
g276.t1              -            850 323399at33208        -            418   1.7e-11   38.8   0.1   2   2   4.7e-06   0.00059   14.0   0.0   301   356   594   649   531   683 0.87 -
g451.t2              -            359 323399at33208        -            418   4.4e-08   27.6   0.1   1   2   9.6e-07   0.00012   16.3   0.0    62   212    30   196    11   231 0.66 -
g451.t2              -            359 323399at33208        -            418   4.4e-08   27.6   0.1   2   2   0.00015     0.018    9.1   0.0   302   350   304   354   293   356 0.84 -
g607.t2              -            319 323399at33208        -            418   1.2e-05   19.6   0.0   1   1   1.8e-07   2.2e-05   18.7   0.0   324   373   259   308   214   314 0.85 -
g451.t1              -            803 323399at33208        -            418   9.5e-05   16.6   0.1   1   2      0.41        50   -2.2   0.0   170   212   521   567   502   607 0.55 -
g451.t1              -            803 323399at33208        -            418   9.5e-05   16.6   0.1   2   2   2.2e-06   0.00027   15.1   0.0   302   374   675   747   664   767 0.77 -
#
# Program:         hmmsearch
# Version:         3.3.2 (Nov 2020)
# Pipeline mode:   SEARCH
# Query file:      mb_downloads/metazoa_odb10/hmms/323399at33208.hmm
# Target file:     /workspace/BGA24/BRAKER3/bbc/better.aa
# Option settings: /opt/compleasm_kit/hmmsearch --domtblout /workspace/BGA24/BRAKER3/bbc/better/metazoa_odb10_hmmsearch_output/323399at33208.out --cpu 1 mb_downloads/metazoa_odb10/hmms/323399at33208.hmm /workspace/BGA24/BRAKER3/bbc/better.aa 
# Current dir:     /workspace/BGA24/BRAKER3
# Date:            Fri Oct  4 09:46:18 2024
# [ok]
