#                                                                            --- full sequence --- -------------- this domain -------------   hmm coord   ali coord   env coord
# target name        accession   tlen query name           accession   qlen   E-value  score  bias   #  of  c-Evalue  i-Evalue  score  bias  from    to  from    to  from    to  acc description of target
#------------------- ---------- ----- -------------------- ---------- ----- --------- ------ ----- --- --- --------- --------- ------ ----- ----- ----- ----- ----- ----- ----- ---- ---------------------
g8.t1                -            314 327301at33208        -            257   1.6e-12   42.9   5.9   1   6     0.036       7.9    1.3   0.0    45    69    30    54    28    62 0.78 -
g8.t1                -            314 327301at33208        -            257   1.6e-12   42.9   5.9   2   6   9.2e-05      0.02    9.8   0.1   216   250    63    97    58   104 0.88 -
g8.t1                -            314 327301at33208        -            257   1.6e-12   42.9   5.9   3   6   0.00014     0.031    9.2   0.1    32   244   106   133    99   145 0.68 -
g8.t1                -            314 327301at33208        -            257   1.6e-12   42.9   5.9   4   6    0.0015      0.32    5.9   0.1   225   248   159   182   148   191 0.78 -
g8.t1                -            314 327301at33208        -            257   1.6e-12   42.9   5.9   5   6   0.00056      0.12    7.3   0.0    34    93   195   261   184   270 0.67 -
g8.t1                -            314 327301at33208        -            257   1.6e-12   42.9   5.9   6   6   0.00067      0.15    7.0   0.0    34    63   283   312   275   313 0.92 -
g249.t1              -            425 327301at33208        -            257   5.5e-08   28.0   1.5   1   4   1.7e-06   0.00037   15.5   0.0    33    98    21    93    10   102 0.83 -
g249.t1              -            425 327301at33208        -            257   5.5e-08   28.0   1.5   2   4   8.9e-05     0.019    9.9   0.1   219   247   105   133    92   139 0.70 -
g249.t1              -            425 327301at33208        -            257   5.5e-08   28.0   1.5   3   4      0.44        95   -2.2   0.0   150   165   168   183   159   197 0.79 -
g249.t1              -            425 327301at33208        -            257   5.5e-08   28.0   1.5   4   4      0.36        78   -2.0   0.0     2    28   242   268   241   281 0.73 -
g79.t1               -           2253 327301at33208        -            257   0.00075   14.5   1.8   1   4     0.042       9.1    1.1   0.0    43    95  1696  1746  1690  1756 0.77 -
g79.t1               -           2253 327301at33208        -            257   0.00075   14.5   1.8   2   4     0.016       3.4    2.5   0.0   218   249  1769  1800  1763  1807 0.88 -
g79.t1               -           2253 327301at33208        -            257   0.00075   14.5   1.8   3   4    0.0035      0.75    4.7   0.1    76   100  1869  1893  1851  1945 0.76 -
g79.t1               -           2253 327301at33208        -            257   0.00075   14.5   1.8   4   4     0.047        10    0.9   0.0   133   168  2138  2171  2095  2196 0.80 -
g79.t2               -           2261 327301at33208        -            257   0.00086   14.3   2.0   1   4     0.037         8    1.3   0.0    43    95  1704  1754  1698  1776 0.78 -
g79.t2               -           2261 327301at33208        -            257   0.00086   14.3   2.0   2   4     0.016       3.6    2.4   0.0   218   249  1777  1808  1773  1816 0.88 -
g79.t2               -           2261 327301at33208        -            257   0.00086   14.3   2.0   3   4    0.0035      0.75    4.6   0.1    76   100  1877  1901  1859  1953 0.76 -
g79.t2               -           2261 327301at33208        -            257   0.00086   14.3   2.0   4   4     0.047        10    0.9   0.0   133   168  2146  2179  2103  2204 0.80 -
#
# Program:         hmmsearch
# Version:         3.3.2 (Nov 2020)
# Pipeline mode:   SEARCH
# Query file:      mb_downloads/metazoa_odb10/hmms/327301at33208.hmm
# Target file:     /workspace/BGA24/BRAKER3/bbc/better.aa
# Option settings: /opt/compleasm_kit/hmmsearch --domtblout /workspace/BGA24/BRAKER3/bbc/better/metazoa_odb10_hmmsearch_output/327301at33208.out --cpu 1 mb_downloads/metazoa_odb10/hmms/327301at33208.hmm /workspace/BGA24/BRAKER3/bbc/better.aa 
# Current dir:     /workspace/BGA24/BRAKER3
# Date:            Fri Oct  4 09:46:19 2024
# [ok]
