#                                                                            --- full sequence --- -------------- this domain -------------   hmm coord   ali coord   env coord
# target name        accession   tlen query name           accession   qlen   E-value  score  bias   #  of  c-Evalue  i-Evalue  score  bias  from    to  from    to  from    to  acc description of target
#------------------- ---------- ----- -------------------- ---------- ----- --------- ------ ----- --- --- --------- --------- ------ ----- ----- ----- ----- ----- ----- ----- ---- ---------------------
g78.t1               -            348 359532at33208        -            410   3.3e-12   41.4   0.2   1   2   1.6e-07   3.5e-05   18.2   0.1   100   240    85   214    73   220 0.74 -
g78.t1               -            348 359532at33208        -            410   3.3e-12   41.4   0.2   2   2   4.4e-08   9.5e-06   20.1   0.0   160   243   253   333   244   341 0.88 -
g522.t1              -            648 359532at33208        -            410   1.3e-07   26.3   0.1   1   3      0.12        27   -1.1   0.0    42    91    46    94    34   101 0.73 -
g522.t1              -            648 359532at33208        -            410   1.3e-07   26.3   0.1   2   3   4.1e-05    0.0088   10.3   0.0    50   242   321   516   294   526 0.72 -
g522.t1              -            648 359532at33208        -            410   1.3e-07   26.3   0.1   3   3   1.4e-05    0.0029   11.9   0.0   155   246   548   635   546   643 0.87 -
g371.t1              -            654 359532at33208        -            410   0.00011   16.6   0.0   1   2    0.0068       1.5    3.0   0.0   173   242   343   422   333   471 0.74 -
g371.t1              -            654 359532at33208        -            410   0.00011   16.6   0.0   2   2   1.9e-05    0.0042   11.4   0.0   183   294   473   584   470   609 0.75 -
g509.t1              -            151 359532at33208        -            410    0.0032   11.8   0.0   1   1     2e-05    0.0043   11.4   0.0   155   246    51   138    49   146 0.83 -
#
# Program:         hmmsearch
# Version:         3.3.2 (Nov 2020)
# Pipeline mode:   SEARCH
# Query file:      mb_downloads/metazoa_odb10/hmms/359532at33208.hmm
# Target file:     /workspace/BGA24/BRAKER3/bbc/better.aa
# Option settings: /opt/compleasm_kit/hmmsearch --domtblout /workspace/BGA24/BRAKER3/bbc/better/metazoa_odb10_hmmsearch_output/359532at33208.out --cpu 1 mb_downloads/metazoa_odb10/hmms/359532at33208.hmm /workspace/BGA24/BRAKER3/bbc/better.aa 
# Current dir:     /workspace/BGA24/BRAKER3
# Date:            Fri Oct  4 09:46:19 2024
# [ok]
