#                                                                            --- full sequence --- -------------- this domain -------------   hmm coord   ali coord   env coord
# target name        accession   tlen query name           accession   qlen   E-value  score  bias   #  of  c-Evalue  i-Evalue  score  bias  from    to  from    to  from    to  acc description of target
#------------------- ---------- ----- -------------------- ---------- ----- --------- ------ ----- --- --- --------- --------- ------ ----- ----- ----- ----- ----- ----- ----- ---- ---------------------
g8.t1                -            314 365323at33208        -            259   1.1e-20   69.8   7.3   1   3   1.4e-14   2.4e-12   42.5   0.2    65   185     9   134     3   140 0.85 -
g8.t1                -            314 365323at33208        -            259   1.1e-20   69.8   7.3   2   3   2.4e-09   4.2e-07   25.4   0.3    23   102   142   223   136   230 0.91 -
g8.t1                -            314 365323at33208        -            259   1.1e-20   69.8   7.3   3   3    0.0032      0.56    5.3   0.1   171   230   247   308   229   313 0.67 -
g16.t1               -            746 365323at33208        -            259   2.5e-12   42.5   0.7   1   2   3.8e-05    0.0065   11.6   0.1   120   195   422   508   415   530 0.74 -
g16.t1               -            746 365323at33208        -            259   2.5e-12   42.5   0.7   2   2   1.8e-10   3.2e-08   29.0   0.1    24   130   568   679   550   687 0.85 -
g249.t1              -            425 365323at33208        -            259   4.8e-10   35.0   1.4   1   3   5.6e-11   9.6e-09   30.7   0.2    31   142    21   130     9   147 0.88 -
g249.t1              -            425 365323at33208        -            259   4.8e-10   35.0   1.4   2   3      0.36        63   -1.4   0.0   117   152   241   276   238   286 0.64 -
g249.t1              -            425 365323at33208        -            259   4.8e-10   35.0   1.4   3   3     0.034       5.9    1.9   0.0    33    47   321   335   281   344 0.73 -
g79.t1               -           2253 365323at33208        -            259   1.8e-06   23.3   1.6   1   1   2.3e-08     4e-06   22.1   1.6    10   189  1698  1891  1688  1904 0.71 -
g79.t2               -           2261 365323at33208        -            259   1.9e-06   23.2   1.8   1   1   2.7e-08   4.6e-06   21.9   1.8    10   189  1706  1899  1697  1912 0.71 -
#
# Program:         hmmsearch
# Version:         3.3.2 (Nov 2020)
# Pipeline mode:   SEARCH
# Query file:      mb_downloads/metazoa_odb10/hmms/365323at33208.hmm
# Target file:     /workspace/BGA24/BRAKER3/bbc/better.aa
# Option settings: /opt/compleasm_kit/hmmsearch --domtblout /workspace/BGA24/BRAKER3/bbc/better/metazoa_odb10_hmmsearch_output/365323at33208.out --cpu 1 mb_downloads/metazoa_odb10/hmms/365323at33208.hmm /workspace/BGA24/BRAKER3/bbc/better.aa 
# Current dir:     /workspace/BGA24/BRAKER3
# Date:            Fri Oct  4 09:46:19 2024
# [ok]
