#                                                                            --- full sequence --- -------------- this domain -------------   hmm coord   ali coord   env coord
# target name        accession   tlen query name           accession   qlen   E-value  score  bias   #  of  c-Evalue  i-Evalue  score  bias  from    to  from    to  from    to  acc description of target
#------------------- ---------- ----- -------------------- ---------- ----- --------- ------ ----- --- --- --------- --------- ------ ----- ----- ----- ----- ----- ----- ----- ---- ---------------------
g74.t1               -            365 366936at33208        -            236   5.9e-39  129.6   0.1   1   1   8.3e-41     8e-39  129.1   0.1     2   217    22   247    21   257 0.87 -
g24.t1               -            402 366936at33208        -            236     3e-20   68.4   0.0   1   2   5.9e-22   5.7e-20   67.4   0.0     2   193    83   278    82   297 0.82 -
g24.t1               -            402 366936at33208        -            236     3e-20   68.4   0.0   2   2       4.9   4.7e+02   -4.3   0.0    50    60   347   357   339   373 0.71 -
g95.t1               -            292 366936at33208        -            236     1e-16   56.8   0.1   1   1   1.6e-18   1.5e-16   56.2   0.1     8   187    17   223    11   258 0.76 -
g66.t1               -            495 366936at33208        -            236     1e-15   53.5   0.1   1   1   1.9e-17   1.9e-15   52.7   0.1     8   181    31   226    24   235 0.73 -
g522.t1              -            648 366936at33208        -            236   2.9e-13   45.5   0.0   1   1   4.5e-15   4.3e-13   44.9   0.0     4   185    17   215    14   243 0.74 -
g246.t1              -            749 366936at33208        -            236     6e-13   44.4   0.0   1   1   1.7e-13   1.6e-11   39.7   0.0     8   182    19   225    12   234 0.60 -
g281.t1              -            542 366936at33208        -            236   1.3e-08   30.3   0.5   1   2     2e-09   1.9e-07   26.4   0.1     8   189    47   256    40   265 0.66 -
g281.t1              -            542 366936at33208        -            236   1.3e-08   30.3   0.5   2   2       2.4   2.3e+02   -3.3   0.0   198   222   349   371   338   376 0.74 -
g395.t1              -           1276 366936at33208        -            236   1.7e-08   29.9   0.0   1   1     3e-10   2.8e-08   29.1   0.0     9   141   578   727   570   736 0.73 -
g224.t1              -            132 366936at33208        -            236    0.0032   12.6   0.1   1   1   3.8e-05    0.0037   12.4   0.1    27    88    27    89     5    97 0.80 -
#
# Program:         hmmsearch
# Version:         3.3.2 (Nov 2020)
# Pipeline mode:   SEARCH
# Query file:      mb_downloads/metazoa_odb10/hmms/366936at33208.hmm
# Target file:     /workspace/BGA24/BRAKER3/bbc/better.aa
# Option settings: /opt/compleasm_kit/hmmsearch --domtblout /workspace/BGA24/BRAKER3/bbc/better/metazoa_odb10_hmmsearch_output/366936at33208.out --cpu 1 mb_downloads/metazoa_odb10/hmms/366936at33208.hmm /workspace/BGA24/BRAKER3/bbc/better.aa 
# Current dir:     /workspace/BGA24/BRAKER3
# Date:            Fri Oct  4 09:46:19 2024
# [ok]
