#                                                                            --- full sequence --- -------------- this domain -------------   hmm coord   ali coord   env coord
# target name        accession   tlen query name           accession   qlen   E-value  score  bias   #  of  c-Evalue  i-Evalue  score  bias  from    to  from    to  from    to  acc description of target
#------------------- ---------- ----- -------------------- ---------- ----- --------- ------ ----- --- --- --------- --------- ------ ----- ----- ----- ----- ----- ----- ----- ---- ---------------------
g561.t1              -            461 367596at33208        -            524   1.7e-44  148.1   0.2   1   2   2.3e-29   2.5e-27   91.5   0.0     3   172    39   230    37   280 0.80 -
g561.t1              -            461 367596at33208        -            524   1.7e-44  148.1   0.2   2   2     3e-18   3.2e-16   54.8   0.0   224   301   316   396   311   415 0.89 -
g451.t2              -            359 367596at33208        -            524   4.8e-36  120.2   0.1   1   2     5e-24   5.4e-22   73.9   0.1     4   178    30   215    27   242 0.78 -
g451.t2              -            359 367596at33208        -            524   4.8e-36  120.2   0.1   2   2   4.4e-15   4.7e-13   44.3   0.0   224   281   296   356   289   357 0.86 -
g607.t2              -            319 367596at33208        -            524   1.3e-29   99.0   0.0   1   2   2.9e-19   3.1e-17   58.1   0.1     3   159    24   197    22   204 0.82 -
g607.t2              -            319 367596at33208        -            524   1.3e-29   99.0   0.0   2   2     2e-13   2.2e-11   38.9   0.0   233   300   238   306   226   316 0.83 -
g451.t1              -            803 367596at33208        -            524   7.7e-24   79.9   0.1   1   2   1.3e-09   1.4e-07   26.2   0.0    68   175   464   584   452   609 0.74 -
g451.t1              -            803 367596at33208        -            524   7.7e-24   79.9   0.1   2   2   3.5e-17   3.8e-15   51.2   0.0   225   287   668   733   661   747 0.86 -
g607.t1              -            207 367596at33208        -            524   6.6e-19   63.7   0.0   1   1   8.2e-21   8.9e-19   63.2   0.0     3   161    24   199    22   202 0.83 -
g136.t1              -            137 367596at33208        -            524     5e-14   47.6   0.0   1   1   5.5e-16     6e-14   47.3   0.0     4   106    26   132    23   135 0.82 -
g721.t1              -            132 367596at33208        -            524   6.3e-14   47.2   0.0   1   1   6.5e-16   7.1e-14   47.1   0.0     4   104    26   130    23   131 0.81 -
g744.t1              -            683 367596at33208        -            524   1.4e-10   36.1   0.1   1   2      0.51        56   -2.1   0.0     6    37   256   287   254   291 0.85 -
g744.t1              -            683 367596at33208        -            524   1.4e-10   36.1   0.1   2   2   4.3e-12   4.7e-10   34.5   0.0   186   295   474   587   459   598 0.80 -
#
# Program:         hmmsearch
# Version:         3.3.2 (Nov 2020)
# Pipeline mode:   SEARCH
# Query file:      mb_downloads/metazoa_odb10/hmms/367596at33208.hmm
# Target file:     /workspace/BGA24/BRAKER3/bbc/better.aa
# Option settings: /opt/compleasm_kit/hmmsearch --domtblout /workspace/BGA24/BRAKER3/bbc/better/metazoa_odb10_hmmsearch_output/367596at33208.out --cpu 1 mb_downloads/metazoa_odb10/hmms/367596at33208.hmm /workspace/BGA24/BRAKER3/bbc/better.aa 
# Current dir:     /workspace/BGA24/BRAKER3
# Date:            Fri Oct  4 09:46:19 2024
# [ok]
