#                                                                            --- full sequence --- -------------- this domain -------------   hmm coord   ali coord   env coord
# target name        accession   tlen query name           accession   qlen   E-value  score  bias   #  of  c-Evalue  i-Evalue  score  bias  from    to  from    to  from    to  acc description of target
#------------------- ---------- ----- -------------------- ---------- ----- --------- ------ ----- --- --- --------- --------- ------ ----- ----- ----- ----- ----- ----- ----- ---- ---------------------
g8.t1                -            314 399439at33208        -            178     5e-22   73.6   8.6   1   5   0.00015     0.032    9.0   0.0   114   148    13    49    11    60 0.84 -
g8.t1                -            314 399439at33208        -            178     5e-22   73.6   8.6   2   5   5.9e-08   1.3e-05   20.1   0.1   105   149    51    97    48   102 0.82 -
g8.t1                -            314 399439at33208        -            178     5e-22   73.6   8.6   3   5   1.2e-10   2.5e-08   28.9   0.8    70   148   101   183    96   189 0.87 -
g8.t1                -            314 399439at33208        -            178     5e-22   73.6   8.6   4   5   7.7e-09   1.7e-06   23.0   0.2    89   152   165   229   165   231 0.90 -
g8.t1                -            314 399439at33208        -            178     5e-22   73.6   8.6   5   5    0.0031      0.66    4.7   0.0   110   147   227   264   225   272 0.88 -
g249.t1              -            425 399439at33208        -            178     7e-06   20.9   1.3   1   2   4.5e-05    0.0098   10.7   0.2    77   155    22    99    18   102 0.83 -
g249.t1              -            425 399439at33208        -            178     7e-06   20.9   1.3   2   2   0.00028      0.06    8.1   0.1   114   144   100   131    98   138 0.85 -
g79.t2               -           2261 399439at33208        -            178    0.0035   12.2   1.6   1   3      0.33        71   -1.9   0.0   114   147  1722  1755  1693  1758 0.78 -
g79.t2               -           2261 399439at33208        -            178    0.0035   12.2   1.6   2   3   0.00036     0.078    7.8   0.1   114   146  1773  1806  1765  1816 0.85 -
g79.t2               -           2261 399439at33208        -            178    0.0035   12.2   1.6   3   3     0.027       5.8    1.7   0.0   126   144  1876  1894  1861  1903 0.82 -
g79.t1               -           2253 399439at33208        -            178    0.0037   12.1   1.7   1   3      0.32        70   -1.8   0.0   114   147  1714  1747  1684  1750 0.78 -
g79.t1               -           2253 399439at33208        -            178    0.0037   12.1   1.7   2   3   0.00036     0.078    7.8   0.1   114   146  1765  1798  1757  1808 0.85 -
g79.t1               -           2253 399439at33208        -            178    0.0037   12.1   1.7   3   3     0.027       5.8    1.7   0.0   126   144  1868  1886  1853  1895 0.82 -
#
# Program:         hmmsearch
# Version:         3.3.2 (Nov 2020)
# Pipeline mode:   SEARCH
# Query file:      mb_downloads/metazoa_odb10/hmms/399439at33208.hmm
# Target file:     /workspace/BGA24/BRAKER3/bbc/better.aa
# Option settings: /opt/compleasm_kit/hmmsearch --domtblout /workspace/BGA24/BRAKER3/bbc/better/metazoa_odb10_hmmsearch_output/399439at33208.out --cpu 1 mb_downloads/metazoa_odb10/hmms/399439at33208.hmm /workspace/BGA24/BRAKER3/bbc/better.aa 
# Current dir:     /workspace/BGA24/BRAKER3
# Date:            Fri Oct  4 09:46:19 2024
# [ok]
