#                                                                            --- full sequence --- -------------- this domain -------------   hmm coord   ali coord   env coord
# target name        accession   tlen query name           accession   qlen   E-value  score  bias   #  of  c-Evalue  i-Evalue  score  bias  from    to  from    to  from    to  acc description of target
#------------------- ---------- ----- -------------------- ---------- ----- --------- ------ ----- --- --- --------- --------- ------ ----- ----- ----- ----- ----- ----- ----- ---- ---------------------
g8.t1                -            314 419914at33208        -            329   4.2e-25   84.3   9.5   1   3   1.3e-08   2.2e-06   22.8   0.4   261   318   100   157    95   157 0.83 -
g8.t1                -            314 419914at33208        -            329   4.2e-25   84.3   9.5   2   3   9.9e-05     0.017   10.0   0.0   259   307   185   232   184   237 0.87 -
g8.t1                -            314 419914at33208        -            329   4.2e-25   84.3   9.5   3   3   0.00026     0.046    8.6   0.1   236   296   247   310   233   313 0.72 -
g249.t1              -            425 419914at33208        -            329   2.6e-09   32.4   0.6   1   2     0.078        14    0.4   0.0   268   299    21    52    11    61 0.58 -
g249.t1              -            425 419914at33208        -            329   2.6e-09   32.4   0.6   2   2   9.2e-11   1.6e-08   29.8   0.6   231   301    69   137    32   147 0.84 -
g16.t1               -            746 419914at33208        -            329   9.3e-06   20.7   1.0   1   2    0.0016      0.28    6.0   0.1   112   153   460   507   425   516 0.68 -
g16.t1               -            746 419914at33208        -            329   9.3e-06   20.7   1.0   2   2   1.2e-05    0.0022   12.9   0.1   246   318   553   624   540   651 0.76 -
g79.t1               -           2253 419914at33208        -            329   3.5e-05   18.8   1.2   1   1   7.9e-07   0.00014   16.8   1.1   149   249  1763  1885  1755  1935 0.55 -
g79.t2               -           2261 419914at33208        -            329   3.7e-05   18.7   1.3   1   1     8e-07   0.00014   16.8   1.2   149   249  1771  1893  1763  1945 0.54 -
#
# Program:         hmmsearch
# Version:         3.3.2 (Nov 2020)
# Pipeline mode:   SEARCH
# Query file:      mb_downloads/metazoa_odb10/hmms/419914at33208.hmm
# Target file:     /workspace/BGA24/BRAKER3/bbc/better.aa
# Option settings: /opt/compleasm_kit/hmmsearch --domtblout /workspace/BGA24/BRAKER3/bbc/better/metazoa_odb10_hmmsearch_output/419914at33208.out --cpu 1 mb_downloads/metazoa_odb10/hmms/419914at33208.hmm /workspace/BGA24/BRAKER3/bbc/better.aa 
# Current dir:     /workspace/BGA24/BRAKER3
# Date:            Fri Oct  4 09:46:18 2024
# [ok]
