#                                                                            --- full sequence --- -------------- this domain -------------   hmm coord   ali coord   env coord
# target name        accession   tlen query name           accession   qlen   E-value  score  bias   #  of  c-Evalue  i-Evalue  score  bias  from    to  from    to  from    to  acc description of target
#------------------- ---------- ----- -------------------- ---------- ----- --------- ------ ----- --- --- --------- --------- ------ ----- ----- ----- ----- ----- ----- ----- ---- ---------------------
g1.t2                -            291 456998at33208        -            219   2.5e-14   49.1   1.1   1   2      0.39        67   -1.3   0.3   107   160     6    56     5    84 0.70 -
g1.t2                -            291 456998at33208        -            219   2.5e-14   49.1   1.1   2   2   1.5e-16   2.5e-14   49.1   1.1     5    67   107   171   103   174 0.88 -
g1.t1                -            355 456998at33208        -            219   3.5e-14   48.6   1.1   1   2      0.52        90   -1.7   0.2   107   160     6    56     5    81 0.70 -
g1.t1                -            355 456998at33208        -            219   3.5e-14   48.6   1.1   2   2     2e-16   3.5e-14   48.6   1.1     5    67   107   171   103   174 0.88 -
g664.t1              -            496 456998at33208        -            219   3.9e-12   42.0   0.4   1   1   4.7e-14   8.2e-12   40.9   0.4     5    66    16    76    12    81 0.87 -
g695.t1              -           1436 456998at33208        -            219   1.5e-11   40.0   0.4   1   1   1.8e-13   3.1e-11   39.0   0.4     5    66    16    76    12    81 0.87 -
g708.t1              -           1543 456998at33208        -            219   1.7e-11   39.9   0.4   1   1     2e-13   3.4e-11   38.9   0.4     5    66    16    76    12    81 0.87 -
#
# Program:         hmmsearch
# Version:         3.3.2 (Nov 2020)
# Pipeline mode:   SEARCH
# Query file:      mb_downloads/metazoa_odb10/hmms/456998at33208.hmm
# Target file:     /workspace/BGA24/BRAKER3/bbc/better.aa
# Option settings: /opt/compleasm_kit/hmmsearch --domtblout /workspace/BGA24/BRAKER3/bbc/better/metazoa_odb10_hmmsearch_output/456998at33208.out --cpu 1 mb_downloads/metazoa_odb10/hmms/456998at33208.hmm /workspace/BGA24/BRAKER3/bbc/better.aa 
# Current dir:     /workspace/BGA24/BRAKER3
# Date:            Fri Oct  4 09:46:19 2024
# [ok]
