#                                                                            --- full sequence --- -------------- this domain -------------   hmm coord   ali coord   env coord
# target name        accession   tlen query name           accession   qlen   E-value  score  bias   #  of  c-Evalue  i-Evalue  score  bias  from    to  from    to  from    to  acc description of target
#------------------- ---------- ----- -------------------- ---------- ----- --------- ------ ----- --- --- --------- --------- ------ ----- ----- ----- ----- ----- ----- ----- ---- ---------------------
g74.t1               -            365 517525at33208        -            296   1.1e-26   89.3   0.4   1   2   1.7e-26   1.4e-24   82.3   0.1    21   232    20   226    12   251 0.84 -
g74.t1               -            365 517525at33208        -            296   1.1e-26   89.3   0.4   2   2    0.0055      0.48    5.1   0.0   250   279   292   321   285   328 0.85 -
g95.t1               -            292 517525at33208        -            296   3.1e-22   74.6   0.1   1   1   4.4e-24   3.8e-22   74.4   0.1    65   278    61   277    14   290 0.83 -
g246.t1              -            749 517525at33208        -            296   5.1e-21   70.7   0.0   1   1   1.4e-22   1.2e-20   69.5   0.0    23   222    13   230     7   235 0.76 -
g522.t1              -            648 517525at33208        -            296   1.2e-20   69.5   0.0   1   1   2.1e-22   1.8e-20   68.9   0.0    32   266    24   266    18   278 0.76 -
g24.t1               -            402 517525at33208        -            296     3e-19   64.9   0.1   1   2      0.67        58   -1.8   0.0    42    79    53    90    47   117 0.78 -
g24.t1               -            402 517525at33208        -            296     3e-19   64.9   0.1   2   2   7.5e-21   6.5e-19   63.7   0.1    30   228    90   278    68   281 0.83 -
g66.t1               -            495 517525at33208        -            296   6.8e-17   57.1   0.0   1   1   1.6e-18   1.4e-16   56.1   0.0    30   222    32   233    27   248 0.77 -
g395.t1              -           1276 517525at33208        -            296   5.5e-14   47.6   0.0   1   1   1.1e-15   9.3e-14   46.8   0.0    26   239   574   801   568   816 0.74 -
g62.t1               -            389 517525at33208        -            296     2e-10   35.9   0.0   1   1   4.3e-12   3.7e-10   35.0   0.0    65   272   171   378   128   385 0.76 -
g281.t1              -            542 517525at33208        -            296   2.1e-10   35.8   0.0   1   1   3.6e-12   3.1e-10   35.2   0.0    26   272    44   307    30   314 0.69 -
g61.t1               -            177 517525at33208        -            296   2.1e-07   25.9   0.0   1   1   2.9e-09   2.5e-07   25.7   0.0    78   227     3   155     1   168 0.74 -
#
# Program:         hmmsearch
# Version:         3.3.2 (Nov 2020)
# Pipeline mode:   SEARCH
# Query file:      mb_downloads/metazoa_odb10/hmms/517525at33208.hmm
# Target file:     /workspace/BGA24/BRAKER3/bbc/better.aa
# Option settings: /opt/compleasm_kit/hmmsearch --domtblout /workspace/BGA24/BRAKER3/bbc/better/metazoa_odb10_hmmsearch_output/517525at33208.out --cpu 1 mb_downloads/metazoa_odb10/hmms/517525at33208.hmm /workspace/BGA24/BRAKER3/bbc/better.aa 
# Current dir:     /workspace/BGA24/BRAKER3
# Date:            Fri Oct  4 09:46:19 2024
# [ok]
