#                                                                            --- full sequence --- -------------- this domain -------------   hmm coord   ali coord   env coord
# target name        accession   tlen query name           accession   qlen   E-value  score  bias   #  of  c-Evalue  i-Evalue  score  bias  from    to  from    to  from    to  acc description of target
#------------------- ---------- ----- -------------------- ---------- ----- --------- ------ ----- --- --- --------- --------- ------ ----- ----- ----- ----- ----- ----- ----- ---- ---------------------
g744.t1              -            683 530431at33208        -            406   4.5e-54  179.3   0.0   1   1   8.3e-56     9e-54  178.4   0.0    10   363   246   633   240   637 0.78 -
g276.t1              -            850 530431at33208        -            406   7.1e-14   47.0   0.3   1   2     3e-08   3.3e-06   21.7   0.0    22   159   185   323   178   331 0.81 -
g276.t1              -            850 530431at33208        -            406   7.1e-14   47.0   0.3   2   2   1.2e-08   1.3e-06   23.0   0.2   270   342   609   683   592   740 0.65 -
g275.t1              -            842 530431at33208        -            406   3.6e-10   34.8   0.1   1   2     2e-06   0.00022   15.7   0.0    22   159   175   311   167   318 0.77 -
g275.t1              -            842 530431at33208        -            406   3.6e-10   34.8   0.1   2   2   1.1e-06   0.00012   16.6   0.0   262   316   588   645   577   730 0.74 -
g561.t1              -            461 530431at33208        -            406   1.5e-09   32.7   0.0   1   3     0.098        11    0.3   0.0    25    54    46    76    28    88 0.79 -
g561.t1              -            461 530431at33208        -            406   1.5e-09   32.7   0.0   2   3      0.24        26   -1.0   0.0   154   239   191   281   166   293 0.65 -
g561.t1              -            461 530431at33208        -            406   1.5e-09   32.7   0.0   3   3   2.5e-10   2.7e-08   28.6   0.0   271   346   341   416   313   435 0.89 -
g451.t2              -            359 530431at33208        -            406   2.8e-07   25.2   0.0   1   2     2e-05    0.0021   12.5   0.1    21   209    33   225    14   270 0.66 -
g451.t2              -            359 530431at33208        -            406   2.8e-07   25.2   0.0   2   2   9.6e-05      0.01   10.2   0.0   271   307   321   357   318   358 0.91 -
g451.t1              -            803 530431at33208        -            406     4e-07   24.7   0.0   1   2    0.0034      0.37    5.1   0.1   134   209   517   596   487   640 0.75 -
g451.t1              -            803 530431at33208        -            406     4e-07   24.7   0.0   2   2   6.6e-07   7.2e-05   17.3   0.0   271   333   692   752   689   761 0.82 -
g607.t2              -            319 530431at33208        -            406   7.5e-05   17.2   0.0   1   1   9.8e-07   0.00011   16.7   0.0   281   332   262   313   247   318 0.91 -
g721.t1              -            132 530431at33208        -            406    0.0047   11.3   0.0   1   1   4.4e-05    0.0047   11.3   0.0    24   103    31   110    12   131 0.75 -
#
# Program:         hmmsearch
# Version:         3.3.2 (Nov 2020)
# Pipeline mode:   SEARCH
# Query file:      mb_downloads/metazoa_odb10/hmms/530431at33208.hmm
# Target file:     /workspace/BGA24/BRAKER3/bbc/better.aa
# Option settings: /opt/compleasm_kit/hmmsearch --domtblout /workspace/BGA24/BRAKER3/bbc/better/metazoa_odb10_hmmsearch_output/530431at33208.out --cpu 1 mb_downloads/metazoa_odb10/hmms/530431at33208.hmm /workspace/BGA24/BRAKER3/bbc/better.aa 
# Current dir:     /workspace/BGA24/BRAKER3
# Date:            Fri Oct  4 09:46:18 2024
# [ok]
