#                                                                            --- full sequence --- -------------- this domain -------------   hmm coord   ali coord   env coord
# target name        accession   tlen query name           accession   qlen   E-value  score  bias   #  of  c-Evalue  i-Evalue  score  bias  from    to  from    to  from    to  acc description of target
#------------------- ---------- ----- -------------------- ---------- ----- --------- ------ ----- --- --- --------- --------- ------ ----- ----- ----- ----- ----- ----- ----- ---- ---------------------
9_t                  -            314 164767at33208        -            703   9.5e-19   62.9  11.4   1   5    0.0047       1.7    2.6   0.0   286   322    12    48     2    58 0.61 -
9_t                  -            314 164767at33208        -            703   9.5e-19   62.9  11.4   2   5   3.2e-07   0.00012   16.4   0.2   482   521    57    96    49    98 0.91 -
9_t                  -            314 164767at33208        -            703   9.5e-19   62.9  11.4   3   5     2e-08   7.3e-06   20.4   0.6   478   517    95   134    93   160 0.87 -
9_t                  -            314 164767at33208        -            703   9.5e-19   62.9  11.4   4   5   9.5e-05     0.034    8.2   0.1   487   550   147   213   139   229 0.67 -
9_t                  -            314 164767at33208        -            703   9.5e-19   62.9  11.4   5   5   1.4e-08   5.2e-06   20.8   0.1   490   552   235   303   228   309 0.82 -
250_t                -            425 164767at33208        -            703   3.1e-11   38.1   0.1   1   2   2.8e-07    0.0001   16.6   0.1   487   557    18    86    11    90 0.86 -
250_t                -            425 164767at33208        -            703   3.1e-11   38.1   0.1   2   2   1.8e-08   6.6e-06   20.5   0.0   469   521    82   135    77   149 0.88 -
61_t                 -           2441 164767at33208        -            703   0.00088   13.5   1.9   1   3    0.0099       3.6    1.5   0.0   467   519  1882  1934  1843  1939 0.78 -
61_t                 -           2441 164767at33208        -            703   0.00088   13.5   1.9   2   3   0.00027       0.1    6.7   0.1   200   271  1955  2024  1947  2030 0.80 -
61_t                 -           2441 164767at33208        -            703   0.00088   13.5   1.9   3   3    0.0077       2.8    1.9   0.1   208   231  2052  2075  2044  2085 0.87 -
#
# Program:         hmmsearch
# Version:         3.3.2 (Nov 2020)
# Pipeline mode:   SEARCH
# Query file:      mb_downloads/metazoa_odb10/hmms/164767at33208.hmm
# Target file:     /workspace/BGA24/BRAKER3/bbc/genemark.aa
# Option settings: /opt/compleasm_kit/hmmsearch --domtblout /workspace/BGA24/BRAKER3/bbc/genemark/metazoa_odb10_hmmsearch_output/164767at33208.out --cpu 1 mb_downloads/metazoa_odb10/hmms/164767at33208.hmm /workspace/BGA24/BRAKER3/bbc/genemark.aa 
# Current dir:     /workspace/BGA24/BRAKER3
# Date:            Fri Oct  4 09:46:01 2024
# [ok]
