#                                                                            --- full sequence --- -------------- this domain -------------   hmm coord   ali coord   env coord
# target name        accession   tlen query name           accession   qlen   E-value  score  bias   #  of  c-Evalue  i-Evalue  score  bias  from    to  from    to  from    to  acc description of target
#------------------- ---------- ----- -------------------- ---------- ----- --------- ------ ----- --- --- --------- --------- ------ ----- ----- ----- ----- ----- ----- ----- ---- ---------------------
842_t                -            683 177858at33208        -            591     4e-55  183.2   0.0   1   3   2.8e-13     1e-10   36.6   0.0     3    64   231   292   229   294 0.89 -
842_t                -            683 177858at33208        -            591     4e-55  183.2   0.0   2   3   2.6e-19   9.4e-17   56.5   0.0   204   316   310   430   307   469 0.77 -
842_t                -            683 177858at33208        -            591     4e-55  183.2   0.0   3   3   2.2e-28     8e-26   86.4   0.0   382   497   472   591   452   599 0.89 -
275_t                -            850 177858at33208        -            591   9.3e-08   26.8   0.1   1   2   1.8e-06   0.00065   14.1   0.0   207   286   231   314   217   335 0.77 -
275_t                -            850 177858at33208        -            591   9.3e-08   26.8   0.1   2   2   2.9e-05     0.011   10.1   0.0   425   489   591   654   535   678 0.77 -
274_t                -            842 177858at33208        -            591   1.3e-06   23.0   0.0   1   3      0.62   2.3e+02   -4.2   0.0    38    56   183   201   175   206 0.77 -
274_t                -            842 177858at33208        -            591   1.3e-06   23.0   0.0   2   3    0.0002     0.071    7.4   0.0   208   283   221   299   208   315 0.83 -
274_t                -            842 177858at33208        -            591   1.3e-06   23.0   0.0   3   3   4.2e-06    0.0015   12.9   0.0   425   481   582   638   568   654 0.81 -
#
# Program:         hmmsearch
# Version:         3.3.2 (Nov 2020)
# Pipeline mode:   SEARCH
# Query file:      mb_downloads/metazoa_odb10/hmms/177858at33208.hmm
# Target file:     /workspace/BGA24/BRAKER3/bbc/genemark.aa
# Option settings: /opt/compleasm_kit/hmmsearch --domtblout /workspace/BGA24/BRAKER3/bbc/genemark/metazoa_odb10_hmmsearch_output/177858at33208.out --cpu 1 mb_downloads/metazoa_odb10/hmms/177858at33208.hmm /workspace/BGA24/BRAKER3/bbc/genemark.aa 
# Current dir:     /workspace/BGA24/BRAKER3
# Date:            Fri Oct  4 09:46:00 2024
# [ok]
