#                                                                            --- full sequence --- -------------- this domain -------------   hmm coord   ali coord   env coord
# target name        accession   tlen query name           accession   qlen   E-value  score  bias   #  of  c-Evalue  i-Evalue  score  bias  from    to  from    to  from    to  acc description of target
#------------------- ---------- ----- -------------------- ---------- ----- --------- ------ ----- --- --- --------- --------- ------ ----- ----- ----- ----- ----- ----- ----- ---- ---------------------
9_t                  -            314 197652at33208        -            436   4.6e-24   81.0   5.2   1   5   9.1e-10   2.5e-07   25.9   0.3   278   335    30    92    10    94 0.85 -
9_t                  -            314 197652at33208        -            436   4.6e-24   81.0   5.2   2   5   1.4e-14   3.8e-12   41.8   0.9   270   335    69   134    60   141 0.89 -
9_t                  -            314 197652at33208        -            436   4.6e-24   81.0   5.2   3   5   1.7e-09   4.5e-07   25.0   0.0   260   337   143   223   134   227 0.88 -
9_t                  -            314 197652at33208        -            436   4.6e-24   81.0   5.2   4   5    0.0068       1.8    3.2   0.0   294   340   222   266   220   272 0.75 -
9_t                  -            314 197652at33208        -            436   4.6e-24   81.0   5.2   5   5     0.013       3.5    2.3   0.0   190   216   281   309   271   312 0.80 -
250_t                -            425 197652at33208        -            436   5.8e-07   24.7   2.7   1   4   0.00063      0.17    6.6   0.0   306   339    19    52    14    61 0.85 -
250_t                -            425 197652at33208        -            436   5.8e-07   24.7   2.7   2   4   6.6e-07   0.00018   16.5   0.1   295   339    91   135    62   143 0.82 -
250_t                -            425 197652at33208        -            436   5.8e-07   24.7   2.7   3   4      0.22        61   -1.8   0.0   193   234   163   205   156   210 0.67 -
250_t                -            425 197652at33208        -            436   5.8e-07   24.7   2.7   4   4      0.44   1.2e+02   -2.7   0.0   188   211   394   417   389   420 0.80 -
61_t                 -           2441 197652at33208        -            436   0.00045   15.1   1.5   1   2    0.0001     0.027    9.3   0.2   262   343  1952  2033  1932  2051 0.85 -
61_t                 -           2441 197652at33208        -            436   0.00045   15.1   1.5   2   2    0.0031      0.85    4.4   0.1   316   338  2055  2077  2041  2087 0.76 -
84_t                 -            175 197652at33208        -            436    0.0059   11.5   0.2   1   1   7.8e-05     0.021    9.6   0.2   312   399    79   164    52   173 0.71 -
#
# Program:         hmmsearch
# Version:         3.3.2 (Nov 2020)
# Pipeline mode:   SEARCH
# Query file:      mb_downloads/metazoa_odb10/hmms/197652at33208.hmm
# Target file:     /workspace/BGA24/BRAKER3/bbc/genemark.aa
# Option settings: /opt/compleasm_kit/hmmsearch --domtblout /workspace/BGA24/BRAKER3/bbc/genemark/metazoa_odb10_hmmsearch_output/197652at33208.out --cpu 1 mb_downloads/metazoa_odb10/hmms/197652at33208.hmm /workspace/BGA24/BRAKER3/bbc/genemark.aa 
# Current dir:     /workspace/BGA24/BRAKER3
# Date:            Fri Oct  4 09:46:06 2024
# [ok]
