#                                                                            --- full sequence --- -------------- this domain -------------   hmm coord   ali coord   env coord
# target name        accession   tlen query name           accession   qlen   E-value  score  bias   #  of  c-Evalue  i-Evalue  score  bias  from    to  from    to  from    to  acc description of target
#------------------- ---------- ----- -------------------- ---------- ----- --------- ------ ----- --- --- --------- --------- ------ ----- ----- ----- ----- ----- ----- ----- ---- ---------------------
9_t                  -            314 201397at33208        -            479   4.5e-29   97.8   7.1   1   3   1.5e-19   5.6e-17   57.9   2.0    89   238     9   156     6   161 0.87 -
9_t                  -            314 201397at33208        -            479   4.5e-29   97.8   7.1   2   3   1.7e-13   6.1e-11   38.0   0.2   155   273   159   276   151   284 0.92 -
9_t                  -            314 201397at33208        -            479   4.5e-29   97.8   7.1   3   3    0.0029         1    4.2   0.0   150   177   284   311   272   313 0.87 -
250_t                -            425 201397at33208        -            479   2.2e-09   32.8   0.2   1   2     0.014         5    2.0   0.0    53    86    19    52    12    61 0.82 -
250_t                -            425 201397at33208        -            479   2.2e-09   32.8   0.2   2   2   1.2e-10   4.4e-08   28.6   0.1   161   219    74   133    69   178 0.91 -
61_t                 -           2441 201397at33208        -            479   7.2e-06   21.2   5.4   1   2       0.1        38   -0.9   0.0   372   449   498   579   481   586 0.80 -
61_t                 -           2441 201397at33208        -            479   7.2e-06   21.2   5.4   2   2   8.6e-08   3.1e-05   19.2   0.5   141   218  1950  2026  1910  2044 0.89 -
#
# Program:         hmmsearch
# Version:         3.3.2 (Nov 2020)
# Pipeline mode:   SEARCH
# Query file:      mb_downloads/metazoa_odb10/hmms/201397at33208.hmm
# Target file:     /workspace/BGA24/BRAKER3/bbc/genemark.aa
# Option settings: /opt/compleasm_kit/hmmsearch --domtblout /workspace/BGA24/BRAKER3/bbc/genemark/metazoa_odb10_hmmsearch_output/201397at33208.out --cpu 1 mb_downloads/metazoa_odb10/hmms/201397at33208.hmm /workspace/BGA24/BRAKER3/bbc/genemark.aa 
# Current dir:     /workspace/BGA24/BRAKER3
# Date:            Fri Oct  4 09:46:03 2024
# [ok]
