#                                                                            --- full sequence --- -------------- this domain -------------   hmm coord   ali coord   env coord
# target name        accession   tlen query name           accession   qlen   E-value  score  bias   #  of  c-Evalue  i-Evalue  score  bias  from    to  from    to  from    to  acc description of target
#------------------- ---------- ----- -------------------- ---------- ----- --------- ------ ----- --- --- --------- --------- ------ ----- ----- ----- ----- ----- ----- ----- ---- ---------------------
9_t                  -            314 261614at33208        -            533   3.2e-19   65.0   5.7   1   6     0.012       6.7    1.3   0.0   252   286    11    46     8    57 0.84 -
9_t                  -            314 261614at33208        -            533   3.2e-19   65.0   5.7   2   6   3.7e-09     2e-06   22.8   0.1   252   295    59   102    50   102 0.93 -
9_t                  -            314 261614at33208        -            533   3.2e-19   65.0   5.7   3   6   6.8e-07   0.00037   15.3   0.3   252   304   101   160    96   166 0.74 -
9_t                  -            314 261614at33208        -            533   3.2e-19   65.0   5.7   4   6   0.00065      0.36    5.5   0.1   253   289   145   183   138   188 0.84 -
9_t                  -            314 261614at33208        -            533   3.2e-19   65.0   5.7   5   6   2.5e-06    0.0014   13.4   0.0   253   293   189   229   182   237 0.91 -
9_t                  -            314 261614at33208        -            533   3.2e-19   65.0   5.7   6   6   0.00019      0.11    7.2   0.0   380   443   239   308   228   312 0.67 -
61_t                 -           2441 261614at33208        -            533    0.0012   13.7   0.1   1   1   6.1e-06    0.0033   12.2   0.1   251   296  1950  1995  1937  2026 0.82 -
#
# Program:         hmmsearch
# Version:         3.3.2 (Nov 2020)
# Pipeline mode:   SEARCH
# Query file:      mb_downloads/metazoa_odb10/hmms/261614at33208.hmm
# Target file:     /workspace/BGA24/BRAKER3/bbc/genemark.aa
# Option settings: /opt/compleasm_kit/hmmsearch --domtblout /workspace/BGA24/BRAKER3/bbc/genemark/metazoa_odb10_hmmsearch_output/261614at33208.out --cpu 1 mb_downloads/metazoa_odb10/hmms/261614at33208.hmm /workspace/BGA24/BRAKER3/bbc/genemark.aa 
# Current dir:     /workspace/BGA24/BRAKER3
# Date:            Fri Oct  4 09:46:03 2024
# [ok]
