#                                                                            --- full sequence --- -------------- this domain -------------   hmm coord   ali coord   env coord
# target name        accession   tlen query name           accession   qlen   E-value  score  bias   #  of  c-Evalue  i-Evalue  score  bias  from    to  from    to  from    to  acc description of target
#------------------- ---------- ----- -------------------- ---------- ----- --------- ------ ----- --- --- --------- --------- ------ ----- ----- ----- ----- ----- ----- ----- ---- ---------------------
268_t                -            348 266469at33208        -            223   7.5e-10   34.7   0.0   1   1     6e-12   1.3e-09   33.9   0.0     1    93    31   126    31   139 0.88 -
269_t                -            344 266469at33208        -            223   1.1e-06   24.4   0.0   1   1   7.5e-09   1.6e-06   23.7   0.0    10    87    18    98     9   109 0.77 -
270_t                -            351 266469at33208        -            223   2.4e-06   23.2   0.0   1   1   1.8e-08   3.9e-06   22.5   0.0    10    87    25   105    16   116 0.74 -
391_t                -           2379 266469at33208        -            223    0.0012   14.4   0.0   1   2       2.5   5.5e+02   -4.1   0.0   158   189   802   833   797   848 0.79 -
391_t                -           2379 266469at33208        -            223    0.0012   14.4   0.0   2   2   2.7e-05    0.0058   12.1   0.0     1    25  1651  1675  1651  1699 0.86 -
MSTRG.540.1          -            974 266469at33208        -            223     0.005   12.3   0.0   1   2      0.12        25    0.2   0.0     2    23   130   151   129   153 0.90 -
MSTRG.540.1          -            974 266469at33208        -            223     0.005   12.3   0.0   2   2   0.00024     0.052    9.0   0.1    49   112   199   262   191   298 0.91 -
#
# Program:         hmmsearch
# Version:         3.3.2 (Nov 2020)
# Pipeline mode:   SEARCH
# Query file:      mb_downloads/metazoa_odb10/hmms/266469at33208.hmm
# Target file:     /workspace/BGA24/BRAKER3/bbc/genemark.aa
# Option settings: /opt/compleasm_kit/hmmsearch --domtblout /workspace/BGA24/BRAKER3/bbc/genemark/metazoa_odb10_hmmsearch_output/266469at33208.out --cpu 1 mb_downloads/metazoa_odb10/hmms/266469at33208.hmm /workspace/BGA24/BRAKER3/bbc/genemark.aa 
# Current dir:     /workspace/BGA24/BRAKER3
# Date:            Fri Oct  4 09:46:05 2024
# [ok]
