#                                                                            --- full sequence --- -------------- this domain -------------   hmm coord   ali coord   env coord
# target name        accession   tlen query name           accession   qlen   E-value  score  bias   #  of  c-Evalue  i-Evalue  score  bias  from    to  from    to  from    to  acc description of target
#------------------- ---------- ----- -------------------- ---------- ----- --------- ------ ----- --- --- --------- --------- ------ ----- ----- ----- ----- ----- ----- ----- ---- ---------------------
9_t                  -            314 266808at33208        -            354   8.2e-26   86.7   1.1   1   3   3.5e-20   1.3e-17   59.8   0.5   104   267    10   184     6   193 0.81 -
9_t                  -            314 266808at33208        -            354   8.2e-26   86.7   1.1   2   3   1.1e-07     4e-05   18.7   0.0   193   265   196   264   185   270 0.86 -
9_t                  -            314 266808at33208        -            354   8.2e-26   86.7   1.1   3   3   0.00091      0.33    5.8   0.0    57    90   278   311   267   313 0.82 -
61_t                 -           2441 266808at33208        -            354   5.7e-07   24.8   0.1   1   2   2.9e-05      0.01   10.7   0.0   186   263  1858  1933  1840  1941 0.90 -
61_t                 -           2441 266808at33208        -            354   5.7e-07   24.8   0.1   2   2   2.7e-05    0.0099   10.8   0.0   103   216  1949  2072  1943  2084 0.66 -
250_t                -            425 266808at33208        -            354   6.9e-06   21.2   1.4   1   4   3.7e-06    0.0014   13.7   0.1   194   269    24    96    15   103 0.83 -
250_t                -            425 266808at33208        -            354   6.9e-06   21.2   1.4   2   4     2e-06   0.00071   14.6   0.1   302   352    80   130    69   132 0.90 -
250_t                -            425 266808at33208        -            354   6.9e-06   21.2   1.4   3   4       0.3   1.1e+02   -2.5   0.0   164   207   292   335   239   343 0.55 -
250_t                -            425 266808at33208        -            354   6.9e-06   21.2   1.4   4   4      0.23        83   -2.1   0.0   131   173   372   414   355   421 0.76 -
#
# Program:         hmmsearch
# Version:         3.3.2 (Nov 2020)
# Pipeline mode:   SEARCH
# Query file:      mb_downloads/metazoa_odb10/hmms/266808at33208.hmm
# Target file:     /workspace/BGA24/BRAKER3/bbc/genemark.aa
# Option settings: /opt/compleasm_kit/hmmsearch --domtblout /workspace/BGA24/BRAKER3/bbc/genemark/metazoa_odb10_hmmsearch_output/266808at33208.out --cpu 1 mb_downloads/metazoa_odb10/hmms/266808at33208.hmm /workspace/BGA24/BRAKER3/bbc/genemark.aa 
# Current dir:     /workspace/BGA24/BRAKER3
# Date:            Fri Oct  4 09:46:07 2024
# [ok]
