#                                                                            --- full sequence --- -------------- this domain -------------   hmm coord   ali coord   env coord
# target name        accession   tlen query name           accession   qlen   E-value  score  bias   #  of  c-Evalue  i-Evalue  score  bias  from    to  from    to  from    to  acc description of target
#------------------- ---------- ----- -------------------- ---------- ----- --------- ------ ----- --- --- --------- --------- ------ ----- ----- ----- ----- ----- ----- ----- ---- ---------------------
9_t                  -            314 279631at33208        -            584   4.5e-20   67.9  12.0   1   5   3.4e-06   0.00094   14.0   0.0   182   220     7    46     4    50 0.84 -
9_t                  -            314 279631at33208        -            584   4.5e-20   67.9  12.0   2   5   1.2e-10   3.2e-08   28.7   0.8   452   531    57   135    48   143 0.85 -
9_t                  -            314 279631at33208        -            584   4.5e-20   67.9  12.0   3   5   2.1e-11   5.7e-09   31.2   1.7   442   529    89   178    88   185 0.93 -
9_t                  -            314 279631at33208        -            584   4.5e-20   67.9  12.0   4   5   6.2e-08   1.7e-05   19.7   0.0   138   233   145   235   139   244 0.86 -
9_t                  -            314 279631at33208        -            584   4.5e-20   67.9  12.0   5   5    0.0016      0.44    5.2   0.0   138   228   189   270   180   279 0.65 -
250_t                -            425 279631at33208        -            584   1.8e-05   19.6   0.9   1   3     0.005       1.4    3.5   0.0   461   529    22    87    16    96 0.79 -
250_t                -            425 279631at33208        -            584   1.8e-05   19.6   0.9   2   3   4.5e-06    0.0012   13.6   0.1   185   221    97   133    91   141 0.67 -
250_t                -            425 279631at33208        -            584   1.8e-05   19.6   0.9   3   3      0.48   1.3e+02   -3.0   0.0    10    37   160   187   155   195 0.83 -
61_t                 -           2441 279631at33208        -            584   4.1e-05   18.5   1.5   1   1   2.8e-07   7.7e-05   17.6   1.5   406   529  1950  2073  1943  2078 0.79 -
MSTRG.12.1           -            746 279631at33208        -            584   0.00028   15.7   0.1   1   2    0.0013      0.36    5.4   0.0   180   531   454   499   417   526 0.54 -
MSTRG.12.1           -            746 279631at33208        -            584   0.00028   15.7   0.1   2   2    0.0002     0.056    8.1   0.0   555   582   571   601   545   644 0.81 -
#
# Program:         hmmsearch
# Version:         3.3.2 (Nov 2020)
# Pipeline mode:   SEARCH
# Query file:      mb_downloads/metazoa_odb10/hmms/279631at33208.hmm
# Target file:     /workspace/BGA24/BRAKER3/bbc/genemark.aa
# Option settings: /opt/compleasm_kit/hmmsearch --domtblout /workspace/BGA24/BRAKER3/bbc/genemark/metazoa_odb10_hmmsearch_output/279631at33208.out --cpu 1 mb_downloads/metazoa_odb10/hmms/279631at33208.hmm /workspace/BGA24/BRAKER3/bbc/genemark.aa 
# Current dir:     /workspace/BGA24/BRAKER3
# Date:            Fri Oct  4 09:46:05 2024
# [ok]
