#                                                                            --- full sequence --- -------------- this domain -------------   hmm coord   ali coord   env coord
# target name        accession   tlen query name           accession   qlen   E-value  score  bias   #  of  c-Evalue  i-Evalue  score  bias  from    to  from    to  from    to  acc description of target
#------------------- ---------- ----- -------------------- ---------- ----- --------- ------ ----- --- --- --------- --------- ------ ----- ----- ----- ----- ----- ----- ----- ---- ---------------------
9_t                  -            314 281693at33208        -            602   5.7e-22   73.7   7.2   1   4     0.001      0.37    5.0   0.0   302   339     6    46     3    56 0.81 -
9_t                  -            314 281693at33208        -            602   5.7e-22   73.7   7.2   2   4   1.1e-05    0.0038   11.6   0.1   306   338    58    92    49   104 0.79 -
9_t                  -            314 281693at33208        -            602   5.7e-22   73.7   7.2   3   4   1.6e-18     6e-16   53.8   0.6   189   348   107   271    96   281 0.86 -
9_t                  -            314 281693at33208        -            602   5.7e-22   73.7   7.2   4   4    0.0013      0.46    4.7   0.0   405   432   284   311   273   313 0.81 -
250_t                -            425 281693at33208        -            602     3e-06   21.8   0.2   1   2   3.7e-08   1.3e-05   19.7   0.2   239   337    33   130    16   138 0.80 -
250_t                -            425 281693at33208        -            602     3e-06   21.8   0.2   2   2      0.31   1.1e+02   -3.2   0.0   486   519   246   280   241   289 0.61 -
61_t                 -           2441 281693at33208        -            602   1.3e-05   19.7   1.0   1   3     0.026       9.5    0.3   0.0   407   432  1908  1934  1887  1937 0.80 -
61_t                 -           2441 281693at33208        -            602   1.3e-05   19.7   1.0   2   3   5.2e-07   0.00019   15.9   0.1   304   343  1948  1989  1943  2033 0.69 -
61_t                 -           2441 281693at33208        -            602   1.3e-05   19.7   1.0   3   3     0.061        22   -0.9   0.1   200   216  2058  2074  2046  2080 0.69 -
#
# Program:         hmmsearch
# Version:         3.3.2 (Nov 2020)
# Pipeline mode:   SEARCH
# Query file:      mb_downloads/metazoa_odb10/hmms/281693at33208.hmm
# Target file:     /workspace/BGA24/BRAKER3/bbc/genemark.aa
# Option settings: /opt/compleasm_kit/hmmsearch --domtblout /workspace/BGA24/BRAKER3/bbc/genemark/metazoa_odb10_hmmsearch_output/281693at33208.out --cpu 1 mb_downloads/metazoa_odb10/hmms/281693at33208.hmm /workspace/BGA24/BRAKER3/bbc/genemark.aa 
# Current dir:     /workspace/BGA24/BRAKER3
# Date:            Fri Oct  4 09:46:00 2024
# [ok]
