#                                                                            --- full sequence --- -------------- this domain -------------   hmm coord   ali coord   env coord
# target name        accession   tlen query name           accession   qlen   E-value  score  bias   #  of  c-Evalue  i-Evalue  score  bias  from    to  from    to  from    to  acc description of target
#------------------- ---------- ----- -------------------- ---------- ----- --------- ------ ----- --- --- --------- --------- ------ ----- ----- ----- ----- ----- ----- ----- ---- ---------------------
842_t                -            683 303117at33208        -            343   2.1e-45  151.4   0.0   1   2   4.2e-25   6.5e-23   77.5   0.0    23   169   240   400   229   432 0.80 -
842_t                -            683 303117at33208        -            343   2.1e-45  151.4   0.0   2   2     7e-23   1.1e-20   70.1   0.0   244   319   516   591   481   614 0.81 -
275_t                -            850 303117at33208        -            343   1.7e-15   53.1   0.1   1   2   1.3e-10     2e-08   29.8   0.0    49   167   193   313   180   338 0.75 -
275_t                -            850 303117at33208        -            343   1.7e-15   53.1   0.1   2   2   6.5e-08     1e-05   20.9   0.0   249   330   593   670   578   679 0.81 -
274_t                -            842 303117at33208        -            343   5.6e-13   44.8   0.1   1   2   1.4e-07   2.2e-05   19.8   0.0    48   166   182   300   169   326 0.71 -
274_t                -            842 303117at33208        -            343   5.6e-13   44.8   0.1   2   2     2e-08   3.1e-06   22.6   0.0   250   311   585   643   568   670 0.79 -
630_t                -            461 303117at33208        -            343   3.5e-12   42.2   0.0   1   2   2.4e-05    0.0037   12.5   0.0    39    74    42    78    28   149 0.79 -
630_t                -            461 303117at33208        -            343   3.5e-12   42.2   0.0   2   2   6.8e-10   1.1e-07   27.5   0.0   252   315   325   390   312   397 0.85 -
484_t                -            359 303117at33208        -            343   2.6e-11   39.3   0.0   1   2   1.3e-08     2e-06   23.2   0.0    23    79    16    71     7   160 0.76 -
484_t                -            359 303117at33208        -            343   2.6e-11   39.3   0.0   2   2   8.6e-06    0.0013   13.9   0.0   247   300   300   355   289   357 0.84 -
MSTRG.181.2          -            137 303117at33208        -            343   0.00024   16.4   0.0   1   1   1.8e-06   0.00028   16.2   0.0    33   142    22   133     3   135 0.82 -
684_t                -            319 303117at33208        -            343   0.00052   15.3   0.0   1   1   5.8e-06    0.0009   14.5   0.0   241   315   228   301   221   309 0.80 -
#
# Program:         hmmsearch
# Version:         3.3.2 (Nov 2020)
# Pipeline mode:   SEARCH
# Query file:      mb_downloads/metazoa_odb10/hmms/303117at33208.hmm
# Target file:     /workspace/BGA24/BRAKER3/bbc/genemark.aa
# Option settings: /opt/compleasm_kit/hmmsearch --domtblout /workspace/BGA24/BRAKER3/bbc/genemark/metazoa_odb10_hmmsearch_output/303117at33208.out --cpu 1 mb_downloads/metazoa_odb10/hmms/303117at33208.hmm /workspace/BGA24/BRAKER3/bbc/genemark.aa 
# Current dir:     /workspace/BGA24/BRAKER3
# Date:            Fri Oct  4 09:46:01 2024
# [ok]
