#                                                                            --- full sequence --- -------------- this domain -------------   hmm coord   ali coord   env coord
# target name        accession   tlen query name           accession   qlen   E-value  score  bias   #  of  c-Evalue  i-Evalue  score  bias  from    to  from    to  from    to  acc description of target
#------------------- ---------- ----- -------------------- ---------- ----- --------- ------ ----- --- --- --------- --------- ------ ----- ----- ----- ----- ----- ----- ----- ---- ---------------------
9_t                  -            314 304388at33208        -            329   1.6e-12   43.0  15.3   1   6   5.3e-05     0.019    9.8   0.0   253   290    10    47     7    55 0.89 -
9_t                  -            314 304388at33208        -            329   1.6e-12   43.0  15.3   2   6    0.0008      0.29    5.9   0.2   154   184    61    93    53   101 0.60 -
9_t                  -            314 304388at33208        -            329   1.6e-12   43.0  15.3   3   6   0.00014     0.052    8.4   0.1   153   182   102   133    95   139 0.68 -
9_t                  -            314 304388at33208        -            329   1.6e-12   43.0  15.3   4   6   6.1e-07   0.00022   16.2   0.6   253   321   143   213   134   223 0.72 -
9_t                  -            314 304388at33208        -            329   1.6e-12   43.0  15.3   5   6    0.0002     0.072    7.9   0.1   274   328   207   262   203   264 0.76 -
9_t                  -            314 304388at33208        -            329   1.6e-12   43.0  15.3   6   6    0.0074       2.7    2.8   0.0   190   216   286   311   278   313 0.81 -
MSTRG.12.1           -            746 304388at33208        -            329   2.6e-06   22.5   0.9   1   3    0.0013      0.48    5.2   0.0   184   216   416   448   411   454 0.88 -
MSTRG.12.1           -            746 304388at33208        -            329   2.6e-06   22.5   0.9   2   3   0.00029       0.1    7.4   1.7   153   288   462   603   452   607 0.67 -
MSTRG.12.1           -            746 304388at33208        -            329   2.6e-06   22.5   0.9   3   3   2.6e-05    0.0096   10.8   0.2   154   215   571   646   562   659 0.77 -
61_t                 -           2441 304388at33208        -            329    0.0034   12.3   0.5   1   2   0.00012     0.044    8.6   0.1   153   184  1952  1985  1942  2030 0.65 -
61_t                 -           2441 304388at33208        -            329    0.0034   12.3   0.5   2   2     0.024       8.9    1.1   0.1   114   141  2050  2077  2037  2097 0.70 -
#
# Program:         hmmsearch
# Version:         3.3.2 (Nov 2020)
# Pipeline mode:   SEARCH
# Query file:      mb_downloads/metazoa_odb10/hmms/304388at33208.hmm
# Target file:     /workspace/BGA24/BRAKER3/bbc/genemark.aa
# Option settings: /opt/compleasm_kit/hmmsearch --domtblout /workspace/BGA24/BRAKER3/bbc/genemark/metazoa_odb10_hmmsearch_output/304388at33208.out --cpu 1 mb_downloads/metazoa_odb10/hmms/304388at33208.hmm /workspace/BGA24/BRAKER3/bbc/genemark.aa 
# Current dir:     /workspace/BGA24/BRAKER3
# Date:            Fri Oct  4 09:46:05 2024
# [ok]
