#                                                                            --- full sequence --- -------------- this domain -------------   hmm coord   ali coord   env coord
# target name        accession   tlen query name           accession   qlen   E-value  score  bias   #  of  c-Evalue  i-Evalue  score  bias  from    to  from    to  from    to  acc description of target
#------------------- ---------- ----- -------------------- ---------- ----- --------- ------ ----- --- --- --------- --------- ------ ----- ----- ----- ----- ----- ----- ----- ---- ---------------------
9_t                  -            314 327301at33208        -            257     2e-12   42.9   5.9   1   6     0.027       9.9    1.3   0.0    45    69    30    54    28    62 0.78 -
9_t                  -            314 327301at33208        -            257     2e-12   42.9   5.9   2   6   6.9e-05     0.025    9.8   0.1   216   250    63    97    58   104 0.88 -
9_t                  -            314 327301at33208        -            257     2e-12   42.9   5.9   3   6   0.00011     0.039    9.2   0.1    32   244   106   133    99   145 0.68 -
9_t                  -            314 327301at33208        -            257     2e-12   42.9   5.9   4   6    0.0011       0.4    5.9   0.1   225   248   159   182   148   191 0.78 -
9_t                  -            314 327301at33208        -            257     2e-12   42.9   5.9   5   6   0.00042      0.15    7.3   0.0    34    93   195   261   184   270 0.67 -
9_t                  -            314 327301at33208        -            257     2e-12   42.9   5.9   6   6    0.0005      0.18    7.0   0.0    34    63   283   312   275   313 0.92 -
250_t                -            425 327301at33208        -            257   6.9e-08   28.0   1.5   1   4   1.3e-06   0.00047   15.5   0.0    33    98    21    93    10   102 0.83 -
250_t                -            425 327301at33208        -            257   6.9e-08   28.0   1.5   2   4   6.7e-05     0.024    9.9   0.1   219   247   105   133    92   139 0.70 -
250_t                -            425 327301at33208        -            257   6.9e-08   28.0   1.5   3   4      0.33   1.2e+02   -2.2   0.0   150   165   168   183   159   197 0.79 -
250_t                -            425 327301at33208        -            257   6.9e-08   28.0   1.5   4   4      0.27        99   -2.0   0.0     2    28   242   268   241   281 0.73 -
61_t                 -           2441 327301at33208        -            257    0.0013   14.0   1.8   1   4     0.031        11    1.1   0.0    43    95  1884  1934  1877  1952 0.78 -
61_t                 -           2441 327301at33208        -            257    0.0013   14.0   1.8   2   4     0.012       4.5    2.4   0.0   218   249  1957  1988  1950  1996 0.88 -
61_t                 -           2441 327301at33208        -            257    0.0013   14.0   1.8   3   4    0.0028         1    4.5   0.1    76   100  2057  2081  2039  2133 0.76 -
61_t                 -           2441 327301at33208        -            257    0.0013   14.0   1.8   4   4     0.039        14    0.8   0.0   133   168  2326  2359  2284  2384 0.80 -
#
# Program:         hmmsearch
# Version:         3.3.2 (Nov 2020)
# Pipeline mode:   SEARCH
# Query file:      mb_downloads/metazoa_odb10/hmms/327301at33208.hmm
# Target file:     /workspace/BGA24/BRAKER3/bbc/genemark.aa
# Option settings: /opt/compleasm_kit/hmmsearch --domtblout /workspace/BGA24/BRAKER3/bbc/genemark/metazoa_odb10_hmmsearch_output/327301at33208.out --cpu 1 mb_downloads/metazoa_odb10/hmms/327301at33208.hmm /workspace/BGA24/BRAKER3/bbc/genemark.aa 
# Current dir:     /workspace/BGA24/BRAKER3
# Date:            Fri Oct  4 09:46:04 2024
# [ok]
