#                                                                            --- full sequence --- -------------- this domain -------------   hmm coord   ali coord   env coord
# target name        accession   tlen query name           accession   qlen   E-value  score  bias   #  of  c-Evalue  i-Evalue  score  bias  from    to  from    to  from    to  acc description of target
#------------------- ---------- ----- -------------------- ---------- ----- --------- ------ ----- --- --- --------- --------- ------ ----- ----- ----- ----- ----- ----- ----- ---- ---------------------
9_t                  -            314 356175at33208        -            270   8.5e-20   67.2   1.2   1   5     0.041        15    0.8   0.0   227   263    13    48     6    55 0.68 -
9_t                  -            314 356175at33208        -            270   8.5e-20   67.2   1.2   2   5   2.9e-12   1.1e-09   34.1   0.5    59   158    31   134    17   140 0.82 -
9_t                  -            314 356175at33208        -            270   8.5e-20   67.2   1.2   3   5   5.8e-10   2.1e-07   26.5   0.0    80   157   140   220   136   228 0.90 -
9_t                  -            314 356175at33208        -            270   8.5e-20   67.2   1.2   4   5   2.5e-06   0.00092   14.6   0.0    88   158   192   261   189   267 0.88 -
9_t                  -            314 356175at33208        -            270   8.5e-20   67.2   1.2   5   5     0.099        36   -0.5   0.0    95   118   287   310   278   312 0.85 -
61_t                 -           2441 356175at33208        -            270   1.9e-05   20.1   0.3   1   2   3.9e-06    0.0014   14.0   0.2    95   199  1962  2067  1916  2067 0.83 -
61_t                 -           2441 356175at33208        -            270   1.9e-05   20.1   0.3   2   2    0.0022       0.8    5.0   0.0   100   119  2057  2076  2045  2086 0.84 -
250_t                -            425 356175at33208        -            270   7.1e-05   18.3   0.0   1   3     0.049        18    0.5   0.0    91   115    22    46     6    61 0.61 -
250_t                -            425 356175at33208        -            270   7.1e-05   18.3   0.0   2   3   3.9e-06    0.0014   14.0   0.0   100   163    71   136    54   151 0.73 -
250_t                -            425 356175at33208        -            270   7.1e-05   18.3   0.0   3   3      0.37   1.3e+02   -2.3   0.0   177   211   383   417   376   420 0.73 -
#
# Program:         hmmsearch
# Version:         3.3.2 (Nov 2020)
# Pipeline mode:   SEARCH
# Query file:      mb_downloads/metazoa_odb10/hmms/356175at33208.hmm
# Target file:     /workspace/BGA24/BRAKER3/bbc/genemark.aa
# Option settings: /opt/compleasm_kit/hmmsearch --domtblout /workspace/BGA24/BRAKER3/bbc/genemark/metazoa_odb10_hmmsearch_output/356175at33208.out --cpu 1 mb_downloads/metazoa_odb10/hmms/356175at33208.hmm /workspace/BGA24/BRAKER3/bbc/genemark.aa 
# Current dir:     /workspace/BGA24/BRAKER3
# Date:            Fri Oct  4 09:46:04 2024
# [ok]
