#                                                                            --- full sequence --- -------------- this domain -------------   hmm coord   ali coord   env coord
# target name        accession   tlen query name           accession   qlen   E-value  score  bias   #  of  c-Evalue  i-Evalue  score  bias  from    to  from    to  from    to  acc description of target
#------------------- ---------- ----- -------------------- ---------- ----- --------- ------ ----- --- --- --------- --------- ------ ----- ----- ----- ----- ----- ----- ----- ---- ---------------------
9_t                  -            314 357580at33208        -            253   2.3e-25   85.2   7.7   1   4     0.002      0.74    4.8   0.0   129   165     7    44     2    49 0.70 -
9_t                  -            314 357580at33208        -            253   2.3e-25   85.2   7.7   2   4   2.6e-16   9.3e-14   47.1   1.4   130   242    56   167    47   172 0.85 -
9_t                  -            314 357580at33208        -            253   2.3e-25   85.2   7.7   3   4     1e-14   3.8e-12   41.8   0.8   103   243   108   251   107   256 0.81 -
9_t                  -            314 357580at33208        -            253   2.3e-25   85.2   7.7   4   4   1.3e-06   0.00048   15.3   0.1   146   213   242   310   234   313 0.82 -
61_t                 -           2441 357580at33208        -            253   4.1e-07   25.3   1.5   1   2   3.6e-09   1.3e-06   23.7   0.3   108   250  1880  2022  1854  2026 0.75 -
61_t                 -           2441 357580at33208        -            253   4.1e-07   25.3   1.5   2   2     0.011       4.1    2.4   0.2   156   211  2015  2073  2009  2078 0.73 -
250_t                -            425 357580at33208        -            253   5.1e-07   25.0   0.2   1   2      0.08        29   -0.4   0.0    34    65    15    49     9    61 0.69 -
250_t                -            425 357580at33208        -            253   5.1e-07   25.0   0.2   2   2   8.6e-09   3.1e-06   22.4   0.1   103   174    63   139    33   158 0.83 -
#
# Program:         hmmsearch
# Version:         3.3.2 (Nov 2020)
# Pipeline mode:   SEARCH
# Query file:      mb_downloads/metazoa_odb10/hmms/357580at33208.hmm
# Target file:     /workspace/BGA24/BRAKER3/bbc/genemark.aa
# Option settings: /opt/compleasm_kit/hmmsearch --domtblout /workspace/BGA24/BRAKER3/bbc/genemark/metazoa_odb10_hmmsearch_output/357580at33208.out --cpu 1 mb_downloads/metazoa_odb10/hmms/357580at33208.hmm /workspace/BGA24/BRAKER3/bbc/genemark.aa 
# Current dir:     /workspace/BGA24/BRAKER3
# Date:            Fri Oct  4 09:46:02 2024
# [ok]
