#                                                                            --- full sequence --- -------------- this domain -------------   hmm coord   ali coord   env coord
# target name        accession   tlen query name           accession   qlen   E-value  score  bias   #  of  c-Evalue  i-Evalue  score  bias  from    to  from    to  from    to  acc description of target
#------------------- ---------- ----- -------------------- ---------- ----- --------- ------ ----- --- --- --------- --------- ------ ----- ----- ----- ----- ----- ----- ----- ---- ---------------------
9_t                  -            314 361100at33208        -            270   3.5e-26   88.2   3.0   1   3   2.5e-09   6.9e-07   24.9   0.2   218   269    61   114    34   115 0.86 -
9_t                  -            314 361100at33208        -            270   3.5e-26   88.2   3.0   2   3   3.7e-12     1e-09   34.2   0.2     4   102   121   222   119   225 0.86 -
9_t                  -            314 361100at33208        -            270   3.5e-26   88.2   3.0   3   3   6.8e-13   1.9e-10   36.6   0.0     3   103   207   311   205   313 0.94 -
250_t                -            425 361100at33208        -            270   5.1e-06   22.1   0.1   1   3   1.5e-06   0.00042   15.8   0.0    58   145     4    93     1    98 0.84 -
250_t                -            425 361100at33208        -            270   5.1e-06   22.1   0.1   2   3   2.4e-05    0.0065   11.9   0.0    38   107    69   137    46   148 0.87 -
250_t                -            425 361100at33208        -            270   5.1e-06   22.1   0.1   3   3      0.75     2e+02   -2.9   0.0   162   177   170   185   160   205 0.74 -
MSTRG.12.1           -            746 361100at33208        -            270   1.3e-05   20.8   0.0   1   2   0.00038       0.1    7.9   0.0    31    70   418   459   386   534 0.57 -
MSTRG.12.1           -            746 361100at33208        -            270   1.3e-05   20.8   0.0   2   2   0.00077      0.21    6.9   0.0     2    78   588   666   587   687 0.82 -
61_t                 -           2441 361100at33208        -            270   8.8e-05   18.0   1.0   1   3      0.66   1.8e+02   -2.7   0.0   191   216  1907  1932  1879  1938 0.70 -
61_t                 -           2441 361100at33208        -            270   8.8e-05   18.0   1.0   2   3   6.9e-06    0.0019   13.6   0.2     2   103  1969  2076  1968  2085 0.82 -
61_t                 -           2441 361100at33208        -            270   8.8e-05   18.0   1.0   3   3     0.029       7.8    1.8   0.0   107   142  2326  2363  2275  2379 0.74 -
#
# Program:         hmmsearch
# Version:         3.3.2 (Nov 2020)
# Pipeline mode:   SEARCH
# Query file:      mb_downloads/metazoa_odb10/hmms/361100at33208.hmm
# Target file:     /workspace/BGA24/BRAKER3/bbc/genemark.aa
# Option settings: /opt/compleasm_kit/hmmsearch --domtblout /workspace/BGA24/BRAKER3/bbc/genemark/metazoa_odb10_hmmsearch_output/361100at33208.out --cpu 1 mb_downloads/metazoa_odb10/hmms/361100at33208.hmm /workspace/BGA24/BRAKER3/bbc/genemark.aa 
# Current dir:     /workspace/BGA24/BRAKER3
# Date:            Fri Oct  4 09:46:04 2024
# [ok]
