#                                                                            --- full sequence --- -------------- this domain -------------   hmm coord   ali coord   env coord
# target name        accession   tlen query name           accession   qlen   E-value  score  bias   #  of  c-Evalue  i-Evalue  score  bias  from    to  from    to  from    to  acc description of target
#------------------- ---------- ----- -------------------- ---------- ----- --------- ------ ----- --- --- --------- --------- ------ ----- ----- ----- ----- ----- ----- ----- ---- ---------------------
MSTRG.93.1           -            365 366936at33208        -            236   7.5e-39  129.6   0.1   1   1   1.2e-40     1e-38  129.1   0.1     2   217    22   247    21   257 0.87 -
MSTRG.17.1           -            402 366936at33208        -            236   3.8e-20   68.4   0.0   1   2   8.5e-22   7.1e-20   67.4   0.0     2   193    83   278    82   297 0.82 -
MSTRG.17.1           -            402 366936at33208        -            236   3.8e-20   68.4   0.0   2   2       7.1   5.9e+02   -4.3   0.0    50    60   347   357   339   373 0.71 -
MSTRG.123.1          -            292 366936at33208        -            236   1.3e-16   56.8   0.1   1   1   2.3e-18   1.9e-16   56.2   0.1     8   187    17   223    11   258 0.76 -
50_t                 -            495 366936at33208        -            236   1.3e-15   53.5   0.1   1   1   2.8e-17   2.3e-15   52.7   0.1     8   181    31   226    24   235 0.73 -
52_t                 -            876 366936at33208        -            236   3.3e-15   52.2   0.1   1   1   8.7e-17   7.4e-15   51.0   0.1     8   181    81   276    74   289 0.74 -
85_t                 -           1405 366936at33208        -            236   1.4e-13   46.9   0.0   1   2   0.00011    0.0096   11.4   0.0     7    91  1079  1162  1074  1175 0.76 -
85_t                 -           1405 366936at33208        -            236   1.4e-13   46.9   0.0   2   2   2.4e-11     2e-09   33.3   0.0    96   207  1190  1305  1165  1326 0.84 -
585_t                -            648 366936at33208        -            236   3.6e-13   45.5   0.0   1   1   6.5e-15   5.5e-13   44.9   0.0     4   185    17   215    14   243 0.74 -
MSTRG.371.1          -            749 366936at33208        -            236   7.6e-13   44.4   0.0   1   1   2.5e-13   2.1e-11   39.7   0.0     8   182    19   225    12   234 0.60 -
587_t                -            646 366936at33208        -            236   2.3e-11   39.6   0.5   1   1   1.1e-12   9.4e-11   37.6   0.5    48   190   422   590   371   621 0.75 -
58_t                 -           1256 366936at33208        -            236   4.2e-09   32.2   0.0   1   1   9.4e-11   7.9e-09   31.3   0.0    92   192   935  1041   837  1048 0.80 -
283_t                -            542 366936at33208        -            236   1.6e-08   30.3   0.5   1   2   2.9e-09   2.4e-07   26.4   0.1     8   189    47   256    40   265 0.66 -
283_t                -            542 366936at33208        -            236   1.6e-08   30.3   0.5   2   2       3.4   2.9e+02   -3.3   0.0   198   222   349   371   338   376 0.74 -
405_t                -           1276 366936at33208        -            236   2.1e-08   29.9   0.0   1   1   4.3e-10   3.6e-08   29.1   0.0     9   141   578   727   570   736 0.73 -
220_t                -            132 366936at33208        -            236     0.004   12.6   0.1   1   1   5.6e-05    0.0047   12.4   0.1    27    88    27    89     5    97 0.80 -
#
# Program:         hmmsearch
# Version:         3.3.2 (Nov 2020)
# Pipeline mode:   SEARCH
# Query file:      mb_downloads/metazoa_odb10/hmms/366936at33208.hmm
# Target file:     /workspace/BGA24/BRAKER3/bbc/genemark.aa
# Option settings: /opt/compleasm_kit/hmmsearch --domtblout /workspace/BGA24/BRAKER3/bbc/genemark/metazoa_odb10_hmmsearch_output/366936at33208.out --cpu 1 mb_downloads/metazoa_odb10/hmms/366936at33208.hmm /workspace/BGA24/BRAKER3/bbc/genemark.aa 
# Current dir:     /workspace/BGA24/BRAKER3
# Date:            Fri Oct  4 09:46:04 2024
# [ok]
