#                                                                            --- full sequence --- -------------- this domain -------------   hmm coord   ali coord   env coord
# target name        accession   tlen query name           accession   qlen   E-value  score  bias   #  of  c-Evalue  i-Evalue  score  bias  from    to  from    to  from    to  acc description of target
#------------------- ---------- ----- -------------------- ---------- ----- --------- ------ ----- --- --- --------- --------- ------ ----- ----- ----- ----- ----- ----- ----- ---- ---------------------
9_t                  -            314 414579at33208        -            250   5.5e-43  143.1  21.1   1   4   4.2e-10   1.1e-07   27.4   0.2    42   117    10    92     6    93 0.80 -
9_t                  -            314 414579at33208        -            250   5.5e-43  143.1  21.1   2   4   4.1e-19   1.1e-16   57.0   1.6    20   117    31   134    28   144 0.89 -
9_t                  -            314 414579at33208        -            250   5.5e-43  143.1  21.1   3   4   4.8e-19   1.3e-16   56.7   3.6    11   121    69   183    66   189 0.89 -
9_t                  -            314 414579at33208        -            250   5.5e-43  143.1  21.1   4   4   4.2e-12   1.2e-09   34.0   0.1    62   197   166   309   158   311 0.72 -
61_t                 -           2441 414579at33208        -            250   4.6e-14   48.4   2.3   1   2    0.0013      0.35    6.2   0.0    67   119  1882  1934  1870  1946 0.80 -
61_t                 -           2441 414579at33208        -            250   4.6e-14   48.4   2.3   2   2   1.6e-14   4.5e-12   41.9   0.5    36   159  1944  2074  1938  2085 0.81 -
250_t                -            425 414579at33208        -            250   1.9e-12   43.1   0.2   1   1   1.5e-14   4.2e-12   42.0   0.2     5   121    19   135    16   150 0.89 -
MSTRG.12.1           -            746 414579at33208        -            250   7.4e-06   21.5   0.1   1   3     0.015       4.2    2.7   0.0    98   127   427   456   415   474 0.76 -
MSTRG.12.1           -            746 414579at33208        -            250   7.4e-06   21.5   0.1   2   3     0.037        10    1.4   0.1   218   245   483   511   473   514 0.71 -
MSTRG.12.1           -            746 414579at33208        -            250   7.4e-06   21.5   0.1   3   3   1.3e-05    0.0035   12.8   0.0     3   115   571   690   569   701 0.71 -
#
# Program:         hmmsearch
# Version:         3.3.2 (Nov 2020)
# Pipeline mode:   SEARCH
# Query file:      mb_downloads/metazoa_odb10/hmms/414579at33208.hmm
# Target file:     /workspace/BGA24/BRAKER3/bbc/genemark.aa
# Option settings: /opt/compleasm_kit/hmmsearch --domtblout /workspace/BGA24/BRAKER3/bbc/genemark/metazoa_odb10_hmmsearch_output/414579at33208.out --cpu 1 mb_downloads/metazoa_odb10/hmms/414579at33208.hmm /workspace/BGA24/BRAKER3/bbc/genemark.aa 
# Current dir:     /workspace/BGA24/BRAKER3
# Date:            Fri Oct  4 09:46:02 2024
# [ok]
