#                                                                            --- full sequence --- -------------- this domain -------------   hmm coord   ali coord   env coord
# target name        accession   tlen query name           accession   qlen   E-value  score  bias   #  of  c-Evalue  i-Evalue  score  bias  from    to  from    to  from    to  acc description of target
#------------------- ---------- ----- -------------------- ---------- ----- --------- ------ ----- --- --- --------- --------- ------ ----- ----- ----- ----- ----- ----- ----- ---- ---------------------
9_t                  -            314 419914at33208        -            329   5.3e-25   84.3   9.5   1   3     1e-08   2.8e-06   22.8   0.4   261   318   100   157    95   157 0.83 -
9_t                  -            314 419914at33208        -            329   5.3e-25   84.3   9.5   2   3   7.9e-05     0.022   10.0   0.0   259   307   185   232   184   237 0.87 -
9_t                  -            314 419914at33208        -            329   5.3e-25   84.3   9.5   3   3   0.00021     0.058    8.6   0.1   236   296   247   310   233   313 0.72 -
250_t                -            425 419914at33208        -            329   3.2e-09   32.4   0.6   1   2     0.062        17    0.4   0.0   268   299    21    52    11    61 0.58 -
250_t                -            425 419914at33208        -            329   3.2e-09   32.4   0.6   2   2   7.4e-11     2e-08   29.8   0.6   231   301    69   137    32   147 0.84 -
MSTRG.12.1           -            746 419914at33208        -            329   1.2e-05   20.7   1.0   1   2    0.0013      0.35    6.0   0.1   112   153   460   507   425   516 0.68 -
MSTRG.12.1           -            746 419914at33208        -            329   1.2e-05   20.7   1.0   2   2     1e-05    0.0027   12.9   0.1   246   318   553   624   540   651 0.76 -
61_t                 -           2441 419914at33208        -            329   6.6e-05   18.2   1.6   1   1   8.7e-07   0.00024   16.4   1.4   149   249  1951  2073  1943  2123 0.55 -
#
# Program:         hmmsearch
# Version:         3.3.2 (Nov 2020)
# Pipeline mode:   SEARCH
# Query file:      mb_downloads/metazoa_odb10/hmms/419914at33208.hmm
# Target file:     /workspace/BGA24/BRAKER3/bbc/genemark.aa
# Option settings: /opt/compleasm_kit/hmmsearch --domtblout /workspace/BGA24/BRAKER3/bbc/genemark/metazoa_odb10_hmmsearch_output/419914at33208.out --cpu 1 mb_downloads/metazoa_odb10/hmms/419914at33208.hmm /workspace/BGA24/BRAKER3/bbc/genemark.aa 
# Current dir:     /workspace/BGA24/BRAKER3
# Date:            Fri Oct  4 09:46:03 2024
# [ok]
