#                                                                            --- full sequence --- -------------- this domain -------------   hmm coord   ali coord   env coord
# target name        accession   tlen query name           accession   qlen   E-value  score  bias   #  of  c-Evalue  i-Evalue  score  bias  from    to  from    to  from    to  acc description of target
#------------------- ---------- ----- -------------------- ---------- ----- --------- ------ ----- --- --- --------- --------- ------ ----- ----- ----- ----- ----- ----- ----- ---- ---------------------
9_t                  -            314 433216at33208        -            257   1.7e-34  115.6   0.2   1   4   4.8e-06    0.0018   14.0   0.0   187   221     6    44     1    53 0.78 -
9_t                  -            314 433216at33208        -            257   1.7e-34  115.6   0.2   2   4   2.2e-20   8.1e-18   60.9   1.8   107   225    56   182    50   192 0.86 -
9_t                  -            314 433216at33208        -            257   1.7e-34  115.6   0.2   3   4     3e-09   1.1e-06   24.5   0.0   114   186   192   262   183   271 0.86 -
9_t                  -            314 433216at33208        -            257   1.7e-34  115.6   0.2   4   4   6.6e-05     0.024   10.2   0.0   117   145   283   311   266   313 0.70 -
250_t                -            425 433216at33208        -            257   3.1e-13   45.9   0.2   1   3   8.3e-15     3e-12   42.7   0.1    80   187    25   133    14   142 0.89 -
250_t                -            425 433216at33208        -            257   3.1e-13   45.9   0.2   2   3      0.76   2.8e+02   -3.1   0.0    80   106   255   282   243   293 0.56 -
250_t                -            425 433216at33208        -            257   3.1e-13   45.9   0.2   3   3       0.1        37   -0.2   0.0    80   111   323   354   313   365 0.88 -
61_t                 -           2441 433216at33208        -            257   2.3e-06   23.4   1.7   1   3   8.1e-08     3e-05   19.8   0.2   121   255  1868  2024  1854  2026 0.73 -
61_t                 -           2441 433216at33208        -            257   2.3e-06   23.4   1.7   2   3     0.063        23    0.5   0.0    84   111  2056  2083  2041  2094 0.82 -
61_t                 -           2441 433216at33208        -            257   2.3e-06   23.4   1.7   3   3      0.41   1.5e+02   -2.2   0.0   148   203  2324  2377  2281  2384 0.80 -
#
# Program:         hmmsearch
# Version:         3.3.2 (Nov 2020)
# Pipeline mode:   SEARCH
# Query file:      mb_downloads/metazoa_odb10/hmms/433216at33208.hmm
# Target file:     /workspace/BGA24/BRAKER3/bbc/genemark.aa
# Option settings: /opt/compleasm_kit/hmmsearch --domtblout /workspace/BGA24/BRAKER3/bbc/genemark/metazoa_odb10_hmmsearch_output/433216at33208.out --cpu 1 mb_downloads/metazoa_odb10/hmms/433216at33208.hmm /workspace/BGA24/BRAKER3/bbc/genemark.aa 
# Current dir:     /workspace/BGA24/BRAKER3
# Date:            Fri Oct  4 09:46:03 2024
# [ok]
