#                                                                            --- full sequence --- -------------- this domain -------------   hmm coord   ali coord   env coord
# target name        accession   tlen query name           accession   qlen   E-value  score  bias   #  of  c-Evalue  i-Evalue  score  bias  from    to  from    to  from    to  acc description of target
#------------------- ---------- ----- -------------------- ---------- ----- --------- ------ ----- --- --- --------- --------- ------ ----- ----- ----- ----- ----- ----- ----- ---- ---------------------
612_t                -            791 442823at33208        -            329   5.7e-12   41.5   1.0   1   1   3.6e-14   9.9e-12   40.7   1.0   201   326   254   386   241   389 0.79 -
397_t                -            486 442823at33208        -            329   2.7e-09   32.7   2.9   1   1   2.4e-11   6.5e-09   31.5   2.9   207   310    39   137    33   148 0.76 -
468_t                -           1045 442823at33208        -            329   1.9e-07   26.6  11.0   1   2      0.67   1.8e+02   -2.9   0.0   100   122   179   201   178   202 0.93 -
468_t                -           1045 442823at33208        -            329   1.9e-07   26.6  11.0   2   2   5.8e-07   0.00016   17.1   8.2   201   309   484   625   472   638 0.62 -
466_t                -           1557 442823at33208        -            329   0.00022   16.6  23.5   1   4      0.13        37   -0.6   3.3   184   236   191   243   181   263 0.83 -
466_t                -           1557 442823at33208        -            329   0.00022   16.6  23.5   2   4         1   2.8e+02   -3.5   0.0   100   122   801   823   800   824 0.93 -
466_t                -           1557 442823at33208        -            329   0.00022   16.6  23.5   3   4   9.5e-05     0.026    9.8  10.1   201   248  1103  1150  1091  1162 0.78 -
466_t                -           1557 442823at33208        -            329   0.00022   16.6  23.5   4   4   5.3e-06    0.0014   13.9   0.2   227   307  1156  1242  1143  1252 0.70 -
#
# Program:         hmmsearch
# Version:         3.3.2 (Nov 2020)
# Pipeline mode:   SEARCH
# Query file:      mb_downloads/metazoa_odb10/hmms/442823at33208.hmm
# Target file:     /workspace/BGA24/BRAKER3/bbc/genemark.aa
# Option settings: /opt/compleasm_kit/hmmsearch --domtblout /workspace/BGA24/BRAKER3/bbc/genemark/metazoa_odb10_hmmsearch_output/442823at33208.out --cpu 1 mb_downloads/metazoa_odb10/hmms/442823at33208.hmm /workspace/BGA24/BRAKER3/bbc/genemark.aa 
# Current dir:     /workspace/BGA24/BRAKER3
# Date:            Fri Oct  4 09:46:01 2024
# [ok]
