#                                                                            --- full sequence --- -------------- this domain -------------   hmm coord   ali coord   env coord
# target name        accession   tlen query name           accession   qlen   E-value  score  bias   #  of  c-Evalue  i-Evalue  score  bias  from    to  from    to  from    to  acc description of target
#------------------- ---------- ----- -------------------- ---------- ----- --------- ------ ----- --- --- --------- --------- ------ ----- ----- ----- ----- ----- ----- ----- ---- ---------------------
801_t                -            210 445031at33208        -            313   7.7e-13   44.3   0.1   1   1     6e-15   9.3e-13   44.0   0.1   229   310    93   174    64   177 0.74 -
734_t                -            210 445031at33208        -            313   1.2e-12   43.6   0.1   1   1   9.4e-15   1.5e-12   43.4   0.1   235   310    99   174    65   177 0.75 -
3_t                  -            291 445031at33208        -            313   3.5e-12   42.1   0.4   1   1   4.4e-14   6.9e-12   41.2   0.4   244   308   107   168    90   171 0.91 -
774_t                -           2372 445031at33208        -            313   2.2e-11   39.5   0.2   1   1   2.6e-13     4e-11   38.7   0.2   229   310    93   174    66   177 0.74 -
725_t                -            627 445031at33208        -            313   0.00041   15.7   0.2   1   3   2.6e-06   0.00041   15.7   0.2    59   198   169   305   162   340 0.77 -
725_t                -            627 445031at33208        -            313   0.00041   15.7   0.2   2   3      0.17        26   -0.2   0.4   134   194   353   408   340   435 0.69 -
725_t                -            627 445031at33208        -            313   0.00041   15.7   0.2   3   3      0.28        44   -0.9   0.1    92   166   487   564   471   570 0.52 -
663_t                -            406 445031at33208        -            313    0.0045   12.2   4.1   1   3     0.051         8    1.5   0.4   104   190    87   174    65   183 0.74 -
663_t                -            406 445031at33208        -            313    0.0045   12.2   4.1   2   3      0.28        44   -0.9   0.1    91   118   203   229   188   241 0.82 -
663_t                -            406 445031at33208        -            313    0.0045   12.2   4.1   3   3   7.5e-05     0.012   10.9   0.1    47   102   234   291   221   311 0.80 -
711_t                -            585 445031at33208        -            313      0.32    6.2   8.7   1   3   0.00033     0.052    8.7   0.2   123   202   187   265   165   318 0.81 -
711_t                -            585 445031at33208        -            313      0.32    6.2   8.7   2   3     0.036       5.6    2.1   0.5   132   212   341   416   326   453 0.76 -
711_t                -            585 445031at33208        -            313      0.32    6.2   8.7   3   3       0.4        62   -1.4   0.1    73   115   449   492   434   532 0.60 -
#
# Program:         hmmsearch
# Version:         3.3.2 (Nov 2020)
# Pipeline mode:   SEARCH
# Query file:      mb_downloads/metazoa_odb10/hmms/445031at33208.hmm
# Target file:     /workspace/BGA24/BRAKER3/bbc/genemark.aa
# Option settings: /opt/compleasm_kit/hmmsearch --domtblout /workspace/BGA24/BRAKER3/bbc/genemark/metazoa_odb10_hmmsearch_output/445031at33208.out --cpu 1 mb_downloads/metazoa_odb10/hmms/445031at33208.hmm /workspace/BGA24/BRAKER3/bbc/genemark.aa 
# Current dir:     /workspace/BGA24/BRAKER3
# Date:            Fri Oct  4 09:46:01 2024
# [ok]
