#                                                                            --- full sequence --- -------------- this domain -------------   hmm coord   ali coord   env coord
# target name        accession   tlen query name           accession   qlen   E-value  score  bias   #  of  c-Evalue  i-Evalue  score  bias  from    to  from    to  from    to  acc description of target
#------------------- ---------- ----- -------------------- ---------- ----- --------- ------ ----- --- --- --------- --------- ------ ----- ----- ----- ----- ----- ----- ----- ---- ---------------------
9_t                  -            314 453052at33208        -            334   4.3e-23   77.8   4.1   1   4   6.4e-07   0.00023   16.3   0.1   127   202    10    92     3    95 0.72 -
9_t                  -            314 453052at33208        -            334   4.3e-23   77.8   4.1   2   4   1.4e-10   5.1e-08   28.3   1.4   126   201    57   133    54   136 0.93 -
9_t                  -            314 453052at33208        -            334   4.3e-23   77.8   4.1   3   4   1.5e-11   5.4e-09   31.5   0.0   130   243   146   264   135   264 0.85 -
9_t                  -            314 453052at33208        -            334   4.3e-23   77.8   4.1   4   4   9.1e-06    0.0033   12.5   0.0   133   204   234   311   225   313 0.74 -
250_t                -            425 453052at33208        -            334   2.5e-07   26.0   1.1   1   3    0.0047       1.7    3.6   0.0   289   309    17    37     5    42 0.80 -
250_t                -            425 453052at33208        -            334   2.5e-07   26.0   1.1   2   3   2.7e-07   9.9e-05   17.5   0.5   215   286    63   134    51   138 0.67 -
250_t                -            425 453052at33208        -            334   2.5e-07   26.0   1.1   3   3      0.27     1e+02   -2.2   0.0   111   167   227   284   220   286 0.73 -
61_t                 -           2441 453052at33208        -            334   3.3e-06   22.3   3.5   1   3      0.15        55   -1.4   0.0   209   241  1898  1933  1878  1938 0.70 -
61_t                 -           2441 453052at33208        -            334   3.3e-06   22.3   3.5   2   3   3.3e-08   1.2e-05   20.5   0.7   125   240  1948  2074  1941  2079 0.74 -
61_t                 -           2441 453052at33208        -            334   3.3e-06   22.3   3.5   3   3     0.052        19    0.1   0.0    66   102  2324  2361  2266  2377 0.74 -
#
# Program:         hmmsearch
# Version:         3.3.2 (Nov 2020)
# Pipeline mode:   SEARCH
# Query file:      mb_downloads/metazoa_odb10/hmms/453052at33208.hmm
# Target file:     /workspace/BGA24/BRAKER3/bbc/genemark.aa
# Option settings: /opt/compleasm_kit/hmmsearch --domtblout /workspace/BGA24/BRAKER3/bbc/genemark/metazoa_odb10_hmmsearch_output/453052at33208.out --cpu 1 mb_downloads/metazoa_odb10/hmms/453052at33208.hmm /workspace/BGA24/BRAKER3/bbc/genemark.aa 
# Current dir:     /workspace/BGA24/BRAKER3
# Date:            Fri Oct  4 09:46:06 2024
# [ok]
