#                                                                            --- full sequence --- -------------- this domain -------------   hmm coord   ali coord   env coord
# target name        accession   tlen query name           accession   qlen   E-value  score  bias   #  of  c-Evalue  i-Evalue  score  bias  from    to  from    to  from    to  acc description of target
#------------------- ---------- ----- -------------------- ---------- ----- --------- ------ ----- --- --- --------- --------- ------ ----- ----- ----- ----- ----- ----- ----- ---- ---------------------
9_t                  -            314 458807at33208        -            250   8.1e-10   34.6   9.4   1   5   2.7e-07   0.00015   17.4   0.5     2    79    11   100    10   118 0.70 -
9_t                  -            314 458807at33208        -            250   8.1e-10   34.6   9.4   2   5    0.0011      0.61    5.5   0.4    41    87   101   150    98   181 0.61 -
9_t                  -            314 458807at33208        -            250   8.1e-10   34.6   9.4   3   5   9.5e-06    0.0052   12.3   0.1   209   235   190   216   185   229 0.83 -
9_t                  -            314 458807at33208        -            250   8.1e-10   34.6   9.4   4   5      0.19   1.1e+02   -1.8   0.0    58    73   248   263   219   275 0.71 -
9_t                  -            314 458807at33208        -            250   8.1e-10   34.6   9.4   5   5     0.015       8.4    1.8   0.0   212   242   279   311   274   313 0.73 -
61_t                 -           2441 458807at33208        -            250    0.0084   11.6   2.7   1   3      0.04        22    0.4   0.0    39    77  1897  1938  1887  1948 0.71 -
61_t                 -           2441 458807at33208        -            250    0.0084   11.6   2.7   2   3   0.00013     0.069    8.6   0.2    40    73  1950  1986  1943  2014 0.81 -
61_t                 -           2441 458807at33208        -            250    0.0084   11.6   2.7   3   3     0.061        34   -0.2   0.1    44    72  1996  2026  1992  2081 0.44 -
#
# Program:         hmmsearch
# Version:         3.3.2 (Nov 2020)
# Pipeline mode:   SEARCH
# Query file:      mb_downloads/metazoa_odb10/hmms/458807at33208.hmm
# Target file:     /workspace/BGA24/BRAKER3/bbc/genemark.aa
# Option settings: /opt/compleasm_kit/hmmsearch --domtblout /workspace/BGA24/BRAKER3/bbc/genemark/metazoa_odb10_hmmsearch_output/458807at33208.out --cpu 1 mb_downloads/metazoa_odb10/hmms/458807at33208.hmm /workspace/BGA24/BRAKER3/bbc/genemark.aa 
# Current dir:     /workspace/BGA24/BRAKER3
# Date:            Fri Oct  4 09:46:01 2024
# [ok]
