#                                                                            --- full sequence --- -------------- this domain -------------   hmm coord   ali coord   env coord
# target name        accession   tlen query name           accession   qlen   E-value  score  bias   #  of  c-Evalue  i-Evalue  score  bias  from    to  from    to  from    to  acc description of target
#------------------- ---------- ----- -------------------- ---------- ----- --------- ------ ----- --- --- --------- --------- ------ ----- ----- ----- ----- ----- ----- ----- ---- ---------------------
MSTRG.12.1           -            746 472352at33208        -            215   1.6e-07   26.9   0.1   1   3    0.0042       1.1    4.5   0.0    86   156   315   389   298   391 0.67 -
MSTRG.12.1           -            746 472352at33208        -            215   1.6e-07   26.9   0.1   2   3   1.7e-05    0.0047   12.3   0.0   134   172   416   455   412   485 0.80 -
MSTRG.12.1           -            746 472352at33208        -            215   1.6e-07   26.9   0.1   3   3    0.0014      0.39    6.0   0.0   131   193   570   635   560   651 0.72 -
9_t                  -            314 472352at33208        -            215   1.4e-05   20.5   4.4   1   4   1.4e-05    0.0038   12.6   0.9    91   164    56   134    17   147 0.71 -
9_t                  -            314 472352at33208        -            215   1.4e-05   20.5   4.4   2   4   0.00018      0.05    8.9   0.2    94   173   101   188    92   198 0.74 -
9_t                  -            314 472352at33208        -            215   1.4e-05   20.5   4.4   3   4    0.0013      0.35    6.2   0.1   107   169   159   226   140   258 0.73 -
9_t                  -            314 472352at33208        -            215   1.4e-05   20.5   4.4   4   4      0.06        16    0.7   0.0   111   132   205   226   191   276 0.75 -
250_t                -            425 472352at33208        -            215   5.7e-05   18.6   2.2   1   3   1.1e-06    0.0003   16.2   0.2    64   164    25   131    23   142 0.72 -
250_t                -            425 472352at33208        -            215   5.7e-05   18.6   2.2   2   3       1.7   4.6e+02   -4.0   0.0    68    88   165   186   163   194 0.66 -
250_t                -            425 472352at33208        -            215   5.7e-05   18.6   2.2   3   3      0.28        76   -1.5   0.0    76   110   245   280   235   289 0.71 -
61_t                 -           2441 472352at33208        -            215    0.0043   12.4   0.8   1   3      0.55   1.5e+02   -2.4   0.0   170   188   114   132   105   135 0.77 -
61_t                 -           2441 472352at33208        -            215    0.0043   12.4   0.8   2   3   0.00012     0.032    9.6   0.1   130   189  1951  2009  1928  2026 0.84 -
61_t                 -           2441 472352at33208        -            215    0.0043   12.4   0.8   3   3      0.15        41   -0.6   0.0   144   164  2054  2074  2043  2091 0.77 -
#
# Program:         hmmsearch
# Version:         3.3.2 (Nov 2020)
# Pipeline mode:   SEARCH
# Query file:      mb_downloads/metazoa_odb10/hmms/472352at33208.hmm
# Target file:     /workspace/BGA24/BRAKER3/bbc/genemark.aa
# Option settings: /opt/compleasm_kit/hmmsearch --domtblout /workspace/BGA24/BRAKER3/bbc/genemark/metazoa_odb10_hmmsearch_output/472352at33208.out --cpu 1 mb_downloads/metazoa_odb10/hmms/472352at33208.hmm /workspace/BGA24/BRAKER3/bbc/genemark.aa 
# Current dir:     /workspace/BGA24/BRAKER3
# Date:            Fri Oct  4 09:46:01 2024
# [ok]
