#                                                                            --- full sequence --- -------------- this domain -------------   hmm coord   ali coord   env coord
# target name        accession   tlen query name           accession   qlen   E-value  score  bias   #  of  c-Evalue  i-Evalue  score  bias  from    to  from    to  from    to  acc description of target
#------------------- ---------- ----- -------------------- ---------- ----- --------- ------ ----- --- --- --------- --------- ------ ----- ----- ----- ----- ----- ----- ----- ---- ---------------------
842_t                -            683 489997at33208        -            345   1.1e-60  201.4   0.0   1   1   7.3e-60   1.3e-57  191.2   0.0    30   311   245   583   232   601 0.78 -
630_t                -            461 489997at33208        -            345   8.3e-10   34.1   0.0   1   2     4e-05    0.0074   11.2   0.0    25    73    24    75     7   104 0.81 -
630_t                -            461 489997at33208        -            345   8.3e-10   34.1   0.0   2   2   6.7e-08   1.2e-05   20.3   0.0   263   311   338   386   325   397 0.87 -
274_t                -            842 489997at33208        -            345   6.6e-09   31.1   0.0   1   2   6.7e-05     0.012   10.5   0.0    41    83   173   215   167   247 0.74 -
274_t                -            842 489997at33208        -            345   6.6e-09   31.1   0.0   2   2   4.1e-07   7.5e-05   17.8   0.0   249   290   584   625   549   641 0.84 -
484_t                -            359 489997at33208        -            345   1.5e-08   29.9   0.3   1   2   0.00014     0.025    9.4   0.0    23    69    14    60     5    81 0.86 -
484_t                -            359 489997at33208        -            345   1.5e-08   29.9   0.3   2   2   2.7e-06   0.00048   15.1   0.5   199   300   255   355    78   357 0.82 -
275_t                -            850 489997at33208        -            345   2.3e-08   29.3   0.2   1   2   5.1e-05    0.0093   10.9   0.1    41    95   183   243   177   312 0.75 -
275_t                -            850 489997at33208        -            345   2.3e-08   29.3   0.2   2   2   2.3e-06   0.00041   15.3   0.0   252   290   596   634   589   656 0.88 -
684_t                -            319 489997at33208        -            345   3.8e-05   18.7   0.0   1   1   3.6e-07   6.5e-05   18.0   0.0   276   310   262   296   233   315 0.85 -
#
# Program:         hmmsearch
# Version:         3.3.2 (Nov 2020)
# Pipeline mode:   SEARCH
# Query file:      mb_downloads/metazoa_odb10/hmms/489997at33208.hmm
# Target file:     /workspace/BGA24/BRAKER3/bbc/genemark.aa
# Option settings: /opt/compleasm_kit/hmmsearch --domtblout /workspace/BGA24/BRAKER3/bbc/genemark/metazoa_odb10_hmmsearch_output/489997at33208.out --cpu 1 mb_downloads/metazoa_odb10/hmms/489997at33208.hmm /workspace/BGA24/BRAKER3/bbc/genemark.aa 
# Current dir:     /workspace/BGA24/BRAKER3
# Date:            Fri Oct  4 09:46:02 2024
# [ok]
