#                                                                            --- full sequence --- -------------- this domain -------------   hmm coord   ali coord   env coord
# target name        accession   tlen query name           accession   qlen   E-value  score  bias   #  of  c-Evalue  i-Evalue  score  bias  from    to  from    to  from    to  acc description of target
#------------------- ---------- ----- -------------------- ---------- ----- --------- ------ ----- --- --- --------- --------- ------ ----- ----- ----- ----- ----- ----- ----- ---- ---------------------
3_t                  -            291 510522at33208        -            200   1.8e-15   53.2   0.3   1   2      0.15        42   -0.3   0.7   159   195    16    52     3    55 0.69 -
3_t                  -            291 510522at33208        -            200   1.8e-15   53.2   0.3   2   2   6.5e-18   1.8e-15   53.2   0.3     5    75    99   173    95   176 0.89 -
734_t                -            210 510522at33208        -            200   1.1e-10   37.5   0.3   1   1   6.1e-13   1.7e-10   37.0   0.3    15    79   113   181   106   185 0.86 -
801_t                -            210 510522at33208        -            200   1.1e-10   37.5   0.3   1   1   6.1e-13   1.7e-10   37.0   0.3    15    79   113   181   106   185 0.86 -
774_t                -           2372 510522at33208        -            200   3.1e-09   32.8   2.5   1   3   1.7e-11   4.6e-09   32.3   0.2    15    79   113   181   106   189 0.87 -
774_t                -           2372 510522at33208        -            200   3.1e-09   32.8   2.5   2   3      0.66   1.8e+02   -2.3   0.1   142   180   545   580   528   594 0.69 -
774_t                -           2372 510522at33208        -            200   3.1e-09   32.8   2.5   3   3       2.1   5.8e+02   -4.0   0.0    27    59   825   857   824   863 0.83 -
#
# Program:         hmmsearch
# Version:         3.3.2 (Nov 2020)
# Pipeline mode:   SEARCH
# Query file:      mb_downloads/metazoa_odb10/hmms/510522at33208.hmm
# Target file:     /workspace/BGA24/BRAKER3/bbc/genemark.aa
# Option settings: /opt/compleasm_kit/hmmsearch --domtblout /workspace/BGA24/BRAKER3/bbc/genemark/metazoa_odb10_hmmsearch_output/510522at33208.out --cpu 1 mb_downloads/metazoa_odb10/hmms/510522at33208.hmm /workspace/BGA24/BRAKER3/bbc/genemark.aa 
# Current dir:     /workspace/BGA24/BRAKER3
# Date:            Fri Oct  4 09:46:00 2024
# [ok]
