#                                                                            --- full sequence --- -------------- this domain -------------   hmm coord   ali coord   env coord
# target name        accession   tlen query name           accession   qlen   E-value  score  bias   #  of  c-Evalue  i-Evalue  score  bias  from    to  from    to  from    to  acc description of target
#------------------- ---------- ----- -------------------- ---------- ----- --------- ------ ----- --- --- --------- --------- ------ ----- ----- ----- ----- ----- ----- ----- ---- ---------------------
652_t                -           1980 514121at33208        -            220   2.2e-09   33.0  22.8   1   4    0.0036       1.3    4.3   0.0    74   125   988  1047   983  1053 0.62 -
652_t                -           1980 514121at33208        -            220   2.2e-09   33.0  22.8   2   4   0.00028       0.1    7.9   7.7    30   122  1281  1387  1276  1390 0.80 -
652_t                -           1980 514121at33208        -            220   2.2e-09   33.0  22.8   3   4   5.2e-09   1.9e-06   23.4   0.6    29   120  1392  1492  1372  1496 0.79 -
652_t                -           1980 514121at33208        -            220   2.2e-09   33.0  22.8   4   4    0.0042       1.5    4.1   0.1    41   123  1690  1781  1679  1831 0.71 -
647_t                -           1933 514121at33208        -            220     4e-05   19.1  28.3   1   6    0.0092       3.4    3.0   0.0    86   144  1002  1041   990  1053 0.61 -
647_t                -           1933 514121at33208        -            220     4e-05   19.1  28.3   2   6      0.31   1.1e+02   -2.0   0.0   124   145  1134  1155  1111  1212 0.62 -
647_t                -           1933 514121at33208        -            220     4e-05   19.1  28.3   3   6   0.00059      0.22    6.9   8.4    30   123  1281  1388  1278  1402 0.78 -
647_t                -           1933 514121at33208        -            220     4e-05   19.1  28.3   4   6   1.3e-06   0.00047   15.6   0.5    20   120  1376  1492  1370  1497 0.76 -
647_t                -           1933 514121at33208        -            220     4e-05   19.1  28.3   5   6     0.059        21    0.3   0.5    43   149  1542  1654  1504  1675 0.65 -
647_t                -           1933 514121at33208        -            220     4e-05   19.1  28.3   6   6    0.0042       1.5    4.1   0.1    41   124  1690  1782  1681  1832 0.64 -
11_t                 -            259 514121at33208        -            220   7.4e-05   18.2   0.3   1   1   3.6e-07   0.00013   17.4   0.3    50   126    43   120    25   148 0.67 -
#
# Program:         hmmsearch
# Version:         3.3.2 (Nov 2020)
# Pipeline mode:   SEARCH
# Query file:      mb_downloads/metazoa_odb10/hmms/514121at33208.hmm
# Target file:     /workspace/BGA24/BRAKER3/bbc/genemark.aa
# Option settings: /opt/compleasm_kit/hmmsearch --domtblout /workspace/BGA24/BRAKER3/bbc/genemark/metazoa_odb10_hmmsearch_output/514121at33208.out --cpu 1 mb_downloads/metazoa_odb10/hmms/514121at33208.hmm /workspace/BGA24/BRAKER3/bbc/genemark.aa 
# Current dir:     /workspace/BGA24/BRAKER3
# Date:            Fri Oct  4 09:46:07 2024
# [ok]
