#                                                                            --- full sequence --- -------------- this domain -------------   hmm coord   ali coord   env coord
# target name        accession   tlen query name           accession   qlen   E-value  score  bias   #  of  c-Evalue  i-Evalue  score  bias  from    to  from    to  from    to  acc description of target
#------------------- ---------- ----- -------------------- ---------- ----- --------- ------ ----- --- --- --------- --------- ------ ----- ----- ----- ----- ----- ----- ----- ---- ---------------------
253_t                -           2030 515425at33208        -            237   0.00034   15.9   0.0   1   2    0.0017      0.26    6.5   0.0    19    40   262   283   247   292 0.87 -
253_t                -           2030 515425at33208        -            237   0.00034   15.9   0.0   2   2    0.0015      0.24    6.6   0.0    19    40  1276  1297  1261  1310 0.87 -
188_t                -           2011 515425at33208        -            237    0.0011   14.3   0.0   1   2    0.0014      0.21    6.8   0.0    18    40   267   289   258   297 0.86 -
188_t                -           2011 515425at33208        -            237    0.0011   14.3   0.0   2   2    0.0072       1.1    4.4   0.0    18    39  1336  1357  1328  1370 0.85 -
170_t                -            942 515425at33208        -            237    0.0032   12.7   0.0   1   2       1.8   2.9e+02   -3.5   0.0   115   136    84   105    83   108 0.82 -
170_t                -            942 515425at33208        -            237    0.0032   12.7   0.0   2   2   5.9e-05    0.0092   11.2   0.0    11    40   241   270   235   279 0.89 -
175_t                -            313 515425at33208        -            237    0.0035   12.6   0.0   1   2      0.39        61   -1.3   0.0   115   136    82   103    79   108 0.83 -
175_t                -            313 515425at33208        -            237    0.0035   12.6   0.0   2   2   8.4e-05     0.013   10.7   0.0    15    42   241   268   227   278 0.85 -
156_t                -           1118 515425at33208        -            237    0.0041   12.4   0.0   1   1   7.6e-05     0.012   10.9   0.0    15    40   374   399   365   408 0.85 -
153_t                -           1122 515425at33208        -            237    0.0046   12.2   0.0   1   2      0.56        88   -1.8   0.0   187   218   346   376   342   381 0.79 -
153_t                -           1122 515425at33208        -            237    0.0046   12.2   0.0   2   2   0.00011     0.017   10.4   0.0    15    40   379   404   371   415 0.86 -
152_t                -           1687 515425at33208        -            237    0.0077   11.5   0.0   1   2    0.0079       1.2    4.3   0.0    19    39   555   575   546   585 0.88 -
152_t                -           1687 515425at33208        -            237    0.0077   11.5   0.0   2   2    0.0088       1.4    4.1   0.0    19    39   830   850   822   860 0.89 -
#
# Program:         hmmsearch
# Version:         3.3.2 (Nov 2020)
# Pipeline mode:   SEARCH
# Query file:      mb_downloads/metazoa_odb10/hmms/515425at33208.hmm
# Target file:     /workspace/BGA24/BRAKER3/bbc/genemark.aa
# Option settings: /opt/compleasm_kit/hmmsearch --domtblout /workspace/BGA24/BRAKER3/bbc/genemark/metazoa_odb10_hmmsearch_output/515425at33208.out --cpu 1 mb_downloads/metazoa_odb10/hmms/515425at33208.hmm /workspace/BGA24/BRAKER3/bbc/genemark.aa 
# Current dir:     /workspace/BGA24/BRAKER3
# Date:            Fri Oct  4 09:46:03 2024
# [ok]
