#                                                                            --- full sequence --- -------------- this domain -------------   hmm coord   ali coord   env coord
# target name        accession   tlen query name           accession   qlen   E-value  score  bias   #  of  c-Evalue  i-Evalue  score  bias  from    to  from    to  from    to  acc description of target
#------------------- ---------- ----- -------------------- ---------- ----- --------- ------ ----- --- --- --------- --------- ------ ----- ----- ----- ----- ----- ----- ----- ---- ---------------------
MSTRG.93.1           -            365 517525at33208        -            296   1.4e-26   89.3   0.4   1   2   2.7e-26   1.8e-24   82.3   0.1    21   232    20   226    12   251 0.84 -
MSTRG.93.1           -            365 517525at33208        -            296   1.4e-26   89.3   0.4   2   2    0.0089      0.61    5.1   0.0   250   279   292   321   285   328 0.85 -
44_t                 -           1536 517525at33208        -            296   1.2e-22   76.4   2.9   1   3   4.3e-12   2.9e-10   35.7   0.0    67   267   302   502   272   514 0.83 -
44_t                 -           1536 517525at33208        -            296   1.2e-22   76.4   2.9   2   3       3.3   2.3e+02   -3.4   1.1    36    84   689   734   685   747 0.75 -
44_t                 -           1536 517525at33208        -            296   1.2e-22   76.4   2.9   3   3   2.5e-13   1.7e-11   39.7   0.0    30   272  1287  1527  1268  1533 0.82 -
MSTRG.123.1          -            292 517525at33208        -            296     4e-22   74.6   0.1   1   1   7.1e-24   4.8e-22   74.4   0.1    65   278    61   277    14   290 0.83 -
MSTRG.371.1          -            749 517525at33208        -            296   6.4e-21   70.7   0.0   1   1   2.2e-22   1.5e-20   69.5   0.0    23   222    13   230     7   235 0.76 -
585_t                -            648 517525at33208        -            296   1.5e-20   69.5   0.0   1   1   3.3e-22   2.2e-20   68.9   0.0    32   266    24   266    18   278 0.76 -
MSTRG.17.1           -            402 517525at33208        -            296   3.7e-19   64.9   0.1   1   2       1.1        74   -1.8   0.0    42    79    53    90    47   117 0.78 -
MSTRG.17.1           -            402 517525at33208        -            296   3.7e-19   64.9   0.1   2   2   1.2e-20   8.2e-19   63.7   0.1    30   228    90   278    68   281 0.83 -
58_t                 -           1256 517525at33208        -            296   5.2e-19   64.4   0.0   1   2   3.7e-20   2.5e-18   62.2   0.0    30   228   843  1042   803  1051 0.77 -
58_t                 -           1256 517525at33208        -            296   5.2e-19   64.4   0.0   2   2      0.52        36   -0.7   0.0   248   275  1085  1112  1068  1120 0.86 -
52_t                 -            876 517525at33208        -            296   6.1e-19   64.2   0.0   1   1   2.1e-20   1.4e-18   62.9   0.0    29   222    81   283    58   293 0.83 -
50_t                 -            495 517525at33208        -            296   8.6e-17   57.1   0.0   1   1   2.6e-18   1.8e-16   56.1   0.0    30   222    32   233    27   248 0.77 -
405_t                -           1276 517525at33208        -            296   6.9e-14   47.6   0.0   1   1   1.7e-15   1.2e-13   46.8   0.0    26   239   574   801   568   816 0.74 -
85_t                 -           1405 517525at33208        -            296   1.4e-13   46.6   0.0   1   1   8.9e-15   6.1e-13   44.5   0.0    27   245  1078  1309  1057  1348 0.73 -
587_t                -            646 517525at33208        -            296   3.9e-11   38.5   0.0   1   1   1.1e-12   7.3e-11   37.7   0.0    28   179   371   544   347   638 0.69 -
MSTRG.63.1           -            389 517525at33208        -            296   2.6e-10   35.9   0.0   1   1   6.8e-12   4.7e-10   35.0   0.0    65   272   171   378   128   385 0.76 -
283_t                -            542 517525at33208        -            296   2.7e-10   35.8   0.0   1   1   5.8e-12     4e-10   35.2   0.0    26   272    44   307    30   314 0.69 -
568_t                -           1760 517525at33208        -            296   1.9e-09   33.0   0.0   1   2   2.4e-07   1.7e-05   20.1   0.0    30   112  1213  1292  1209  1298 0.88 -
568_t                -           1760 517525at33208        -            296   1.9e-09   33.0   0.0   2   2   0.00024     0.016   10.2   0.0   161   232  1301  1375  1293  1424 0.70 -
41_t                 -            177 517525at33208        -            296   2.7e-07   25.9   0.0   1   1   4.6e-09   3.2e-07   25.7   0.0    78   227     3   155     1   168 0.74 -
#
# Program:         hmmsearch
# Version:         3.3.2 (Nov 2020)
# Pipeline mode:   SEARCH
# Query file:      mb_downloads/metazoa_odb10/hmms/517525at33208.hmm
# Target file:     /workspace/BGA24/BRAKER3/bbc/genemark.aa
# Option settings: /opt/compleasm_kit/hmmsearch --domtblout /workspace/BGA24/BRAKER3/bbc/genemark/metazoa_odb10_hmmsearch_output/517525at33208.out --cpu 1 mb_downloads/metazoa_odb10/hmms/517525at33208.hmm /workspace/BGA24/BRAKER3/bbc/genemark.aa 
# Current dir:     /workspace/BGA24/BRAKER3
# Date:            Fri Oct  4 09:46:05 2024
# [ok]
