#                                                                            --- full sequence --- -------------- this domain -------------   hmm coord   ali coord   env coord
# target name        accession   tlen query name           accession   qlen   E-value  score  bias   #  of  c-Evalue  i-Evalue  score  bias  from    to  from    to  from    to  acc description of target
#------------------- ---------- ----- -------------------- ---------- ----- --------- ------ ----- --- --- --------- --------- ------ ----- ----- ----- ----- ----- ----- ----- ---- ---------------------
391_t                -           2379 573313at33208        -            258   1.2e-31  105.9   9.0   1   5   9.2e-05     0.014   10.6   0.1     2    34  1094  1126  1093  1127 0.72 -
391_t                -           2379 573313at33208        -            258   1.2e-31  105.9   9.0   2   5   2.6e-09     4e-07   25.5   0.0     1    64  1126  1193  1126  1197 0.86 -
391_t                -           2379 573313at33208        -            258   1.2e-31  105.9   9.0   3   5   5.2e-10   8.1e-08   27.8   0.1     5    69  1198  1266  1194  1271 0.90 -
391_t                -           2379 573313at33208        -            258   1.2e-31  105.9   9.0   4   5    0.0012       0.2    6.9   0.0    22    64  1275  1320  1272  1322 0.81 -
391_t                -           2379 573313at33208        -            258   1.2e-31  105.9   9.0   5   5   5.5e-13   8.6e-11   37.6   0.6     1    90  1320  1416  1320  1423 0.89 -
MSTRG.129.1          -           1118 573313at33208        -            258   4.6e-18   61.4   2.3   1   4       1.6   2.4e+02   -3.2   0.0   184   222   314   350   313   376 0.68 -
MSTRG.129.1          -           1118 573313at33208        -            258   4.6e-18   61.4   2.3   2   4   1.7e-10   2.7e-08   29.4   0.1     1    89   846   940   846   945 0.84 -
MSTRG.129.1          -           1118 573313at33208        -            258   4.6e-18   61.4   2.3   3   4     0.028       4.4    2.5   0.0    32    75   948   995   945  1018 0.70 -
MSTRG.129.1          -           1118 573313at33208        -            258   4.6e-18   61.4   2.3   4   4   1.1e-09   1.7e-07   26.8   0.0     4    87  1019  1110  1016  1112 0.86 -
MSTRG.529.1          -            778 573313at33208        -            258   1.6e-15   53.1   3.1   1   6   8.9e-07   0.00014   17.2   0.1     7    63    97   161    92   165 0.74 -
MSTRG.529.1          -            778 573313at33208        -            258   1.6e-15   53.1   3.1   2   6   9.9e-05     0.016   10.5   0.0     9    90   198   281   193   291 0.84 -
MSTRG.529.1          -            778 573313at33208        -            258   1.6e-15   53.1   3.1   3   6     0.075        12    1.1   0.0     5    31   326   352   323   369 0.72 -
MSTRG.529.1          -            778 573313at33208        -            258   1.6e-15   53.1   3.1   4   6   0.00037     0.058    8.6   0.2    21    65   379   423   354   433 0.82 -
MSTRG.529.1          -            778 573313at33208        -            258   1.6e-15   53.1   3.1   5   6   0.00093      0.14    7.3   0.0     2    45   466   512   465   532 0.83 -
MSTRG.529.1          -            778 573313at33208        -            258   1.6e-15   53.1   3.1   6   6     0.096        15    0.7   0.0    11    38   740   767   735   771 0.75 -
70_t                 -           4433 573313at33208        -            258   3.9e-13   45.3   0.3   1   4     0.087        14    0.9   0.0    22    60  2665  2706  2662  2714 0.84 -
70_t                 -           4433 573313at33208        -            258   3.9e-13   45.3   0.3   2   4   5.4e-08   8.5e-06   21.2   0.1     7    66  2716  2778  2709  2781 0.88 -
70_t                 -           4433 573313at33208        -            258   3.9e-13   45.3   0.3   3   4   1.9e-07   2.9e-05   19.5   0.0     1    66  2776  2849  2776  2852 0.88 -
70_t                 -           4433 573313at33208        -            258   3.9e-13   45.3   0.3   4   4   3.4e-05    0.0053   12.0   0.0     9    60  2822  2876  2814  2879 0.92 -
707_t                -           1443 573313at33208        -            258     4e-12   41.9  13.2   1  15       0.9   1.4e+02   -2.5   0.0    14    59    74   126    71   135 0.55 -
707_t                -           1443 573313at33208        -            258     4e-12   41.9  13.2   2  15      0.56        87   -1.8   0.0     9    28   146   165   139   169 0.88 -
707_t                -           1443 573313at33208        -            258     4e-12   41.9  13.2   3  15      0.03       4.6    2.4   0.0     5    29   210   234   206   237 0.90 -
707_t                -           1443 573313at33208        -            258     4e-12   41.9  13.2   4  15     0.021       3.3    2.9   0.0     8    56   247   299   243   302 0.59 -
707_t                -           1443 573313at33208        -            258     4e-12   41.9  13.2   5  15     0.053       8.3    1.6   0.0     4    29   277   302   272   336 0.80 -
707_t                -           1443 573313at33208        -            258     4e-12   41.9  13.2   6  15      0.28        44   -0.8   0.0     9    29   316   336   308   370 0.54 -
707_t                -           1443 573313at33208        -            258     4e-12   41.9  13.2   7  15     0.044       6.9    1.8   0.0     7    28   382   403   342   409 0.72 -
707_t                -           1443 573313at33208        -            258     4e-12   41.9  13.2   8  15     0.016       2.4    3.3   0.0     8    56   383   435   377   438 0.63 -
707_t                -           1443 573313at33208        -            258     4e-12   41.9  13.2   9  15      0.24        38   -0.6   0.0     6    30   449   473   445   507 0.54 -
707_t                -           1443 573313at33208        -            258     4e-12   41.9  13.2  10  15      0.09        14    0.8   0.0     5    28   516   539   512   543 0.90 -
707_t                -           1443 573313at33208        -            258     4e-12   41.9  13.2  11  15    0.0054      0.84    4.8   0.0     4    29   549   574   546   581 0.90 -
707_t                -           1443 573313at33208        -            258     4e-12   41.9  13.2  12  15      0.17        26   -0.1   0.0    10    53   604   647   601   657 0.79 -
707_t                -           1443 573313at33208        -            258     4e-12   41.9  13.2  13  15   0.00027     0.042    9.1   0.0     2    30   661   689   660   692 0.92 -
707_t                -           1443 573313at33208        -            258     4e-12   41.9  13.2  14  15    0.0018      0.28    6.4   0.0     2    61   693   756   692   761 0.81 -
707_t                -           1443 573313at33208        -            258     4e-12   41.9  13.2  15  15      0.28        43   -0.8   0.4   122   191  1241  1314  1228  1340 0.67 -
371_t                -           1164 573313at33208        -            258   2.7e-10   36.0   0.6   1   5   0.00023     0.036    9.3   0.0     9    65   100   158    92   177 0.85 -
371_t                -           1164 573313at33208        -            258   2.7e-10   36.0   0.6   2   5    0.0063      0.98    4.6   0.0    28    63   191   226   157   244 0.79 -
371_t                -           1164 573313at33208        -            258   2.7e-10   36.0   0.6   3   5    0.0007      0.11    7.7   0.1    18    64   280   326   261   336 0.75 -
371_t                -           1164 573313at33208        -            258   2.7e-10   36.0   0.6   4   5    0.0017      0.27    6.4   0.0     1    45   369   416   369   434 0.84 -
371_t                -           1164 573313at33208        -            258   2.7e-10   36.0   0.6   5   5      0.14        22    0.2   0.0    12    37   674   699   667   723 0.62 -
524_t                -            911 573313at33208        -            258   7.8e-07   24.6   0.9   1   3   2.9e-06   0.00046   15.5   0.0    38    84   616   665   587   672 0.70 -
524_t                -            911 573313at33208        -            258   7.8e-07   24.6   0.9   2   3      0.85   1.3e+02   -2.4   0.0     5    30   692   717   690   756 0.69 -
524_t                -            911 573313at33208        -            258   7.8e-07   24.6   0.9   3   3     0.002      0.31    6.3   0.1     9    66   778   840   770   849 0.79 -
#
# Program:         hmmsearch
# Version:         3.3.2 (Nov 2020)
# Pipeline mode:   SEARCH
# Query file:      mb_downloads/metazoa_odb10/hmms/573313at33208.hmm
# Target file:     /workspace/BGA24/BRAKER3/bbc/genemark.aa
# Option settings: /opt/compleasm_kit/hmmsearch --domtblout /workspace/BGA24/BRAKER3/bbc/genemark/metazoa_odb10_hmmsearch_output/573313at33208.out --cpu 1 mb_downloads/metazoa_odb10/hmms/573313at33208.hmm /workspace/BGA24/BRAKER3/bbc/genemark.aa 
# Current dir:     /workspace/BGA24/BRAKER3
# Date:            Fri Oct  4 09:46:00 2024
# [ok]
