#                                                                            --- full sequence --- -------------- this domain -------------   hmm coord   ali coord   env coord
# target name        accession   tlen query name           accession   qlen   E-value  score  bias   #  of  c-Evalue  i-Evalue  score  bias  from    to  from    to  from    to  acc description of target
#------------------- ---------- ----- -------------------- ---------- ----- --------- ------ ----- --- --- --------- --------- ------ ----- ----- ----- ----- ----- ----- ----- ---- ---------------------
181_t                -            850 580896at33208        -            266   0.00035   15.7   0.1   1   3      0.73     2e+02   -3.1   0.1   115   139   123   147   112   150 0.82 -
181_t                -            850 580896at33208        -            266   0.00035   15.7   0.1   2   3   1.3e-06   0.00035   15.7   0.1    33    68   404   438   396   445 0.80 -
181_t                -            850 580896at33208        -            266   0.00035   15.7   0.1   3   3      0.64   1.8e+02   -2.9   0.3   179   224   797   844   782   846 0.71 -
186_t                -           2168 580896at33208        -            266   0.00042   15.5   0.1   1   2      0.29        79   -1.8   2.0   166   241   919   998   896  1017 0.78 -
186_t                -           2168 580896at33208        -            266   0.00042   15.5   0.1   2   2   1.5e-06   0.00042   15.5   0.1    31    67  1089  1125  1081  1131 0.76 -
172_t                -           2207 580896at33208        -            266    0.0012   14.0   0.1   1   3       1.3   3.6e+02   -3.9   0.1   199   231   385   417   365   421 0.83 -
172_t                -           2207 580896at33208        -            266    0.0012   14.0   0.1   2   3      0.13        34   -0.6   1.6   165   211   944   992   920  1044 0.68 -
172_t                -           2207 580896at33208        -            266    0.0012   14.0   0.1   3   3   4.3e-06    0.0012   14.0   0.1    31    67  1114  1150  1106  1156 0.76 -
187_t                -           3456 580896at33208        -            266     0.036    9.2   8.0   1   3       1.5   4.1e+02   -4.1   0.0   111   139  2023  2051  2017  2054 0.84 -
187_t                -           3456 580896at33208        -            266     0.036    9.2   8.0   2   3      0.19        52   -1.2   1.4   153   242  2190  2281  2178  2298 0.76 -
187_t                -           3456 580896at33208        -            266     0.036    9.2   8.0   3   3   1.4e-05    0.0037   12.4   0.1    33    67  2377  2410  2368  2416 0.77 -
#
# Program:         hmmsearch
# Version:         3.3.2 (Nov 2020)
# Pipeline mode:   SEARCH
# Query file:      mb_downloads/metazoa_odb10/hmms/580896at33208.hmm
# Target file:     /workspace/BGA24/BRAKER3/bbc/genemark.aa
# Option settings: /opt/compleasm_kit/hmmsearch --domtblout /workspace/BGA24/BRAKER3/bbc/genemark/metazoa_odb10_hmmsearch_output/580896at33208.out --cpu 1 mb_downloads/metazoa_odb10/hmms/580896at33208.hmm /workspace/BGA24/BRAKER3/bbc/genemark.aa 
# Current dir:     /workspace/BGA24/BRAKER3
# Date:            Fri Oct  4 09:46:06 2024
# [ok]
